;  LST file generated by mikroListExporter - v.2.0 
; Date/Time: 29/03/2026 14:58:22
;----------------------------------------------

;Address Opcode 	ASM
0x0000	0x2B4B      	GOTO       843
_Delay_22us:
;__Lib_Delays.mbas,37 :: 		sub procedure Delay_22us()
;__Lib_Delays.mbas,38 :: 		Delay_us(22)
0x0003	0x3007      	MOVLW      7
0x0004	0x1283      	BCF        STATUS, 5
0x0005	0x00FD      	MOVWF      R13
L__Delay_22us5:
0x0006	0x0BFD      	DECFSZ     R13, 1
0x0007	0x2806      	GOTO       L__Delay_22us5
;__Lib_Delays.mbas,39 :: 		end sub
L_end_Delay_22us:
0x0008	0x0008      	RETURN
; end of _Delay_22us
_Mul_32x32_U:
;__Lib_Math.mpas,1775 :: 		
;__Lib_Math.mpas,1789 :: 		
0x0009	0x1283      	BCF        STATUS, 5
;__Lib_Math.mpas,1790 :: 		
0x000A	0x1303      	BCF        STATUS, 6
;__Lib_Math.mpas,1791 :: 		
0x000B	0x3022      	MOVLW      34
;__Lib_Math.mpas,1792 :: 		
0x000C	0x00FC      	MOVWF      R12
;__Lib_Math.mpas,1793 :: 		
0x000D	0x01F8      	CLRF       R8
;__Lib_Math.mpas,1794 :: 		
0x000E	0x01F9      	CLRF       R9
;__Lib_Math.mpas,1795 :: 		
0x000F	0x01FA      	CLRF       R10
;__Lib_Math.mpas,1796 :: 		
0x0010	0x01FB      	CLRF       R11
;__Lib_Math.mpas,1798 :: 		
_NEXT:
;__Lib_Math.mpas,1802 :: 		
0x0011	0x03FC      	DECF       R12, 1
;__Lib_Math.mpas,1803 :: 		
0x0012	0x1903      	BTFSC      STATUS, 2
;__Lib_Math.mpas,1804 :: 		
0x0013	0x283F      	GOTO       _EXIT2
;__Lib_Math.mpas,1805 :: 		
0x0014	0x1003      	BCF        STATUS, 0
;__Lib_Math.mpas,1807 :: 		
_LOOP:
;__Lib_Math.mpas,1816 :: 		
0x0015	0x0CFB      	RRF        R11, 1
;__Lib_Math.mpas,1817 :: 		
0x0016	0x0CFA      	RRF        R10, 1
;__Lib_Math.mpas,1818 :: 		
0x0017	0x0CF9      	RRF        R9, 1
;__Lib_Math.mpas,1819 :: 		
0x0018	0x0CF8      	RRF        R8, 1
;__Lib_Math.mpas,1820 :: 		
0x0019	0x0CF3      	RRF        R3, 1
;__Lib_Math.mpas,1821 :: 		
0x001A	0x0CF2      	RRF        R2, 1
;__Lib_Math.mpas,1822 :: 		
0x001B	0x0CF1      	RRF        R1, 1
;__Lib_Math.mpas,1823 :: 		
0x001C	0x0CF0      	RRF        R0, 1
;__Lib_Math.mpas,1828 :: 		
0x001D	0x1C03      	BTFSS      STATUS, 0
;__Lib_Math.mpas,1829 :: 		
0x001E	0x2811      	GOTO       _NEXT
;__Lib_Math.mpas,1830 :: 		
0x001F	0x03FC      	DECF       R12, 1
;__Lib_Math.mpas,1831 :: 		
0x0020	0x1903      	BTFSC      STATUS, 2
;__Lib_Math.mpas,1832 :: 		
0x0021	0x2831      	GOTO       _EXIT1
;__Lib_Math.mpas,1839 :: 		
0x0022	0x0874      	MOVF       R4, 0
;__Lib_Math.mpas,1840 :: 		
0x0023	0x07F8      	ADDWF      R8, 1
;__Lib_Math.mpas,1841 :: 		
0x0024	0x0875      	MOVF       R5, 0
;__Lib_Math.mpas,1842 :: 		
0x0025	0x1803      	BTFSC      STATUS, 0
;__Lib_Math.mpas,1843 :: 		
0x0026	0x0F75      	INCFSZ     R5, 0
;__Lib_Math.mpas,1844 :: 		
0x0027	0x07F9      	ADDWF      R9, 1
;__Lib_Math.mpas,1845 :: 		
0x0028	0x0876      	MOVF       R6, 0
;__Lib_Math.mpas,1846 :: 		
0x0029	0x1803      	BTFSC      STATUS, 0
;__Lib_Math.mpas,1847 :: 		
0x002A	0x0F76      	INCFSZ     R6, 0
;__Lib_Math.mpas,1848 :: 		
0x002B	0x07FA      	ADDWF      R10, 1
;__Lib_Math.mpas,1849 :: 		
0x002C	0x0877      	MOVF       R7, 0
;__Lib_Math.mpas,1850 :: 		
0x002D	0x1803      	BTFSC      STATUS, 0
;__Lib_Math.mpas,1851 :: 		
0x002E	0x0F77      	INCFSZ     R7, 0
;__Lib_Math.mpas,1852 :: 		
0x002F	0x07FB      	ADDWF      R11, 1
;__Lib_Math.mpas,1854 :: 		
0x0030	0x2815      	GOTO       _LOOP
;__Lib_Math.mpas,1856 :: 		
_EXIT1:
;__Lib_Math.mpas,1861 :: 		
0x0031	0x0874      	MOVF       R4, 0
;__Lib_Math.mpas,1862 :: 		
0x0032	0x07F8      	ADDWF      R8, 1
;__Lib_Math.mpas,1863 :: 		
0x0033	0x0875      	MOVF       R5, 0
;__Lib_Math.mpas,1864 :: 		
0x0034	0x1803      	BTFSC      STATUS, 0
;__Lib_Math.mpas,1865 :: 		
0x0035	0x0F75      	INCFSZ     R5, 0
;__Lib_Math.mpas,1866 :: 		
0x0036	0x07F9      	ADDWF      R9, 1
;__Lib_Math.mpas,1867 :: 		
0x0037	0x0876      	MOVF       R6, 0
;__Lib_Math.mpas,1868 :: 		
0x0038	0x1803      	BTFSC      STATUS, 0
;__Lib_Math.mpas,1869 :: 		
0x0039	0x0F76      	INCFSZ     R6, 0
;__Lib_Math.mpas,1870 :: 		
0x003A	0x07FA      	ADDWF      R10, 1
;__Lib_Math.mpas,1871 :: 		
0x003B	0x0877      	MOVF       R7, 0
;__Lib_Math.mpas,1872 :: 		
0x003C	0x1803      	BTFSC      STATUS, 0
;__Lib_Math.mpas,1873 :: 		
0x003D	0x0F77      	INCFSZ     R7, 0
;__Lib_Math.mpas,1874 :: 		
0x003E	0x07FB      	ADDWF      R11, 1
;__Lib_Math.mpas,1877 :: 		
_EXIT2:
;__Lib_Math.mpas,1879 :: 		
L_end_Mul_32x32_U:
0x003F	0x0008      	RETURN
; end of _Mul_32x32_U
_Delay_Safe_ms:
;supervisore_energetico.mbas,23 :: 		dim k as word
;supervisore_energetico.mbas,24 :: 		for k = 1 to n
0x0040	0x3001      	MOVLW      1
0x0041	0x1283      	BCF        STATUS, 5
0x0042	0x00F1      	MOVWF      R1
0x0043	0x01F2      	CLRF       R1+1
L__Delay_Safe_ms1:
0x0044	0x0872      	MOVF       R1+1, 0
0x0045	0x024B      	SUBWF      FARG_Delay_Safe_ms_n+1, 0
0x0046	0x1D03      	BTFSS      STATUS, 2
0x0047	0x284A      	GOTO       L__Delay_Safe_ms135
0x0048	0x0871      	MOVF       R1, 0
0x0049	0x024A      	SUBWF      FARG_Delay_Safe_ms_n, 0
L__Delay_Safe_ms135:
0x004A	0x1C03      	BTFSS      STATUS, 0
0x004B	0x2862      	GOTO       L__Delay_Safe_ms5
;supervisore_energetico.mbas,25 :: 		delay_us(980)                ' Pausa di 1ms calcolando i tempi della esecuzione altre uistruzioni in sub, si arriva ad arrotondare a 1ms circa...
0x004C	0x3002      	MOVLW      2
0x004D	0x00FC      	MOVWF      R12
0x004E	0x3044      	MOVLW      68
0x004F	0x00FD      	MOVWF      R13
L__Delay_Safe_ms6:
0x0050	0x0BFD      	DECFSZ     R13, 1
0x0051	0x2850      	GOTO       L__Delay_Safe_ms6
0x0052	0x0BFC      	DECFSZ     R12, 1
0x0053	0x2850      	GOTO       L__Delay_Safe_ms6
0x0054	0x0000      	NOP
;supervisore_energetico.mbas,26 :: 		clrwdt                       ' Reset del Watchdog ad ogni millisecondo
0x0055	0x0064      	CLRWDT
;supervisore_energetico.mbas,27 :: 		next k
0x0056	0x0872      	MOVF       R1+1, 0
0x0057	0x064B      	XORWF      FARG_Delay_Safe_ms_n+1, 0
0x0058	0x1D03      	BTFSS      STATUS, 2
0x0059	0x285C      	GOTO       L__Delay_Safe_ms136
0x005A	0x084A      	MOVF       FARG_Delay_Safe_ms_n, 0
0x005B	0x0671      	XORWF      R1, 0
L__Delay_Safe_ms136:
0x005C	0x1903      	BTFSC      STATUS, 2
0x005D	0x2862      	GOTO       L__Delay_Safe_ms5
0x005E	0x0AF1      	INCF       R1, 1
0x005F	0x1903      	BTFSC      STATUS, 2
0x0060	0x0AF2      	INCF       R1+1, 1
0x0061	0x2844      	GOTO       L__Delay_Safe_ms1
L__Delay_Safe_ms5:
;supervisore_energetico.mbas,28 :: 		end sub
L_end_Delay_Safe_ms:
0x0062	0x0008      	RETURN
; end of _Delay_Safe_ms
_ADC_Read:
;__Lib_ADC_A_E.mpas,84 :: 		
;__Lib_ADC_A_E.mpas,85 :: 		
0x0063	0x30C3      	MOVLW      195
0x0064	0x1283      	BCF        STATUS, 5
0x0065	0x059F      	ANDWF      ADCON0, 1
;__Lib_ADC_A_E.mpas,90 :: 		
0x0066	0x30F0      	MOVLW      240
0x0067	0x059F      	ANDWF      ADCON0, 1
;__Lib_ADC_A_E.mpas,91 :: 		
0x0068	0x30BF      	MOVLW      191
0x0069	0x059F      	ANDWF      ADCON0, 1
;__Lib_ADC_A_E.mpas,92 :: 		
0x006A	0x30F0      	MOVLW      240
0x006B	0x1683      	BSF        STATUS, 5
0x006C	0x049F      	IORWF      ANSEL, 1
;__Lib_ADC_A_E.mpas,93 :: 		
0x006D	0x1283      	BCF        STATUS, 5
0x006E	0x179F      	BSF        ADCON0, 7
;__Lib_ADC_A_E.mpas,94 :: 		
0x006F	0x084A      	MOVF       FARG_ADC_Read_channel, 0
0x0070	0x00F0      	MOVWF      R0
0x0071	0x0DF0      	RLF        R0, 1
0x0072	0x1070      	BCF        R0, 0
0x0073	0x0DF0      	RLF        R0, 1
0x0074	0x1070      	BCF        R0, 0
0x0075	0x0870      	MOVF       R0, 0
0x0076	0x049F      	IORWF      ADCON0, 1
;__Lib_ADC_A_E.mpas,97 :: 		
0x0077	0x141F      	BSF        ADCON0, 0
;__Lib_ADC_A_E.mpas,100 :: 		
0x0078	0x2003      	CALL       _Delay_22us
;__Lib_ADC_A_E.mpas,103 :: 		
0x0079	0x149F      	BSF        ADCON0, 1
;__Lib_ADC_A_E.mpas,106 :: 		
L__ADC_Read10:
0x007A	0x1C9F      	BTFSS      ADCON0, 1
0x007B	0x287E      	GOTO       L__ADC_Read11
0x007C	0x0000      	NOP
0x007D	0x287A      	GOTO       L__ADC_Read10
L__ADC_Read11:
;__Lib_ADC_A_E.mpas,109 :: 		
0x007E	0x101F      	BCF        ADCON0, 0
;__Lib_ADC_A_E.mpas,112 :: 		
0x007F	0x081E      	MOVF       ADRESH, 0
0x0080	0x00F1      	MOVWF      R0+1
0x0081	0x01F0      	CLRF       R0
0x0082	0x1683      	BSF        STATUS, 5
0x0083	0x081E      	MOVF       ADRESL, 0
0x0084	0x0470      	IORWF      R0, 0
0x0085	0x1283      	BCF        STATUS, 5
0x0086	0x00CB      	MOVWF      ADC_Read_local_result
0x0087	0x0871      	MOVF       R0+1, 0
0x0088	0x00CC      	MOVWF      ADC_Read_local_result+1
0x0089	0x3000      	MOVLW      0
0x008A	0x04CC      	IORWF      ADC_Read_local_result+1, 1
;__Lib_ADC_A_E.mpas,114 :: 		
0x008B	0x084B      	MOVF       ADC_Read_local_result, 0
0x008C	0x00F0      	MOVWF      R0
0x008D	0x084C      	MOVF       ADC_Read_local_result+1, 0
0x008E	0x00F1      	MOVWF      R0+1
L_end_ADC_Read:
0x008F	0x0008      	RETURN
; end of _ADC_Read
_Leggi_Batteria_mV:
;supervisore_energetico.mbas,64 :: 		dim media_pulita as word
;supervisore_energetico.mbas,66 :: 		somma = 0
0x0090	0x1283      	BCF        STATUS, 5
0x0091	0x01C8      	CLRF       Leggi_Batteria_mV_somma
0x0092	0x01C9      	CLRF       Leggi_Batteria_mV_somma+1
;supervisore_energetico.mbas,68 :: 		for i = 1 to 64
0x0093	0x3001      	MOVLW      1
0x0094	0x00C7      	MOVWF      Leggi_Batteria_mV_i
L__Leggi_Batteria_mV24:
;supervisore_energetico.mbas,69 :: 		somma = somma + ADC_Read(1) ' Legge il valore analogico su AN1
0x0095	0x3001      	MOVLW      1
0x0096	0x00CA      	MOVWF      FARG_ADC_Read_channel
0x0097	0x2063      	CALL       _ADC_Read
0x0098	0x0870      	MOVF       R0, 0
0x0099	0x07C8      	ADDWF      Leggi_Batteria_mV_somma, 1
0x009A	0x0871      	MOVF       R0+1, 0
0x009B	0x1803      	BTFSC      STATUS, 0
0x009C	0x3E01      	ADDLW      1
0x009D	0x07C9      	ADDWF      Leggi_Batteria_mV_somma+1, 1
;supervisore_energetico.mbas,70 :: 		delay_safe_ms(1)                 ' Pausa tra letture
0x009E	0x3001      	MOVLW      1
0x009F	0x00CA      	MOVWF      FARG_Delay_Safe_ms_n
0x00A0	0x01CB      	CLRF       FARG_Delay_Safe_ms_n+1
0x00A1	0x2040      	CALL       _Delay_Safe_ms
;supervisore_energetico.mbas,71 :: 		next i
0x00A2	0x0847      	MOVF       Leggi_Batteria_mV_i, 0
0x00A3	0x3A40      	XORLW      64
0x00A4	0x1903      	BTFSC      STATUS, 2
0x00A5	0x28A8      	GOTO       L__Leggi_Batteria_mV27
0x00A6	0x0AC7      	INCF       Leggi_Batteria_mV_i, 1
0x00A7	0x2895      	GOTO       L__Leggi_Batteria_mV24
L__Leggi_Batteria_mV27:
;supervisore_energetico.mbas,74 :: 		media_pulita = somma >> 6
0x00A8	0x3006      	MOVLW      6
0x00A9	0x00F2      	MOVWF      R2
0x00AA	0x0848      	MOVF       Leggi_Batteria_mV_somma, 0
0x00AB	0x00F0      	MOVWF      R0
0x00AC	0x0849      	MOVF       Leggi_Batteria_mV_somma+1, 0
0x00AD	0x00F1      	MOVWF      R0+1
0x00AE	0x0872      	MOVF       R2, 0
L__Leggi_Batteria_mV140:
0x00AF	0x1903      	BTFSC      STATUS, 2
0x00B0	0x28B6      	GOTO       L__Leggi_Batteria_mV141
0x00B1	0x0CF1      	RRF        R0+1, 1
0x00B2	0x0CF0      	RRF        R0, 1
0x00B3	0x13F1      	BCF        R0+1, 7
0x00B4	0x3EFF      	ADDLW      255
0x00B5	0x28AF      	GOTO       L__Leggi_Batteria_mV140
L__Leggi_Batteria_mV141:
;supervisore_energetico.mbas,77 :: 		batteria_mv = (LongWord(media_pulita) * taratura_vcc) >> 10
0x00B6	0x3000      	MOVLW      0
0x00B7	0x00F2      	MOVWF      R0+2
0x00B8	0x00F3      	MOVWF      R0+3
0x00B9	0x0830      	MOVF       _taratura_vcc, 0
0x00BA	0x00F4      	MOVWF      R4
0x00BB	0x0831      	MOVF       _taratura_vcc+1, 0
0x00BC	0x00F5      	MOVWF      R4+1
0x00BD	0x0832      	MOVF       _taratura_vcc+2, 0
0x00BE	0x00F6      	MOVWF      R4+2
0x00BF	0x0833      	MOVF       _taratura_vcc+3, 0
0x00C0	0x00F7      	MOVWF      R4+3
0x00C1	0x2009      	CALL       _Mul_32x32_U
0x00C2	0x300A      	MOVLW      10
0x00C3	0x00F4      	MOVWF      R4
0x00C4	0x0870      	MOVF       R0, 0
0x00C5	0x00AC      	MOVWF      _batteria_mv
0x00C6	0x0871      	MOVF       R0+1, 0
0x00C7	0x00AD      	MOVWF      _batteria_mv+1
0x00C8	0x0872      	MOVF       R0+2, 0
0x00C9	0x00AE      	MOVWF      _batteria_mv+2
0x00CA	0x0873      	MOVF       R0+3, 0
0x00CB	0x00AF      	MOVWF      _batteria_mv+3
0x00CC	0x0874      	MOVF       R4, 0
L__Leggi_Batteria_mV142:
0x00CD	0x1903      	BTFSC      STATUS, 2
0x00CE	0x28D6      	GOTO       L__Leggi_Batteria_mV143
0x00CF	0x0CAF      	RRF        _batteria_mv+3, 1
0x00D0	0x0CAE      	RRF        _batteria_mv+2, 1
0x00D1	0x0CAD      	RRF        _batteria_mv+1, 1
0x00D2	0x0CAC      	RRF        _batteria_mv, 1
0x00D3	0x13AF      	BCF        _batteria_mv+3, 7
0x00D4	0x3EFF      	ADDLW      255
0x00D5	0x28CD      	GOTO       L__Leggi_Batteria_mV142
L__Leggi_Batteria_mV143:
;supervisore_energetico.mbas,78 :: 		end sub
L_end_Leggi_Batteria_mV:
0x00D6	0x0008      	RETURN
; end of _Leggi_Batteria_mV
_Segnale_Triplo:
;supervisore_energetico.mbas,31 :: 		sub procedure Segnale_Triplo()
;supervisore_energetico.mbas,32 :: 		for j = 1 to 3
0x00D7	0x3001      	MOVLW      1
0x00D8	0x1283      	BCF        STATUS, 5
0x00D9	0x00AB      	MOVWF      _j
L__Segnale_Triplo9:
;supervisore_energetico.mbas,33 :: 		GPIO.5 = 1                 ' Accende LED
0x00DA	0x1685      	BSF        GPIO, 5
;supervisore_energetico.mbas,34 :: 		Delay_Safe_ms(250)         ' Attesa 250ms
0x00DB	0x30FA      	MOVLW      250
0x00DC	0x00CA      	MOVWF      FARG_Delay_Safe_ms_n
0x00DD	0x01CB      	CLRF       FARG_Delay_Safe_ms_n+1
0x00DE	0x2040      	CALL       _Delay_Safe_ms
;supervisore_energetico.mbas,35 :: 		GPIO.5 = 0                 ' Spegne LED
0x00DF	0x1285      	BCF        GPIO, 5
;supervisore_energetico.mbas,36 :: 		Delay_Safe_ms(250)         ' Attesa 250ms
0x00E0	0x30FA      	MOVLW      250
0x00E1	0x00CA      	MOVWF      FARG_Delay_Safe_ms_n
0x00E2	0x01CB      	CLRF       FARG_Delay_Safe_ms_n+1
0x00E3	0x2040      	CALL       _Delay_Safe_ms
;supervisore_energetico.mbas,37 :: 		next j
0x00E4	0x082B      	MOVF       _j, 0
0x00E5	0x3A03      	XORLW      3
0x00E6	0x1903      	BTFSC      STATUS, 2
0x00E7	0x28EA      	GOTO       L__Segnale_Triplo12
0x00E8	0x0AAB      	INCF       _j, 1
0x00E9	0x28DA      	GOTO       L__Segnale_Triplo9
L__Segnale_Triplo12:
;supervisore_energetico.mbas,38 :: 		end sub
L_end_Segnale_Triplo:
0x00EA	0x0008      	RETURN
; end of _Segnale_Triplo
_soglia_batteria:
;supervisore_energetico.mbas,81 :: 		sub procedure soglia_batteria
;supervisore_energetico.mbas,82 :: 		if (batteria_mv <= soglia_off) then
0x00EB	0x1283      	BCF        STATUS, 5
0x00EC	0x082F      	MOVF       _batteria_mv+3, 0
0x00ED	0x0237      	SUBWF      _soglia_off+3, 0
0x00EE	0x1D03      	BTFSS      STATUS, 2
0x00EF	0x28FA      	GOTO       L__soglia_batteria145
0x00F0	0x082E      	MOVF       _batteria_mv+2, 0
0x00F1	0x0236      	SUBWF      _soglia_off+2, 0
0x00F2	0x1D03      	BTFSS      STATUS, 2
0x00F3	0x28FA      	GOTO       L__soglia_batteria145
0x00F4	0x082D      	MOVF       _batteria_mv+1, 0
0x00F5	0x0235      	SUBWF      _soglia_off+1, 0
0x00F6	0x1D03      	BTFSS      STATUS, 2
0x00F7	0x28FA      	GOTO       L__soglia_batteria145
0x00F8	0x082C      	MOVF       _batteria_mv, 0
0x00F9	0x0234      	SUBWF      _soglia_off, 0
L__soglia_batteria145:
0x00FA	0x1C03      	BTFSS      STATUS, 0
0x00FB	0x2916      	GOTO       L__soglia_batteria30
;supervisore_energetico.mbas,83 :: 		GPIO.5 = 0                  ' Spegne LED
0x00FC	0x1285      	BCF        GPIO, 5
;supervisore_energetico.mbas,84 :: 		delay_safe_ms(500)
0x00FD	0x30F4      	MOVLW      244
0x00FE	0x00CA      	MOVWF      FARG_Delay_Safe_ms_n
0x00FF	0x3001      	MOVLW      1
0x0100	0x00CB      	MOVWF      FARG_Delay_Safe_ms_n+1
0x0101	0x2040      	CALL       _Delay_Safe_ms
;supervisore_energetico.mbas,86 :: 		for j = 1 to 6
0x0102	0x3001      	MOVLW      1
0x0103	0x00AB      	MOVWF      _j
L__soglia_batteria33:
;supervisore_energetico.mbas,87 :: 		GPIO.5 = 1
0x0104	0x1685      	BSF        GPIO, 5
;supervisore_energetico.mbas,88 :: 		delay_safe_ms(100)
0x0105	0x3064      	MOVLW      100
0x0106	0x00CA      	MOVWF      FARG_Delay_Safe_ms_n
0x0107	0x01CB      	CLRF       FARG_Delay_Safe_ms_n+1
0x0108	0x2040      	CALL       _Delay_Safe_ms
;supervisore_energetico.mbas,89 :: 		GPIO.5 = 0
0x0109	0x1285      	BCF        GPIO, 5
;supervisore_energetico.mbas,90 :: 		delay_safe_ms(100)
0x010A	0x3064      	MOVLW      100
0x010B	0x00CA      	MOVWF      FARG_Delay_Safe_ms_n
0x010C	0x01CB      	CLRF       FARG_Delay_Safe_ms_n+1
0x010D	0x2040      	CALL       _Delay_Safe_ms
;supervisore_energetico.mbas,91 :: 		clrwdt
0x010E	0x0064      	CLRWDT
;supervisore_energetico.mbas,92 :: 		next j
0x010F	0x082B      	MOVF       _j, 0
0x0110	0x3A06      	XORLW      6
0x0111	0x1903      	BTFSC      STATUS, 2
0x0112	0x2915      	GOTO       L__soglia_batteria36
0x0113	0x0AAB      	INCF       _j, 1
0x0114	0x2904      	GOTO       L__soglia_batteria33
L__soglia_batteria36:
0x0115	0x2956      	GOTO       L__soglia_batteria31
;supervisore_energetico.mbas,93 :: 		else
L__soglia_batteria30:
;supervisore_energetico.mbas,94 :: 		if (batteria_mv > soglia_off) and (batteria_mv <= soglia_on)  then
0x0116	0x082F      	MOVF       _batteria_mv+3, 0
0x0117	0x0237      	SUBWF      _soglia_off+3, 0
0x0118	0x1D03      	BTFSS      STATUS, 2
0x0119	0x2924      	GOTO       L__soglia_batteria146
0x011A	0x082E      	MOVF       _batteria_mv+2, 0
0x011B	0x0236      	SUBWF      _soglia_off+2, 0
0x011C	0x1D03      	BTFSS      STATUS, 2
0x011D	0x2924      	GOTO       L__soglia_batteria146
0x011E	0x082D      	MOVF       _batteria_mv+1, 0
0x011F	0x0235      	SUBWF      _soglia_off+1, 0
0x0120	0x1D03      	BTFSS      STATUS, 2
0x0121	0x2924      	GOTO       L__soglia_batteria146
0x0122	0x082C      	MOVF       _batteria_mv, 0
0x0123	0x0234      	SUBWF      _soglia_off, 0
L__soglia_batteria146:
0x0124	0x30FF      	MOVLW      255
0x0125	0x1803      	BTFSC      STATUS, 0
0x0126	0x3000      	MOVLW      0
0x0127	0x00F1      	MOVWF      R1
0x0128	0x082F      	MOVF       _batteria_mv+3, 0
0x0129	0x022A      	SUBWF      _soglia_on+3, 0
0x012A	0x1D03      	BTFSS      STATUS, 2
0x012B	0x2936      	GOTO       L__soglia_batteria147
0x012C	0x082E      	MOVF       _batteria_mv+2, 0
0x012D	0x0229      	SUBWF      _soglia_on+2, 0
0x012E	0x1D03      	BTFSS      STATUS, 2
0x012F	0x2936      	GOTO       L__soglia_batteria147
0x0130	0x082D      	MOVF       _batteria_mv+1, 0
0x0131	0x0228      	SUBWF      _soglia_on+1, 0
0x0132	0x1D03      	BTFSS      STATUS, 2
0x0133	0x2936      	GOTO       L__soglia_batteria147
0x0134	0x082C      	MOVF       _batteria_mv, 0
0x0135	0x0227      	SUBWF      _soglia_on, 0
L__soglia_batteria147:
0x0136	0x30FF      	MOVLW      255
0x0137	0x1C03      	BTFSS      STATUS, 0
0x0138	0x3000      	MOVLW      0
0x0139	0x00F0      	MOVWF      R0
0x013A	0x0871      	MOVF       R1, 0
0x013B	0x05F0      	ANDWF      R0, 1
0x013C	0x1903      	BTFSC      STATUS, 2
0x013D	0x2956      	GOTO       L__soglia_batteria38
;supervisore_energetico.mbas,96 :: 		delay_safe_ms(500)
0x013E	0x30F4      	MOVLW      244
0x013F	0x00CA      	MOVWF      FARG_Delay_Safe_ms_n
0x0140	0x3001      	MOVLW      1
0x0141	0x00CB      	MOVWF      FARG_Delay_Safe_ms_n+1
0x0142	0x2040      	CALL       _Delay_Safe_ms
;supervisore_energetico.mbas,97 :: 		for j = 1 to 3
0x0143	0x3001      	MOVLW      1
0x0144	0x00AB      	MOVWF      _j
L__soglia_batteria41:
;supervisore_energetico.mbas,98 :: 		GPIO.5 = 1
0x0145	0x1685      	BSF        GPIO, 5
;supervisore_energetico.mbas,99 :: 		delay_safe_ms(100)
0x0146	0x3064      	MOVLW      100
0x0147	0x00CA      	MOVWF      FARG_Delay_Safe_ms_n
0x0148	0x01CB      	CLRF       FARG_Delay_Safe_ms_n+1
0x0149	0x2040      	CALL       _Delay_Safe_ms
;supervisore_energetico.mbas,100 :: 		GPIO.5 = 0
0x014A	0x1285      	BCF        GPIO, 5
;supervisore_energetico.mbas,101 :: 		delay_safe_ms(100)
0x014B	0x3064      	MOVLW      100
0x014C	0x00CA      	MOVWF      FARG_Delay_Safe_ms_n
0x014D	0x01CB      	CLRF       FARG_Delay_Safe_ms_n+1
0x014E	0x2040      	CALL       _Delay_Safe_ms
;supervisore_energetico.mbas,102 :: 		clrwdt
0x014F	0x0064      	CLRWDT
;supervisore_energetico.mbas,103 :: 		next j
0x0150	0x082B      	MOVF       _j, 0
0x0151	0x3A03      	XORLW      3
0x0152	0x1903      	BTFSC      STATUS, 2
0x0153	0x2956      	GOTO       L__soglia_batteria44
0x0154	0x0AAB      	INCF       _j, 1
0x0155	0x2945      	GOTO       L__soglia_batteria41
L__soglia_batteria44:
L__soglia_batteria38:
;supervisore_energetico.mbas,105 :: 		end if
L__soglia_batteria31:
;supervisore_energetico.mbas,106 :: 		end sub
L_end_soglia_batteria:
0x0156	0x0008      	RETURN
; end of _soglia_batteria
_Lampeggia_Cifra:
;supervisore_energetico.mbas,42 :: 		dim l as byte
;supervisore_energetico.mbas,43 :: 		if (c = 0) then
0x0157	0x1283      	BCF        STATUS, 5
0x0158	0x0845      	MOVF       FARG_Lampeggia_Cifra_c, 0
0x0159	0x3A00      	XORLW      0
0x015A	0x1D03      	BTFSS      STATUS, 2
0x015B	0x2963      	GOTO       L__Lampeggia_Cifra15
;supervisore_energetico.mbas,45 :: 		GPIO.5 = 1
0x015C	0x1685      	BSF        GPIO, 5
;supervisore_energetico.mbas,46 :: 		delay_safe_ms(50)
0x015D	0x3032      	MOVLW      50
0x015E	0x00CA      	MOVWF      FARG_Delay_Safe_ms_n
0x015F	0x01CB      	CLRF       FARG_Delay_Safe_ms_n+1
0x0160	0x2040      	CALL       _Delay_Safe_ms
;supervisore_energetico.mbas,47 :: 		GPIO.5 = 0
0x0161	0x1285      	BCF        GPIO, 5
0x0162	0x297A      	GOTO       L__Lampeggia_Cifra16
;supervisore_energetico.mbas,48 :: 		else
L__Lampeggia_Cifra15:
;supervisore_energetico.mbas,49 :: 		for l = 1 to c
0x0163	0x3001      	MOVLW      1
0x0164	0x00C6      	MOVWF      Lampeggia_Cifra_l
L__Lampeggia_Cifra17:
0x0165	0x0846      	MOVF       Lampeggia_Cifra_l, 0
0x0166	0x0245      	SUBWF      FARG_Lampeggia_Cifra_c, 0
0x0167	0x1C03      	BTFSS      STATUS, 0
0x0168	0x297A      	GOTO       L__Lampeggia_Cifra21
;supervisore_energetico.mbas,50 :: 		GPIO.5 = 1             ' Accende LED
0x0169	0x1685      	BSF        GPIO, 5
;supervisore_energetico.mbas,51 :: 		delay_safe_ms(250)          ' Pausa accensione
0x016A	0x30FA      	MOVLW      250
0x016B	0x00CA      	MOVWF      FARG_Delay_Safe_ms_n
0x016C	0x01CB      	CLRF       FARG_Delay_Safe_ms_n+1
0x016D	0x2040      	CALL       _Delay_Safe_ms
;supervisore_energetico.mbas,52 :: 		GPIO.5 = 0             ' Spegne LED
0x016E	0x1285      	BCF        GPIO, 5
;supervisore_energetico.mbas,53 :: 		delay_safe_ms(250)          ' Pausa tra lampi
0x016F	0x30FA      	MOVLW      250
0x0170	0x00CA      	MOVWF      FARG_Delay_Safe_ms_n
0x0171	0x01CB      	CLRF       FARG_Delay_Safe_ms_n+1
0x0172	0x2040      	CALL       _Delay_Safe_ms
;supervisore_energetico.mbas,54 :: 		clrwdt                 ' Mantiene il sistema attivo
0x0173	0x0064      	CLRWDT
;supervisore_energetico.mbas,55 :: 		next l
0x0174	0x0846      	MOVF       Lampeggia_Cifra_l, 0
0x0175	0x0645      	XORWF      FARG_Lampeggia_Cifra_c, 0
0x0176	0x1903      	BTFSC      STATUS, 2
0x0177	0x297A      	GOTO       L__Lampeggia_Cifra21
0x0178	0x0AC6      	INCF       Lampeggia_Cifra_l, 1
0x0179	0x2965      	GOTO       L__Lampeggia_Cifra17
L__Lampeggia_Cifra21:
;supervisore_energetico.mbas,56 :: 		end if
L__Lampeggia_Cifra16:
;supervisore_energetico.mbas,57 :: 		Delay_Safe_ms(1000)            ' Pausa lunga tra una cifra e l'altra
0x017A	0x30E8      	MOVLW      232
0x017B	0x00CA      	MOVWF      FARG_Delay_Safe_ms_n
0x017C	0x3003      	MOVLW      3
0x017D	0x00CB      	MOVWF      FARG_Delay_Safe_ms_n+1
0x017E	0x2040      	CALL       _Delay_Safe_ms
;supervisore_energetico.mbas,58 :: 		end sub
L_end_Lampeggia_Cifra:
0x017F	0x0008      	RETURN
; end of _Lampeggia_Cifra
_Div_32x32_U:
;__Lib_Math.mpas,1317 :: 		
;__Lib_Math.mpas,1328 :: 		
0x0180	0x1283      	BCF        STATUS, 5
;__Lib_Math.mpas,1329 :: 		
0x0181	0x1303      	BCF        STATUS, 6
;__Lib_Math.mpas,1330 :: 		
0x0182	0x01FB      	CLRF       R11
;__Lib_Math.mpas,1331 :: 		
0x0183	0x01FA      	CLRF       R10
;__Lib_Math.mpas,1332 :: 		
0x0184	0x01F9      	CLRF       R9
;__Lib_Math.mpas,1333 :: 		
0x0185	0x01F8      	CLRF       R8
;__Lib_Math.mpas,1335 :: 		
0x0186	0x01A0      	CLRF       ___math_tempb
;__Lib_Math.mpas,1337 :: 		
0x0187	0x0D73      	RLF        R3, 0
;__Lib_Math.mpas,1338 :: 		
0x0188	0x0DF8      	RLF        R8, 1
;__Lib_Math.mpas,1339 :: 		
0x0189	0x0874      	MOVF       R4, 0
;__Lib_Math.mpas,1340 :: 		
0x018A	0x02F8      	SUBWF      R8, 1
;__Lib_Math.mpas,1341 :: 		
0x018B	0x0875      	MOVF       R5, 0
;__Lib_Math.mpas,1342 :: 		
0x018C	0x1C03      	BTFSS      STATUS, 0
;__Lib_Math.mpas,1343 :: 		
0x018D	0x0F75      	INCFSZ     R5, 0
;__Lib_Math.mpas,1344 :: 		
0x018E	0x02F9      	SUBWF      R9, 1
;__Lib_Math.mpas,1345 :: 		
0x018F	0x0876      	MOVF       R6, 0
;__Lib_Math.mpas,1346 :: 		
0x0190	0x1C03      	BTFSS      STATUS, 0
;__Lib_Math.mpas,1347 :: 		
0x0191	0x0F76      	INCFSZ     R6, 0
;__Lib_Math.mpas,1348 :: 		
0x0192	0x02FA      	SUBWF      R10, 1
;__Lib_Math.mpas,1349 :: 		
0x0193	0x0877      	MOVF       R7, 0
;__Lib_Math.mpas,1350 :: 		
0x0194	0x1C03      	BTFSS      STATUS, 0
;__Lib_Math.mpas,1351 :: 		
0x0195	0x0F77      	INCFSZ     R7, 0
;__Lib_Math.mpas,1352 :: 		
0x0196	0x02FB      	SUBWF      R11, 1
;__Lib_Math.mpas,1354 :: 		
0x0197	0x0100      	CLRW
;__Lib_Math.mpas,1355 :: 		
0x0198	0x1C03      	BTFSS      STATUS, 0
;__Lib_Math.mpas,1356 :: 		
0x0199	0x3001      	MOVLW      1
;__Lib_Math.mpas,1357 :: 		
0x019A	0x02A0      	SUBWF      ___math_tempb, 1
;__Lib_Math.mpas,1358 :: 		
0x019B	0x0DF3      	RLF        R3, 1
;__Lib_Math.mpas,1360 :: 		
0x019C	0x3007      	MOVLW      7
;__Lib_Math.mpas,1361 :: 		
0x019D	0x00FC      	MOVWF      R12
;__Lib_Math.mpas,1363 :: 		
LOOPU3232A:
;__Lib_Math.mpas,1364 :: 		
0x019E	0x0D73      	RLF        R3, 0
;__Lib_Math.mpas,1365 :: 		
0x019F	0x0DF8      	RLF        R8, 1
;__Lib_Math.mpas,1366 :: 		
0x01A0	0x0DF9      	RLF        R9, 1
;__Lib_Math.mpas,1367 :: 		
0x01A1	0x0DFA      	RLF        R10, 1
;__Lib_Math.mpas,1368 :: 		
0x01A2	0x0DFB      	RLF        R11, 1
;__Lib_Math.mpas,1369 :: 		
0x01A3	0x0DA0      	RLF        ___math_tempb, 1
;__Lib_Math.mpas,1370 :: 		
0x01A4	0x0874      	MOVF       R4, 0
;__Lib_Math.mpas,1371 :: 		
0x01A5	0x1C73      	BTFSS      R3, 0
;__Lib_Math.mpas,1372 :: 		
0x01A6	0x29B9      	GOTO       UADD22LA
;__Lib_Math.mpas,1374 :: 		
0x01A7	0x02F8      	SUBWF      R8, 1
;__Lib_Math.mpas,1375 :: 		
0x01A8	0x0875      	MOVF       R5, 0
;__Lib_Math.mpas,1376 :: 		
0x01A9	0x1C03      	BTFSS      STATUS, 0
;__Lib_Math.mpas,1377 :: 		
0x01AA	0x0F75      	INCFSZ     R5, 0
;__Lib_Math.mpas,1378 :: 		
0x01AB	0x02F9      	SUBWF      R9, 1
;__Lib_Math.mpas,1379 :: 		
0x01AC	0x0876      	MOVF       R6, 0
;__Lib_Math.mpas,1380 :: 		
0x01AD	0x1C03      	BTFSS      STATUS, 0
;__Lib_Math.mpas,1381 :: 		
0x01AE	0x0F76      	INCFSZ     R6, 0
;__Lib_Math.mpas,1382 :: 		
0x01AF	0x02FA      	SUBWF      R10, 1
;__Lib_Math.mpas,1383 :: 		
0x01B0	0x0877      	MOVF       R7, 0
;__Lib_Math.mpas,1384 :: 		
0x01B1	0x1C03      	BTFSS      STATUS, 0
;__Lib_Math.mpas,1385 :: 		
0x01B2	0x0F77      	INCFSZ     R7, 0
;__Lib_Math.mpas,1386 :: 		
0x01B3	0x02FB      	SUBWF      R11, 1
;__Lib_Math.mpas,1387 :: 		
0x01B4	0x0100      	CLRW
;__Lib_Math.mpas,1388 :: 		
0x01B5	0x1C03      	BTFSS      STATUS, 0
;__Lib_Math.mpas,1389 :: 		
0x01B6	0x3001      	MOVLW      1
;__Lib_Math.mpas,1390 :: 		
0x01B7	0x02A0      	SUBWF      ___math_tempb, 1
;__Lib_Math.mpas,1391 :: 		
0x01B8	0x29CA      	GOTO       UOK22LA
;__Lib_Math.mpas,1393 :: 		
UADD22LA:
;__Lib_Math.mpas,1394 :: 		
0x01B9	0x07F8      	ADDWF      R8, 1
;__Lib_Math.mpas,1395 :: 		
0x01BA	0x0875      	MOVF       R5, 0
;__Lib_Math.mpas,1396 :: 		
0x01BB	0x1803      	BTFSC      STATUS, 0
;__Lib_Math.mpas,1397 :: 		
0x01BC	0x0F75      	INCFSZ     R5, 0
;__Lib_Math.mpas,1398 :: 		
0x01BD	0x07F9      	ADDWF      R9, 1
;__Lib_Math.mpas,1399 :: 		
0x01BE	0x0876      	MOVF       R6, 0
;__Lib_Math.mpas,1400 :: 		
0x01BF	0x1803      	BTFSC      STATUS, 0
;__Lib_Math.mpas,1401 :: 		
0x01C0	0x0F76      	INCFSZ     R6, 0
;__Lib_Math.mpas,1402 :: 		
0x01C1	0x07FA      	ADDWF      R10, 1
;__Lib_Math.mpas,1403 :: 		
0x01C2	0x0877      	MOVF       R7, 0
;__Lib_Math.mpas,1404 :: 		
0x01C3	0x1803      	BTFSC      STATUS, 0
;__Lib_Math.mpas,1405 :: 		
0x01C4	0x0F77      	INCFSZ     R7, 0
;__Lib_Math.mpas,1406 :: 		
0x01C5	0x07FB      	ADDWF      R11, 1
;__Lib_Math.mpas,1407 :: 		
0x01C6	0x0100      	CLRW
;__Lib_Math.mpas,1408 :: 		
0x01C7	0x1803      	BTFSC      STATUS, 0
;__Lib_Math.mpas,1409 :: 		
0x01C8	0x3001      	MOVLW      1
;__Lib_Math.mpas,1410 :: 		
0x01C9	0x07A0      	ADDWF      ___math_tempb, 1
;__Lib_Math.mpas,1412 :: 		
UOK22LA:
;__Lib_Math.mpas,1413 :: 		
0x01CA	0x0DF3      	RLF        R3, 1
;__Lib_Math.mpas,1415 :: 		
0x01CB	0x0BFC      	DECFSZ     R12, 1
;__Lib_Math.mpas,1416 :: 		
0x01CC	0x299E      	GOTO       LOOPU3232A
;__Lib_Math.mpas,1418 :: 		
0x01CD	0x0D72      	RLF        R2, 0
;__Lib_Math.mpas,1419 :: 		
0x01CE	0x0DF8      	RLF        R8, 1
;__Lib_Math.mpas,1420 :: 		
0x01CF	0x0DF9      	RLF        R9, 1
;__Lib_Math.mpas,1421 :: 		
0x01D0	0x0DFA      	RLF        R10, 1
;__Lib_Math.mpas,1422 :: 		
0x01D1	0x0DFB      	RLF        R11, 1
;__Lib_Math.mpas,1423 :: 		
0x01D2	0x0DA0      	RLF        ___math_tempb, 1
;__Lib_Math.mpas,1424 :: 		
0x01D3	0x0874      	MOVF       R4, 0
;__Lib_Math.mpas,1425 :: 		
0x01D4	0x1C73      	BTFSS      R3, 0
;__Lib_Math.mpas,1426 :: 		
0x01D5	0x29E8      	GOTO       UADD22L8
;__Lib_Math.mpas,1428 :: 		
0x01D6	0x02F8      	SUBWF      R8, 1
;__Lib_Math.mpas,1429 :: 		
0x01D7	0x0875      	MOVF       R5, 0
;__Lib_Math.mpas,1430 :: 		
0x01D8	0x1C03      	BTFSS      STATUS, 0
;__Lib_Math.mpas,1431 :: 		
0x01D9	0x0F75      	INCFSZ     R5, 0
;__Lib_Math.mpas,1432 :: 		
0x01DA	0x02F9      	SUBWF      R9, 1
;__Lib_Math.mpas,1433 :: 		
0x01DB	0x0876      	MOVF       R6, 0
;__Lib_Math.mpas,1434 :: 		
0x01DC	0x1C03      	BTFSS      STATUS, 0
;__Lib_Math.mpas,1435 :: 		
0x01DD	0x0F76      	INCFSZ     R6, 0
;__Lib_Math.mpas,1436 :: 		
0x01DE	0x02FA      	SUBWF      R10, 1
;__Lib_Math.mpas,1437 :: 		
0x01DF	0x0877      	MOVF       R7, 0
;__Lib_Math.mpas,1438 :: 		
0x01E0	0x1C03      	BTFSS      STATUS, 0
;__Lib_Math.mpas,1439 :: 		
0x01E1	0x0F77      	INCFSZ     R7, 0
;__Lib_Math.mpas,1440 :: 		
0x01E2	0x02FB      	SUBWF      R11, 1
;__Lib_Math.mpas,1441 :: 		
0x01E3	0x0100      	CLRW
;__Lib_Math.mpas,1442 :: 		
0x01E4	0x1C03      	BTFSS      STATUS, 0
;__Lib_Math.mpas,1443 :: 		
0x01E5	0x3001      	MOVLW      1
;__Lib_Math.mpas,1444 :: 		
0x01E6	0x02A0      	SUBWF      ___math_tempb, 1
;__Lib_Math.mpas,1445 :: 		
0x01E7	0x29F9      	GOTO       UOK22L8
;__Lib_Math.mpas,1447 :: 		
UADD22L8:
;__Lib_Math.mpas,1448 :: 		
0x01E8	0x07F8      	ADDWF      R8, 1
;__Lib_Math.mpas,1449 :: 		
0x01E9	0x0875      	MOVF       R5, 0
;__Lib_Math.mpas,1450 :: 		
0x01EA	0x1803      	BTFSC      STATUS, 0
;__Lib_Math.mpas,1451 :: 		
0x01EB	0x0F75      	INCFSZ     R5, 0
;__Lib_Math.mpas,1452 :: 		
0x01EC	0x07F9      	ADDWF      R9, 1
;__Lib_Math.mpas,1453 :: 		
0x01ED	0x0876      	MOVF       R6, 0
;__Lib_Math.mpas,1454 :: 		
0x01EE	0x1803      	BTFSC      STATUS, 0
;__Lib_Math.mpas,1455 :: 		
0x01EF	0x0F76      	INCFSZ     R6, 0
;__Lib_Math.mpas,1456 :: 		
0x01F0	0x07FA      	ADDWF      R10, 1
;__Lib_Math.mpas,1457 :: 		
0x01F1	0x0877      	MOVF       R7, 0
;__Lib_Math.mpas,1458 :: 		
0x01F2	0x1803      	BTFSC      STATUS, 0
;__Lib_Math.mpas,1459 :: 		
0x01F3	0x0F77      	INCFSZ     R7, 0
;__Lib_Math.mpas,1460 :: 		
0x01F4	0x07FB      	ADDWF      R11, 1
;__Lib_Math.mpas,1461 :: 		
0x01F5	0x0100      	CLRW
;__Lib_Math.mpas,1462 :: 		
0x01F6	0x1803      	BTFSC      STATUS, 0
;__Lib_Math.mpas,1463 :: 		
0x01F7	0x3001      	MOVLW      1
;__Lib_Math.mpas,1464 :: 		
0x01F8	0x07A0      	ADDWF      ___math_tempb, 1
;__Lib_Math.mpas,1466 :: 		
UOK22L8:
;__Lib_Math.mpas,1467 :: 		
0x01F9	0x0DF2      	RLF        R2, 1
;__Lib_Math.mpas,1469 :: 		
0x01FA	0x3007      	MOVLW      7
;__Lib_Math.mpas,1470 :: 		
0x01FB	0x00FC      	MOVWF      R12
;__Lib_Math.mpas,1472 :: 		
LOOPU3232B:
;__Lib_Math.mpas,1473 :: 		
0x01FC	0x0D72      	RLF        R2, 0
;__Lib_Math.mpas,1474 :: 		
0x01FD	0x0DF8      	RLF        R8, 1
;__Lib_Math.mpas,1475 :: 		
0x01FE	0x0DF9      	RLF        R9, 1
;__Lib_Math.mpas,1476 :: 		
0x01FF	0x0DFA      	RLF        R10, 1
;__Lib_Math.mpas,1477 :: 		
0x0200	0x0DFB      	RLF        R11, 1
;__Lib_Math.mpas,1478 :: 		
0x0201	0x0DA0      	RLF        ___math_tempb, 1
;__Lib_Math.mpas,1479 :: 		
0x0202	0x0874      	MOVF       R4, 0
;__Lib_Math.mpas,1480 :: 		
0x0203	0x1C72      	BTFSS      R2, 0
;__Lib_Math.mpas,1481 :: 		
0x0204	0x2A17      	GOTO       UADD22LB
;__Lib_Math.mpas,1483 :: 		
0x0205	0x02F8      	SUBWF      R8, 1
;__Lib_Math.mpas,1484 :: 		
0x0206	0x0875      	MOVF       R5, 0
;__Lib_Math.mpas,1485 :: 		
0x0207	0x1C03      	BTFSS      STATUS, 0
;__Lib_Math.mpas,1486 :: 		
0x0208	0x0F75      	INCFSZ     R5, 0
;__Lib_Math.mpas,1487 :: 		
0x0209	0x02F9      	SUBWF      R9, 1
;__Lib_Math.mpas,1488 :: 		
0x020A	0x0876      	MOVF       R6, 0
;__Lib_Math.mpas,1489 :: 		
0x020B	0x1C03      	BTFSS      STATUS, 0
;__Lib_Math.mpas,1490 :: 		
0x020C	0x0F76      	INCFSZ     R6, 0
;__Lib_Math.mpas,1491 :: 		
0x020D	0x02FA      	SUBWF      R10, 1
;__Lib_Math.mpas,1492 :: 		
0x020E	0x0877      	MOVF       R7, 0
;__Lib_Math.mpas,1493 :: 		
0x020F	0x1C03      	BTFSS      STATUS, 0
;__Lib_Math.mpas,1494 :: 		
0x0210	0x0F77      	INCFSZ     R7, 0
;__Lib_Math.mpas,1495 :: 		
0x0211	0x02FB      	SUBWF      R11, 1
;__Lib_Math.mpas,1496 :: 		
0x0212	0x0100      	CLRW
;__Lib_Math.mpas,1497 :: 		
0x0213	0x1C03      	BTFSS      STATUS, 0
;__Lib_Math.mpas,1498 :: 		
0x0214	0x3001      	MOVLW      1
;__Lib_Math.mpas,1499 :: 		
0x0215	0x02A0      	SUBWF      ___math_tempb, 1
;__Lib_Math.mpas,1500 :: 		
0x0216	0x2A28      	GOTO       UOK22LB
;__Lib_Math.mpas,1502 :: 		
UADD22LB:
;__Lib_Math.mpas,1503 :: 		
0x0217	0x07F8      	ADDWF      R8, 1
;__Lib_Math.mpas,1504 :: 		
0x0218	0x0875      	MOVF       R5, 0
;__Lib_Math.mpas,1505 :: 		
0x0219	0x1803      	BTFSC      STATUS, 0
;__Lib_Math.mpas,1506 :: 		
0x021A	0x0F75      	INCFSZ     R5, 0
;__Lib_Math.mpas,1507 :: 		
0x021B	0x07F9      	ADDWF      R9, 1
;__Lib_Math.mpas,1508 :: 		
0x021C	0x0876      	MOVF       R6, 0
;__Lib_Math.mpas,1509 :: 		
0x021D	0x1803      	BTFSC      STATUS, 0
;__Lib_Math.mpas,1510 :: 		
0x021E	0x0F76      	INCFSZ     R6, 0
;__Lib_Math.mpas,1511 :: 		
0x021F	0x07FA      	ADDWF      R10, 1
;__Lib_Math.mpas,1512 :: 		
0x0220	0x0877      	MOVF       R7, 0
;__Lib_Math.mpas,1513 :: 		
0x0221	0x1803      	BTFSC      STATUS, 0
;__Lib_Math.mpas,1514 :: 		
0x0222	0x0F77      	INCFSZ     R7, 0
;__Lib_Math.mpas,1515 :: 		
0x0223	0x07FB      	ADDWF      R11, 1
;__Lib_Math.mpas,1516 :: 		
0x0224	0x0100      	CLRW
;__Lib_Math.mpas,1517 :: 		
0x0225	0x1803      	BTFSC      STATUS, 0
;__Lib_Math.mpas,1518 :: 		
0x0226	0x3001      	MOVLW      1
;__Lib_Math.mpas,1519 :: 		
0x0227	0x07A0      	ADDWF      ___math_tempb, 1
;__Lib_Math.mpas,1521 :: 		
UOK22LB:
;__Lib_Math.mpas,1522 :: 		
0x0228	0x0DF2      	RLF        R2, 1
;__Lib_Math.mpas,1524 :: 		
0x0229	0x0BFC      	DECFSZ     R12, 1
;__Lib_Math.mpas,1525 :: 		
0x022A	0x29FC      	GOTO       LOOPU3232B
;__Lib_Math.mpas,1527 :: 		
0x022B	0x0D71      	RLF        R1, 0
;__Lib_Math.mpas,1528 :: 		
0x022C	0x0DF8      	RLF        R8, 1
;__Lib_Math.mpas,1529 :: 		
0x022D	0x0DF9      	RLF        R9, 1
;__Lib_Math.mpas,1530 :: 		
0x022E	0x0DFA      	RLF        R10, 1
;__Lib_Math.mpas,1531 :: 		
0x022F	0x0DFB      	RLF        R11, 1
;__Lib_Math.mpas,1532 :: 		
0x0230	0x0DA0      	RLF        ___math_tempb, 1
;__Lib_Math.mpas,1533 :: 		
0x0231	0x0874      	MOVF       R4, 0
;__Lib_Math.mpas,1534 :: 		
0x0232	0x1C72      	BTFSS      R2, 0
;__Lib_Math.mpas,1535 :: 		
0x0233	0x2A46      	GOTO       UADD22L16
;__Lib_Math.mpas,1537 :: 		
0x0234	0x02F8      	SUBWF      R8, 1
;__Lib_Math.mpas,1538 :: 		
0x0235	0x0875      	MOVF       R5, 0
;__Lib_Math.mpas,1539 :: 		
0x0236	0x1C03      	BTFSS      STATUS, 0
;__Lib_Math.mpas,1540 :: 		
0x0237	0x0F75      	INCFSZ     R5, 0
;__Lib_Math.mpas,1541 :: 		
0x0238	0x02F9      	SUBWF      R9, 1
;__Lib_Math.mpas,1542 :: 		
0x0239	0x0876      	MOVF       R6, 0
;__Lib_Math.mpas,1543 :: 		
0x023A	0x1C03      	BTFSS      STATUS, 0
;__Lib_Math.mpas,1544 :: 		
0x023B	0x0F76      	INCFSZ     R6, 0
;__Lib_Math.mpas,1545 :: 		
0x023C	0x02FA      	SUBWF      R10, 1
;__Lib_Math.mpas,1546 :: 		
0x023D	0x0877      	MOVF       R7, 0
;__Lib_Math.mpas,1547 :: 		
0x023E	0x1C03      	BTFSS      STATUS, 0
;__Lib_Math.mpas,1548 :: 		
0x023F	0x0F77      	INCFSZ     R7, 0
;__Lib_Math.mpas,1549 :: 		
0x0240	0x02FB      	SUBWF      R11, 1
;__Lib_Math.mpas,1550 :: 		
0x0241	0x0100      	CLRW
;__Lib_Math.mpas,1551 :: 		
0x0242	0x1C03      	BTFSS      STATUS, 0
;__Lib_Math.mpas,1552 :: 		
0x0243	0x3001      	MOVLW      1
;__Lib_Math.mpas,1553 :: 		
0x0244	0x02A0      	SUBWF      ___math_tempb, 1
;__Lib_Math.mpas,1554 :: 		
0x0245	0x2A57      	GOTO       UOK22L16
;__Lib_Math.mpas,1556 :: 		
UADD22L16:
;__Lib_Math.mpas,1557 :: 		
0x0246	0x07F8      	ADDWF      R8, 1
;__Lib_Math.mpas,1558 :: 		
0x0247	0x0875      	MOVF       R5, 0
;__Lib_Math.mpas,1559 :: 		
0x0248	0x1803      	BTFSC      STATUS, 0
;__Lib_Math.mpas,1560 :: 		
0x0249	0x0F75      	INCFSZ     R5, 0
;__Lib_Math.mpas,1561 :: 		
0x024A	0x07F9      	ADDWF      R9, 1
;__Lib_Math.mpas,1562 :: 		
0x024B	0x0876      	MOVF       R6, 0
;__Lib_Math.mpas,1563 :: 		
0x024C	0x1803      	BTFSC      STATUS, 0
;__Lib_Math.mpas,1564 :: 		
0x024D	0x0F76      	INCFSZ     R6, 0
;__Lib_Math.mpas,1565 :: 		
0x024E	0x07FA      	ADDWF      R10, 1
;__Lib_Math.mpas,1566 :: 		
0x024F	0x0877      	MOVF       R7, 0
;__Lib_Math.mpas,1567 :: 		
0x0250	0x1803      	BTFSC      STATUS, 0
;__Lib_Math.mpas,1568 :: 		
0x0251	0x0F77      	INCFSZ     R7, 0
;__Lib_Math.mpas,1569 :: 		
0x0252	0x07FB      	ADDWF      R11, 1
;__Lib_Math.mpas,1570 :: 		
0x0253	0x0100      	CLRW
;__Lib_Math.mpas,1571 :: 		
0x0254	0x1803      	BTFSC      STATUS, 0
;__Lib_Math.mpas,1572 :: 		
0x0255	0x3001      	MOVLW      1
;__Lib_Math.mpas,1573 :: 		
0x0256	0x07A0      	ADDWF      ___math_tempb, 1
;__Lib_Math.mpas,1575 :: 		
UOK22L16:
;__Lib_Math.mpas,1576 :: 		
0x0257	0x0DF1      	RLF        R1, 1
;__Lib_Math.mpas,1578 :: 		
0x0258	0x3007      	MOVLW      7
;__Lib_Math.mpas,1579 :: 		
0x0259	0x00FC      	MOVWF      R12
;__Lib_Math.mpas,1581 :: 		
LOOPU3232C:
;__Lib_Math.mpas,1582 :: 		
0x025A	0x0D71      	RLF        R1, 0
;__Lib_Math.mpas,1583 :: 		
0x025B	0x0DF8      	RLF        R8, 1
;__Lib_Math.mpas,1584 :: 		
0x025C	0x0DF9      	RLF        R9, 1
;__Lib_Math.mpas,1585 :: 		
0x025D	0x0DFA      	RLF        R10, 1
;__Lib_Math.mpas,1586 :: 		
0x025E	0x0DFB      	RLF        R11, 1
;__Lib_Math.mpas,1587 :: 		
0x025F	0x0DA0      	RLF        ___math_tempb, 1
;__Lib_Math.mpas,1588 :: 		
0x0260	0x0874      	MOVF       R4, 0
;__Lib_Math.mpas,1589 :: 		
0x0261	0x1C71      	BTFSS      R1, 0
;__Lib_Math.mpas,1590 :: 		
0x0262	0x2A75      	GOTO       UADD22LC
;__Lib_Math.mpas,1592 :: 		
0x0263	0x02F8      	SUBWF      R8, 1
;__Lib_Math.mpas,1593 :: 		
0x0264	0x0875      	MOVF       R5, 0
;__Lib_Math.mpas,1594 :: 		
0x0265	0x1C03      	BTFSS      STATUS, 0
;__Lib_Math.mpas,1595 :: 		
0x0266	0x0F75      	INCFSZ     R5, 0
;__Lib_Math.mpas,1596 :: 		
0x0267	0x02F9      	SUBWF      R9, 1
;__Lib_Math.mpas,1597 :: 		
0x0268	0x0876      	MOVF       R6, 0
;__Lib_Math.mpas,1598 :: 		
0x0269	0x1C03      	BTFSS      STATUS, 0
;__Lib_Math.mpas,1599 :: 		
0x026A	0x0F76      	INCFSZ     R6, 0
;__Lib_Math.mpas,1600 :: 		
0x026B	0x02FA      	SUBWF      R10, 1
;__Lib_Math.mpas,1601 :: 		
0x026C	0x0877      	MOVF       R7, 0
;__Lib_Math.mpas,1602 :: 		
0x026D	0x1C03      	BTFSS      STATUS, 0
;__Lib_Math.mpas,1603 :: 		
0x026E	0x0F77      	INCFSZ     R7, 0
;__Lib_Math.mpas,1604 :: 		
0x026F	0x02FB      	SUBWF      R11, 1
;__Lib_Math.mpas,1605 :: 		
0x0270	0x0100      	CLRW
;__Lib_Math.mpas,1606 :: 		
0x0271	0x1C03      	BTFSS      STATUS, 0
;__Lib_Math.mpas,1607 :: 		
0x0272	0x3001      	MOVLW      1
;__Lib_Math.mpas,1608 :: 		
0x0273	0x02A0      	SUBWF      ___math_tempb, 1
;__Lib_Math.mpas,1609 :: 		
0x0274	0x2A86      	GOTO       UOK22LC
;__Lib_Math.mpas,1611 :: 		
UADD22LC:
;__Lib_Math.mpas,1612 :: 		
0x0275	0x07F8      	ADDWF      R8, 1
;__Lib_Math.mpas,1613 :: 		
0x0276	0x0875      	MOVF       R5, 0
;__Lib_Math.mpas,1614 :: 		
0x0277	0x1803      	BTFSC      STATUS, 0
;__Lib_Math.mpas,1615 :: 		
0x0278	0x0F75      	INCFSZ     R5, 0
;__Lib_Math.mpas,1616 :: 		
0x0279	0x07F9      	ADDWF      R9, 1
;__Lib_Math.mpas,1617 :: 		
0x027A	0x0876      	MOVF       R6, 0
;__Lib_Math.mpas,1618 :: 		
0x027B	0x1803      	BTFSC      STATUS, 0
;__Lib_Math.mpas,1619 :: 		
0x027C	0x0F76      	INCFSZ     R6, 0
;__Lib_Math.mpas,1620 :: 		
0x027D	0x07FA      	ADDWF      R10, 1
;__Lib_Math.mpas,1621 :: 		
0x027E	0x0877      	MOVF       R7, 0
;__Lib_Math.mpas,1622 :: 		
0x027F	0x1803      	BTFSC      STATUS, 0
;__Lib_Math.mpas,1623 :: 		
0x0280	0x0F77      	INCFSZ     R7, 0
;__Lib_Math.mpas,1624 :: 		
0x0281	0x07FB      	ADDWF      R11, 1
;__Lib_Math.mpas,1625 :: 		
0x0282	0x0100      	CLRW
;__Lib_Math.mpas,1626 :: 		
0x0283	0x1803      	BTFSC      STATUS, 0
;__Lib_Math.mpas,1627 :: 		
0x0284	0x3001      	MOVLW      1
;__Lib_Math.mpas,1628 :: 		
0x0285	0x07A0      	ADDWF      ___math_tempb, 1
;__Lib_Math.mpas,1630 :: 		
UOK22LC:
;__Lib_Math.mpas,1631 :: 		
0x0286	0x0DF1      	RLF        R1, 1
;__Lib_Math.mpas,1633 :: 		
0x0287	0x0BFC      	DECFSZ     R12, 1
;__Lib_Math.mpas,1634 :: 		
0x0288	0x2A5A      	GOTO       LOOPU3232C
;__Lib_Math.mpas,1636 :: 		
0x0289	0x0D70      	RLF        R0, 0
;__Lib_Math.mpas,1637 :: 		
0x028A	0x0DF8      	RLF        R8, 1
;__Lib_Math.mpas,1638 :: 		
0x028B	0x0DF9      	RLF        R9, 1
;__Lib_Math.mpas,1639 :: 		
0x028C	0x0DFA      	RLF        R10, 1
;__Lib_Math.mpas,1640 :: 		
0x028D	0x0DFB      	RLF        R11, 1
;__Lib_Math.mpas,1641 :: 		
0x028E	0x0DA0      	RLF        ___math_tempb, 1
;__Lib_Math.mpas,1642 :: 		
0x028F	0x0874      	MOVF       R4, 0
;__Lib_Math.mpas,1643 :: 		
0x0290	0x1C71      	BTFSS      R1, 0
;__Lib_Math.mpas,1644 :: 		
0x0291	0x2AA4      	GOTO       UADD22L24
;__Lib_Math.mpas,1646 :: 		
0x0292	0x02F8      	SUBWF      R8, 1
;__Lib_Math.mpas,1647 :: 		
0x0293	0x0875      	MOVF       R5, 0
;__Lib_Math.mpas,1648 :: 		
0x0294	0x1C03      	BTFSS      STATUS, 0
;__Lib_Math.mpas,1649 :: 		
0x0295	0x0F75      	INCFSZ     R5, 0
;__Lib_Math.mpas,1650 :: 		
0x0296	0x02F9      	SUBWF      R9, 1
;__Lib_Math.mpas,1651 :: 		
0x0297	0x0876      	MOVF       R6, 0
;__Lib_Math.mpas,1652 :: 		
0x0298	0x1C03      	BTFSS      STATUS, 0
;__Lib_Math.mpas,1653 :: 		
0x0299	0x0F76      	INCFSZ     R6, 0
;__Lib_Math.mpas,1654 :: 		
0x029A	0x02FA      	SUBWF      R10, 1
;__Lib_Math.mpas,1655 :: 		
0x029B	0x0877      	MOVF       R7, 0
;__Lib_Math.mpas,1656 :: 		
0x029C	0x1C03      	BTFSS      STATUS, 0
;__Lib_Math.mpas,1657 :: 		
0x029D	0x0F77      	INCFSZ     R7, 0
;__Lib_Math.mpas,1658 :: 		
0x029E	0x02FB      	SUBWF      R11, 1
;__Lib_Math.mpas,1659 :: 		
0x029F	0x0100      	CLRW
;__Lib_Math.mpas,1660 :: 		
0x02A0	0x1C03      	BTFSS      STATUS, 0
;__Lib_Math.mpas,1661 :: 		
0x02A1	0x3001      	MOVLW      1
;__Lib_Math.mpas,1662 :: 		
0x02A2	0x02A0      	SUBWF      ___math_tempb, 1
;__Lib_Math.mpas,1663 :: 		
0x02A3	0x2AB5      	GOTO       UOK22L24
;__Lib_Math.mpas,1665 :: 		
UADD22L24:
;__Lib_Math.mpas,1666 :: 		
0x02A4	0x07F8      	ADDWF      R8, 1
;__Lib_Math.mpas,1667 :: 		
0x02A5	0x0875      	MOVF       R5, 0
;__Lib_Math.mpas,1668 :: 		
0x02A6	0x1803      	BTFSC      STATUS, 0
;__Lib_Math.mpas,1669 :: 		
0x02A7	0x0F75      	INCFSZ     R5, 0
;__Lib_Math.mpas,1670 :: 		
0x02A8	0x07F9      	ADDWF      R9, 1
;__Lib_Math.mpas,1671 :: 		
0x02A9	0x0876      	MOVF       R6, 0
;__Lib_Math.mpas,1672 :: 		
0x02AA	0x1803      	BTFSC      STATUS, 0
;__Lib_Math.mpas,1673 :: 		
0x02AB	0x0F76      	INCFSZ     R6, 0
;__Lib_Math.mpas,1674 :: 		
0x02AC	0x07FA      	ADDWF      R10, 1
;__Lib_Math.mpas,1675 :: 		
0x02AD	0x0877      	MOVF       R7, 0
;__Lib_Math.mpas,1676 :: 		
0x02AE	0x1803      	BTFSC      STATUS, 0
;__Lib_Math.mpas,1677 :: 		
0x02AF	0x0F77      	INCFSZ     R7, 0
;__Lib_Math.mpas,1678 :: 		
0x02B0	0x07FB      	ADDWF      R11, 1
;__Lib_Math.mpas,1679 :: 		
0x02B1	0x0100      	CLRW
;__Lib_Math.mpas,1680 :: 		
0x02B2	0x1803      	BTFSC      STATUS, 0
;__Lib_Math.mpas,1681 :: 		
0x02B3	0x3001      	MOVLW      1
;__Lib_Math.mpas,1682 :: 		
0x02B4	0x07A0      	ADDWF      ___math_tempb, 1
;__Lib_Math.mpas,1684 :: 		
UOK22L24:
;__Lib_Math.mpas,1685 :: 		
0x02B5	0x0DF0      	RLF        R0, 1
;__Lib_Math.mpas,1687 :: 		
0x02B6	0x3007      	MOVLW      7
;__Lib_Math.mpas,1688 :: 		
0x02B7	0x00FC      	MOVWF      R12
;__Lib_Math.mpas,1690 :: 		
LOOPU3232D:
;__Lib_Math.mpas,1691 :: 		
0x02B8	0x0D70      	RLF        R0, 0
;__Lib_Math.mpas,1692 :: 		
0x02B9	0x0DF8      	RLF        R8, 1
;__Lib_Math.mpas,1693 :: 		
0x02BA	0x0DF9      	RLF        R9, 1
;__Lib_Math.mpas,1694 :: 		
0x02BB	0x0DFA      	RLF        R10, 1
;__Lib_Math.mpas,1695 :: 		
0x02BC	0x0DFB      	RLF        R11, 1
;__Lib_Math.mpas,1696 :: 		
0x02BD	0x0DA0      	RLF        ___math_tempb, 1
;__Lib_Math.mpas,1697 :: 		
0x02BE	0x0874      	MOVF       R4, 0
;__Lib_Math.mpas,1698 :: 		
0x02BF	0x1C70      	BTFSS      R0, 0
;__Lib_Math.mpas,1699 :: 		
0x02C0	0x2AD3      	GOTO       UADD22LD
;__Lib_Math.mpas,1701 :: 		
0x02C1	0x02F8      	SUBWF      R8, 1
;__Lib_Math.mpas,1702 :: 		
0x02C2	0x0875      	MOVF       R5, 0
;__Lib_Math.mpas,1703 :: 		
0x02C3	0x1C03      	BTFSS      STATUS, 0
;__Lib_Math.mpas,1704 :: 		
0x02C4	0x0F75      	INCFSZ     R5, 0
;__Lib_Math.mpas,1705 :: 		
0x02C5	0x02F9      	SUBWF      R9, 1
;__Lib_Math.mpas,1706 :: 		
0x02C6	0x0876      	MOVF       R6, 0
;__Lib_Math.mpas,1707 :: 		
0x02C7	0x1C03      	BTFSS      STATUS, 0
;__Lib_Math.mpas,1708 :: 		
0x02C8	0x0F76      	INCFSZ     R6, 0
;__Lib_Math.mpas,1709 :: 		
0x02C9	0x02FA      	SUBWF      R10, 1
;__Lib_Math.mpas,1710 :: 		
0x02CA	0x0877      	MOVF       R7, 0
;__Lib_Math.mpas,1711 :: 		
0x02CB	0x1C03      	BTFSS      STATUS, 0
;__Lib_Math.mpas,1712 :: 		
0x02CC	0x0F77      	INCFSZ     R7, 0
;__Lib_Math.mpas,1713 :: 		
0x02CD	0x02FB      	SUBWF      R11, 1
;__Lib_Math.mpas,1714 :: 		
0x02CE	0x0100      	CLRW
;__Lib_Math.mpas,1715 :: 		
0x02CF	0x1C03      	BTFSS      STATUS, 0
;__Lib_Math.mpas,1716 :: 		
0x02D0	0x3001      	MOVLW      1
;__Lib_Math.mpas,1717 :: 		
0x02D1	0x02A0      	SUBWF      ___math_tempb, 1
;__Lib_Math.mpas,1718 :: 		
0x02D2	0x2AE4      	GOTO       UOK22LD
;__Lib_Math.mpas,1720 :: 		
UADD22LD:
;__Lib_Math.mpas,1721 :: 		
0x02D3	0x07F8      	ADDWF      R8, 1
;__Lib_Math.mpas,1722 :: 		
0x02D4	0x0875      	MOVF       R5, 0
;__Lib_Math.mpas,1723 :: 		
0x02D5	0x1803      	BTFSC      STATUS, 0
;__Lib_Math.mpas,1724 :: 		
0x02D6	0x0F75      	INCFSZ     R5, 0
;__Lib_Math.mpas,1725 :: 		
0x02D7	0x07F9      	ADDWF      R9, 1
;__Lib_Math.mpas,1726 :: 		
0x02D8	0x0876      	MOVF       R6, 0
;__Lib_Math.mpas,1727 :: 		
0x02D9	0x1803      	BTFSC      STATUS, 0
;__Lib_Math.mpas,1728 :: 		
0x02DA	0x0F76      	INCFSZ     R6, 0
;__Lib_Math.mpas,1729 :: 		
0x02DB	0x07FA      	ADDWF      R10, 1
;__Lib_Math.mpas,1730 :: 		
0x02DC	0x0877      	MOVF       R7, 0
;__Lib_Math.mpas,1731 :: 		
0x02DD	0x1803      	BTFSC      STATUS, 0
;__Lib_Math.mpas,1732 :: 		
0x02DE	0x0F77      	INCFSZ     R7, 0
;__Lib_Math.mpas,1733 :: 		
0x02DF	0x07FB      	ADDWF      R11, 1
;__Lib_Math.mpas,1734 :: 		
0x02E0	0x0100      	CLRW
;__Lib_Math.mpas,1735 :: 		
0x02E1	0x1803      	BTFSC      STATUS, 0
;__Lib_Math.mpas,1736 :: 		
0x02E2	0x3001      	MOVLW      1
;__Lib_Math.mpas,1737 :: 		
0x02E3	0x07A0      	ADDWF      ___math_tempb, 1
;__Lib_Math.mpas,1739 :: 		
UOK22LD:
;__Lib_Math.mpas,1740 :: 		
0x02E4	0x0DF0      	RLF        R0, 1
;__Lib_Math.mpas,1742 :: 		
0x02E5	0x0BFC      	DECFSZ     R12, 1
;__Lib_Math.mpas,1743 :: 		
0x02E6	0x2AB8      	GOTO       LOOPU3232D
;__Lib_Math.mpas,1745 :: 		
0x02E7	0x1870      	BTFSC      R0, 0
;__Lib_Math.mpas,1746 :: 		
0x02E8	0x2AF7      	GOTO       UOK22L
;__Lib_Math.mpas,1747 :: 		
0x02E9	0x0874      	MOVF       R4, 0
;__Lib_Math.mpas,1748 :: 		
0x02EA	0x07F8      	ADDWF      R8, 1
;__Lib_Math.mpas,1749 :: 		
0x02EB	0x0875      	MOVF       R5, 0
;__Lib_Math.mpas,1750 :: 		
0x02EC	0x1803      	BTFSC      STATUS, 0
;__Lib_Math.mpas,1751 :: 		
0x02ED	0x0F75      	INCFSZ     R5, 0
;__Lib_Math.mpas,1752 :: 		
0x02EE	0x07F9      	ADDWF      R9, 1
;__Lib_Math.mpas,1753 :: 		
0x02EF	0x0876      	MOVF       R6, 0
;__Lib_Math.mpas,1754 :: 		
0x02F0	0x1803      	BTFSC      STATUS, 0
;__Lib_Math.mpas,1755 :: 		
0x02F1	0x0F76      	INCFSZ     R6, 0
;__Lib_Math.mpas,1756 :: 		
0x02F2	0x07FA      	ADDWF      R10, 1
;__Lib_Math.mpas,1757 :: 		
0x02F3	0x0877      	MOVF       R7, 0
;__Lib_Math.mpas,1758 :: 		
0x02F4	0x1803      	BTFSC      STATUS, 0
;__Lib_Math.mpas,1759 :: 		
0x02F5	0x0F77      	INCFSZ     R7, 0
;__Lib_Math.mpas,1760 :: 		
0x02F6	0x07FB      	ADDWF      R11, 1
;__Lib_Math.mpas,1762 :: 		
UOK22L:
;__Lib_Math.mpas,1765 :: 		
L_end_Div_32x32_U:
0x02F7	0x0008      	RETURN
; end of _Div_32x32_U
_Init_Hardware:
;supervisore_energetico.mbas,109 :: 		sub procedure Init_Hardware()
;supervisore_energetico.mbas,111 :: 		OSCCON = %01100111
0x02F8	0x3067      	MOVLW      103
0x02F9	0x1683      	BSF        STATUS, 5
0x02FA	0x008F      	MOVWF      OSCCON
;supervisore_energetico.mbas,114 :: 		CMCON0 = 7
0x02FB	0x3007      	MOVLW      7
0x02FC	0x1283      	BCF        STATUS, 5
0x02FD	0x0099      	MOVWF      CMCON0
;supervisore_energetico.mbas,117 :: 		ANSEL  = %00010010
0x02FE	0x3012      	MOVLW      18
0x02FF	0x1683      	BSF        STATUS, 5
0x0300	0x009F      	MOVWF      ANSEL
;supervisore_energetico.mbas,120 :: 		TRISIO = %00001011
0x0301	0x300B      	MOVLW      11
0x0302	0x0085      	MOVWF      TRISIO
;supervisore_energetico.mbas,123 :: 		OPTION_REG = %00001111
0x0303	0x300F      	MOVLW      15
0x0304	0x0081      	MOVWF      OPTION_REG
;supervisore_energetico.mbas,126 :: 		WPU = %00000001
0x0305	0x3001      	MOVLW      1
0x0306	0x0095      	MOVWF      WPU
;supervisore_energetico.mbas,129 :: 		INTCON.GPIE = 1
0x0307	0x158B      	BSF        INTCON, 3
;supervisore_energetico.mbas,132 :: 		IOC.0 = 1
0x0308	0x1416      	BSF        IOC, 0
;supervisore_energetico.mbas,138 :: 		soglia_off   = 3300  '300 mV, ma heltec a me segna 3.40V (3400) quindi 18% batteria, scendo per avere piu tempo in accensione!
0x0309	0x30E4      	MOVLW      228
0x030A	0x1283      	BCF        STATUS, 5
0x030B	0x00B4      	MOVWF      _soglia_off
0x030C	0x300C      	MOVLW      12
0x030D	0x00B5      	MOVWF      _soglia_off+1
0x030E	0x01B6      	CLRF       _soglia_off+2
0x030F	0x01B7      	CLRF       _soglia_off+3
;supervisore_energetico.mbas,139 :: 		soglia_on    = 3600  '(45%), va piu che bene
0x0310	0x3010      	MOVLW      16
0x0311	0x00A7      	MOVWF      _soglia_on
0x0312	0x300E      	MOVLW      14
0x0313	0x00A8      	MOVWF      _soglia_on+1
0x0314	0x01A9      	CLRF       _soglia_on+2
0x0315	0x01AA      	CLRF       _soglia_on+3
;supervisore_energetico.mbas,140 :: 		taratura_vcc = 5050  'segnava 5.03, (5030) ma per calibrarlo meglio ho alzato di 20 mV
0x0316	0x30BA      	MOVLW      186
0x0317	0x00B0      	MOVWF      _taratura_vcc
0x0318	0x3013      	MOVLW      19
0x0319	0x00B1      	MOVWF      _taratura_vcc+1
0x031A	0x01B2      	CLRF       _taratura_vcc+2
0x031B	0x01B3      	CLRF       _taratura_vcc+3
;supervisore_energetico.mbas,141 :: 		giorni_riavvio = 3
0x031C	0x3003      	MOVLW      3
0x031D	0x00A2      	MOVWF      _giorni_riavvio
;supervisore_energetico.mbas,147 :: 		conteggio_cicli = 0
0x031E	0x01BA      	CLRF       _conteggio_cicli
0x031F	0x01BB      	CLRF       _conteggio_cicli+1
0x0320	0x01BC      	CLRF       _conteggio_cicli+2
0x0321	0x01BD      	CLRF       _conteggio_cicli+3
;supervisore_energetico.mbas,150 :: 		cicli_per_giorno = 2883
0x0322	0x3043      	MOVLW      67
0x0323	0x00A3      	MOVWF      _cicli_per_giorno
0x0324	0x300B      	MOVLW      11
0x0325	0x00A4      	MOVWF      _cicli_per_giorno+1
0x0326	0x01A5      	CLRF       _cicli_per_giorno+2
0x0327	0x01A6      	CLRF       _cicli_per_giorno+3
;supervisore_energetico.mbas,153 :: 		GPIO.2 = 1
0x0328	0x1505      	BSF        GPIO, 2
;supervisore_energetico.mbas,156 :: 		GPIO.5 = 0
0x0329	0x1285      	BCF        GPIO, 5
;supervisore_energetico.mbas,159 :: 		delay_safe_ms(500)
0x032A	0x30F4      	MOVLW      244
0x032B	0x00CA      	MOVWF      FARG_Delay_Safe_ms_n
0x032C	0x3001      	MOVLW      1
0x032D	0x00CB      	MOVWF      FARG_Delay_Safe_ms_n+1
0x032E	0x2040      	CALL       _Delay_Safe_ms
;supervisore_energetico.mbas,162 :: 		Segnale_Triplo()
0x032F	0x20D7      	CALL       _Segnale_Triplo
;supervisore_energetico.mbas,165 :: 		delay_safe_ms(500)
0x0330	0x30F4      	MOVLW      244
0x0331	0x00CA      	MOVWF      FARG_Delay_Safe_ms_n
0x0332	0x3001      	MOVLW      1
0x0333	0x00CB      	MOVWF      FARG_Delay_Safe_ms_n+1
0x0334	0x2040      	CALL       _Delay_Safe_ms
;supervisore_energetico.mbas,168 :: 		Leggi_Batteria_mV()
0x0335	0x2090      	CALL       _Leggi_Batteria_mV
;supervisore_energetico.mbas,171 :: 		if (batteria_mv > soglia_off) then
0x0336	0x082F      	MOVF       _batteria_mv+3, 0
0x0337	0x0237      	SUBWF      _soglia_off+3, 0
0x0338	0x1D03      	BTFSS      STATUS, 2
0x0339	0x2B44      	GOTO       L__Init_Hardware149
0x033A	0x082E      	MOVF       _batteria_mv+2, 0
0x033B	0x0236      	SUBWF      _soglia_off+2, 0
0x033C	0x1D03      	BTFSS      STATUS, 2
0x033D	0x2B44      	GOTO       L__Init_Hardware149
0x033E	0x082D      	MOVF       _batteria_mv+1, 0
0x033F	0x0235      	SUBWF      _soglia_off+1, 0
0x0340	0x1D03      	BTFSS      STATUS, 2
0x0341	0x2B44      	GOTO       L__Init_Hardware149
0x0342	0x082C      	MOVF       _batteria_mv, 0
0x0343	0x0234      	SUBWF      _soglia_off, 0
L__Init_Hardware149:
0x0344	0x1803      	BTFSC      STATUS, 0
0x0345	0x2B47      	GOTO       L__Init_Hardware47
;supervisore_energetico.mbas,172 :: 		GPIO.2 = 0
0x0346	0x1105      	BCF        GPIO, 2
L__Init_Hardware47:
;supervisore_energetico.mbas,176 :: 		in_manutenzione = false
0x0347	0x01A1      	CLRF       _in_manutenzione
;supervisore_energetico.mbas,179 :: 		clrwdt
0x0348	0x0064      	CLRWDT
;supervisore_energetico.mbas,182 :: 		soglia_batteria
0x0349	0x20EB      	CALL       _soglia_batteria
;supervisore_energetico.mbas,183 :: 		end sub
L_end_Init_Hardware:
0x034A	0x0008      	RETURN
; end of _Init_Hardware
_main:
;supervisore_energetico.mbas,186 :: 		main:
;supervisore_energetico.mbas,187 :: 		Init_Hardware()                ' Configura il chip
0x034B	0x22F8      	CALL       _Init_Hardware
;supervisore_energetico.mbas,188 :: 		sveglie_wdt = 15               ' Forza un controllo immediato della batteria al primo loop
0x034C	0x300F      	MOVLW      15
0x034D	0x00B8      	MOVWF      _sveglie_wdt
0x034E	0x01B9      	CLRF       _sveglie_wdt+1
;supervisore_energetico.mbas,190 :: 		while (TRUE)
L__main51:
;supervisore_energetico.mbas,192 :: 		if (INTCON.GPIF = 1) then
0x034F	0x1C0B      	BTFSS      INTCON, 0
0x0350	0x2B54      	GOTO       L__main56
;supervisore_energetico.mbas,193 :: 		dummy = GPIO
0x0351	0x0805      	MOVF       GPIO, 0
0x0352	0x00C4      	MOVWF      _dummy
;supervisore_energetico.mbas,194 :: 		INTCON.GPIF = 0
0x0353	0x100B      	BCF        INTCON, 0
L__main56:
;supervisore_energetico.mbas,198 :: 		if (GPIO.0 = 0) then
0x0354	0x1805      	BTFSC      GPIO, 0
0x0355	0x2CA4      	GOTO       L__main59
;supervisore_energetico.mbas,199 :: 		i = 0
0x0356	0x01BE      	CLRF       _i
;supervisore_energetico.mbas,200 :: 		while (GPIO.0 = 0) and (i < 50)
L__main62:
0x0357	0x1805      	BTFSC      GPIO, 0
0x0358	0x2B5B      	GOTO       L__main151
0x0359	0x1475      	BSF        R5, 0
0x035A	0x2B5C      	GOTO       L__main152
L__main151:
0x035B	0x1075      	BCF        R5, 0
L__main152:
0x035C	0x3032      	MOVLW      50
0x035D	0x023E      	SUBWF      _i, 0
0x035E	0x30FF      	MOVLW      255
0x035F	0x1803      	BTFSC      STATUS, 0
0x0360	0x3000      	MOVLW      0
0x0361	0x00F1      	MOVWF      R1
0x0362	0x01F0      	CLRF       R0
0x0363	0x1875      	BTFSC      R5, 0
0x0364	0x0AF0      	INCF       R0, 1
0x0365	0x0871      	MOVF       R1, 0
0x0366	0x05F0      	ANDWF      R0, 1
0x0367	0x1903      	BTFSC      STATUS, 2
0x0368	0x2B79      	GOTO       L__main63
;supervisore_energetico.mbas,201 :: 		Delay_Safe_ms(100) ' Campionamento pressione (100ms * 50 = 5s max)
0x0369	0x3064      	MOVLW      100
0x036A	0x00CA      	MOVWF      FARG_Delay_Safe_ms_n
0x036B	0x01CB      	CLRF       FARG_Delay_Safe_ms_n+1
0x036C	0x2040      	CALL       _Delay_Safe_ms
;supervisore_energetico.mbas,202 :: 		i = i + 1
0x036D	0x0ABE      	INCF       _i, 1
;supervisore_energetico.mbas,203 :: 		if (i = 10) then
0x036E	0x083E      	MOVF       _i, 0
0x036F	0x3A0A      	XORLW      10
0x0370	0x1D03      	BTFSS      STATUS, 2
0x0371	0x2B73      	GOTO       L__main67
;supervisore_energetico.mbas,204 :: 		GPIO.5 = 1     ' Accende LED dopo 1 secondo di pressione
0x0372	0x1685      	BSF        GPIO, 5
L__main67:
;supervisore_energetico.mbas,206 :: 		if (i = 25) then
0x0373	0x083E      	MOVF       _i, 0
0x0374	0x3A19      	XORLW      25
0x0375	0x1D03      	BTFSS      STATUS, 2
0x0376	0x2B78      	GOTO       L__main70
;supervisore_energetico.mbas,207 :: 		GPIO.5 = 0     ' Spegne LED dopo 2.5 secondi (cambio modalitŕ)
0x0377	0x1285      	BCF        GPIO, 5
L__main70:
;supervisore_energetico.mbas,209 :: 		wend
0x0378	0x2B57      	GOTO       L__main62
L__main63:
;supervisore_energetico.mbas,212 :: 		if (i >= 10) and (i < 25) then
0x0379	0x300A      	MOVLW      10
0x037A	0x023E      	SUBWF      _i, 0
0x037B	0x30FF      	MOVLW      255
0x037C	0x1C03      	BTFSS      STATUS, 0
0x037D	0x3000      	MOVLW      0
0x037E	0x00F1      	MOVWF      R1
0x037F	0x3019      	MOVLW      25
0x0380	0x023E      	SUBWF      _i, 0
0x0381	0x30FF      	MOVLW      255
0x0382	0x1803      	BTFSC      STATUS, 0
0x0383	0x3000      	MOVLW      0
0x0384	0x00F0      	MOVWF      R0
0x0385	0x0871      	MOVF       R1, 0
0x0386	0x05F0      	ANDWF      R0, 1
0x0387	0x1903      	BTFSC      STATUS, 2
0x0388	0x2BB9      	GOTO       L__main73
;supervisore_energetico.mbas,213 :: 		GPIO.5 = 0
0x0389	0x1285      	BCF        GPIO, 5
;supervisore_energetico.mbas,214 :: 		Leggi_Batteria_mV()
0x038A	0x2090      	CALL       _Leggi_Batteria_mV
;supervisore_energetico.mbas,217 :: 		if (batteria_mv < soglia_on) then
0x038B	0x082A      	MOVF       _soglia_on+3, 0
0x038C	0x022F      	SUBWF      _batteria_mv+3, 0
0x038D	0x1D03      	BTFSS      STATUS, 2
0x038E	0x2B99      	GOTO       L__main153
0x038F	0x0829      	MOVF       _soglia_on+2, 0
0x0390	0x022E      	SUBWF      _batteria_mv+2, 0
0x0391	0x1D03      	BTFSS      STATUS, 2
0x0392	0x2B99      	GOTO       L__main153
0x0393	0x0828      	MOVF       _soglia_on+1, 0
0x0394	0x022D      	SUBWF      _batteria_mv+1, 0
0x0395	0x1D03      	BTFSS      STATUS, 2
0x0396	0x2B99      	GOTO       L__main153
0x0397	0x0827      	MOVF       _soglia_on, 0
0x0398	0x022C      	SUBWF      _batteria_mv, 0
L__main153:
0x0399	0x1803      	BTFSC      STATUS, 0
0x039A	0x2B9C      	GOTO       L__main76
;supervisore_energetico.mbas,218 :: 		soglia_batteria
0x039B	0x20EB      	CALL       _soglia_batteria
L__main76:
;supervisore_energetico.mbas,222 :: 		GPIO.2 = 1
0x039C	0x1505      	BSF        GPIO, 2
;supervisore_energetico.mbas,223 :: 		Delay_Safe_ms(2000)
0x039D	0x30D0      	MOVLW      208
0x039E	0x00CA      	MOVWF      FARG_Delay_Safe_ms_n
0x039F	0x3007      	MOVLW      7
0x03A0	0x00CB      	MOVWF      FARG_Delay_Safe_ms_n+1
0x03A1	0x2040      	CALL       _Delay_Safe_ms
;supervisore_energetico.mbas,226 :: 		if (batteria_mv > soglia_off) then
0x03A2	0x082F      	MOVF       _batteria_mv+3, 0
0x03A3	0x0237      	SUBWF      _soglia_off+3, 0
0x03A4	0x1D03      	BTFSS      STATUS, 2
0x03A5	0x2BB0      	GOTO       L__main154
0x03A6	0x082E      	MOVF       _batteria_mv+2, 0
0x03A7	0x0236      	SUBWF      _soglia_off+2, 0
0x03A8	0x1D03      	BTFSS      STATUS, 2
0x03A9	0x2BB0      	GOTO       L__main154
0x03AA	0x082D      	MOVF       _batteria_mv+1, 0
0x03AB	0x0235      	SUBWF      _soglia_off+1, 0
0x03AC	0x1D03      	BTFSS      STATUS, 2
0x03AD	0x2BB0      	GOTO       L__main154
0x03AE	0x082C      	MOVF       _batteria_mv, 0
0x03AF	0x0234      	SUBWF      _soglia_off, 0
L__main154:
0x03B0	0x1803      	BTFSC      STATUS, 0
0x03B1	0x2BB3      	GOTO       L__main79
;supervisore_energetico.mbas,227 :: 		GPIO.2 = 0
0x03B2	0x1105      	BCF        GPIO, 2
L__main79:
;supervisore_energetico.mbas,230 :: 		sveglie_wdt = 0
0x03B3	0x01B8      	CLRF       _sveglie_wdt
0x03B4	0x01B9      	CLRF       _sveglie_wdt+1
;supervisore_energetico.mbas,231 :: 		conteggio_cicli = 0
0x03B5	0x01BA      	CLRF       _conteggio_cicli
0x03B6	0x01BB      	CLRF       _conteggio_cicli+1
0x03B7	0x01BC      	CLRF       _conteggio_cicli+2
0x03B8	0x01BD      	CLRF       _conteggio_cicli+3
L__main73:
;supervisore_energetico.mbas,235 :: 		if (i >= 25) and (i < 50) then
0x03B9	0x3019      	MOVLW      25
0x03BA	0x023E      	SUBWF      _i, 0
0x03BB	0x30FF      	MOVLW      255
0x03BC	0x1C03      	BTFSS      STATUS, 0
0x03BD	0x3000      	MOVLW      0
0x03BE	0x00F1      	MOVWF      R1
0x03BF	0x3032      	MOVLW      50
0x03C0	0x023E      	SUBWF      _i, 0
0x03C1	0x30FF      	MOVLW      255
0x03C2	0x1803      	BTFSC      STATUS, 0
0x03C3	0x3000      	MOVLW      0
0x03C4	0x00F0      	MOVWF      R0
0x03C5	0x0871      	MOVF       R1, 0
0x03C6	0x05F0      	ANDWF      R0, 1
0x03C7	0x1903      	BTFSC      STATUS, 2
0x03C8	0x2C47      	GOTO       L__main82
;supervisore_energetico.mbas,236 :: 		GPIO.5 = 0
0x03C9	0x1285      	BCF        GPIO, 5
;supervisore_energetico.mbas,237 :: 		Leggi_Batteria_mV() ' Legge voltaggio attuale
0x03CA	0x2090      	CALL       _Leggi_Batteria_mV
;supervisore_energetico.mbas,239 :: 		Delay_Safe_ms(1000)
0x03CB	0x30E8      	MOVLW      232
0x03CC	0x00CA      	MOVWF      FARG_Delay_Safe_ms_n
0x03CD	0x3003      	MOVLW      3
0x03CE	0x00CB      	MOVWF      FARG_Delay_Safe_ms_n+1
0x03CF	0x2040      	CALL       _Delay_Safe_ms
;supervisore_energetico.mbas,242 :: 		temp_mv = batteria_mv
0x03D0	0x082C      	MOVF       _batteria_mv, 0
0x03D1	0x00BF      	MOVWF      _temp_mv
0x03D2	0x082D      	MOVF       _batteria_mv+1, 0
0x03D3	0x00C0      	MOVWF      _temp_mv+1
0x03D4	0x082E      	MOVF       _batteria_mv+2, 0
0x03D5	0x00C1      	MOVWF      _temp_mv+2
0x03D6	0x082F      	MOVF       _batteria_mv+3, 0
0x03D7	0x00C2      	MOVWF      _temp_mv+3
;supervisore_energetico.mbas,243 :: 		cifra = temp_mv / 1000          ' Migliaia (Volt)
0x03D8	0x30E8      	MOVLW      232
0x03D9	0x00F4      	MOVWF      R4
0x03DA	0x3003      	MOVLW      3
0x03DB	0x00F5      	MOVWF      R4+1
0x03DC	0x01F6      	CLRF       R4+2
0x03DD	0x01F7      	CLRF       R4+3
0x03DE	0x082C      	MOVF       _batteria_mv, 0
0x03DF	0x00F0      	MOVWF      R0
0x03E0	0x082D      	MOVF       _batteria_mv+1, 0
0x03E1	0x00F1      	MOVWF      R0+1
0x03E2	0x082E      	MOVF       _batteria_mv+2, 0
0x03E3	0x00F2      	MOVWF      R0+2
0x03E4	0x082F      	MOVF       _batteria_mv+3, 0
0x03E5	0x00F3      	MOVWF      R0+3
0x03E6	0x2180      	CALL       _Div_32x32_U
0x03E7	0x0870      	MOVF       R0, 0
0x03E8	0x00C3      	MOVWF      _cifra
;supervisore_energetico.mbas,244 :: 		Lampeggia_Cifra(cifra)
0x03E9	0x0870      	MOVF       R0, 0
0x03EA	0x00C5      	MOVWF      FARG_Lampeggia_Cifra_c
0x03EB	0x2157      	CALL       _Lampeggia_Cifra
;supervisore_energetico.mbas,245 :: 		temp_mv = temp_mv mod 1000
0x03EC	0x30E8      	MOVLW      232
0x03ED	0x00F4      	MOVWF      R4
0x03EE	0x3003      	MOVLW      3
0x03EF	0x00F5      	MOVWF      R4+1
0x03F0	0x01F6      	CLRF       R4+2
0x03F1	0x01F7      	CLRF       R4+3
0x03F2	0x083F      	MOVF       _temp_mv, 0
0x03F3	0x00F0      	MOVWF      R0
0x03F4	0x0840      	MOVF       _temp_mv+1, 0
0x03F5	0x00F1      	MOVWF      R0+1
0x03F6	0x0841      	MOVF       _temp_mv+2, 0
0x03F7	0x00F2      	MOVWF      R0+2
0x03F8	0x0842      	MOVF       _temp_mv+3, 0
0x03F9	0x00F3      	MOVWF      R0+3
0x03FA	0x2180      	CALL       _Div_32x32_U
0x03FB	0x0878      	MOVF       R8, 0
0x03FC	0x00F0      	MOVWF      R0
0x03FD	0x0879      	MOVF       R8+1, 0
0x03FE	0x00F1      	MOVWF      R0+1
0x03FF	0x087A      	MOVF       R8+2, 0
0x0400	0x00F2      	MOVWF      R0+2
0x0401	0x087B      	MOVF       R8+3, 0
0x0402	0x00F3      	MOVWF      R0+3
0x0403	0x0870      	MOVF       R0, 0
0x0404	0x00BF      	MOVWF      _temp_mv
0x0405	0x0871      	MOVF       R0+1, 0
0x0406	0x00C0      	MOVWF      _temp_mv+1
0x0407	0x0872      	MOVF       R0+2, 0
0x0408	0x00C1      	MOVWF      _temp_mv+2
0x0409	0x0873      	MOVF       R0+3, 0
0x040A	0x00C2      	MOVWF      _temp_mv+3
;supervisore_energetico.mbas,247 :: 		cifra = temp_mv / 100           ' Centinaia (decimi di Volt)
0x040B	0x3064      	MOVLW      100
0x040C	0x00F4      	MOVWF      R4
0x040D	0x01F5      	CLRF       R4+1
0x040E	0x01F6      	CLRF       R4+2
0x040F	0x01F7      	CLRF       R4+3
0x0410	0x2180      	CALL       _Div_32x32_U
0x0411	0x0870      	MOVF       R0, 0
0x0412	0x00C3      	MOVWF      _cifra
;supervisore_energetico.mbas,248 :: 		Lampeggia_Cifra(cifra)
0x0413	0x0870      	MOVF       R0, 0
0x0414	0x00C5      	MOVWF      FARG_Lampeggia_Cifra_c
0x0415	0x2157      	CALL       _Lampeggia_Cifra
;supervisore_energetico.mbas,249 :: 		temp_mv = temp_mv mod 100
0x0416	0x3064      	MOVLW      100
0x0417	0x00F4      	MOVWF      R4
0x0418	0x01F5      	CLRF       R4+1
0x0419	0x01F6      	CLRF       R4+2
0x041A	0x01F7      	CLRF       R4+3
0x041B	0x083F      	MOVF       _temp_mv, 0
0x041C	0x00F0      	MOVWF      R0
0x041D	0x0840      	MOVF       _temp_mv+1, 0
0x041E	0x00F1      	MOVWF      R0+1
0x041F	0x0841      	MOVF       _temp_mv+2, 0
0x0420	0x00F2      	MOVWF      R0+2
0x0421	0x0842      	MOVF       _temp_mv+3, 0
0x0422	0x00F3      	MOVWF      R0+3
0x0423	0x2180      	CALL       _Div_32x32_U
0x0424	0x0878      	MOVF       R8, 0
0x0425	0x00F0      	MOVWF      R0
0x0426	0x0879      	MOVF       R8+1, 0
0x0427	0x00F1      	MOVWF      R0+1
0x0428	0x087A      	MOVF       R8+2, 0
0x0429	0x00F2      	MOVWF      R0+2
0x042A	0x087B      	MOVF       R8+3, 0
0x042B	0x00F3      	MOVWF      R0+3
0x042C	0x0870      	MOVF       R0, 0
0x042D	0x00BF      	MOVWF      _temp_mv
0x042E	0x0871      	MOVF       R0+1, 0
0x042F	0x00C0      	MOVWF      _temp_mv+1
0x0430	0x0872      	MOVF       R0+2, 0
0x0431	0x00C1      	MOVWF      _temp_mv+2
0x0432	0x0873      	MOVF       R0+3, 0
0x0433	0x00C2      	MOVWF      _temp_mv+3
;supervisore_energetico.mbas,251 :: 		cifra = temp_mv / 10            ' Decine (centesimi di Volt)
0x0434	0x300A      	MOVLW      10
0x0435	0x00F4      	MOVWF      R4
0x0436	0x01F5      	CLRF       R4+1
0x0437	0x01F6      	CLRF       R4+2
0x0438	0x01F7      	CLRF       R4+3
0x0439	0x2180      	CALL       _Div_32x32_U
0x043A	0x0870      	MOVF       R0, 0
0x043B	0x00C3      	MOVWF      _cifra
;supervisore_energetico.mbas,252 :: 		Lampeggia_Cifra(cifra)
0x043C	0x0870      	MOVF       R0, 0
0x043D	0x00C5      	MOVWF      FARG_Lampeggia_Cifra_c
0x043E	0x2157      	CALL       _Lampeggia_Cifra
;supervisore_energetico.mbas,254 :: 		cifra = 0                       ' Forza sempre a 0 l'ultimo decimale
0x043F	0x01C3      	CLRF       _cifra
;supervisore_energetico.mbas,255 :: 		Lampeggia_Cifra(cifra)
0x0440	0x01C5      	CLRF       FARG_Lampeggia_Cifra_c
0x0441	0x2157      	CALL       _Lampeggia_Cifra
;supervisore_energetico.mbas,257 :: 		Delay_Safe_ms(1000)
0x0442	0x30E8      	MOVLW      232
0x0443	0x00CA      	MOVWF      FARG_Delay_Safe_ms_n
0x0444	0x3003      	MOVLW      3
0x0445	0x00CB      	MOVWF      FARG_Delay_Safe_ms_n+1
0x0446	0x2040      	CALL       _Delay_Safe_ms
L__main82:
;supervisore_energetico.mbas,261 :: 		if (i >= 50) then
0x0447	0x3032      	MOVLW      50
0x0448	0x023E      	SUBWF      _i, 0
0x0449	0x1C03      	BTFSS      STATUS, 0
0x044A	0x2CA4      	GOTO       L__main85
;supervisore_energetico.mbas,262 :: 		GPIO.2 = 1                      ' Distacca il carico (Heltec OFF)
0x044B	0x1505      	BSF        GPIO, 2
;supervisore_energetico.mbas,263 :: 		for j = 1 to 20
0x044C	0x3001      	MOVLW      1
0x044D	0x00AB      	MOVWF      _j
L__main88:
;supervisore_energetico.mbas,264 :: 		GPIO.5 = not GPIO.5         ' Lampeggio veloce di conferma
0x044E	0x3020      	MOVLW      32
0x044F	0x0685      	XORWF      GPIO, 1
;supervisore_energetico.mbas,265 :: 		Delay_Safe_ms(100)
0x0450	0x3064      	MOVLW      100
0x0451	0x00CA      	MOVWF      FARG_Delay_Safe_ms_n
0x0452	0x01CB      	CLRF       FARG_Delay_Safe_ms_n+1
0x0453	0x2040      	CALL       _Delay_Safe_ms
;supervisore_energetico.mbas,266 :: 		next j
0x0454	0x082B      	MOVF       _j, 0
0x0455	0x3A14      	XORLW      20
0x0456	0x1903      	BTFSC      STATUS, 2
0x0457	0x2C5A      	GOTO       L__main91
0x0458	0x0AAB      	INCF       _j, 1
0x0459	0x2C4E      	GOTO       L__main88
L__main91:
;supervisore_energetico.mbas,267 :: 		GPIO.5 = 0
0x045A	0x1285      	BCF        GPIO, 5
;supervisore_energetico.mbas,268 :: 		in_manutenzione = true          ' Entra nel loop di blocco
0x045B	0x30FF      	MOVLW      255
0x045C	0x00A1      	MOVWF      _in_manutenzione
;supervisore_energetico.mbas,269 :: 		while (in_manutenzione = true)
L__main93:
0x045D	0x0821      	MOVF       _in_manutenzione, 0
0x045E	0x3AFF      	XORLW      255
0x045F	0x1D03      	BTFSS      STATUS, 2
0x0460	0x2C9D      	GOTO       L__main94
;supervisore_energetico.mbas,270 :: 		GPIO.5 = 1                  ' LED acceso fisso o lampeggio lento
0x0461	0x1685      	BSF        GPIO, 5
;supervisore_energetico.mbas,271 :: 		Delay_Safe_ms(500)
0x0462	0x30F4      	MOVLW      244
0x0463	0x00CA      	MOVWF      FARG_Delay_Safe_ms_n
0x0464	0x3001      	MOVLW      1
0x0465	0x00CB      	MOVWF      FARG_Delay_Safe_ms_n+1
0x0466	0x2040      	CALL       _Delay_Safe_ms
;supervisore_energetico.mbas,272 :: 		GPIO.5 = 0
0x0467	0x1285      	BCF        GPIO, 5
;supervisore_energetico.mbas,273 :: 		if (GPIO.0 = 0) then        ' Controlla se si preme di nuovo per uscire
0x0468	0x1805      	BTFSC      GPIO, 0
0x0469	0x2C97      	GOTO       L__main98
;supervisore_energetico.mbas,274 :: 		i = 0
0x046A	0x01BE      	CLRF       _i
;supervisore_energetico.mbas,275 :: 		while (GPIO.0 = 0) and (i < 50)
L__main101:
0x046B	0x1805      	BTFSC      GPIO, 0
0x046C	0x2C6F      	GOTO       L__main155
0x046D	0x1475      	BSF        R5, 0
0x046E	0x2C70      	GOTO       L__main156
L__main155:
0x046F	0x1075      	BCF        R5, 0
L__main156:
0x0470	0x3032      	MOVLW      50
0x0471	0x023E      	SUBWF      _i, 0
0x0472	0x30FF      	MOVLW      255
0x0473	0x1803      	BTFSC      STATUS, 0
0x0474	0x3000      	MOVLW      0
0x0475	0x00F1      	MOVWF      R1
0x0476	0x01F0      	CLRF       R0
0x0477	0x1875      	BTFSC      R5, 0
0x0478	0x0AF0      	INCF       R0, 1
0x0479	0x0871      	MOVF       R1, 0
0x047A	0x05F0      	ANDWF      R0, 1
0x047B	0x1903      	BTFSC      STATUS, 2
0x047C	0x2C83      	GOTO       L__main102
;supervisore_energetico.mbas,276 :: 		Delay_Safe_ms(100)
0x047D	0x3064      	MOVLW      100
0x047E	0x00CA      	MOVWF      FARG_Delay_Safe_ms_n
0x047F	0x01CB      	CLRF       FARG_Delay_Safe_ms_n+1
0x0480	0x2040      	CALL       _Delay_Safe_ms
;supervisore_energetico.mbas,277 :: 		i = i + 1
0x0481	0x0ABE      	INCF       _i, 1
;supervisore_energetico.mbas,278 :: 		wend
0x0482	0x2C6B      	GOTO       L__main101
L__main102:
;supervisore_energetico.mbas,279 :: 		if (i >= 50) then       ' Uscita dopo altri 5 secondi
0x0483	0x3032      	MOVLW      50
0x0484	0x023E      	SUBWF      _i, 0
0x0485	0x1C03      	BTFSS      STATUS, 0
0x0486	0x2C96      	GOTO       L__main106
;supervisore_energetico.mbas,280 :: 		in_manutenzione = false
0x0487	0x01A1      	CLRF       _in_manutenzione
;supervisore_energetico.mbas,281 :: 		for j = 1 to 20
0x0488	0x3001      	MOVLW      1
0x0489	0x00AB      	MOVWF      _j
L__main109:
;supervisore_energetico.mbas,282 :: 		GPIO.5 = not GPIO.5
0x048A	0x3020      	MOVLW      32
0x048B	0x0685      	XORWF      GPIO, 1
;supervisore_energetico.mbas,283 :: 		Delay_Safe_ms(100)
0x048C	0x3064      	MOVLW      100
0x048D	0x00CA      	MOVWF      FARG_Delay_Safe_ms_n
0x048E	0x01CB      	CLRF       FARG_Delay_Safe_ms_n+1
0x048F	0x2040      	CALL       _Delay_Safe_ms
;supervisore_energetico.mbas,284 :: 		next j
0x0490	0x082B      	MOVF       _j, 0
0x0491	0x3A14      	XORLW      20
0x0492	0x1903      	BTFSC      STATUS, 2
0x0493	0x2C96      	GOTO       L__main112
0x0494	0x0AAB      	INCF       _j, 1
0x0495	0x2C8A      	GOTO       L__main109
L__main112:
L__main106:
;supervisore_energetico.mbas,285 :: 		end if
0x0496	0x2C9C      	GOTO       L__main99
;supervisore_energetico.mbas,286 :: 		else
L__main98:
;supervisore_energetico.mbas,287 :: 		Delay_Safe_ms(500)
0x0497	0x30F4      	MOVLW      244
0x0498	0x00CA      	MOVWF      FARG_Delay_Safe_ms_n
0x0499	0x3001      	MOVLW      1
0x049A	0x00CB      	MOVWF      FARG_Delay_Safe_ms_n+1
0x049B	0x2040      	CALL       _Delay_Safe_ms
;supervisore_energetico.mbas,288 :: 		end if
L__main99:
;supervisore_energetico.mbas,289 :: 		wend
0x049C	0x2C5D      	GOTO       L__main93
L__main94:
;supervisore_energetico.mbas,290 :: 		GPIO.2 = 0                      ' Riaccende il carico
0x049D	0x1105      	BCF        GPIO, 2
;supervisore_energetico.mbas,291 :: 		sveglie_wdt = 0
0x049E	0x01B8      	CLRF       _sveglie_wdt
0x049F	0x01B9      	CLRF       _sveglie_wdt+1
;supervisore_energetico.mbas,292 :: 		conteggio_cicli = 0
0x04A0	0x01BA      	CLRF       _conteggio_cicli
0x04A1	0x01BB      	CLRF       _conteggio_cicli+1
0x04A2	0x01BC      	CLRF       _conteggio_cicli+2
0x04A3	0x01BD      	CLRF       _conteggio_cicli+3
L__main85:
;supervisore_energetico.mbas,293 :: 		end if
L__main59:
;supervisore_energetico.mbas,297 :: 		if (in_manutenzione = false) then
0x04A4	0x0821      	MOVF       _in_manutenzione, 0
0x04A5	0x3A00      	XORLW      0
0x04A6	0x1D03      	BTFSS      STATUS, 2
0x04A7	0x2D30      	GOTO       L__main114
;supervisore_energetico.mbas,299 :: 		if (sveglie_wdt >= 13) then
0x04A8	0x3000      	MOVLW      0
0x04A9	0x0239      	SUBWF      _sveglie_wdt+1, 0
0x04AA	0x1D03      	BTFSS      STATUS, 2
0x04AB	0x2CAE      	GOTO       L__main157
0x04AC	0x300D      	MOVLW      13
0x04AD	0x0238      	SUBWF      _sveglie_wdt, 0
L__main157:
0x04AE	0x1C03      	BTFSS      STATUS, 0
0x04AF	0x2D29      	GOTO       L__main117
;supervisore_energetico.mbas,300 :: 		Leggi_Batteria_mV()
0x04B0	0x2090      	CALL       _Leggi_Batteria_mV
;supervisore_energetico.mbas,302 :: 		if (batteria_mv <= soglia_off) then
0x04B1	0x082F      	MOVF       _batteria_mv+3, 0
0x04B2	0x0237      	SUBWF      _soglia_off+3, 0
0x04B3	0x1D03      	BTFSS      STATUS, 2
0x04B4	0x2CBF      	GOTO       L__main158
0x04B5	0x082E      	MOVF       _batteria_mv+2, 0
0x04B6	0x0236      	SUBWF      _soglia_off+2, 0
0x04B7	0x1D03      	BTFSS      STATUS, 2
0x04B8	0x2CBF      	GOTO       L__main158
0x04B9	0x082D      	MOVF       _batteria_mv+1, 0
0x04BA	0x0235      	SUBWF      _soglia_off+1, 0
0x04BB	0x1D03      	BTFSS      STATUS, 2
0x04BC	0x2CBF      	GOTO       L__main158
0x04BD	0x082C      	MOVF       _batteria_mv, 0
0x04BE	0x0234      	SUBWF      _soglia_off, 0
L__main158:
0x04BF	0x1C03      	BTFSS      STATUS, 0
0x04C0	0x2CC2      	GOTO       L__main120
;supervisore_energetico.mbas,303 :: 		GPIO.2 = 1 ' Spegne Heltec
0x04C1	0x1505      	BSF        GPIO, 2
L__main120:
;supervisore_energetico.mbas,306 :: 		if (batteria_mv >= soglia_on) then
0x04C2	0x082A      	MOVF       _soglia_on+3, 0
0x04C3	0x022F      	SUBWF      _batteria_mv+3, 0
0x04C4	0x1D03      	BTFSS      STATUS, 2
0x04C5	0x2CD0      	GOTO       L__main159
0x04C6	0x0829      	MOVF       _soglia_on+2, 0
0x04C7	0x022E      	SUBWF      _batteria_mv+2, 0
0x04C8	0x1D03      	BTFSS      STATUS, 2
0x04C9	0x2CD0      	GOTO       L__main159
0x04CA	0x0828      	MOVF       _soglia_on+1, 0
0x04CB	0x022D      	SUBWF      _batteria_mv+1, 0
0x04CC	0x1D03      	BTFSS      STATUS, 2
0x04CD	0x2CD0      	GOTO       L__main159
0x04CE	0x0827      	MOVF       _soglia_on, 0
0x04CF	0x022C      	SUBWF      _batteria_mv, 0
L__main159:
0x04D0	0x1C03      	BTFSS      STATUS, 0
0x04D1	0x2CD3      	GOTO       L__main123
;supervisore_energetico.mbas,307 :: 		GPIO.2 = 0 ' Accende Heltec
0x04D2	0x1105      	BCF        GPIO, 2
L__main123:
;supervisore_energetico.mbas,311 :: 		if (giorni_riavvio > 0) then
0x04D3	0x0822      	MOVF       _giorni_riavvio, 0
0x04D4	0x3C00      	SUBLW      0
0x04D5	0x1803      	BTFSC      STATUS, 0
0x04D6	0x2D27      	GOTO       L__main126
;supervisore_energetico.mbas,312 :: 		conteggio_cicli = conteggio_cicli + 1
0x04D7	0x083A      	MOVF       _conteggio_cicli, 0
0x04D8	0x00F0      	MOVWF      R0
0x04D9	0x083B      	MOVF       _conteggio_cicli+1, 0
0x04DA	0x00F1      	MOVWF      R0+1
0x04DB	0x083C      	MOVF       _conteggio_cicli+2, 0
0x04DC	0x00F2      	MOVWF      R0+2
0x04DD	0x083D      	MOVF       _conteggio_cicli+3, 0
0x04DE	0x00F3      	MOVWF      R0+3
0x04DF	0x0AF0      	INCF       R0, 1
0x04E0	0x1903      	BTFSC      STATUS, 2
0x04E1	0x0AF1      	INCF       R0+1, 1
0x04E2	0x1903      	BTFSC      STATUS, 2
0x04E3	0x0AF2      	INCF       R0+2, 1
0x04E4	0x1903      	BTFSC      STATUS, 2
0x04E5	0x0AF3      	INCF       R0+3, 1
0x04E6	0x0870      	MOVF       R0, 0
0x04E7	0x00BA      	MOVWF      _conteggio_cicli
0x04E8	0x0871      	MOVF       R0+1, 0
0x04E9	0x00BB      	MOVWF      _conteggio_cicli+1
0x04EA	0x0872      	MOVF       R0+2, 0
0x04EB	0x00BC      	MOVWF      _conteggio_cicli+2
0x04EC	0x0873      	MOVF       R0+3, 0
0x04ED	0x00BD      	MOVWF      _conteggio_cicli+3
;supervisore_energetico.mbas,314 :: 		if (conteggio_cicli >= (cicli_per_giorno * giorni_riavvio)) then
0x04EE	0x0823      	MOVF       _cicli_per_giorno, 0
0x04EF	0x00F0      	MOVWF      R0
0x04F0	0x0824      	MOVF       _cicli_per_giorno+1, 0
0x04F1	0x00F1      	MOVWF      R0+1
0x04F2	0x0825      	MOVF       _cicli_per_giorno+2, 0
0x04F3	0x00F2      	MOVWF      R0+2
0x04F4	0x0826      	MOVF       _cicli_per_giorno+3, 0
0x04F5	0x00F3      	MOVWF      R0+3
0x04F6	0x0822      	MOVF       _giorni_riavvio, 0
0x04F7	0x00F4      	MOVWF      R4
0x04F8	0x01F5      	CLRF       R4+1
0x04F9	0x01F6      	CLRF       R4+2
0x04FA	0x01F7      	CLRF       R4+3
0x04FB	0x2009      	CALL       _Mul_32x32_U
0x04FC	0x0873      	MOVF       R0+3, 0
0x04FD	0x023D      	SUBWF      _conteggio_cicli+3, 0
0x04FE	0x1D03      	BTFSS      STATUS, 2
0x04FF	0x2D0A      	GOTO       L__main160
0x0500	0x0872      	MOVF       R0+2, 0
0x0501	0x023C      	SUBWF      _conteggio_cicli+2, 0
0x0502	0x1D03      	BTFSS      STATUS, 2
0x0503	0x2D0A      	GOTO       L__main160
0x0504	0x0871      	MOVF       R0+1, 0
0x0505	0x023B      	SUBWF      _conteggio_cicli+1, 0
0x0506	0x1D03      	BTFSS      STATUS, 2
0x0507	0x2D0A      	GOTO       L__main160
0x0508	0x0870      	MOVF       R0, 0
0x0509	0x023A      	SUBWF      _conteggio_cicli, 0
L__main160:
0x050A	0x1C03      	BTFSS      STATUS, 0
0x050B	0x2D27      	GOTO       L__main129
;supervisore_energetico.mbas,315 :: 		GPIO.2 = 1           ' Ciclo di spegnimento
0x050C	0x1505      	BSF        GPIO, 2
;supervisore_energetico.mbas,316 :: 		Delay_Safe_ms(2000)
0x050D	0x30D0      	MOVLW      208
0x050E	0x00CA      	MOVWF      FARG_Delay_Safe_ms_n
0x050F	0x3007      	MOVLW      7
0x0510	0x00CB      	MOVWF      FARG_Delay_Safe_ms_n+1
0x0511	0x2040      	CALL       _Delay_Safe_ms
;supervisore_energetico.mbas,317 :: 		if (batteria_mv > soglia_off) then
0x0512	0x082F      	MOVF       _batteria_mv+3, 0
0x0513	0x0237      	SUBWF      _soglia_off+3, 0
0x0514	0x1D03      	BTFSS      STATUS, 2
0x0515	0x2D20      	GOTO       L__main161
0x0516	0x082E      	MOVF       _batteria_mv+2, 0
0x0517	0x0236      	SUBWF      _soglia_off+2, 0
0x0518	0x1D03      	BTFSS      STATUS, 2
0x0519	0x2D20      	GOTO       L__main161
0x051A	0x082D      	MOVF       _batteria_mv+1, 0
0x051B	0x0235      	SUBWF      _soglia_off+1, 0
0x051C	0x1D03      	BTFSS      STATUS, 2
0x051D	0x2D20      	GOTO       L__main161
0x051E	0x082C      	MOVF       _batteria_mv, 0
0x051F	0x0234      	SUBWF      _soglia_off, 0
L__main161:
0x0520	0x1803      	BTFSC      STATUS, 0
0x0521	0x2D23      	GOTO       L__main132
;supervisore_energetico.mbas,318 :: 		GPIO.2 = 0       ' Riaccensione
0x0522	0x1105      	BCF        GPIO, 2
L__main132:
;supervisore_energetico.mbas,320 :: 		conteggio_cicli = 0  ' Reset timer
0x0523	0x01BA      	CLRF       _conteggio_cicli
0x0524	0x01BB      	CLRF       _conteggio_cicli+1
0x0525	0x01BC      	CLRF       _conteggio_cicli+2
0x0526	0x01BD      	CLRF       _conteggio_cicli+3
L__main129:
;supervisore_energetico.mbas,321 :: 		end if
L__main126:
;supervisore_energetico.mbas,323 :: 		sveglie_wdt = 0              ' Reset contatore risvegli
0x0527	0x01B8      	CLRF       _sveglie_wdt
0x0528	0x01B9      	CLRF       _sveglie_wdt+1
L__main117:
;supervisore_energetico.mbas,326 :: 		sveglie_wdt = sveglie_wdt + 1    ' Incrementa conteggio risvegli
0x0529	0x0AB8      	INCF       _sveglie_wdt, 1
0x052A	0x1903      	BTFSC      STATUS, 2
0x052B	0x0AB9      	INCF       _sveglie_wdt+1, 1
;supervisore_energetico.mbas,327 :: 		clrwdt                           ' Pulizia watchdog
0x052C	0x0064      	CLRWDT
;supervisore_energetico.mbas,328 :: 		sleep                            ' Il chip dorme (Risparmio Max)
0x052D	0x0063      	SLEEP
;supervisore_energetico.mbas,329 :: 		nop                              ' Istruzione necessaria dopo lo sleep
0x052E	0x0000      	NOP
0x052F	0x2D34      	GOTO       L__main115
;supervisore_energetico.mbas,330 :: 		else
L__main114:
;supervisore_energetico.mbas,332 :: 		Delay_Safe_ms(100)
0x0530	0x3064      	MOVLW      100
0x0531	0x00CA      	MOVWF      FARG_Delay_Safe_ms_n
0x0532	0x01CB      	CLRF       FARG_Delay_Safe_ms_n+1
0x0533	0x2040      	CALL       _Delay_Safe_ms
;supervisore_energetico.mbas,333 :: 		end if
L__main115:
;supervisore_energetico.mbas,334 :: 		wend
0x0534	0x2B4F      	GOTO       L__main51
L_end_main:
0x0535	0x2D35      	GOTO       $+0
; end of _main
Symbol List:
//** Routines locations **
//ADDRESS    SIZE    PROCEDURE
//----------------------------------------------
0x0003       [6]    _Delay_22us
0x0009      [55]    _Mul_32x32_U
0x0040      [35]    _Delay_Safe_ms
0x0063      [45]    _ADC_Read
0x0090      [71]    _Leggi_Batteria_mV
0x00D7      [20]    _Segnale_Triplo
0x00EB     [108]    _soglia_batteria
0x0157      [41]    _Lampeggia_Cifra
0x0180     [376]    _Div_32x32_U
0x02F8      [83]    _Init_Hardware
0x034B     [491]    _main
//** Variables locations ** 
//ADDRESS    SIZE    VARIABLE
//----------------------------------------------
0x0003       [1]    STATUS
0x0005       [1]    GPIO
0x000B       [1]    INTCON
0x0019       [1]    CMCON0
0x001E       [1]    ADRESH
0x001F       [1]    ADCON0
0x0020       [1]    ___math_tempb
0x0021       [1]    _in_manutenzione
0x0022       [1]    _giorni_riavvio
0x0023       [4]    _cicli_per_giorno
0x0027       [4]    _soglia_on
0x002B       [1]    _j
0x002C       [4]    _batteria_mv
0x0030       [4]    _taratura_vcc
0x0034       [4]    _soglia_off
0x0038       [2]    _sveglie_wdt
0x003A       [4]    _conteggio_cicli
0x003E       [1]    _i
0x003F       [4]    _temp_mv
0x0043       [1]    _cifra
0x0044       [1]    _dummy
0x0045       [1]    FARG_Lampeggia_Cifra_c
0x0046       [1]    Lampeggia_Cifra_l
0x0047       [1]    Leggi_Batteria_mV_i
0x0048       [2]    Leggi_Batteria_mV_somma
0x004A       [1]    FARG_ADC_Read_channel
0x004A       [2]    FARG_Delay_Safe_ms_n
0x004B       [2]    ADC_Read_local_result
0x0070       [1]    R0
0x0071       [1]    R1
0x0072       [1]    R2
0x0073       [1]    R3
0x0074       [1]    R4
0x0075       [1]    R5
0x0076       [1]    R6
0x0077       [1]    R7
0x0078       [1]    R8
0x0079       [1]    R9
0x007A       [1]    R10
0x007B       [1]    R11
0x007C       [1]    R12
0x007D       [1]    R13
0x007E       [1]    R14
0x007F       [1]    R15
0x0081       [1]    OPTION_REG
0x0085       [1]    TRISIO
0x008F       [1]    OSCCON
0x0095       [1]    WPU
0x0096       [1]    IOC
0x009E       [1]    ADRESL
0x009F       [1]    ANSEL
