;  LST file generated by mikroListExporter - v.2.0 
; Date/Time: 26/03/2026 21:52:58
;----------------------------------------------

;Address Opcode 	ASM
0x0000	0x2B52      	GOTO       850
_Delay_22us:
;__Lib_Delays.c,15 :: 		void Delay_22us() {
;__Lib_Delays.c,16 :: 		Delay_us(22);
0x0003	0x3007      	MOVLW      7
0x0004	0x1283      	BCF        STATUS, 5
0x0005	0x00FD      	MOVWF      R13
L_Delay_22us1:
0x0006	0x0BFD      	DECFSZ     R13, 1
0x0007	0x2806      	GOTO       L_Delay_22us1
;__Lib_Delays.c,17 :: 		}
L_end_Delay_22us:
0x0008	0x0008      	RETURN
; end of _Delay_22us
_ADC_Read:
;__Lib_ADC_A_E.c,75 :: 		
;__Lib_ADC_A_E.c,77 :: 		
0x0009	0x30C3      	MOVLW      195
0x000A	0x1283      	BCF        STATUS, 5
0x000B	0x059F      	ANDWF      ADCON0, 1
;__Lib_ADC_A_E.c,82 :: 		
0x000C	0x30F0      	MOVLW      240
0x000D	0x059F      	ANDWF      ADCON0, 1
;__Lib_ADC_A_E.c,83 :: 		
0x000E	0x0921      	COMF       _vref_mask, 0
0x000F	0x00F0      	MOVWF      R0
0x0010	0x0870      	MOVF       R0, 0
0x0011	0x059F      	ANDWF      ADCON0, 1
;__Lib_ADC_A_E.c,84 :: 		
0x0012	0x30F0      	MOVLW      240
0x0013	0x1683      	BSF        STATUS, 5
0x0014	0x049F      	IORWF      ANSEL, 1
;__Lib_ADC_A_E.c,85 :: 		
0x0015	0x1283      	BCF        STATUS, 5
0x0016	0x179F      	BSF        ADCON0, 7
;__Lib_ADC_A_E.c,86 :: 		
0x0017	0x084E      	MOVF       FARG_ADC_Read_channel, 0
0x0018	0x00F0      	MOVWF      R0
0x0019	0x0DF0      	RLF        R0, 1
0x001A	0x1070      	BCF        R0, 0
0x001B	0x0DF0      	RLF        R0, 1
0x001C	0x1070      	BCF        R0, 0
0x001D	0x0870      	MOVF       R0, 0
0x001E	0x049F      	IORWF      ADCON0, 1
;__Lib_ADC_A_E.c,89 :: 		
0x001F	0x141F      	BSF        ADCON0, 0
;__Lib_ADC_A_E.c,92 :: 		
0x0020	0x2003      	CALL       _Delay_22us
;__Lib_ADC_A_E.c,95 :: 		
0x0021	0x149F      	BSF        ADCON0, 1
;__Lib_ADC_A_E.c,98 :: 		
L_ADC_Read2:
0x0022	0x1C9F      	BTFSS      ADCON0, 1
0x0023	0x2826      	GOTO       L_ADC_Read3
;__Lib_ADC_A_E.c,99 :: 		
0x0024	0x0000      	NOP
0x0025	0x2822      	GOTO       L_ADC_Read2
L_ADC_Read3:
;__Lib_ADC_A_E.c,102 :: 		
0x0026	0x101F      	BCF        ADCON0, 0
;__Lib_ADC_A_E.c,105 :: 		
0x0027	0x081E      	MOVF       ADRESH, 0
0x0028	0x00F1      	MOVWF      R0+1
0x0029	0x01F0      	CLRF       R0
0x002A	0x1683      	BSF        STATUS, 5
0x002B	0x081E      	MOVF       ADRESL, 0
0x002C	0x04F0      	IORWF      R0, 1
0x002D	0x3000      	MOVLW      0
0x002E	0x04F1      	IORWF      R0+1, 1
;__Lib_ADC_A_E.c,106 :: 		
L_end_ADC_Read:
0x002F	0x0008      	RETURN
; end of _ADC_Read
_Delay_Safe_ms:
;heltec.c,21 :: 		void Delay_Safe_ms(unsigned int n) {
;heltec.c,23 :: 		for (k = 1; k <= n; k++) {
0x0030	0x3001      	MOVLW      1
0x0031	0x1283      	BCF        STATUS, 5
0x0032	0x00F1      	MOVWF      R1
0x0033	0x3000      	MOVLW      0
0x0034	0x00F2      	MOVWF      R1+1
L_Delay_Safe_ms0:
0x0035	0x0872      	MOVF       R1+1, 0
0x0036	0x024F      	SUBWF      FARG_Delay_Safe_ms_n+1, 0
0x0037	0x1D03      	BTFSS      STATUS, 2
0x0038	0x283B      	GOTO       L__Delay_Safe_ms69
0x0039	0x0871      	MOVF       R1, 0
0x003A	0x024E      	SUBWF      FARG_Delay_Safe_ms_n, 0
L__Delay_Safe_ms69:
0x003B	0x1C03      	BTFSS      STATUS, 0
0x003C	0x284A      	GOTO       L_Delay_Safe_ms1
;heltec.c,24 :: 		Delay_ms(1);
0x003D	0x3002      	MOVLW      2
0x003E	0x00FC      	MOVWF      R12
0x003F	0x304B      	MOVLW      75
0x0040	0x00FD      	MOVWF      R13
L_Delay_Safe_ms3:
0x0041	0x0BFD      	DECFSZ     R13, 1
0x0042	0x2841      	GOTO       L_Delay_Safe_ms3
0x0043	0x0BFC      	DECFSZ     R12, 1
0x0044	0x2841      	GOTO       L_Delay_Safe_ms3
;heltec.c,25 :: 		asm clrwdt;
0x0045	0x0064      	CLRWDT
;heltec.c,23 :: 		for (k = 1; k <= n; k++) {
0x0046	0x0AF1      	INCF       R1, 1
0x0047	0x1903      	BTFSC      STATUS, 2
0x0048	0x0AF2      	INCF       R1+1, 1
;heltec.c,26 :: 		}
0x0049	0x2835      	GOTO       L_Delay_Safe_ms0
L_Delay_Safe_ms1:
;heltec.c,27 :: 		}
L_end_Delay_Safe_ms:
0x004A	0x0008      	RETURN
; end of _Delay_Safe_ms
_Mul_32x32_U:
;__Lib_Math.c,1775 :: 		
;__Lib_Math.c,1790 :: 		
0x004B	0x1283      	BCF        STATUS, 5
;__Lib_Math.c,1791 :: 		
0x004C	0x1303      	BCF        STATUS, 6
;__Lib_Math.c,1792 :: 		
0x004D	0x3022      	MOVLW      34
;__Lib_Math.c,1793 :: 		
0x004E	0x00FC      	MOVWF      R12
;__Lib_Math.c,1794 :: 		
0x004F	0x01F8      	CLRF       R8
;__Lib_Math.c,1795 :: 		
0x0050	0x01F9      	CLRF       R9
;__Lib_Math.c,1796 :: 		
0x0051	0x01FA      	CLRF       R10
;__Lib_Math.c,1797 :: 		
0x0052	0x01FB      	CLRF       R11
;__Lib_Math.c,1799 :: 		
_NEXT:
;__Lib_Math.c,1803 :: 		
0x0053	0x03FC      	DECF       R12, 1
;__Lib_Math.c,1804 :: 		
0x0054	0x1903      	BTFSC      STATUS, 2
;__Lib_Math.c,1805 :: 		
0x0055	0x2881      	GOTO       _EXIT2
;__Lib_Math.c,1806 :: 		
0x0056	0x1003      	BCF        STATUS, 0
;__Lib_Math.c,1808 :: 		
_LOOP:
;__Lib_Math.c,1817 :: 		
0x0057	0x0CFB      	RRF        R11, 1
;__Lib_Math.c,1818 :: 		
0x0058	0x0CFA      	RRF        R10, 1
;__Lib_Math.c,1819 :: 		
0x0059	0x0CF9      	RRF        R9, 1
;__Lib_Math.c,1820 :: 		
0x005A	0x0CF8      	RRF        R8, 1
;__Lib_Math.c,1821 :: 		
0x005B	0x0CF3      	RRF        R3, 1
;__Lib_Math.c,1822 :: 		
0x005C	0x0CF2      	RRF        R2, 1
;__Lib_Math.c,1823 :: 		
0x005D	0x0CF1      	RRF        R1, 1
;__Lib_Math.c,1824 :: 		
0x005E	0x0CF0      	RRF        R0, 1
;__Lib_Math.c,1829 :: 		
0x005F	0x1C03      	BTFSS      STATUS, 0
;__Lib_Math.c,1830 :: 		
0x0060	0x2853      	GOTO       _NEXT
;__Lib_Math.c,1831 :: 		
0x0061	0x03FC      	DECF       R12, 1
;__Lib_Math.c,1832 :: 		
0x0062	0x1903      	BTFSC      STATUS, 2
;__Lib_Math.c,1833 :: 		
0x0063	0x2873      	GOTO       _EXIT1
;__Lib_Math.c,1840 :: 		
0x0064	0x0874      	MOVF       R4, 0
;__Lib_Math.c,1841 :: 		
0x0065	0x07F8      	ADDWF      R8, 1
;__Lib_Math.c,1842 :: 		
0x0066	0x0875      	MOVF       R5, 0
;__Lib_Math.c,1843 :: 		
0x0067	0x1803      	BTFSC      STATUS, 0
;__Lib_Math.c,1844 :: 		
0x0068	0x0F75      	INCFSZ     R5, 0
;__Lib_Math.c,1845 :: 		
0x0069	0x07F9      	ADDWF      R9, 1
;__Lib_Math.c,1846 :: 		
0x006A	0x0876      	MOVF       R6, 0
;__Lib_Math.c,1847 :: 		
0x006B	0x1803      	BTFSC      STATUS, 0
;__Lib_Math.c,1848 :: 		
0x006C	0x0F76      	INCFSZ     R6, 0
;__Lib_Math.c,1849 :: 		
0x006D	0x07FA      	ADDWF      R10, 1
;__Lib_Math.c,1850 :: 		
0x006E	0x0877      	MOVF       R7, 0
;__Lib_Math.c,1851 :: 		
0x006F	0x1803      	BTFSC      STATUS, 0
;__Lib_Math.c,1852 :: 		
0x0070	0x0F77      	INCFSZ     R7, 0
;__Lib_Math.c,1853 :: 		
0x0071	0x07FB      	ADDWF      R11, 1
;__Lib_Math.c,1855 :: 		
0x0072	0x2857      	GOTO       _LOOP
;__Lib_Math.c,1857 :: 		
_EXIT1:
;__Lib_Math.c,1862 :: 		
0x0073	0x0874      	MOVF       R4, 0
;__Lib_Math.c,1863 :: 		
0x0074	0x07F8      	ADDWF      R8, 1
;__Lib_Math.c,1864 :: 		
0x0075	0x0875      	MOVF       R5, 0
;__Lib_Math.c,1865 :: 		
0x0076	0x1803      	BTFSC      STATUS, 0
;__Lib_Math.c,1866 :: 		
0x0077	0x0F75      	INCFSZ     R5, 0
;__Lib_Math.c,1867 :: 		
0x0078	0x07F9      	ADDWF      R9, 1
;__Lib_Math.c,1868 :: 		
0x0079	0x0876      	MOVF       R6, 0
;__Lib_Math.c,1869 :: 		
0x007A	0x1803      	BTFSC      STATUS, 0
;__Lib_Math.c,1870 :: 		
0x007B	0x0F76      	INCFSZ     R6, 0
;__Lib_Math.c,1871 :: 		
0x007C	0x07FA      	ADDWF      R10, 1
;__Lib_Math.c,1872 :: 		
0x007D	0x0877      	MOVF       R7, 0
;__Lib_Math.c,1873 :: 		
0x007E	0x1803      	BTFSC      STATUS, 0
;__Lib_Math.c,1874 :: 		
0x007F	0x0F77      	INCFSZ     R7, 0
;__Lib_Math.c,1875 :: 		
0x0080	0x07FB      	ADDWF      R11, 1
;__Lib_Math.c,1878 :: 		
_EXIT2:
;__Lib_Math.c,1880 :: 		
L_end_Mul_32x32_U:
0x0081	0x0008      	RETURN
; end of _Mul_32x32_U
_Segnale_Triplo:
;heltec.c,30 :: 		void Segnale_Triplo() {
;heltec.c,31 :: 		for (j = 1; j <= 3; j++) {
0x0082	0x3001      	MOVLW      1
0x0083	0x1283      	BCF        STATUS, 5
0x0084	0x00AA      	MOVWF      _j
L_Segnale_Triplo4:
0x0085	0x082A      	MOVF       _j, 0
0x0086	0x3C03      	SUBLW      3
0x0087	0x1C03      	BTFSS      STATUS, 0
0x0088	0x2895      	GOTO       L_Segnale_Triplo5
;heltec.c,32 :: 		GPIO.F5 = 1;
0x0089	0x1685      	BSF        GPIO, 5
;heltec.c,33 :: 		Delay_Safe_ms(250);
0x008A	0x30FA      	MOVLW      250
0x008B	0x00CE      	MOVWF      FARG_Delay_Safe_ms_n
0x008C	0x01CF      	CLRF       FARG_Delay_Safe_ms_n+1
0x008D	0x2030      	CALL       _Delay_Safe_ms
;heltec.c,34 :: 		GPIO.F5 = 0;
0x008E	0x1285      	BCF        GPIO, 5
;heltec.c,35 :: 		Delay_Safe_ms(250);
0x008F	0x30FA      	MOVLW      250
0x0090	0x00CE      	MOVWF      FARG_Delay_Safe_ms_n
0x0091	0x01CF      	CLRF       FARG_Delay_Safe_ms_n+1
0x0092	0x2030      	CALL       _Delay_Safe_ms
;heltec.c,31 :: 		for (j = 1; j <= 3; j++) {
0x0093	0x0AAA      	INCF       _j, 1
;heltec.c,36 :: 		}
0x0094	0x2885      	GOTO       L_Segnale_Triplo4
L_Segnale_Triplo5:
;heltec.c,37 :: 		}
L_end_Segnale_Triplo:
0x0095	0x0008      	RETURN
; end of _Segnale_Triplo
_____DoICP:
;__Lib_System.c,6 :: 		
;__Lib_System.c,9 :: 		
0x0096	0x1283      	BCF        STATUS, 5
0x0097	0x082C      	MOVF       ___DoICPAddr+1, 0
0x0098	0x008A      	MOVWF      PCLATH
;__Lib_System.c,10 :: 		
0x0099	0x082B      	MOVF       ___DoICPAddr, 0
0x009A	0x0082      	MOVWF      PCL
;__Lib_System.c,12 :: 		
L_end_____DoICP:
0x009B	0x0008      	RETURN
; end of _____DoICP
_Leggi_Batteria_mV:
;heltec.c,60 :: 		void Leggi_Batteria_mV() {
;heltec.c,61 :: 		valore_adc = ADC_Read(1);
0x009C	0x3001      	MOVLW      1
0x009D	0x1283      	BCF        STATUS, 5
0x009E	0x00CE      	MOVWF      FARG_ADC_Read_channel
0x009F	0x2009      	CALL       _ADC_Read
0x00A0	0x0870      	MOVF       R0, 0
0x00A1	0x1283      	BCF        STATUS, 5
0x00A2	0x00B1      	MOVWF      _valore_adc
0x00A3	0x0871      	MOVF       R0+1, 0
0x00A4	0x00B2      	MOVWF      _valore_adc+1
;heltec.c,62 :: 		Delay_Safe_ms(5);
0x00A5	0x3005      	MOVLW      5
0x00A6	0x00CE      	MOVWF      FARG_Delay_Safe_ms_n
0x00A7	0x3000      	MOVLW      0
0x00A8	0x00CF      	MOVWF      FARG_Delay_Safe_ms_n+1
0x00A9	0x2030      	CALL       _Delay_Safe_ms
;heltec.c,63 :: 		valore_adc = ADC_Read(1);
0x00AA	0x3001      	MOVLW      1
0x00AB	0x00CE      	MOVWF      FARG_ADC_Read_channel
0x00AC	0x2009      	CALL       _ADC_Read
0x00AD	0x0870      	MOVF       R0, 0
0x00AE	0x1283      	BCF        STATUS, 5
0x00AF	0x00B1      	MOVWF      _valore_adc
0x00B0	0x0871      	MOVF       R0+1, 0
0x00B1	0x00B2      	MOVWF      _valore_adc+1
;heltec.c,66 :: 		batteria_mv = ((unsigned long)valore_adc * taratura_vcc) >> 10;
0x00B2	0x3000      	MOVLW      0
0x00B3	0x00F2      	MOVWF      R0+2
0x00B4	0x00F3      	MOVWF      R0+3
0x00B5	0x0838      	MOVF       _taratura_vcc, 0
0x00B6	0x00F4      	MOVWF      R4
0x00B7	0x0839      	MOVF       _taratura_vcc+1, 0
0x00B8	0x00F5      	MOVWF      R4+1
0x00B9	0x083A      	MOVF       _taratura_vcc+2, 0
0x00BA	0x00F6      	MOVWF      R4+2
0x00BB	0x083B      	MOVF       _taratura_vcc+3, 0
0x00BC	0x00F7      	MOVWF      R4+3
0x00BD	0x204B      	CALL       _Mul_32x32_U
0x00BE	0x300A      	MOVLW      10
0x00BF	0x00F4      	MOVWF      R4
0x00C0	0x0870      	MOVF       R0, 0
0x00C1	0x00AD      	MOVWF      _batteria_mv
0x00C2	0x0871      	MOVF       R0+1, 0
0x00C3	0x00AE      	MOVWF      _batteria_mv+1
0x00C4	0x0872      	MOVF       R0+2, 0
0x00C5	0x00AF      	MOVWF      _batteria_mv+2
0x00C6	0x0873      	MOVF       R0+3, 0
0x00C7	0x00B0      	MOVWF      _batteria_mv+3
0x00C8	0x0874      	MOVF       R4, 0
L__Leggi_Batteria_mV73:
0x00C9	0x1903      	BTFSC      STATUS, 2
0x00CA	0x28D2      	GOTO       L__Leggi_Batteria_mV74
0x00CB	0x0CB0      	RRF        _batteria_mv+3, 1
0x00CC	0x0CAF      	RRF        _batteria_mv+2, 1
0x00CD	0x0CAE      	RRF        _batteria_mv+1, 1
0x00CE	0x0CAD      	RRF        _batteria_mv, 1
0x00CF	0x13B0      	BCF        _batteria_mv+3, 7
0x00D0	0x3EFF      	ADDLW      255
0x00D1	0x28C9      	GOTO       L__Leggi_Batteria_mV73
L__Leggi_Batteria_mV74:
;heltec.c,67 :: 		}
L_end_Leggi_Batteria_mV:
0x00D2	0x0008      	RETURN
; end of _Leggi_Batteria_mV
_EEPROM_Write:
;__Lib_EEPROM.c,16 :: 		
;__Lib_EEPROM.c,20 :: 		
L_EEPROM_Write0:
0x00D3	0x1683      	BSF        STATUS, 5
0x00D4	0x1C9C      	BTFSS      EECON1, 1
0x00D5	0x28D8      	GOTO       L_EEPROM_Write1
0x00D6	0x0000      	NOP
0x00D7	0x28D3      	GOTO       L_EEPROM_Write0
L_EEPROM_Write1:
;__Lib_EEPROM.c,21 :: 		
0x00D8	0x1283      	BCF        STATUS, 5
0x00D9	0x084C      	MOVF       FARG_EEPROM_Write_Address, 0
0x00DA	0x1683      	BSF        STATUS, 5
0x00DB	0x009B      	MOVWF      EEADR
;__Lib_EEPROM.c,22 :: 		
0x00DC	0x1283      	BCF        STATUS, 5
0x00DD	0x084D      	MOVF       FARG_EEPROM_Write_data_, 0
0x00DE	0x1683      	BSF        STATUS, 5
0x00DF	0x009A      	MOVWF      EEDATA
;__Lib_EEPROM.c,23 :: 		
0x00E0	0x139C      	BCF        EECON1, 7
;__Lib_EEPROM.c,24 :: 		
0x00E1	0x151C      	BSF        EECON1, 2
;__Lib_EEPROM.c,26 :: 		
0x00E2	0x080B      	MOVF       INTCON, 0
0x00E3	0x00F0      	MOVWF      R0
;__Lib_EEPROM.c,29 :: 		
0x00E4	0x138B      	BCF        INTCON, 7
;__Lib_EEPROM.c,30 :: 		
0x00E5	0x3055      	MOVLW      85
0x00E6	0x009D      	MOVWF      EECON2
;__Lib_EEPROM.c,31 :: 		
0x00E7	0x30AA      	MOVLW      170
0x00E8	0x009D      	MOVWF      EECON2
;__Lib_EEPROM.c,32 :: 		
0x00E9	0x149C      	BSF        EECON1, 1
;__Lib_EEPROM.c,36 :: 		
0x00EA	0x1BF0      	BTFSC      R0, 7
0x00EB	0x28EE      	GOTO       L__EEPROM_Write4
0x00EC	0x138B      	BCF        INTCON, 7
0x00ED	0x28EF      	GOTO       L__EEPROM_Write5
L__EEPROM_Write4:
0x00EE	0x178B      	BSF        INTCON, 7
L__EEPROM_Write5:
;__Lib_EEPROM.c,37 :: 		
0x00EF	0x111C      	BCF        EECON1, 2
;__Lib_EEPROM.c,38 :: 		
L_end_EEPROM_Write:
0x00F0	0x0008      	RETURN
; end of _EEPROM_Write
_Div_32x32_U:
;__Lib_Math.c,1318 :: 		
;__Lib_Math.c,1327 :: 		
;__Lib_Math.c,1329 :: 		
0x00F1	0x1283      	BCF        STATUS, 5
;__Lib_Math.c,1330 :: 		
0x00F2	0x1303      	BCF        STATUS, 6
;__Lib_Math.c,1331 :: 		
0x00F3	0x01FB      	CLRF       R11
;__Lib_Math.c,1332 :: 		
0x00F4	0x01FA      	CLRF       R10
;__Lib_Math.c,1333 :: 		
0x00F5	0x01F9      	CLRF       R9
;__Lib_Math.c,1334 :: 		
0x00F6	0x01F8      	CLRF       R8
;__Lib_Math.c,1336 :: 		
0x00F7	0x01A0      	CLRF       ___math_tempb
;__Lib_Math.c,1338 :: 		
0x00F8	0x0D73      	RLF        R3, 0
;__Lib_Math.c,1339 :: 		
0x00F9	0x0DF8      	RLF        R8, 1
;__Lib_Math.c,1340 :: 		
0x00FA	0x0874      	MOVF       R4, 0
;__Lib_Math.c,1341 :: 		
0x00FB	0x02F8      	SUBWF      R8, 1
;__Lib_Math.c,1342 :: 		
0x00FC	0x0875      	MOVF       R5, 0
;__Lib_Math.c,1343 :: 		
0x00FD	0x1C03      	BTFSS      STATUS, 0
;__Lib_Math.c,1344 :: 		
0x00FE	0x0F75      	INCFSZ     R5, 0
;__Lib_Math.c,1345 :: 		
0x00FF	0x02F9      	SUBWF      R9, 1
;__Lib_Math.c,1346 :: 		
0x0100	0x0876      	MOVF       R6, 0
;__Lib_Math.c,1347 :: 		
0x0101	0x1C03      	BTFSS      STATUS, 0
;__Lib_Math.c,1348 :: 		
0x0102	0x0F76      	INCFSZ     R6, 0
;__Lib_Math.c,1349 :: 		
0x0103	0x02FA      	SUBWF      R10, 1
;__Lib_Math.c,1350 :: 		
0x0104	0x0877      	MOVF       R7, 0
;__Lib_Math.c,1351 :: 		
0x0105	0x1C03      	BTFSS      STATUS, 0
;__Lib_Math.c,1352 :: 		
0x0106	0x0F77      	INCFSZ     R7, 0
;__Lib_Math.c,1353 :: 		
0x0107	0x02FB      	SUBWF      R11, 1
;__Lib_Math.c,1355 :: 		
0x0108	0x0100      	CLRW
;__Lib_Math.c,1356 :: 		
0x0109	0x1C03      	BTFSS      STATUS, 0
;__Lib_Math.c,1357 :: 		
0x010A	0x3001      	MOVLW      1
;__Lib_Math.c,1358 :: 		
0x010B	0x02A0      	SUBWF      ___math_tempb, 1
;__Lib_Math.c,1359 :: 		
0x010C	0x0DF3      	RLF        R3, 1
;__Lib_Math.c,1361 :: 		
0x010D	0x3007      	MOVLW      7
;__Lib_Math.c,1362 :: 		
0x010E	0x00FC      	MOVWF      R12
;__Lib_Math.c,1364 :: 		
LOOPU3232A:
;__Lib_Math.c,1365 :: 		
0x010F	0x0D73      	RLF        R3, 0
;__Lib_Math.c,1366 :: 		
0x0110	0x0DF8      	RLF        R8, 1
;__Lib_Math.c,1367 :: 		
0x0111	0x0DF9      	RLF        R9, 1
;__Lib_Math.c,1368 :: 		
0x0112	0x0DFA      	RLF        R10, 1
;__Lib_Math.c,1369 :: 		
0x0113	0x0DFB      	RLF        R11, 1
;__Lib_Math.c,1370 :: 		
0x0114	0x0DA0      	RLF        ___math_tempb, 1
;__Lib_Math.c,1371 :: 		
0x0115	0x0874      	MOVF       R4, 0
;__Lib_Math.c,1372 :: 		
0x0116	0x1C73      	BTFSS      R3, 0
;__Lib_Math.c,1373 :: 		
0x0117	0x292A      	GOTO       UADD22LA
;__Lib_Math.c,1375 :: 		
0x0118	0x02F8      	SUBWF      R8, 1
;__Lib_Math.c,1376 :: 		
0x0119	0x0875      	MOVF       R5, 0
;__Lib_Math.c,1377 :: 		
0x011A	0x1C03      	BTFSS      STATUS, 0
;__Lib_Math.c,1378 :: 		
0x011B	0x0F75      	INCFSZ     R5, 0
;__Lib_Math.c,1379 :: 		
0x011C	0x02F9      	SUBWF      R9, 1
;__Lib_Math.c,1380 :: 		
0x011D	0x0876      	MOVF       R6, 0
;__Lib_Math.c,1381 :: 		
0x011E	0x1C03      	BTFSS      STATUS, 0
;__Lib_Math.c,1382 :: 		
0x011F	0x0F76      	INCFSZ     R6, 0
;__Lib_Math.c,1383 :: 		
0x0120	0x02FA      	SUBWF      R10, 1
;__Lib_Math.c,1384 :: 		
0x0121	0x0877      	MOVF       R7, 0
;__Lib_Math.c,1385 :: 		
0x0122	0x1C03      	BTFSS      STATUS, 0
;__Lib_Math.c,1386 :: 		
0x0123	0x0F77      	INCFSZ     R7, 0
;__Lib_Math.c,1387 :: 		
0x0124	0x02FB      	SUBWF      R11, 1
;__Lib_Math.c,1388 :: 		
0x0125	0x0100      	CLRW
;__Lib_Math.c,1389 :: 		
0x0126	0x1C03      	BTFSS      STATUS, 0
;__Lib_Math.c,1390 :: 		
0x0127	0x3001      	MOVLW      1
;__Lib_Math.c,1391 :: 		
0x0128	0x02A0      	SUBWF      ___math_tempb, 1
;__Lib_Math.c,1392 :: 		
0x0129	0x293B      	GOTO       UOK22LA
;__Lib_Math.c,1394 :: 		
UADD22LA:
;__Lib_Math.c,1395 :: 		
0x012A	0x07F8      	ADDWF      R8, 1
;__Lib_Math.c,1396 :: 		
0x012B	0x0875      	MOVF       R5, 0
;__Lib_Math.c,1397 :: 		
0x012C	0x1803      	BTFSC      STATUS, 0
;__Lib_Math.c,1398 :: 		
0x012D	0x0F75      	INCFSZ     R5, 0
;__Lib_Math.c,1399 :: 		
0x012E	0x07F9      	ADDWF      R9, 1
;__Lib_Math.c,1400 :: 		
0x012F	0x0876      	MOVF       R6, 0
;__Lib_Math.c,1401 :: 		
0x0130	0x1803      	BTFSC      STATUS, 0
;__Lib_Math.c,1402 :: 		
0x0131	0x0F76      	INCFSZ     R6, 0
;__Lib_Math.c,1403 :: 		
0x0132	0x07FA      	ADDWF      R10, 1
;__Lib_Math.c,1404 :: 		
0x0133	0x0877      	MOVF       R7, 0
;__Lib_Math.c,1405 :: 		
0x0134	0x1803      	BTFSC      STATUS, 0
;__Lib_Math.c,1406 :: 		
0x0135	0x0F77      	INCFSZ     R7, 0
;__Lib_Math.c,1407 :: 		
0x0136	0x07FB      	ADDWF      R11, 1
;__Lib_Math.c,1408 :: 		
0x0137	0x0100      	CLRW
;__Lib_Math.c,1409 :: 		
0x0138	0x1803      	BTFSC      STATUS, 0
;__Lib_Math.c,1410 :: 		
0x0139	0x3001      	MOVLW      1
;__Lib_Math.c,1411 :: 		
0x013A	0x07A0      	ADDWF      ___math_tempb, 1
;__Lib_Math.c,1413 :: 		
UOK22LA:
;__Lib_Math.c,1414 :: 		
0x013B	0x0DF3      	RLF        R3, 1
;__Lib_Math.c,1416 :: 		
0x013C	0x0BFC      	DECFSZ     R12, 1
;__Lib_Math.c,1417 :: 		
0x013D	0x290F      	GOTO       LOOPU3232A
;__Lib_Math.c,1419 :: 		
0x013E	0x0D72      	RLF        R2, 0
;__Lib_Math.c,1420 :: 		
0x013F	0x0DF8      	RLF        R8, 1
;__Lib_Math.c,1421 :: 		
0x0140	0x0DF9      	RLF        R9, 1
;__Lib_Math.c,1422 :: 		
0x0141	0x0DFA      	RLF        R10, 1
;__Lib_Math.c,1423 :: 		
0x0142	0x0DFB      	RLF        R11, 1
;__Lib_Math.c,1424 :: 		
0x0143	0x0DA0      	RLF        ___math_tempb, 1
;__Lib_Math.c,1425 :: 		
0x0144	0x0874      	MOVF       R4, 0
;__Lib_Math.c,1426 :: 		
0x0145	0x1C73      	BTFSS      R3, 0
;__Lib_Math.c,1427 :: 		
0x0146	0x2959      	GOTO       UADD22L8
;__Lib_Math.c,1429 :: 		
0x0147	0x02F8      	SUBWF      R8, 1
;__Lib_Math.c,1430 :: 		
0x0148	0x0875      	MOVF       R5, 0
;__Lib_Math.c,1431 :: 		
0x0149	0x1C03      	BTFSS      STATUS, 0
;__Lib_Math.c,1432 :: 		
0x014A	0x0F75      	INCFSZ     R5, 0
;__Lib_Math.c,1433 :: 		
0x014B	0x02F9      	SUBWF      R9, 1
;__Lib_Math.c,1434 :: 		
0x014C	0x0876      	MOVF       R6, 0
;__Lib_Math.c,1435 :: 		
0x014D	0x1C03      	BTFSS      STATUS, 0
;__Lib_Math.c,1436 :: 		
0x014E	0x0F76      	INCFSZ     R6, 0
;__Lib_Math.c,1437 :: 		
0x014F	0x02FA      	SUBWF      R10, 1
;__Lib_Math.c,1438 :: 		
0x0150	0x0877      	MOVF       R7, 0
;__Lib_Math.c,1439 :: 		
0x0151	0x1C03      	BTFSS      STATUS, 0
;__Lib_Math.c,1440 :: 		
0x0152	0x0F77      	INCFSZ     R7, 0
;__Lib_Math.c,1441 :: 		
0x0153	0x02FB      	SUBWF      R11, 1
;__Lib_Math.c,1442 :: 		
0x0154	0x0100      	CLRW
;__Lib_Math.c,1443 :: 		
0x0155	0x1C03      	BTFSS      STATUS, 0
;__Lib_Math.c,1444 :: 		
0x0156	0x3001      	MOVLW      1
;__Lib_Math.c,1445 :: 		
0x0157	0x02A0      	SUBWF      ___math_tempb, 1
;__Lib_Math.c,1446 :: 		
0x0158	0x296A      	GOTO       UOK22L8
;__Lib_Math.c,1448 :: 		
UADD22L8:
;__Lib_Math.c,1449 :: 		
0x0159	0x07F8      	ADDWF      R8, 1
;__Lib_Math.c,1450 :: 		
0x015A	0x0875      	MOVF       R5, 0
;__Lib_Math.c,1451 :: 		
0x015B	0x1803      	BTFSC      STATUS, 0
;__Lib_Math.c,1452 :: 		
0x015C	0x0F75      	INCFSZ     R5, 0
;__Lib_Math.c,1453 :: 		
0x015D	0x07F9      	ADDWF      R9, 1
;__Lib_Math.c,1454 :: 		
0x015E	0x0876      	MOVF       R6, 0
;__Lib_Math.c,1455 :: 		
0x015F	0x1803      	BTFSC      STATUS, 0
;__Lib_Math.c,1456 :: 		
0x0160	0x0F76      	INCFSZ     R6, 0
;__Lib_Math.c,1457 :: 		
0x0161	0x07FA      	ADDWF      R10, 1
;__Lib_Math.c,1458 :: 		
0x0162	0x0877      	MOVF       R7, 0
;__Lib_Math.c,1459 :: 		
0x0163	0x1803      	BTFSC      STATUS, 0
;__Lib_Math.c,1460 :: 		
0x0164	0x0F77      	INCFSZ     R7, 0
;__Lib_Math.c,1461 :: 		
0x0165	0x07FB      	ADDWF      R11, 1
;__Lib_Math.c,1462 :: 		
0x0166	0x0100      	CLRW
;__Lib_Math.c,1463 :: 		
0x0167	0x1803      	BTFSC      STATUS, 0
;__Lib_Math.c,1464 :: 		
0x0168	0x3001      	MOVLW      1
;__Lib_Math.c,1465 :: 		
0x0169	0x07A0      	ADDWF      ___math_tempb, 1
;__Lib_Math.c,1467 :: 		
UOK22L8:
;__Lib_Math.c,1468 :: 		
0x016A	0x0DF2      	RLF        R2, 1
;__Lib_Math.c,1470 :: 		
0x016B	0x3007      	MOVLW      7
;__Lib_Math.c,1471 :: 		
0x016C	0x00FC      	MOVWF      R12
;__Lib_Math.c,1473 :: 		
LOOPU3232B:
;__Lib_Math.c,1474 :: 		
0x016D	0x0D72      	RLF        R2, 0
;__Lib_Math.c,1475 :: 		
0x016E	0x0DF8      	RLF        R8, 1
;__Lib_Math.c,1476 :: 		
0x016F	0x0DF9      	RLF        R9, 1
;__Lib_Math.c,1477 :: 		
0x0170	0x0DFA      	RLF        R10, 1
;__Lib_Math.c,1478 :: 		
0x0171	0x0DFB      	RLF        R11, 1
;__Lib_Math.c,1479 :: 		
0x0172	0x0DA0      	RLF        ___math_tempb, 1
;__Lib_Math.c,1480 :: 		
0x0173	0x0874      	MOVF       R4, 0
;__Lib_Math.c,1481 :: 		
0x0174	0x1C72      	BTFSS      R2, 0
;__Lib_Math.c,1482 :: 		
0x0175	0x2988      	GOTO       UADD22LB
;__Lib_Math.c,1484 :: 		
0x0176	0x02F8      	SUBWF      R8, 1
;__Lib_Math.c,1485 :: 		
0x0177	0x0875      	MOVF       R5, 0
;__Lib_Math.c,1486 :: 		
0x0178	0x1C03      	BTFSS      STATUS, 0
;__Lib_Math.c,1487 :: 		
0x0179	0x0F75      	INCFSZ     R5, 0
;__Lib_Math.c,1488 :: 		
0x017A	0x02F9      	SUBWF      R9, 1
;__Lib_Math.c,1489 :: 		
0x017B	0x0876      	MOVF       R6, 0
;__Lib_Math.c,1490 :: 		
0x017C	0x1C03      	BTFSS      STATUS, 0
;__Lib_Math.c,1491 :: 		
0x017D	0x0F76      	INCFSZ     R6, 0
;__Lib_Math.c,1492 :: 		
0x017E	0x02FA      	SUBWF      R10, 1
;__Lib_Math.c,1493 :: 		
0x017F	0x0877      	MOVF       R7, 0
;__Lib_Math.c,1494 :: 		
0x0180	0x1C03      	BTFSS      STATUS, 0
;__Lib_Math.c,1495 :: 		
0x0181	0x0F77      	INCFSZ     R7, 0
;__Lib_Math.c,1496 :: 		
0x0182	0x02FB      	SUBWF      R11, 1
;__Lib_Math.c,1497 :: 		
0x0183	0x0100      	CLRW
;__Lib_Math.c,1498 :: 		
0x0184	0x1C03      	BTFSS      STATUS, 0
;__Lib_Math.c,1499 :: 		
0x0185	0x3001      	MOVLW      1
;__Lib_Math.c,1500 :: 		
0x0186	0x02A0      	SUBWF      ___math_tempb, 1
;__Lib_Math.c,1501 :: 		
0x0187	0x2999      	GOTO       UOK22LB
;__Lib_Math.c,1503 :: 		
UADD22LB:
;__Lib_Math.c,1504 :: 		
0x0188	0x07F8      	ADDWF      R8, 1
;__Lib_Math.c,1505 :: 		
0x0189	0x0875      	MOVF       R5, 0
;__Lib_Math.c,1506 :: 		
0x018A	0x1803      	BTFSC      STATUS, 0
;__Lib_Math.c,1507 :: 		
0x018B	0x0F75      	INCFSZ     R5, 0
;__Lib_Math.c,1508 :: 		
0x018C	0x07F9      	ADDWF      R9, 1
;__Lib_Math.c,1509 :: 		
0x018D	0x0876      	MOVF       R6, 0
;__Lib_Math.c,1510 :: 		
0x018E	0x1803      	BTFSC      STATUS, 0
;__Lib_Math.c,1511 :: 		
0x018F	0x0F76      	INCFSZ     R6, 0
;__Lib_Math.c,1512 :: 		
0x0190	0x07FA      	ADDWF      R10, 1
;__Lib_Math.c,1513 :: 		
0x0191	0x0877      	MOVF       R7, 0
;__Lib_Math.c,1514 :: 		
0x0192	0x1803      	BTFSC      STATUS, 0
;__Lib_Math.c,1515 :: 		
0x0193	0x0F77      	INCFSZ     R7, 0
;__Lib_Math.c,1516 :: 		
0x0194	0x07FB      	ADDWF      R11, 1
;__Lib_Math.c,1517 :: 		
0x0195	0x0100      	CLRW
;__Lib_Math.c,1518 :: 		
0x0196	0x1803      	BTFSC      STATUS, 0
;__Lib_Math.c,1519 :: 		
0x0197	0x3001      	MOVLW      1
;__Lib_Math.c,1520 :: 		
0x0198	0x07A0      	ADDWF      ___math_tempb, 1
;__Lib_Math.c,1522 :: 		
UOK22LB:
;__Lib_Math.c,1523 :: 		
0x0199	0x0DF2      	RLF        R2, 1
;__Lib_Math.c,1525 :: 		
0x019A	0x0BFC      	DECFSZ     R12, 1
;__Lib_Math.c,1526 :: 		
0x019B	0x296D      	GOTO       LOOPU3232B
;__Lib_Math.c,1528 :: 		
0x019C	0x0D71      	RLF        R1, 0
;__Lib_Math.c,1529 :: 		
0x019D	0x0DF8      	RLF        R8, 1
;__Lib_Math.c,1530 :: 		
0x019E	0x0DF9      	RLF        R9, 1
;__Lib_Math.c,1531 :: 		
0x019F	0x0DFA      	RLF        R10, 1
;__Lib_Math.c,1532 :: 		
0x01A0	0x0DFB      	RLF        R11, 1
;__Lib_Math.c,1533 :: 		
0x01A1	0x0DA0      	RLF        ___math_tempb, 1
;__Lib_Math.c,1534 :: 		
0x01A2	0x0874      	MOVF       R4, 0
;__Lib_Math.c,1535 :: 		
0x01A3	0x1C72      	BTFSS      R2, 0
;__Lib_Math.c,1536 :: 		
0x01A4	0x29B7      	GOTO       UADD22L16
;__Lib_Math.c,1538 :: 		
0x01A5	0x02F8      	SUBWF      R8, 1
;__Lib_Math.c,1539 :: 		
0x01A6	0x0875      	MOVF       R5, 0
;__Lib_Math.c,1540 :: 		
0x01A7	0x1C03      	BTFSS      STATUS, 0
;__Lib_Math.c,1541 :: 		
0x01A8	0x0F75      	INCFSZ     R5, 0
;__Lib_Math.c,1542 :: 		
0x01A9	0x02F9      	SUBWF      R9, 1
;__Lib_Math.c,1543 :: 		
0x01AA	0x0876      	MOVF       R6, 0
;__Lib_Math.c,1544 :: 		
0x01AB	0x1C03      	BTFSS      STATUS, 0
;__Lib_Math.c,1545 :: 		
0x01AC	0x0F76      	INCFSZ     R6, 0
;__Lib_Math.c,1546 :: 		
0x01AD	0x02FA      	SUBWF      R10, 1
;__Lib_Math.c,1547 :: 		
0x01AE	0x0877      	MOVF       R7, 0
;__Lib_Math.c,1548 :: 		
0x01AF	0x1C03      	BTFSS      STATUS, 0
;__Lib_Math.c,1549 :: 		
0x01B0	0x0F77      	INCFSZ     R7, 0
;__Lib_Math.c,1550 :: 		
0x01B1	0x02FB      	SUBWF      R11, 1
;__Lib_Math.c,1551 :: 		
0x01B2	0x0100      	CLRW
;__Lib_Math.c,1552 :: 		
0x01B3	0x1C03      	BTFSS      STATUS, 0
;__Lib_Math.c,1553 :: 		
0x01B4	0x3001      	MOVLW      1
;__Lib_Math.c,1554 :: 		
0x01B5	0x02A0      	SUBWF      ___math_tempb, 1
;__Lib_Math.c,1555 :: 		
0x01B6	0x29C8      	GOTO       UOK22L16
;__Lib_Math.c,1557 :: 		
UADD22L16:
;__Lib_Math.c,1558 :: 		
0x01B7	0x07F8      	ADDWF      R8, 1
;__Lib_Math.c,1559 :: 		
0x01B8	0x0875      	MOVF       R5, 0
;__Lib_Math.c,1560 :: 		
0x01B9	0x1803      	BTFSC      STATUS, 0
;__Lib_Math.c,1561 :: 		
0x01BA	0x0F75      	INCFSZ     R5, 0
;__Lib_Math.c,1562 :: 		
0x01BB	0x07F9      	ADDWF      R9, 1
;__Lib_Math.c,1563 :: 		
0x01BC	0x0876      	MOVF       R6, 0
;__Lib_Math.c,1564 :: 		
0x01BD	0x1803      	BTFSC      STATUS, 0
;__Lib_Math.c,1565 :: 		
0x01BE	0x0F76      	INCFSZ     R6, 0
;__Lib_Math.c,1566 :: 		
0x01BF	0x07FA      	ADDWF      R10, 1
;__Lib_Math.c,1567 :: 		
0x01C0	0x0877      	MOVF       R7, 0
;__Lib_Math.c,1568 :: 		
0x01C1	0x1803      	BTFSC      STATUS, 0
;__Lib_Math.c,1569 :: 		
0x01C2	0x0F77      	INCFSZ     R7, 0
;__Lib_Math.c,1570 :: 		
0x01C3	0x07FB      	ADDWF      R11, 1
;__Lib_Math.c,1571 :: 		
0x01C4	0x0100      	CLRW
;__Lib_Math.c,1572 :: 		
0x01C5	0x1803      	BTFSC      STATUS, 0
;__Lib_Math.c,1573 :: 		
0x01C6	0x3001      	MOVLW      1
;__Lib_Math.c,1574 :: 		
0x01C7	0x07A0      	ADDWF      ___math_tempb, 1
;__Lib_Math.c,1576 :: 		
UOK22L16:
;__Lib_Math.c,1577 :: 		
0x01C8	0x0DF1      	RLF        R1, 1
;__Lib_Math.c,1579 :: 		
0x01C9	0x3007      	MOVLW      7
;__Lib_Math.c,1580 :: 		
0x01CA	0x00FC      	MOVWF      R12
;__Lib_Math.c,1582 :: 		
LOOPU3232C:
;__Lib_Math.c,1583 :: 		
0x01CB	0x0D71      	RLF        R1, 0
;__Lib_Math.c,1584 :: 		
0x01CC	0x0DF8      	RLF        R8, 1
;__Lib_Math.c,1585 :: 		
0x01CD	0x0DF9      	RLF        R9, 1
;__Lib_Math.c,1586 :: 		
0x01CE	0x0DFA      	RLF        R10, 1
;__Lib_Math.c,1587 :: 		
0x01CF	0x0DFB      	RLF        R11, 1
;__Lib_Math.c,1588 :: 		
0x01D0	0x0DA0      	RLF        ___math_tempb, 1
;__Lib_Math.c,1589 :: 		
0x01D1	0x0874      	MOVF       R4, 0
;__Lib_Math.c,1590 :: 		
0x01D2	0x1C71      	BTFSS      R1, 0
;__Lib_Math.c,1591 :: 		
0x01D3	0x29E6      	GOTO       UADD22LC
;__Lib_Math.c,1593 :: 		
0x01D4	0x02F8      	SUBWF      R8, 1
;__Lib_Math.c,1594 :: 		
0x01D5	0x0875      	MOVF       R5, 0
;__Lib_Math.c,1595 :: 		
0x01D6	0x1C03      	BTFSS      STATUS, 0
;__Lib_Math.c,1596 :: 		
0x01D7	0x0F75      	INCFSZ     R5, 0
;__Lib_Math.c,1597 :: 		
0x01D8	0x02F9      	SUBWF      R9, 1
;__Lib_Math.c,1598 :: 		
0x01D9	0x0876      	MOVF       R6, 0
;__Lib_Math.c,1599 :: 		
0x01DA	0x1C03      	BTFSS      STATUS, 0
;__Lib_Math.c,1600 :: 		
0x01DB	0x0F76      	INCFSZ     R6, 0
;__Lib_Math.c,1601 :: 		
0x01DC	0x02FA      	SUBWF      R10, 1
;__Lib_Math.c,1602 :: 		
0x01DD	0x0877      	MOVF       R7, 0
;__Lib_Math.c,1603 :: 		
0x01DE	0x1C03      	BTFSS      STATUS, 0
;__Lib_Math.c,1604 :: 		
0x01DF	0x0F77      	INCFSZ     R7, 0
;__Lib_Math.c,1605 :: 		
0x01E0	0x02FB      	SUBWF      R11, 1
;__Lib_Math.c,1606 :: 		
0x01E1	0x0100      	CLRW
;__Lib_Math.c,1607 :: 		
0x01E2	0x1C03      	BTFSS      STATUS, 0
;__Lib_Math.c,1608 :: 		
0x01E3	0x3001      	MOVLW      1
;__Lib_Math.c,1609 :: 		
0x01E4	0x02A0      	SUBWF      ___math_tempb, 1
;__Lib_Math.c,1610 :: 		
0x01E5	0x29F7      	GOTO       UOK22LC
;__Lib_Math.c,1612 :: 		
UADD22LC:
;__Lib_Math.c,1613 :: 		
0x01E6	0x07F8      	ADDWF      R8, 1
;__Lib_Math.c,1614 :: 		
0x01E7	0x0875      	MOVF       R5, 0
;__Lib_Math.c,1615 :: 		
0x01E8	0x1803      	BTFSC      STATUS, 0
;__Lib_Math.c,1616 :: 		
0x01E9	0x0F75      	INCFSZ     R5, 0
;__Lib_Math.c,1617 :: 		
0x01EA	0x07F9      	ADDWF      R9, 1
;__Lib_Math.c,1618 :: 		
0x01EB	0x0876      	MOVF       R6, 0
;__Lib_Math.c,1619 :: 		
0x01EC	0x1803      	BTFSC      STATUS, 0
;__Lib_Math.c,1620 :: 		
0x01ED	0x0F76      	INCFSZ     R6, 0
;__Lib_Math.c,1621 :: 		
0x01EE	0x07FA      	ADDWF      R10, 1
;__Lib_Math.c,1622 :: 		
0x01EF	0x0877      	MOVF       R7, 0
;__Lib_Math.c,1623 :: 		
0x01F0	0x1803      	BTFSC      STATUS, 0
;__Lib_Math.c,1624 :: 		
0x01F1	0x0F77      	INCFSZ     R7, 0
;__Lib_Math.c,1625 :: 		
0x01F2	0x07FB      	ADDWF      R11, 1
;__Lib_Math.c,1626 :: 		
0x01F3	0x0100      	CLRW
;__Lib_Math.c,1627 :: 		
0x01F4	0x1803      	BTFSC      STATUS, 0
;__Lib_Math.c,1628 :: 		
0x01F5	0x3001      	MOVLW      1
;__Lib_Math.c,1629 :: 		
0x01F6	0x07A0      	ADDWF      ___math_tempb, 1
;__Lib_Math.c,1631 :: 		
UOK22LC:
;__Lib_Math.c,1632 :: 		
0x01F7	0x0DF1      	RLF        R1, 1
;__Lib_Math.c,1634 :: 		
0x01F8	0x0BFC      	DECFSZ     R12, 1
;__Lib_Math.c,1635 :: 		
0x01F9	0x29CB      	GOTO       LOOPU3232C
;__Lib_Math.c,1637 :: 		
0x01FA	0x0D70      	RLF        R0, 0
;__Lib_Math.c,1638 :: 		
0x01FB	0x0DF8      	RLF        R8, 1
;__Lib_Math.c,1639 :: 		
0x01FC	0x0DF9      	RLF        R9, 1
;__Lib_Math.c,1640 :: 		
0x01FD	0x0DFA      	RLF        R10, 1
;__Lib_Math.c,1641 :: 		
0x01FE	0x0DFB      	RLF        R11, 1
;__Lib_Math.c,1642 :: 		
0x01FF	0x0DA0      	RLF        ___math_tempb, 1
;__Lib_Math.c,1643 :: 		
0x0200	0x0874      	MOVF       R4, 0
;__Lib_Math.c,1644 :: 		
0x0201	0x1C71      	BTFSS      R1, 0
;__Lib_Math.c,1645 :: 		
0x0202	0x2A15      	GOTO       UADD22L24
;__Lib_Math.c,1647 :: 		
0x0203	0x02F8      	SUBWF      R8, 1
;__Lib_Math.c,1648 :: 		
0x0204	0x0875      	MOVF       R5, 0
;__Lib_Math.c,1649 :: 		
0x0205	0x1C03      	BTFSS      STATUS, 0
;__Lib_Math.c,1650 :: 		
0x0206	0x0F75      	INCFSZ     R5, 0
;__Lib_Math.c,1651 :: 		
0x0207	0x02F9      	SUBWF      R9, 1
;__Lib_Math.c,1652 :: 		
0x0208	0x0876      	MOVF       R6, 0
;__Lib_Math.c,1653 :: 		
0x0209	0x1C03      	BTFSS      STATUS, 0
;__Lib_Math.c,1654 :: 		
0x020A	0x0F76      	INCFSZ     R6, 0
;__Lib_Math.c,1655 :: 		
0x020B	0x02FA      	SUBWF      R10, 1
;__Lib_Math.c,1656 :: 		
0x020C	0x0877      	MOVF       R7, 0
;__Lib_Math.c,1657 :: 		
0x020D	0x1C03      	BTFSS      STATUS, 0
;__Lib_Math.c,1658 :: 		
0x020E	0x0F77      	INCFSZ     R7, 0
;__Lib_Math.c,1659 :: 		
0x020F	0x02FB      	SUBWF      R11, 1
;__Lib_Math.c,1660 :: 		
0x0210	0x0100      	CLRW
;__Lib_Math.c,1661 :: 		
0x0211	0x1C03      	BTFSS      STATUS, 0
;__Lib_Math.c,1662 :: 		
0x0212	0x3001      	MOVLW      1
;__Lib_Math.c,1663 :: 		
0x0213	0x02A0      	SUBWF      ___math_tempb, 1
;__Lib_Math.c,1664 :: 		
0x0214	0x2A26      	GOTO       UOK22L24
;__Lib_Math.c,1666 :: 		
UADD22L24:
;__Lib_Math.c,1667 :: 		
0x0215	0x07F8      	ADDWF      R8, 1
;__Lib_Math.c,1668 :: 		
0x0216	0x0875      	MOVF       R5, 0
;__Lib_Math.c,1669 :: 		
0x0217	0x1803      	BTFSC      STATUS, 0
;__Lib_Math.c,1670 :: 		
0x0218	0x0F75      	INCFSZ     R5, 0
;__Lib_Math.c,1671 :: 		
0x0219	0x07F9      	ADDWF      R9, 1
;__Lib_Math.c,1672 :: 		
0x021A	0x0876      	MOVF       R6, 0
;__Lib_Math.c,1673 :: 		
0x021B	0x1803      	BTFSC      STATUS, 0
;__Lib_Math.c,1674 :: 		
0x021C	0x0F76      	INCFSZ     R6, 0
;__Lib_Math.c,1675 :: 		
0x021D	0x07FA      	ADDWF      R10, 1
;__Lib_Math.c,1676 :: 		
0x021E	0x0877      	MOVF       R7, 0
;__Lib_Math.c,1677 :: 		
0x021F	0x1803      	BTFSC      STATUS, 0
;__Lib_Math.c,1678 :: 		
0x0220	0x0F77      	INCFSZ     R7, 0
;__Lib_Math.c,1679 :: 		
0x0221	0x07FB      	ADDWF      R11, 1
;__Lib_Math.c,1680 :: 		
0x0222	0x0100      	CLRW
;__Lib_Math.c,1681 :: 		
0x0223	0x1803      	BTFSC      STATUS, 0
;__Lib_Math.c,1682 :: 		
0x0224	0x3001      	MOVLW      1
;__Lib_Math.c,1683 :: 		
0x0225	0x07A0      	ADDWF      ___math_tempb, 1
;__Lib_Math.c,1685 :: 		
UOK22L24:
;__Lib_Math.c,1686 :: 		
0x0226	0x0DF0      	RLF        R0, 1
;__Lib_Math.c,1688 :: 		
0x0227	0x3007      	MOVLW      7
;__Lib_Math.c,1689 :: 		
0x0228	0x00FC      	MOVWF      R12
;__Lib_Math.c,1691 :: 		
LOOPU3232D:
;__Lib_Math.c,1692 :: 		
0x0229	0x0D70      	RLF        R0, 0
;__Lib_Math.c,1693 :: 		
0x022A	0x0DF8      	RLF        R8, 1
;__Lib_Math.c,1694 :: 		
0x022B	0x0DF9      	RLF        R9, 1
;__Lib_Math.c,1695 :: 		
0x022C	0x0DFA      	RLF        R10, 1
;__Lib_Math.c,1696 :: 		
0x022D	0x0DFB      	RLF        R11, 1
;__Lib_Math.c,1697 :: 		
0x022E	0x0DA0      	RLF        ___math_tempb, 1
;__Lib_Math.c,1698 :: 		
0x022F	0x0874      	MOVF       R4, 0
;__Lib_Math.c,1699 :: 		
0x0230	0x1C70      	BTFSS      R0, 0
;__Lib_Math.c,1700 :: 		
0x0231	0x2A44      	GOTO       UADD22LD
;__Lib_Math.c,1702 :: 		
0x0232	0x02F8      	SUBWF      R8, 1
;__Lib_Math.c,1703 :: 		
0x0233	0x0875      	MOVF       R5, 0
;__Lib_Math.c,1704 :: 		
0x0234	0x1C03      	BTFSS      STATUS, 0
;__Lib_Math.c,1705 :: 		
0x0235	0x0F75      	INCFSZ     R5, 0
;__Lib_Math.c,1706 :: 		
0x0236	0x02F9      	SUBWF      R9, 1
;__Lib_Math.c,1707 :: 		
0x0237	0x0876      	MOVF       R6, 0
;__Lib_Math.c,1708 :: 		
0x0238	0x1C03      	BTFSS      STATUS, 0
;__Lib_Math.c,1709 :: 		
0x0239	0x0F76      	INCFSZ     R6, 0
;__Lib_Math.c,1710 :: 		
0x023A	0x02FA      	SUBWF      R10, 1
;__Lib_Math.c,1711 :: 		
0x023B	0x0877      	MOVF       R7, 0
;__Lib_Math.c,1712 :: 		
0x023C	0x1C03      	BTFSS      STATUS, 0
;__Lib_Math.c,1713 :: 		
0x023D	0x0F77      	INCFSZ     R7, 0
;__Lib_Math.c,1714 :: 		
0x023E	0x02FB      	SUBWF      R11, 1
;__Lib_Math.c,1715 :: 		
0x023F	0x0100      	CLRW
;__Lib_Math.c,1716 :: 		
0x0240	0x1C03      	BTFSS      STATUS, 0
;__Lib_Math.c,1717 :: 		
0x0241	0x3001      	MOVLW      1
;__Lib_Math.c,1718 :: 		
0x0242	0x02A0      	SUBWF      ___math_tempb, 1
;__Lib_Math.c,1719 :: 		
0x0243	0x2A55      	GOTO       UOK22LD
;__Lib_Math.c,1721 :: 		
UADD22LD:
;__Lib_Math.c,1722 :: 		
0x0244	0x07F8      	ADDWF      R8, 1
;__Lib_Math.c,1723 :: 		
0x0245	0x0875      	MOVF       R5, 0
;__Lib_Math.c,1724 :: 		
0x0246	0x1803      	BTFSC      STATUS, 0
;__Lib_Math.c,1725 :: 		
0x0247	0x0F75      	INCFSZ     R5, 0
;__Lib_Math.c,1726 :: 		
0x0248	0x07F9      	ADDWF      R9, 1
;__Lib_Math.c,1727 :: 		
0x0249	0x0876      	MOVF       R6, 0
;__Lib_Math.c,1728 :: 		
0x024A	0x1803      	BTFSC      STATUS, 0
;__Lib_Math.c,1729 :: 		
0x024B	0x0F76      	INCFSZ     R6, 0
;__Lib_Math.c,1730 :: 		
0x024C	0x07FA      	ADDWF      R10, 1
;__Lib_Math.c,1731 :: 		
0x024D	0x0877      	MOVF       R7, 0
;__Lib_Math.c,1732 :: 		
0x024E	0x1803      	BTFSC      STATUS, 0
;__Lib_Math.c,1733 :: 		
0x024F	0x0F77      	INCFSZ     R7, 0
;__Lib_Math.c,1734 :: 		
0x0250	0x07FB      	ADDWF      R11, 1
;__Lib_Math.c,1735 :: 		
0x0251	0x0100      	CLRW
;__Lib_Math.c,1736 :: 		
0x0252	0x1803      	BTFSC      STATUS, 0
;__Lib_Math.c,1737 :: 		
0x0253	0x3001      	MOVLW      1
;__Lib_Math.c,1738 :: 		
0x0254	0x07A0      	ADDWF      ___math_tempb, 1
;__Lib_Math.c,1740 :: 		
UOK22LD:
;__Lib_Math.c,1741 :: 		
0x0255	0x0DF0      	RLF        R0, 1
;__Lib_Math.c,1743 :: 		
0x0256	0x0BFC      	DECFSZ     R12, 1
;__Lib_Math.c,1744 :: 		
0x0257	0x2A29      	GOTO       LOOPU3232D
;__Lib_Math.c,1746 :: 		
0x0258	0x1870      	BTFSC      R0, 0
;__Lib_Math.c,1747 :: 		
0x0259	0x2A68      	GOTO       UOK22L
;__Lib_Math.c,1748 :: 		
0x025A	0x0874      	MOVF       R4, 0
;__Lib_Math.c,1749 :: 		
0x025B	0x07F8      	ADDWF      R8, 1
;__Lib_Math.c,1750 :: 		
0x025C	0x0875      	MOVF       R5, 0
;__Lib_Math.c,1751 :: 		
0x025D	0x1803      	BTFSC      STATUS, 0
;__Lib_Math.c,1752 :: 		
0x025E	0x0F75      	INCFSZ     R5, 0
;__Lib_Math.c,1753 :: 		
0x025F	0x07F9      	ADDWF      R9, 1
;__Lib_Math.c,1754 :: 		
0x0260	0x0876      	MOVF       R6, 0
;__Lib_Math.c,1755 :: 		
0x0261	0x1803      	BTFSC      STATUS, 0
;__Lib_Math.c,1756 :: 		
0x0262	0x0F76      	INCFSZ     R6, 0
;__Lib_Math.c,1757 :: 		
0x0263	0x07FA      	ADDWF      R10, 1
;__Lib_Math.c,1758 :: 		
0x0264	0x0877      	MOVF       R7, 0
;__Lib_Math.c,1759 :: 		
0x0265	0x1803      	BTFSC      STATUS, 0
;__Lib_Math.c,1760 :: 		
0x0266	0x0F77      	INCFSZ     R7, 0
;__Lib_Math.c,1761 :: 		
0x0267	0x07FB      	ADDWF      R11, 1
;__Lib_Math.c,1763 :: 		
UOK22L:
;__Lib_Math.c,1766 :: 		
L_end_Div_32x32_U:
0x0268	0x0008      	RETURN
; end of _Div_32x32_U
_Lampeggia_Cifra:
;heltec.c,40 :: 		void Lampeggia_Cifra(unsigned short c) {
;heltec.c,42 :: 		if (c == 0) {
0x0269	0x1283      	BCF        STATUS, 5
0x026A	0x084A      	MOVF       FARG_Lampeggia_Cifra_c, 0
0x026B	0x3A00      	XORLW      0
0x026C	0x1D03      	BTFSS      STATUS, 2
0x026D	0x2A7A      	GOTO       L_Lampeggia_Cifra7
;heltec.c,44 :: 		GPIO.F5 = 1;
0x026E	0x1685      	BSF        GPIO, 5
;heltec.c,45 :: 		Delay_ms(50);
0x026F	0x3041      	MOVLW      65
0x0270	0x00FC      	MOVWF      R12
0x0271	0x30EE      	MOVLW      238
0x0272	0x00FD      	MOVWF      R13
L_Lampeggia_Cifra8:
0x0273	0x0BFD      	DECFSZ     R13, 1
0x0274	0x2A73      	GOTO       L_Lampeggia_Cifra8
0x0275	0x0BFC      	DECFSZ     R12, 1
0x0276	0x2A73      	GOTO       L_Lampeggia_Cifra8
0x0277	0x0000      	NOP
;heltec.c,46 :: 		GPIO.F5 = 0;
0x0278	0x1285      	BCF        GPIO, 5
;heltec.c,47 :: 		} else {
0x0279	0x2AA1      	GOTO       L_Lampeggia_Cifra9
L_Lampeggia_Cifra7:
;heltec.c,48 :: 		for (l = 1; l <= c; l++) {
0x027A	0x3001      	MOVLW      1
0x027B	0x00CB      	MOVWF      Lampeggia_Cifra_l_L0
L_Lampeggia_Cifra10:
0x027C	0x084B      	MOVF       Lampeggia_Cifra_l_L0, 0
0x027D	0x024A      	SUBWF      FARG_Lampeggia_Cifra_c, 0
0x027E	0x1C03      	BTFSS      STATUS, 0
0x027F	0x2AA1      	GOTO       L_Lampeggia_Cifra11
;heltec.c,49 :: 		GPIO.F5 = 1;
0x0280	0x1685      	BSF        GPIO, 5
;heltec.c,50 :: 		Delay_ms(250);
0x0281	0x3002      	MOVLW      2
0x0282	0x00FB      	MOVWF      R11
0x0283	0x3045      	MOVLW      69
0x0284	0x00FC      	MOVWF      R12
0x0285	0x30A9      	MOVLW      169
0x0286	0x00FD      	MOVWF      R13
L_Lampeggia_Cifra13:
0x0287	0x0BFD      	DECFSZ     R13, 1
0x0288	0x2A87      	GOTO       L_Lampeggia_Cifra13
0x0289	0x0BFC      	DECFSZ     R12, 1
0x028A	0x2A87      	GOTO       L_Lampeggia_Cifra13
0x028B	0x0BFB      	DECFSZ     R11, 1
0x028C	0x2A87      	GOTO       L_Lampeggia_Cifra13
0x028D	0x0000      	NOP
0x028E	0x0000      	NOP
;heltec.c,51 :: 		GPIO.F5 = 0;
0x028F	0x1285      	BCF        GPIO, 5
;heltec.c,52 :: 		Delay_ms(250);
0x0290	0x3002      	MOVLW      2
0x0291	0x00FB      	MOVWF      R11
0x0292	0x3045      	MOVLW      69
0x0293	0x00FC      	MOVWF      R12
0x0294	0x30A9      	MOVLW      169
0x0295	0x00FD      	MOVWF      R13
L_Lampeggia_Cifra14:
0x0296	0x0BFD      	DECFSZ     R13, 1
0x0297	0x2A96      	GOTO       L_Lampeggia_Cifra14
0x0298	0x0BFC      	DECFSZ     R12, 1
0x0299	0x2A96      	GOTO       L_Lampeggia_Cifra14
0x029A	0x0BFB      	DECFSZ     R11, 1
0x029B	0x2A96      	GOTO       L_Lampeggia_Cifra14
0x029C	0x0000      	NOP
0x029D	0x0000      	NOP
;heltec.c,53 :: 		asm clrwdt;
0x029E	0x0064      	CLRWDT
;heltec.c,48 :: 		for (l = 1; l <= c; l++) {
0x029F	0x0ACB      	INCF       Lampeggia_Cifra_l_L0, 1
;heltec.c,54 :: 		}
0x02A0	0x2A7C      	GOTO       L_Lampeggia_Cifra10
L_Lampeggia_Cifra11:
;heltec.c,55 :: 		}
L_Lampeggia_Cifra9:
;heltec.c,56 :: 		Delay_Safe_ms(1000);
0x02A1	0x30E8      	MOVLW      232
0x02A2	0x00CE      	MOVWF      FARG_Delay_Safe_ms_n
0x02A3	0x3003      	MOVLW      3
0x02A4	0x00CF      	MOVWF      FARG_Delay_Safe_ms_n+1
0x02A5	0x2030      	CALL       _Delay_Safe_ms
;heltec.c,57 :: 		}
L_end_Lampeggia_Cifra:
0x02A6	0x0008      	RETURN
; end of _Lampeggia_Cifra
_Salva_EEPROM:
;heltec.c,70 :: 		void Salva_EEPROM() {
;heltec.c,72 :: 		EEPROM_Write(0, (unsigned short)(valore_adc >> 8));   // Byte alto
0x02A7	0x1283      	BCF        STATUS, 5
0x02A8	0x01CC      	CLRF       FARG_EEPROM_Write_Address
0x02A9	0x0832      	MOVF       _valore_adc+1, 0
0x02AA	0x00F0      	MOVWF      R0
0x02AB	0x01F1      	CLRF       R0+1
0x02AC	0x0870      	MOVF       R0, 0
0x02AD	0x00CD      	MOVWF      FARG_EEPROM_Write_data_
0x02AE	0x20D3      	CALL       _EEPROM_Write
;heltec.c,73 :: 		Delay_Safe_ms(20);
0x02AF	0x3014      	MOVLW      20
0x02B0	0x1283      	BCF        STATUS, 5
0x02B1	0x00CE      	MOVWF      FARG_Delay_Safe_ms_n
0x02B2	0x3000      	MOVLW      0
0x02B3	0x00CF      	MOVWF      FARG_Delay_Safe_ms_n+1
0x02B4	0x2030      	CALL       _Delay_Safe_ms
;heltec.c,74 :: 		EEPROM_Write(1, (unsigned short)(valore_adc));        // Byte basso
0x02B5	0x3001      	MOVLW      1
0x02B6	0x00CC      	MOVWF      FARG_EEPROM_Write_Address
0x02B7	0x0831      	MOVF       _valore_adc, 0
0x02B8	0x00CD      	MOVWF      FARG_EEPROM_Write_data_
0x02B9	0x20D3      	CALL       _EEPROM_Write
;heltec.c,75 :: 		Delay_Safe_ms(20);
0x02BA	0x3014      	MOVLW      20
0x02BB	0x1283      	BCF        STATUS, 5
0x02BC	0x00CE      	MOVWF      FARG_Delay_Safe_ms_n
0x02BD	0x3000      	MOVLW      0
0x02BE	0x00CF      	MOVWF      FARG_Delay_Safe_ms_n+1
0x02BF	0x2030      	CALL       _Delay_Safe_ms
;heltec.c,78 :: 		EEPROM_Write(3, (unsigned short)(batteria_mv >> 24)); // Byte 3 (Highest)
0x02C0	0x3003      	MOVLW      3
0x02C1	0x00CC      	MOVWF      FARG_EEPROM_Write_Address
0x02C2	0x0830      	MOVF       _batteria_mv+3, 0
0x02C3	0x00F0      	MOVWF      R0
0x02C4	0x01F1      	CLRF       R0+1
0x02C5	0x01F2      	CLRF       R0+2
0x02C6	0x01F3      	CLRF       R0+3
0x02C7	0x0870      	MOVF       R0, 0
0x02C8	0x00CD      	MOVWF      FARG_EEPROM_Write_data_
0x02C9	0x20D3      	CALL       _EEPROM_Write
;heltec.c,79 :: 		Delay_Safe_ms(20);
0x02CA	0x3014      	MOVLW      20
0x02CB	0x1283      	BCF        STATUS, 5
0x02CC	0x00CE      	MOVWF      FARG_Delay_Safe_ms_n
0x02CD	0x3000      	MOVLW      0
0x02CE	0x00CF      	MOVWF      FARG_Delay_Safe_ms_n+1
0x02CF	0x2030      	CALL       _Delay_Safe_ms
;heltec.c,80 :: 		EEPROM_Write(4, (unsigned short)(batteria_mv >> 16)); // Byte 2 (Higher)
0x02D0	0x3004      	MOVLW      4
0x02D1	0x00CC      	MOVWF      FARG_EEPROM_Write_Address
0x02D2	0x082F      	MOVF       _batteria_mv+2, 0
0x02D3	0x00F0      	MOVWF      R0
0x02D4	0x0830      	MOVF       _batteria_mv+3, 0
0x02D5	0x00F1      	MOVWF      R0+1
0x02D6	0x01F2      	CLRF       R0+2
0x02D7	0x01F3      	CLRF       R0+3
0x02D8	0x0870      	MOVF       R0, 0
0x02D9	0x00CD      	MOVWF      FARG_EEPROM_Write_data_
0x02DA	0x20D3      	CALL       _EEPROM_Write
;heltec.c,81 :: 		Delay_Safe_ms(20);
0x02DB	0x3014      	MOVLW      20
0x02DC	0x1283      	BCF        STATUS, 5
0x02DD	0x00CE      	MOVWF      FARG_Delay_Safe_ms_n
0x02DE	0x3000      	MOVLW      0
0x02DF	0x00CF      	MOVWF      FARG_Delay_Safe_ms_n+1
0x02E0	0x2030      	CALL       _Delay_Safe_ms
;heltec.c,82 :: 		EEPROM_Write(5, (unsigned short)(batteria_mv >> 8));  // Byte 1 (Hi)
0x02E1	0x3005      	MOVLW      5
0x02E2	0x00CC      	MOVWF      FARG_EEPROM_Write_Address
0x02E3	0x082E      	MOVF       _batteria_mv+1, 0
0x02E4	0x00F0      	MOVWF      R0
0x02E5	0x082F      	MOVF       _batteria_mv+2, 0
0x02E6	0x00F1      	MOVWF      R0+1
0x02E7	0x0830      	MOVF       _batteria_mv+3, 0
0x02E8	0x00F2      	MOVWF      R0+2
0x02E9	0x01F3      	CLRF       R0+3
0x02EA	0x0870      	MOVF       R0, 0
0x02EB	0x00CD      	MOVWF      FARG_EEPROM_Write_data_
0x02EC	0x20D3      	CALL       _EEPROM_Write
;heltec.c,83 :: 		Delay_Safe_ms(20);
0x02ED	0x3014      	MOVLW      20
0x02EE	0x1283      	BCF        STATUS, 5
0x02EF	0x00CE      	MOVWF      FARG_Delay_Safe_ms_n
0x02F0	0x3000      	MOVLW      0
0x02F1	0x00CF      	MOVWF      FARG_Delay_Safe_ms_n+1
0x02F2	0x2030      	CALL       _Delay_Safe_ms
;heltec.c,84 :: 		EEPROM_Write(6, (unsigned short)(batteria_mv));       // Byte 0 (Lo)
0x02F3	0x3006      	MOVLW      6
0x02F4	0x00CC      	MOVWF      FARG_EEPROM_Write_Address
0x02F5	0x082D      	MOVF       _batteria_mv, 0
0x02F6	0x00CD      	MOVWF      FARG_EEPROM_Write_data_
0x02F7	0x20D3      	CALL       _EEPROM_Write
;heltec.c,85 :: 		Delay_Safe_ms(20);
0x02F8	0x3014      	MOVLW      20
0x02F9	0x1283      	BCF        STATUS, 5
0x02FA	0x00CE      	MOVWF      FARG_Delay_Safe_ms_n
0x02FB	0x3000      	MOVLW      0
0x02FC	0x00CF      	MOVWF      FARG_Delay_Safe_ms_n+1
0x02FD	0x2030      	CALL       _Delay_Safe_ms
;heltec.c,86 :: 		}
L_end_Salva_EEPROM:
0x02FE	0x0008      	RETURN
; end of _Salva_EEPROM
_Init_Hardware:
;heltec.c,89 :: 		void Init_Hardware() {
;heltec.c,90 :: 		OSCCON = 0b01100111;    // 4MHz
0x02FF	0x3067      	MOVLW      103
0x0300	0x1683      	BSF        STATUS, 5
0x0301	0x008F      	MOVWF      OSCCON
;heltec.c,91 :: 		CMCON0 = 7;             // No comparatori
0x0302	0x3007      	MOVLW      7
0x0303	0x1283      	BCF        STATUS, 5
0x0304	0x0099      	MOVWF      CMCON0
;heltec.c,92 :: 		ANSEL  = 0b00010010;    // GP1 Analogico
0x0305	0x3012      	MOVLW      18
0x0306	0x1683      	BSF        STATUS, 5
0x0307	0x009F      	MOVWF      ANSEL
;heltec.c,93 :: 		TRISIO = 0b00001011;    // GP0, GP1, GP3 Input
0x0308	0x300B      	MOVLW      11
0x0309	0x0085      	MOVWF      TRISIO
;heltec.c,95 :: 		OPTION_REG = 0b00001111; // WDT ~2.3s
0x030A	0x300F      	MOVLW      15
0x030B	0x0081      	MOVWF      OPTION_REG
;heltec.c,96 :: 		WPU = 0b00000001;        // Pull-up GP0
0x030C	0x3001      	MOVLW      1
0x030D	0x0095      	MOVWF      WPU
;heltec.c,97 :: 		INTCON.GPIE = 1;
0x030E	0x158B      	BSF        INTCON, 3
;heltec.c,98 :: 		IOC.B0 = 1;
0x030F	0x1416      	BSF        IOC, 0
;heltec.c,101 :: 		soglia_off   = 3330;
0x0310	0x3002      	MOVLW      2
0x0311	0x1283      	BCF        STATUS, 5
0x0312	0x00C1      	MOVWF      _soglia_off
0x0313	0x300D      	MOVLW      13
0x0314	0x00C2      	MOVWF      _soglia_off+1
0x0315	0x01C3      	CLRF       _soglia_off+2
0x0316	0x01C4      	CLRF       _soglia_off+3
;heltec.c,102 :: 		soglia_on    = 3700;
0x0317	0x3074      	MOVLW      116
0x0318	0x00A5      	MOVWF      _soglia_on
0x0319	0x300E      	MOVLW      14
0x031A	0x00A6      	MOVWF      _soglia_on+1
0x031B	0x01A7      	CLRF       _soglia_on+2
0x031C	0x01A8      	CLRF       _soglia_on+3
;heltec.c,103 :: 		taratura_vcc = 5030;
0x031D	0x30A6      	MOVLW      166
0x031E	0x00B8      	MOVWF      _taratura_vcc
0x031F	0x3013      	MOVLW      19
0x0320	0x00B9      	MOVWF      _taratura_vcc+1
0x0321	0x01BA      	CLRF       _taratura_vcc+2
0x0322	0x01BB      	CLRF       _taratura_vcc+3
;heltec.c,104 :: 		giorni_riavvio = 3;
0x0323	0x3003      	MOVLW      3
0x0324	0x00B7      	MOVWF      _giorni_riavvio
;heltec.c,106 :: 		conteggio_cicli = 0;
0x0325	0x01BD      	CLRF       _conteggio_cicli
0x0326	0x01BE      	CLRF       _conteggio_cicli+1
0x0327	0x01BF      	CLRF       _conteggio_cicli+2
0x0328	0x01C0      	CLRF       _conteggio_cicli+3
;heltec.c,107 :: 		cicli_per_giorno = 2880;
0x0329	0x3040      	MOVLW      64
0x032A	0x00B3      	MOVWF      _cicli_per_giorno
0x032B	0x300B      	MOVLW      11
0x032C	0x00B4      	MOVWF      _cicli_per_giorno+1
0x032D	0x01B5      	CLRF       _cicli_per_giorno+2
0x032E	0x01B6      	CLRF       _cicli_per_giorno+3
;heltec.c,109 :: 		GPIO.F2 = 1; // MOSFET OFF
0x032F	0x1505      	BSF        GPIO, 2
;heltec.c,110 :: 		Leggi_Batteria_mV();
0x0330	0x209C      	CALL       _Leggi_Batteria_mV
;heltec.c,111 :: 		if (batteria_mv > soglia_off) {
0x0331	0x0830      	MOVF       _batteria_mv+3, 0
0x0332	0x0244      	SUBWF      _soglia_off+3, 0
0x0333	0x1D03      	BTFSS      STATUS, 2
0x0334	0x2B3F      	GOTO       L__Init_Hardware77
0x0335	0x082F      	MOVF       _batteria_mv+2, 0
0x0336	0x0243      	SUBWF      _soglia_off+2, 0
0x0337	0x1D03      	BTFSS      STATUS, 2
0x0338	0x2B3F      	GOTO       L__Init_Hardware77
0x0339	0x082E      	MOVF       _batteria_mv+1, 0
0x033A	0x0242      	SUBWF      _soglia_off+1, 0
0x033B	0x1D03      	BTFSS      STATUS, 2
0x033C	0x2B3F      	GOTO       L__Init_Hardware77
0x033D	0x082D      	MOVF       _batteria_mv, 0
0x033E	0x0241      	SUBWF      _soglia_off, 0
L__Init_Hardware77:
0x033F	0x1803      	BTFSC      STATUS, 0
0x0340	0x2B42      	GOTO       L_Init_Hardware15
;heltec.c,112 :: 		GPIO.F2 = 0; // MOSFET ON
0x0341	0x1105      	BCF        GPIO, 2
;heltec.c,113 :: 		}
L_Init_Hardware15:
;heltec.c,115 :: 		in_manutenzione = 0;
0x0342	0x103C      	BCF        _in_manutenzione, BitPos(_in_manutenzione+0)
;heltec.c,116 :: 		asm clrwdt;
0x0343	0x0064      	CLRWDT
;heltec.c,117 :: 		Segnale_Triplo();
0x0344	0x2082      	CALL       _Segnale_Triplo
;heltec.c,118 :: 		}
L_end_Init_Hardware:
0x0345	0x0008      	RETURN
; end of _Init_Hardware
___CC2DW:
;__Lib_System.c,134 :: 		
;__Lib_System.c,137 :: 		
_CC2D_Loop1:
;__Lib_System.c,139 :: 		
0x0346	0x2096      	CALL       _____DoICP
0x0347	0x118A      	BCF        PCLATH, 3
0x0348	0x120A      	BCF        PCLATH, 4
;__Lib_System.c,141 :: 		
0x0349	0x0080      	MOVWF      INDF
;__Lib_System.c,142 :: 		
0x034A	0x0A84      	INCF       FSR, 1
;__Lib_System.c,143 :: 		
0x034B	0x0AAB      	INCF       ___DoICPAddr, 1
;__Lib_System.c,145 :: 		
0x034C	0x1903      	BTFSC      STATUS, 2
;__Lib_System.c,146 :: 		
0x034D	0x0AAC      	INCF       ___DoICPAddr+1, 1
;__Lib_System.c,147 :: 		
0x034E	0x03F0      	DECF       R0, 1
;__Lib_System.c,149 :: 		
0x034F	0x1D03      	BTFSS      STATUS, 2
;__Lib_System.c,150 :: 		
0x0350	0x2B46      	GOTO       _CC2D_Loop1
;__Lib_System.c,152 :: 		
L_end___CC2DW:
0x0351	0x0008      	RETURN
; end of ___CC2DW
_main:
0x0352	0x2576      	CALL       1398
;heltec.c,121 :: 		void main() {
;heltec.c,122 :: 		Init_Hardware();
0x0353	0x22FF      	CALL       _Init_Hardware
;heltec.c,123 :: 		sveglie_wdt = 15;
0x0354	0x300F      	MOVLW      15
0x0355	0x00A3      	MOVWF      _sveglie_wdt
0x0356	0x3000      	MOVLW      0
0x0357	0x00A4      	MOVWF      _sveglie_wdt+1
;heltec.c,125 :: 		while (1) {
L_main16:
;heltec.c,126 :: 		if (INTCON.GPIF == 1) {
0x0358	0x1C0B      	BTFSS      INTCON, 0
0x0359	0x2B5D      	GOTO       L_main18
;heltec.c,127 :: 		dummy = GPIO;
0x035A	0x0805      	MOVF       GPIO, 0
0x035B	0x00A2      	MOVWF      _dummy
;heltec.c,128 :: 		INTCON.GPIF = 0;
0x035C	0x100B      	BCF        INTCON, 0
;heltec.c,129 :: 		}
L_main18:
;heltec.c,132 :: 		if (GPIO.F0 == 0) {
0x035D	0x1805      	BTFSC      GPIO, 0
0x035E	0x2CDE      	GOTO       L_main19
;heltec.c,133 :: 		i = 0;
0x035F	0x01A9      	CLRF       _i
;heltec.c,134 :: 		while (GPIO.F0 == 0 && i < 50) {
L_main20:
0x0360	0x1805      	BTFSC      GPIO, 0
0x0361	0x2B77      	GOTO       L_main21
0x0362	0x3032      	MOVLW      50
0x0363	0x0229      	SUBWF      _i, 0
0x0364	0x1803      	BTFSC      STATUS, 0
0x0365	0x2B77      	GOTO       L_main21
L__main67:
;heltec.c,135 :: 		Delay_Safe_ms(100);
0x0366	0x3064      	MOVLW      100
0x0367	0x00CE      	MOVWF      FARG_Delay_Safe_ms_n
0x0368	0x3000      	MOVLW      0
0x0369	0x00CF      	MOVWF      FARG_Delay_Safe_ms_n+1
0x036A	0x2030      	CALL       _Delay_Safe_ms
;heltec.c,136 :: 		i++;
0x036B	0x0AA9      	INCF       _i, 1
;heltec.c,137 :: 		if (i == 10) GPIO.F5 = 1;
0x036C	0x0829      	MOVF       _i, 0
0x036D	0x3A0A      	XORLW      10
0x036E	0x1D03      	BTFSS      STATUS, 2
0x036F	0x2B71      	GOTO       L_main24
0x0370	0x1685      	BSF        GPIO, 5
L_main24:
;heltec.c,138 :: 		if (i == 25) GPIO.F5 = 0;
0x0371	0x0829      	MOVF       _i, 0
0x0372	0x3A19      	XORLW      25
0x0373	0x1D03      	BTFSS      STATUS, 2
0x0374	0x2B76      	GOTO       L_main25
0x0375	0x1285      	BCF        GPIO, 5
L_main25:
;heltec.c,139 :: 		}
0x0376	0x2B60      	GOTO       L_main20
L_main21:
;heltec.c,142 :: 		if (i >= 10 && i < 25) {
0x0377	0x300A      	MOVLW      10
0x0378	0x0229      	SUBWF      _i, 0
0x0379	0x1C03      	BTFSS      STATUS, 0
0x037A	0x2BFC      	GOTO       L_main28
0x037B	0x3019      	MOVLW      25
0x037C	0x0229      	SUBWF      _i, 0
0x037D	0x1803      	BTFSC      STATUS, 0
0x037E	0x2BFC      	GOTO       L_main28
L__main66:
;heltec.c,143 :: 		GPIO.F5 = 0;
0x037F	0x1285      	BCF        GPIO, 5
;heltec.c,144 :: 		Leggi_Batteria_mV();
0x0380	0x209C      	CALL       _Leggi_Batteria_mV
;heltec.c,147 :: 		if (batteria_mv >= soglia_on) {
0x0381	0x0828      	MOVF       _soglia_on+3, 0
0x0382	0x0230      	SUBWF      _batteria_mv+3, 0
0x0383	0x1D03      	BTFSS      STATUS, 2
0x0384	0x2B8F      	GOTO       L__main79
0x0385	0x0827      	MOVF       _soglia_on+2, 0
0x0386	0x022F      	SUBWF      _batteria_mv+2, 0
0x0387	0x1D03      	BTFSS      STATUS, 2
0x0388	0x2B8F      	GOTO       L__main79
0x0389	0x0826      	MOVF       _soglia_on+1, 0
0x038A	0x022E      	SUBWF      _batteria_mv+1, 0
0x038B	0x1D03      	BTFSS      STATUS, 2
0x038C	0x2B8F      	GOTO       L__main79
0x038D	0x0825      	MOVF       _soglia_on, 0
0x038E	0x022D      	SUBWF      _batteria_mv, 0
L__main79:
0x038F	0x1C03      	BTFSS      STATUS, 0
0x0390	0x2B99      	GOTO       L_main29
;heltec.c,149 :: 		GPIO.F5 = 1;
0x0391	0x1685      	BSF        GPIO, 5
;heltec.c,150 :: 		Delay_Safe_ms(1000);
0x0392	0x30E8      	MOVLW      232
0x0393	0x00CE      	MOVWF      FARG_Delay_Safe_ms_n
0x0394	0x3003      	MOVLW      3
0x0395	0x00CF      	MOVWF      FARG_Delay_Safe_ms_n+1
0x0396	0x2030      	CALL       _Delay_Safe_ms
;heltec.c,151 :: 		GPIO.F5 = 0;
0x0397	0x1285      	BCF        GPIO, 5
;heltec.c,152 :: 		} else {
0x0398	0x2BDF      	GOTO       L_main30
L_main29:
;heltec.c,153 :: 		if (batteria_mv <= soglia_off) {
0x0399	0x0830      	MOVF       _batteria_mv+3, 0
0x039A	0x0244      	SUBWF      _soglia_off+3, 0
0x039B	0x1D03      	BTFSS      STATUS, 2
0x039C	0x2BA7      	GOTO       L__main80
0x039D	0x082F      	MOVF       _batteria_mv+2, 0
0x039E	0x0243      	SUBWF      _soglia_off+2, 0
0x039F	0x1D03      	BTFSS      STATUS, 2
0x03A0	0x2BA7      	GOTO       L__main80
0x03A1	0x082E      	MOVF       _batteria_mv+1, 0
0x03A2	0x0242      	SUBWF      _soglia_off+1, 0
0x03A3	0x1D03      	BTFSS      STATUS, 2
0x03A4	0x2BA7      	GOTO       L__main80
0x03A5	0x082D      	MOVF       _batteria_mv, 0
0x03A6	0x0241      	SUBWF      _soglia_off, 0
L__main80:
0x03A7	0x1C03      	BTFSS      STATUS, 0
0x03A8	0x2BC5      	GOTO       L_main31
;heltec.c,154 :: 		GPIO.F5 = 0;
0x03A9	0x1285      	BCF        GPIO, 5
;heltec.c,155 :: 		Delay_Safe_ms(500);
0x03AA	0x30F4      	MOVLW      244
0x03AB	0x00CE      	MOVWF      FARG_Delay_Safe_ms_n
0x03AC	0x3001      	MOVLW      1
0x03AD	0x00CF      	MOVWF      FARG_Delay_Safe_ms_n+1
0x03AE	0x2030      	CALL       _Delay_Safe_ms
;heltec.c,157 :: 		for (j = 1; j <= 6; j++) {
0x03AF	0x3001      	MOVLW      1
0x03B0	0x00AA      	MOVWF      _j
L_main32:
0x03B1	0x082A      	MOVF       _j, 0
0x03B2	0x3C06      	SUBLW      6
0x03B3	0x1C03      	BTFSS      STATUS, 0
0x03B4	0x2BC4      	GOTO       L_main33
;heltec.c,158 :: 		GPIO.F5 = 1;
0x03B5	0x1685      	BSF        GPIO, 5
;heltec.c,159 :: 		Delay_Safe_ms(100);
0x03B6	0x3064      	MOVLW      100
0x03B7	0x00CE      	MOVWF      FARG_Delay_Safe_ms_n
0x03B8	0x3000      	MOVLW      0
0x03B9	0x00CF      	MOVWF      FARG_Delay_Safe_ms_n+1
0x03BA	0x2030      	CALL       _Delay_Safe_ms
;heltec.c,160 :: 		GPIO.F5 = 0;
0x03BB	0x1285      	BCF        GPIO, 5
;heltec.c,161 :: 		Delay_Safe_ms(100);
0x03BC	0x3064      	MOVLW      100
0x03BD	0x00CE      	MOVWF      FARG_Delay_Safe_ms_n
0x03BE	0x3000      	MOVLW      0
0x03BF	0x00CF      	MOVWF      FARG_Delay_Safe_ms_n+1
0x03C0	0x2030      	CALL       _Delay_Safe_ms
;heltec.c,162 :: 		asm clrwdt;
0x03C1	0x0064      	CLRWDT
;heltec.c,157 :: 		for (j = 1; j <= 6; j++) {
0x03C2	0x0AAA      	INCF       _j, 1
;heltec.c,163 :: 		}
0x03C3	0x2BB1      	GOTO       L_main32
L_main33:
;heltec.c,164 :: 		} else {
0x03C4	0x2BDF      	GOTO       L_main35
L_main31:
;heltec.c,166 :: 		Delay_Safe_ms(500);
0x03C5	0x30F4      	MOVLW      244
0x03C6	0x00CE      	MOVWF      FARG_Delay_Safe_ms_n
0x03C7	0x3001      	MOVLW      1
0x03C8	0x00CF      	MOVWF      FARG_Delay_Safe_ms_n+1
0x03C9	0x2030      	CALL       _Delay_Safe_ms
;heltec.c,167 :: 		for (j = 1; j <= 3; j++) {
0x03CA	0x3001      	MOVLW      1
0x03CB	0x00AA      	MOVWF      _j
L_main36:
0x03CC	0x082A      	MOVF       _j, 0
0x03CD	0x3C03      	SUBLW      3
0x03CE	0x1C03      	BTFSS      STATUS, 0
0x03CF	0x2BDF      	GOTO       L_main37
;heltec.c,168 :: 		GPIO.F5 = 1;
0x03D0	0x1685      	BSF        GPIO, 5
;heltec.c,169 :: 		Delay_Safe_ms(100);
0x03D1	0x3064      	MOVLW      100
0x03D2	0x00CE      	MOVWF      FARG_Delay_Safe_ms_n
0x03D3	0x3000      	MOVLW      0
0x03D4	0x00CF      	MOVWF      FARG_Delay_Safe_ms_n+1
0x03D5	0x2030      	CALL       _Delay_Safe_ms
;heltec.c,170 :: 		GPIO.F5 = 0;
0x03D6	0x1285      	BCF        GPIO, 5
;heltec.c,171 :: 		Delay_Safe_ms(100);
0x03D7	0x3064      	MOVLW      100
0x03D8	0x00CE      	MOVWF      FARG_Delay_Safe_ms_n
0x03D9	0x3000      	MOVLW      0
0x03DA	0x00CF      	MOVWF      FARG_Delay_Safe_ms_n+1
0x03DB	0x2030      	CALL       _Delay_Safe_ms
;heltec.c,172 :: 		asm clrwdt;
0x03DC	0x0064      	CLRWDT
;heltec.c,167 :: 		for (j = 1; j <= 3; j++) {
0x03DD	0x0AAA      	INCF       _j, 1
;heltec.c,173 :: 		}
0x03DE	0x2BCC      	GOTO       L_main36
L_main37:
;heltec.c,174 :: 		}
L_main35:
;heltec.c,175 :: 		}
L_main30:
;heltec.c,178 :: 		GPIO.F2 = 1;
0x03DF	0x1505      	BSF        GPIO, 2
;heltec.c,179 :: 		Delay_Safe_ms(2000);
0x03E0	0x30D0      	MOVLW      208
0x03E1	0x00CE      	MOVWF      FARG_Delay_Safe_ms_n
0x03E2	0x3007      	MOVLW      7
0x03E3	0x00CF      	MOVWF      FARG_Delay_Safe_ms_n+1
0x03E4	0x2030      	CALL       _Delay_Safe_ms
;heltec.c,182 :: 		if (batteria_mv > soglia_off) {
0x03E5	0x0830      	MOVF       _batteria_mv+3, 0
0x03E6	0x0244      	SUBWF      _soglia_off+3, 0
0x03E7	0x1D03      	BTFSS      STATUS, 2
0x03E8	0x2BF3      	GOTO       L__main81
0x03E9	0x082F      	MOVF       _batteria_mv+2, 0
0x03EA	0x0243      	SUBWF      _soglia_off+2, 0
0x03EB	0x1D03      	BTFSS      STATUS, 2
0x03EC	0x2BF3      	GOTO       L__main81
0x03ED	0x082E      	MOVF       _batteria_mv+1, 0
0x03EE	0x0242      	SUBWF      _soglia_off+1, 0
0x03EF	0x1D03      	BTFSS      STATUS, 2
0x03F0	0x2BF3      	GOTO       L__main81
0x03F1	0x082D      	MOVF       _batteria_mv, 0
0x03F2	0x0241      	SUBWF      _soglia_off, 0
L__main81:
0x03F3	0x1803      	BTFSC      STATUS, 0
0x03F4	0x2BF6      	GOTO       L_main39
;heltec.c,183 :: 		GPIO.F2 = 0;
0x03F5	0x1105      	BCF        GPIO, 2
;heltec.c,184 :: 		}
L_main39:
;heltec.c,186 :: 		sveglie_wdt = 0;
0x03F6	0x01A3      	CLRF       _sveglie_wdt
0x03F7	0x01A4      	CLRF       _sveglie_wdt+1
;heltec.c,187 :: 		conteggio_cicli = 0;
0x03F8	0x01BD      	CLRF       _conteggio_cicli
0x03F9	0x01BE      	CLRF       _conteggio_cicli+1
0x03FA	0x01BF      	CLRF       _conteggio_cicli+2
0x03FB	0x01C0      	CLRF       _conteggio_cicli+3
;heltec.c,188 :: 		}
L_main28:
;heltec.c,191 :: 		if (i >= 25 && i < 50) {
0x03FC	0x3019      	MOVLW      25
0x03FD	0x0229      	SUBWF      _i, 0
0x03FE	0x1C03      	BTFSS      STATUS, 0
0x03FF	0x2C9B      	GOTO       L_main42
0x0400	0x3032      	MOVLW      50
0x0401	0x0229      	SUBWF      _i, 0
0x0402	0x1803      	BTFSC      STATUS, 0
0x0403	0x2C9B      	GOTO       L_main42
L__main65:
;heltec.c,192 :: 		GPIO.F5 = 0;
0x0404	0x1285      	BCF        GPIO, 5
;heltec.c,193 :: 		Leggi_Batteria_mV();
0x0405	0x209C      	CALL       _Leggi_Batteria_mV
;heltec.c,194 :: 		Salva_EEPROM();
0x0406	0x22A7      	CALL       _Salva_EEPROM
;heltec.c,195 :: 		Delay_Safe_ms(1000);
0x0407	0x30E8      	MOVLW      232
0x0408	0x00CE      	MOVWF      FARG_Delay_Safe_ms_n
0x0409	0x3003      	MOVLW      3
0x040A	0x00CF      	MOVWF      FARG_Delay_Safe_ms_n+1
0x040B	0x2030      	CALL       _Delay_Safe_ms
;heltec.c,197 :: 		temp_mv = batteria_mv;
0x040C	0x082D      	MOVF       _batteria_mv, 0
0x040D	0x00C6      	MOVWF      _temp_mv
0x040E	0x082E      	MOVF       _batteria_mv+1, 0
0x040F	0x00C7      	MOVWF      _temp_mv+1
0x0410	0x082F      	MOVF       _batteria_mv+2, 0
0x0411	0x00C8      	MOVWF      _temp_mv+2
0x0412	0x0830      	MOVF       _batteria_mv+3, 0
0x0413	0x00C9      	MOVWF      _temp_mv+3
;heltec.c,198 :: 		cifra = temp_mv / 1000;
0x0414	0x30E8      	MOVLW      232
0x0415	0x00F4      	MOVWF      R4
0x0416	0x3003      	MOVLW      3
0x0417	0x00F5      	MOVWF      R4+1
0x0418	0x01F6      	CLRF       R4+2
0x0419	0x01F7      	CLRF       R4+3
0x041A	0x082D      	MOVF       _batteria_mv, 0
0x041B	0x00F0      	MOVWF      R0
0x041C	0x082E      	MOVF       _batteria_mv+1, 0
0x041D	0x00F1      	MOVWF      R0+1
0x041E	0x082F      	MOVF       _batteria_mv+2, 0
0x041F	0x00F2      	MOVWF      R0+2
0x0420	0x0830      	MOVF       _batteria_mv+3, 0
0x0421	0x00F3      	MOVWF      R0+3
0x0422	0x20F1      	CALL       _Div_32x32_U
0x0423	0x0870      	MOVF       R0, 0
0x0424	0x00C5      	MOVWF      _cifra
;heltec.c,199 :: 		Lampeggia_Cifra(cifra);
0x0425	0x0870      	MOVF       R0, 0
0x0426	0x00CA      	MOVWF      FARG_Lampeggia_Cifra_c
0x0427	0x2269      	CALL       _Lampeggia_Cifra
;heltec.c,200 :: 		temp_mv %= 1000;
0x0428	0x30E8      	MOVLW      232
0x0429	0x00F4      	MOVWF      R4
0x042A	0x3003      	MOVLW      3
0x042B	0x00F5      	MOVWF      R4+1
0x042C	0x01F6      	CLRF       R4+2
0x042D	0x01F7      	CLRF       R4+3
0x042E	0x0846      	MOVF       _temp_mv, 0
0x042F	0x00F0      	MOVWF      R0
0x0430	0x0847      	MOVF       _temp_mv+1, 0
0x0431	0x00F1      	MOVWF      R0+1
0x0432	0x0848      	MOVF       _temp_mv+2, 0
0x0433	0x00F2      	MOVWF      R0+2
0x0434	0x0849      	MOVF       _temp_mv+3, 0
0x0435	0x00F3      	MOVWF      R0+3
0x0436	0x20F1      	CALL       _Div_32x32_U
0x0437	0x0878      	MOVF       R8, 0
0x0438	0x00F0      	MOVWF      R0
0x0439	0x0879      	MOVF       R8+1, 0
0x043A	0x00F1      	MOVWF      R0+1
0x043B	0x087A      	MOVF       R8+2, 0
0x043C	0x00F2      	MOVWF      R0+2
0x043D	0x087B      	MOVF       R8+3, 0
0x043E	0x00F3      	MOVWF      R0+3
0x043F	0x0870      	MOVF       R0, 0
0x0440	0x00C6      	MOVWF      _temp_mv
0x0441	0x0871      	MOVF       R0+1, 0
0x0442	0x00C7      	MOVWF      _temp_mv+1
0x0443	0x0872      	MOVF       R0+2, 0
0x0444	0x00C8      	MOVWF      _temp_mv+2
0x0445	0x0873      	MOVF       R0+3, 0
0x0446	0x00C9      	MOVWF      _temp_mv+3
;heltec.c,202 :: 		cifra = temp_mv / 100;
0x0447	0x3064      	MOVLW      100
0x0448	0x00F4      	MOVWF      R4
0x0449	0x01F5      	CLRF       R4+1
0x044A	0x01F6      	CLRF       R4+2
0x044B	0x01F7      	CLRF       R4+3
0x044C	0x20F1      	CALL       _Div_32x32_U
0x044D	0x0870      	MOVF       R0, 0
0x044E	0x00C5      	MOVWF      _cifra
;heltec.c,203 :: 		Lampeggia_Cifra(cifra);
0x044F	0x0870      	MOVF       R0, 0
0x0450	0x00CA      	MOVWF      FARG_Lampeggia_Cifra_c
0x0451	0x2269      	CALL       _Lampeggia_Cifra
;heltec.c,204 :: 		temp_mv %= 100;
0x0452	0x3064      	MOVLW      100
0x0453	0x00F4      	MOVWF      R4
0x0454	0x01F5      	CLRF       R4+1
0x0455	0x01F6      	CLRF       R4+2
0x0456	0x01F7      	CLRF       R4+3
0x0457	0x0846      	MOVF       _temp_mv, 0
0x0458	0x00F0      	MOVWF      R0
0x0459	0x0847      	MOVF       _temp_mv+1, 0
0x045A	0x00F1      	MOVWF      R0+1
0x045B	0x0848      	MOVF       _temp_mv+2, 0
0x045C	0x00F2      	MOVWF      R0+2
0x045D	0x0849      	MOVF       _temp_mv+3, 0
0x045E	0x00F3      	MOVWF      R0+3
0x045F	0x20F1      	CALL       _Div_32x32_U
0x0460	0x0878      	MOVF       R8, 0
0x0461	0x00F0      	MOVWF      R0
0x0462	0x0879      	MOVF       R8+1, 0
0x0463	0x00F1      	MOVWF      R0+1
0x0464	0x087A      	MOVF       R8+2, 0
0x0465	0x00F2      	MOVWF      R0+2
0x0466	0x087B      	MOVF       R8+3, 0
0x0467	0x00F3      	MOVWF      R0+3
0x0468	0x0870      	MOVF       R0, 0
0x0469	0x00C6      	MOVWF      _temp_mv
0x046A	0x0871      	MOVF       R0+1, 0
0x046B	0x00C7      	MOVWF      _temp_mv+1
0x046C	0x0872      	MOVF       R0+2, 0
0x046D	0x00C8      	MOVWF      _temp_mv+2
0x046E	0x0873      	MOVF       R0+3, 0
0x046F	0x00C9      	MOVWF      _temp_mv+3
;heltec.c,206 :: 		cifra = temp_mv / 10;
0x0470	0x300A      	MOVLW      10
0x0471	0x00F4      	MOVWF      R4
0x0472	0x01F5      	CLRF       R4+1
0x0473	0x01F6      	CLRF       R4+2
0x0474	0x01F7      	CLRF       R4+3
0x0475	0x20F1      	CALL       _Div_32x32_U
0x0476	0x0870      	MOVF       R0, 0
0x0477	0x00C5      	MOVWF      _cifra
;heltec.c,207 :: 		Lampeggia_Cifra(cifra);
0x0478	0x0870      	MOVF       R0, 0
0x0479	0x00CA      	MOVWF      FARG_Lampeggia_Cifra_c
0x047A	0x2269      	CALL       _Lampeggia_Cifra
;heltec.c,209 :: 		cifra = temp_mv % 10;
0x047B	0x300A      	MOVLW      10
0x047C	0x00F4      	MOVWF      R4
0x047D	0x01F5      	CLRF       R4+1
0x047E	0x01F6      	CLRF       R4+2
0x047F	0x01F7      	CLRF       R4+3
0x0480	0x0846      	MOVF       _temp_mv, 0
0x0481	0x00F0      	MOVWF      R0
0x0482	0x0847      	MOVF       _temp_mv+1, 0
0x0483	0x00F1      	MOVWF      R0+1
0x0484	0x0848      	MOVF       _temp_mv+2, 0
0x0485	0x00F2      	MOVWF      R0+2
0x0486	0x0849      	MOVF       _temp_mv+3, 0
0x0487	0x00F3      	MOVWF      R0+3
0x0488	0x20F1      	CALL       _Div_32x32_U
0x0489	0x0878      	MOVF       R8, 0
0x048A	0x00F0      	MOVWF      R0
0x048B	0x0879      	MOVF       R8+1, 0
0x048C	0x00F1      	MOVWF      R0+1
0x048D	0x087A      	MOVF       R8+2, 0
0x048E	0x00F2      	MOVWF      R0+2
0x048F	0x087B      	MOVF       R8+3, 0
0x0490	0x00F3      	MOVWF      R0+3
0x0491	0x0870      	MOVF       R0, 0
0x0492	0x00C5      	MOVWF      _cifra
;heltec.c,210 :: 		Lampeggia_Cifra(cifra);
0x0493	0x0870      	MOVF       R0, 0
0x0494	0x00CA      	MOVWF      FARG_Lampeggia_Cifra_c
0x0495	0x2269      	CALL       _Lampeggia_Cifra
;heltec.c,212 :: 		Delay_Safe_ms(1000);
0x0496	0x30E8      	MOVLW      232
0x0497	0x00CE      	MOVWF      FARG_Delay_Safe_ms_n
0x0498	0x3003      	MOVLW      3
0x0499	0x00CF      	MOVWF      FARG_Delay_Safe_ms_n+1
0x049A	0x2030      	CALL       _Delay_Safe_ms
;heltec.c,213 :: 		}
L_main42:
;heltec.c,216 :: 		if (i >= 50) {
0x049B	0x3032      	MOVLW      50
0x049C	0x0229      	SUBWF      _i, 0
0x049D	0x1C03      	BTFSS      STATUS, 0
0x049E	0x2CDE      	GOTO       L_main43
;heltec.c,217 :: 		GPIO.F2 = 1;
0x049F	0x1505      	BSF        GPIO, 2
;heltec.c,218 :: 		for (j = 1; j <= 20; j++) {
0x04A0	0x3001      	MOVLW      1
0x04A1	0x00AA      	MOVWF      _j
L_main44:
0x04A2	0x082A      	MOVF       _j, 0
0x04A3	0x3C14      	SUBLW      20
0x04A4	0x1C03      	BTFSS      STATUS, 0
0x04A5	0x2CAF      	GOTO       L_main45
;heltec.c,219 :: 		GPIO.F5 = ~GPIO.F5;
0x04A6	0x3020      	MOVLW      32
0x04A7	0x0685      	XORWF      GPIO, 1
;heltec.c,220 :: 		Delay_Safe_ms(100);
0x04A8	0x3064      	MOVLW      100
0x04A9	0x00CE      	MOVWF      FARG_Delay_Safe_ms_n
0x04AA	0x3000      	MOVLW      0
0x04AB	0x00CF      	MOVWF      FARG_Delay_Safe_ms_n+1
0x04AC	0x2030      	CALL       _Delay_Safe_ms
;heltec.c,218 :: 		for (j = 1; j <= 20; j++) {
0x04AD	0x0AAA      	INCF       _j, 1
;heltec.c,221 :: 		}
0x04AE	0x2CA2      	GOTO       L_main44
L_main45:
;heltec.c,222 :: 		GPIO.F5 = 0;
0x04AF	0x1285      	BCF        GPIO, 5
;heltec.c,223 :: 		in_manutenzione = 1;
0x04B0	0x143C      	BSF        _in_manutenzione, BitPos(_in_manutenzione+0)
;heltec.c,225 :: 		while (in_manutenzione) {
L_main47:
0x04B1	0x1C3C      	BTFSS      _in_manutenzione, BitPos(_in_manutenzione+0)
0x04B2	0x2CD7      	GOTO       L_main48
;heltec.c,226 :: 		GPIO.F5 = 1;
0x04B3	0x1685      	BSF        GPIO, 5
;heltec.c,227 :: 		Delay_Safe_ms(500);
0x04B4	0x30F4      	MOVLW      244
0x04B5	0x00CE      	MOVWF      FARG_Delay_Safe_ms_n
0x04B6	0x3001      	MOVLW      1
0x04B7	0x00CF      	MOVWF      FARG_Delay_Safe_ms_n+1
0x04B8	0x2030      	CALL       _Delay_Safe_ms
;heltec.c,228 :: 		GPIO.F5 = 0;
0x04B9	0x1285      	BCF        GPIO, 5
;heltec.c,229 :: 		if (GPIO.F0 == 0) {
0x04BA	0x1805      	BTFSC      GPIO, 0
0x04BB	0x2CD1      	GOTO       L_main49
;heltec.c,230 :: 		i = 0;
0x04BC	0x01A9      	CLRF       _i
;heltec.c,231 :: 		while (GPIO.F0 == 0 && i < 50) {
L_main50:
0x04BD	0x1805      	BTFSC      GPIO, 0
0x04BE	0x2CCA      	GOTO       L_main51
0x04BF	0x3032      	MOVLW      50
0x04C0	0x0229      	SUBWF      _i, 0
0x04C1	0x1803      	BTFSC      STATUS, 0
0x04C2	0x2CCA      	GOTO       L_main51
L__main64:
;heltec.c,232 :: 		Delay_Safe_ms(100);
0x04C3	0x3064      	MOVLW      100
0x04C4	0x00CE      	MOVWF      FARG_Delay_Safe_ms_n
0x04C5	0x3000      	MOVLW      0
0x04C6	0x00CF      	MOVWF      FARG_Delay_Safe_ms_n+1
0x04C7	0x2030      	CALL       _Delay_Safe_ms
;heltec.c,233 :: 		i++;
0x04C8	0x0AA9      	INCF       _i, 1
;heltec.c,234 :: 		}
0x04C9	0x2CBD      	GOTO       L_main50
L_main51:
;heltec.c,235 :: 		if (i >= 50) {
0x04CA	0x3032      	MOVLW      50
0x04CB	0x0229      	SUBWF      _i, 0
0x04CC	0x1C03      	BTFSS      STATUS, 0
0x04CD	0x2CD0      	GOTO       L_main54
;heltec.c,236 :: 		in_manutenzione = 0;
0x04CE	0x103C      	BCF        _in_manutenzione, BitPos(_in_manutenzione+0)
;heltec.c,237 :: 		Segnale_Triplo();
0x04CF	0x2082      	CALL       _Segnale_Triplo
;heltec.c,238 :: 		}
L_main54:
;heltec.c,239 :: 		} else {
0x04D0	0x2CD6      	GOTO       L_main55
L_main49:
;heltec.c,240 :: 		Delay_Safe_ms(500);
0x04D1	0x30F4      	MOVLW      244
0x04D2	0x00CE      	MOVWF      FARG_Delay_Safe_ms_n
0x04D3	0x3001      	MOVLW      1
0x04D4	0x00CF      	MOVWF      FARG_Delay_Safe_ms_n+1
0x04D5	0x2030      	CALL       _Delay_Safe_ms
;heltec.c,241 :: 		}
L_main55:
;heltec.c,242 :: 		}
0x04D6	0x2CB1      	GOTO       L_main47
L_main48:
;heltec.c,243 :: 		GPIO.F2 = 0;
0x04D7	0x1105      	BCF        GPIO, 2
;heltec.c,244 :: 		sveglie_wdt = 0;
0x04D8	0x01A3      	CLRF       _sveglie_wdt
0x04D9	0x01A4      	CLRF       _sveglie_wdt+1
;heltec.c,245 :: 		conteggio_cicli = 0;
0x04DA	0x01BD      	CLRF       _conteggio_cicli
0x04DB	0x01BE      	CLRF       _conteggio_cicli+1
0x04DC	0x01BF      	CLRF       _conteggio_cicli+2
0x04DD	0x01C0      	CLRF       _conteggio_cicli+3
;heltec.c,246 :: 		}
L_main43:
;heltec.c,247 :: 		}
L_main19:
;heltec.c,250 :: 		if (!in_manutenzione) {
0x04DE	0x183C      	BTFSC      _in_manutenzione, BitPos(_in_manutenzione+0)
0x04DF	0x2D68      	GOTO       L_main56
;heltec.c,251 :: 		if (sveglie_wdt >= 13) {
0x04E0	0x3000      	MOVLW      0
0x04E1	0x0224      	SUBWF      _sveglie_wdt+1, 0
0x04E2	0x1D03      	BTFSS      STATUS, 2
0x04E3	0x2CE6      	GOTO       L__main82
0x04E4	0x300D      	MOVLW      13
0x04E5	0x0223      	SUBWF      _sveglie_wdt, 0
L__main82:
0x04E6	0x1C03      	BTFSS      STATUS, 0
0x04E7	0x2D61      	GOTO       L_main57
;heltec.c,252 :: 		Leggi_Batteria_mV();
0x04E8	0x209C      	CALL       _Leggi_Batteria_mV
;heltec.c,253 :: 		if (batteria_mv <= soglia_off) GPIO.F2 = 1;
0x04E9	0x0830      	MOVF       _batteria_mv+3, 0
0x04EA	0x0244      	SUBWF      _soglia_off+3, 0
0x04EB	0x1D03      	BTFSS      STATUS, 2
0x04EC	0x2CF7      	GOTO       L__main83
0x04ED	0x082F      	MOVF       _batteria_mv+2, 0
0x04EE	0x0243      	SUBWF      _soglia_off+2, 0
0x04EF	0x1D03      	BTFSS      STATUS, 2
0x04F0	0x2CF7      	GOTO       L__main83
0x04F1	0x082E      	MOVF       _batteria_mv+1, 0
0x04F2	0x0242      	SUBWF      _soglia_off+1, 0
0x04F3	0x1D03      	BTFSS      STATUS, 2
0x04F4	0x2CF7      	GOTO       L__main83
0x04F5	0x082D      	MOVF       _batteria_mv, 0
0x04F6	0x0241      	SUBWF      _soglia_off, 0
L__main83:
0x04F7	0x1C03      	BTFSS      STATUS, 0
0x04F8	0x2CFA      	GOTO       L_main58
0x04F9	0x1505      	BSF        GPIO, 2
L_main58:
;heltec.c,254 :: 		if (batteria_mv >= soglia_on)  GPIO.F2 = 0;
0x04FA	0x0828      	MOVF       _soglia_on+3, 0
0x04FB	0x0230      	SUBWF      _batteria_mv+3, 0
0x04FC	0x1D03      	BTFSS      STATUS, 2
0x04FD	0x2D08      	GOTO       L__main84
0x04FE	0x0827      	MOVF       _soglia_on+2, 0
0x04FF	0x022F      	SUBWF      _batteria_mv+2, 0
0x0500	0x1D03      	BTFSS      STATUS, 2
0x0501	0x2D08      	GOTO       L__main84
0x0502	0x0826      	MOVF       _soglia_on+1, 0
0x0503	0x022E      	SUBWF      _batteria_mv+1, 0
0x0504	0x1D03      	BTFSS      STATUS, 2
0x0505	0x2D08      	GOTO       L__main84
0x0506	0x0825      	MOVF       _soglia_on, 0
0x0507	0x022D      	SUBWF      _batteria_mv, 0
L__main84:
0x0508	0x1C03      	BTFSS      STATUS, 0
0x0509	0x2D0B      	GOTO       L_main59
0x050A	0x1105      	BCF        GPIO, 2
L_main59:
;heltec.c,256 :: 		if (giorni_riavvio > 0) {
0x050B	0x0837      	MOVF       _giorni_riavvio, 0
0x050C	0x3C00      	SUBLW      0
0x050D	0x1803      	BTFSC      STATUS, 0
0x050E	0x2D5F      	GOTO       L_main60
;heltec.c,257 :: 		conteggio_cicli++;
0x050F	0x083D      	MOVF       _conteggio_cicli, 0
0x0510	0x00F0      	MOVWF      R0
0x0511	0x083E      	MOVF       _conteggio_cicli+1, 0
0x0512	0x00F1      	MOVWF      R0+1
0x0513	0x083F      	MOVF       _conteggio_cicli+2, 0
0x0514	0x00F2      	MOVWF      R0+2
0x0515	0x0840      	MOVF       _conteggio_cicli+3, 0
0x0516	0x00F3      	MOVWF      R0+3
0x0517	0x0AF0      	INCF       R0, 1
0x0518	0x1903      	BTFSC      STATUS, 2
0x0519	0x0AF1      	INCF       R0+1, 1
0x051A	0x1903      	BTFSC      STATUS, 2
0x051B	0x0AF2      	INCF       R0+2, 1
0x051C	0x1903      	BTFSC      STATUS, 2
0x051D	0x0AF3      	INCF       R0+3, 1
0x051E	0x0870      	MOVF       R0, 0
0x051F	0x00BD      	MOVWF      _conteggio_cicli
0x0520	0x0871      	MOVF       R0+1, 0
0x0521	0x00BE      	MOVWF      _conteggio_cicli+1
0x0522	0x0872      	MOVF       R0+2, 0
0x0523	0x00BF      	MOVWF      _conteggio_cicli+2
0x0524	0x0873      	MOVF       R0+3, 0
0x0525	0x00C0      	MOVWF      _conteggio_cicli+3
;heltec.c,258 :: 		if (conteggio_cicli >= (cicli_per_giorno * giorni_riavvio)) {
0x0526	0x0833      	MOVF       _cicli_per_giorno, 0
0x0527	0x00F0      	MOVWF      R0
0x0528	0x0834      	MOVF       _cicli_per_giorno+1, 0
0x0529	0x00F1      	MOVWF      R0+1
0x052A	0x0835      	MOVF       _cicli_per_giorno+2, 0
0x052B	0x00F2      	MOVWF      R0+2
0x052C	0x0836      	MOVF       _cicli_per_giorno+3, 0
0x052D	0x00F3      	MOVWF      R0+3
0x052E	0x0837      	MOVF       _giorni_riavvio, 0
0x052F	0x00F4      	MOVWF      R4
0x0530	0x01F5      	CLRF       R4+1
0x0531	0x01F6      	CLRF       R4+2
0x0532	0x01F7      	CLRF       R4+3
0x0533	0x204B      	CALL       _Mul_32x32_U
0x0534	0x0873      	MOVF       R0+3, 0
0x0535	0x0240      	SUBWF      _conteggio_cicli+3, 0
0x0536	0x1D03      	BTFSS      STATUS, 2
0x0537	0x2D42      	GOTO       L__main85
0x0538	0x0872      	MOVF       R0+2, 0
0x0539	0x023F      	SUBWF      _conteggio_cicli+2, 0
0x053A	0x1D03      	BTFSS      STATUS, 2
0x053B	0x2D42      	GOTO       L__main85
0x053C	0x0871      	MOVF       R0+1, 0
0x053D	0x023E      	SUBWF      _conteggio_cicli+1, 0
0x053E	0x1D03      	BTFSS      STATUS, 2
0x053F	0x2D42      	GOTO       L__main85
0x0540	0x0870      	MOVF       R0, 0
0x0541	0x023D      	SUBWF      _conteggio_cicli, 0
L__main85:
0x0542	0x1C03      	BTFSS      STATUS, 0
0x0543	0x2D5F      	GOTO       L_main61
;heltec.c,259 :: 		GPIO.F2 = 1;
0x0544	0x1505      	BSF        GPIO, 2
;heltec.c,260 :: 		Delay_Safe_ms(2000);
0x0545	0x30D0      	MOVLW      208
0x0546	0x00CE      	MOVWF      FARG_Delay_Safe_ms_n
0x0547	0x3007      	MOVLW      7
0x0548	0x00CF      	MOVWF      FARG_Delay_Safe_ms_n+1
0x0549	0x2030      	CALL       _Delay_Safe_ms
;heltec.c,261 :: 		if (batteria_mv > soglia_off) GPIO.F2 = 0;
0x054A	0x0830      	MOVF       _batteria_mv+3, 0
0x054B	0x0244      	SUBWF      _soglia_off+3, 0
0x054C	0x1D03      	BTFSS      STATUS, 2
0x054D	0x2D58      	GOTO       L__main86
0x054E	0x082F      	MOVF       _batteria_mv+2, 0
0x054F	0x0243      	SUBWF      _soglia_off+2, 0
0x0550	0x1D03      	BTFSS      STATUS, 2
0x0551	0x2D58      	GOTO       L__main86
0x0552	0x082E      	MOVF       _batteria_mv+1, 0
0x0553	0x0242      	SUBWF      _soglia_off+1, 0
0x0554	0x1D03      	BTFSS      STATUS, 2
0x0555	0x2D58      	GOTO       L__main86
0x0556	0x082D      	MOVF       _batteria_mv, 0
0x0557	0x0241      	SUBWF      _soglia_off, 0
L__main86:
0x0558	0x1803      	BTFSC      STATUS, 0
0x0559	0x2D5B      	GOTO       L_main62
0x055A	0x1105      	BCF        GPIO, 2
L_main62:
;heltec.c,262 :: 		conteggio_cicli = 0;
0x055B	0x01BD      	CLRF       _conteggio_cicli
0x055C	0x01BE      	CLRF       _conteggio_cicli+1
0x055D	0x01BF      	CLRF       _conteggio_cicli+2
0x055E	0x01C0      	CLRF       _conteggio_cicli+3
;heltec.c,263 :: 		}
L_main61:
;heltec.c,264 :: 		}
L_main60:
;heltec.c,265 :: 		sveglie_wdt = 0;
0x055F	0x01A3      	CLRF       _sveglie_wdt
0x0560	0x01A4      	CLRF       _sveglie_wdt+1
;heltec.c,266 :: 		}
L_main57:
;heltec.c,267 :: 		sveglie_wdt++;
0x0561	0x0AA3      	INCF       _sveglie_wdt, 1
0x0562	0x1903      	BTFSC      STATUS, 2
0x0563	0x0AA4      	INCF       _sveglie_wdt+1, 1
;heltec.c,268 :: 		asm clrwdt;
0x0564	0x0064      	CLRWDT
;heltec.c,269 :: 		asm sleep;
0x0565	0x0063      	SLEEP
;heltec.c,270 :: 		asm nop;
0x0566	0x0000      	NOP
;heltec.c,271 :: 		} else {
0x0567	0x2D6D      	GOTO       L_main63
L_main56:
;heltec.c,272 :: 		Delay_Safe_ms(100);
0x0568	0x3064      	MOVLW      100
0x0569	0x00CE      	MOVWF      FARG_Delay_Safe_ms_n
0x056A	0x3000      	MOVLW      0
0x056B	0x00CF      	MOVWF      FARG_Delay_Safe_ms_n+1
0x056C	0x2030      	CALL       _Delay_Safe_ms
;heltec.c,273 :: 		}
L_main63:
;heltec.c,274 :: 		}
0x056D	0x2B58      	GOTO       L_main16
;heltec.c,275 :: 		}
L_end_main:
0x056E	0x2D6E      	GOTO       $+0
; end of _main
0x0576	0x3021      	MOVLW      33
0x0577	0x0084      	MOVWF      FSR
0x0578	0x3001      	MOVLW      1
0x0579	0x1283      	BCF        STATUS, 5
0x057A	0x00F0      	MOVWF      R0
0x057B	0x3074      	MOVLW      116
0x057C	0x00AB      	MOVWF      ___DoICPAddr
0x057D	0x3005      	MOVLW      5
0x057E	0x00AC      	MOVWF      44
0x057F	0x2346      	CALL       838
0x0580	0x0008      	RETURN
;__Lib_ADC_A_E.c,0 :: ?ICS_vref_mask
0x0574	0x3440 ;?ICS_vref_mask+0
; end of ?ICS_vref_mask
Symbol List:
//** Routines locations **
//ADDRESS    SIZE    PROCEDURE
//----------------------------------------------
0x0003       [6]    _Delay_22us
0x0009      [39]    _ADC_Read
0x0030      [27]    _Delay_Safe_ms
0x004B      [55]    _Mul_32x32_U
0x0082      [20]    _Segnale_Triplo
0x0096       [6]    _____DoICP
0x009C      [55]    _Leggi_Batteria_mV
0x00D3      [30]    _EEPROM_Write
0x00F1     [376]    _Div_32x32_U
0x0269      [62]    _Lampeggia_Cifra
0x02A7      [88]    _Salva_EEPROM
0x02FF      [71]    _Init_Hardware
0x0346      [12]    ___CC2DW
0x0352     [540]    _main
//** Variables locations ** 
//ADDRESS    SIZE    VARIABLE
//----------------------------------------------
0x0000       [1]    INDF
0x0002       [1]    PCL
0x0003       [1]    STATUS
0x0004       [1]    FSR
0x0005       [1]    GPIO
0x000A       [1]    PCLATH
0x000B       [1]    INTCON
0x0019       [1]    CMCON0
0x001E       [1]    ADRESH
0x001F       [1]    ADCON0
0x0020       [1]    ___math_tempb
0x0021       [1]    _vref_mask
0x0022       [1]    _dummy
0x0023       [2]    _sveglie_wdt
0x0025       [4]    _soglia_on
0x0029       [1]    _i
0x002A       [1]    _j
0x002B       [2]    ___DoICPAddr
0x002D       [4]    _batteria_mv
0x0031       [2]    _valore_adc
0x0033       [4]    _cicli_per_giorno
0x0037       [1]    _giorni_riavvio
0x0038       [4]    _taratura_vcc
0x003C       [0]    _in_manutenzione
0x003D       [4]    _conteggio_cicli
0x0041       [4]    _soglia_off
0x0045       [1]    _cifra
0x0046       [4]    _temp_mv
0x004A       [1]    FARG_Lampeggia_Cifra_c
0x004B       [1]    Lampeggia_Cifra_l_L0
0x004C       [1]    FARG_EEPROM_Write_Address
0x004D       [1]    FARG_EEPROM_Write_data_
0x004E       [1]    FARG_ADC_Read_channel
0x004E       [2]    FARG_Delay_Safe_ms_n
0x0070       [1]    R0
0x0071       [1]    R1
0x0072       [1]    R2
0x0073       [1]    R3
0x0074       [1]    R4
0x0075       [1]    R5
0x0076       [1]    R6
0x0077       [1]    R7
0x0078       [1]    R8
0x0079       [1]    R9
0x007A       [1]    R10
0x007B       [1]    R11
0x007C       [1]    R12
0x007D       [1]    R13
0x007E       [1]    R14
0x007F       [1]    R15
0x0081       [1]    OPTION_REG
0x0085       [1]    TRISIO
0x008F       [1]    OSCCON
0x0095       [1]    WPU
0x0096       [1]    IOC
0x009A       [1]    EEDATA
0x009B       [1]    EEADR
0x009C       [1]    EECON1
0x009D       [1]    EECON2
0x009E       [1]    ADRESL
0x009F       [1]    ANSEL
//** Constants locations ** 
//ADDRESS    SIZE    CONSTANT
//----------------------------------------------
0x0574       [1]    ?ICS_vref_mask
