;  LST file generated by mikroListExporter - v.2.0 
; Date/Time: 15/03/2026 07:43:59
;----------------------------------------------

;Address Opcode 	ASM
0x0000	0x287E      	GOTO       126
_Delay_22us:
;__Lib_Delays.mbas,37 :: 		sub procedure Delay_22us()
;__Lib_Delays.mbas,38 :: 		Delay_us(22)
0x0003	0x3007      	MOVLW      7
0x0004	0x1283      	BCF        STATUS, 5
0x0005	0x00FD      	MOVWF      R13
L__Delay_22us5:
0x0006	0x0BFD      	DECFSZ     R13, 1
0x0007	0x2806      	GOTO       L__Delay_22us5
;__Lib_Delays.mbas,39 :: 		end sub
L_end_Delay_22us:
0x0008	0x0008      	RETURN
; end of _Delay_22us
_Init_Hardware:
;supervisore_energetico.mbas,7 :: 		sub procedure Init_Hardware()
;supervisore_energetico.mbas,8 :: 		OSCCON = %01100000    ' 4MHz
0x0009	0x3060      	MOVLW      96
0x000A	0x1683      	BSF        STATUS, 5
0x000B	0x008F      	MOVWF      OSCCON
;supervisore_energetico.mbas,9 :: 		CMCON0 = 7
0x000C	0x3007      	MOVLW      7
0x000D	0x1283      	BCF        STATUS, 5
0x000E	0x0099      	MOVWF      CMCON0
;supervisore_energetico.mbas,10 :: 		ANSEL  = %00000010    ' RA1 Analogico
0x000F	0x3002      	MOVLW      2
0x0010	0x1683      	BSF        STATUS, 5
0x0011	0x009F      	MOVWF      ANSEL
;supervisore_energetico.mbas,11 :: 		TRISIO = %00001011    ' RA0, RA1, RA3 In | RA2, RA5 Out
0x0012	0x300B      	MOVLW      11
0x0013	0x0085      	MOVWF      TRISIO
;supervisore_energetico.mbas,12 :: 		OPTION_REG.7 = 0
0x0014	0x1381      	BCF        OPTION_REG, 7
;supervisore_energetico.mbas,13 :: 		WPU.0 = 1             ' Pull-up Pin 7
0x0015	0x1415      	BSF        WPU, 0
;supervisore_energetico.mbas,15 :: 		GPIO.2 = 1            ' Heltec SPENTO al boot
0x0016	0x1283      	BCF        STATUS, 5
0x0017	0x1505      	BSF        GPIO, 2
;supervisore_energetico.mbas,17 :: 		for i = 1 to 3
0x0018	0x3001      	MOVLW      1
0x0019	0x00A0      	MOVWF      _i
L__Init_Hardware2:
;supervisore_energetico.mbas,18 :: 		GPIO.5 = 1
0x001A	0x1685      	BSF        GPIO, 5
;supervisore_energetico.mbas,19 :: 		delay_ms(150)
0x001B	0x30C3      	MOVLW      195
0x001C	0x00FC      	MOVWF      R12
0x001D	0x30CD      	MOVLW      205
0x001E	0x00FD      	MOVWF      R13
L__Init_Hardware6:
0x001F	0x0BFD      	DECFSZ     R13, 1
0x0020	0x281F      	GOTO       L__Init_Hardware6
0x0021	0x0BFC      	DECFSZ     R12, 1
0x0022	0x281F      	GOTO       L__Init_Hardware6
;supervisore_energetico.mbas,20 :: 		GPIO.5 = 0
0x0023	0x1285      	BCF        GPIO, 5
;supervisore_energetico.mbas,21 :: 		delay_ms(150)
0x0024	0x30C3      	MOVLW      195
0x0025	0x00FC      	MOVWF      R12
0x0026	0x30CD      	MOVLW      205
0x0027	0x00FD      	MOVWF      R13
L__Init_Hardware7:
0x0028	0x0BFD      	DECFSZ     R13, 1
0x0029	0x2828      	GOTO       L__Init_Hardware7
0x002A	0x0BFC      	DECFSZ     R12, 1
0x002B	0x2828      	GOTO       L__Init_Hardware7
;supervisore_energetico.mbas,22 :: 		next i
0x002C	0x0820      	MOVF       _i, 0
0x002D	0x3A03      	XORLW      3
0x002E	0x1903      	BTFSC      STATUS, 2
0x002F	0x2832      	GOTO       L__Init_Hardware5
0x0030	0x0AA0      	INCF       _i, 1
0x0031	0x281A      	GOTO       L__Init_Hardware2
L__Init_Hardware5:
;supervisore_energetico.mbas,23 :: 		end sub
L_end_Init_Hardware:
0x0032	0x0008      	RETURN
; end of _Init_Hardware
_ADC_Read:
;__Lib_ADC_A_E.mpas,84 :: 		
;__Lib_ADC_A_E.mpas,85 :: 		
0x0033	0x30C3      	MOVLW      195
0x0034	0x1283      	BCF        STATUS, 5
0x0035	0x059F      	ANDWF      ADCON0, 1
;__Lib_ADC_A_E.mpas,90 :: 		
0x0036	0x30F0      	MOVLW      240
0x0037	0x059F      	ANDWF      ADCON0, 1
;__Lib_ADC_A_E.mpas,91 :: 		
0x0038	0x30BF      	MOVLW      191
0x0039	0x059F      	ANDWF      ADCON0, 1
;__Lib_ADC_A_E.mpas,92 :: 		
0x003A	0x30F0      	MOVLW      240
0x003B	0x1683      	BSF        STATUS, 5
0x003C	0x049F      	IORWF      ANSEL, 1
;__Lib_ADC_A_E.mpas,93 :: 		
0x003D	0x1283      	BCF        STATUS, 5
0x003E	0x179F      	BSF        ADCON0, 7
;__Lib_ADC_A_E.mpas,94 :: 		
0x003F	0x0825      	MOVF       FARG_ADC_Read_channel, 0
0x0040	0x00F0      	MOVWF      R0
0x0041	0x0DF0      	RLF        R0, 1
0x0042	0x1070      	BCF        R0, 0
0x0043	0x0DF0      	RLF        R0, 1
0x0044	0x1070      	BCF        R0, 0
0x0045	0x0870      	MOVF       R0, 0
0x0046	0x049F      	IORWF      ADCON0, 1
;__Lib_ADC_A_E.mpas,97 :: 		
0x0047	0x141F      	BSF        ADCON0, 0
;__Lib_ADC_A_E.mpas,100 :: 		
0x0048	0x2003      	CALL       _Delay_22us
;__Lib_ADC_A_E.mpas,103 :: 		
0x0049	0x149F      	BSF        ADCON0, 1
;__Lib_ADC_A_E.mpas,106 :: 		
L__ADC_Read10:
0x004A	0x1C9F      	BTFSS      ADCON0, 1
0x004B	0x284E      	GOTO       L__ADC_Read11
0x004C	0x0000      	NOP
0x004D	0x284A      	GOTO       L__ADC_Read10
L__ADC_Read11:
;__Lib_ADC_A_E.mpas,109 :: 		
0x004E	0x101F      	BCF        ADCON0, 0
;__Lib_ADC_A_E.mpas,112 :: 		
0x004F	0x081E      	MOVF       ADRESH, 0
0x0050	0x00F1      	MOVWF      R0+1
0x0051	0x01F0      	CLRF       R0
0x0052	0x1683      	BSF        STATUS, 5
0x0053	0x081E      	MOVF       ADRESL, 0
0x0054	0x0470      	IORWF      R0, 0
0x0055	0x1283      	BCF        STATUS, 5
0x0056	0x00A6      	MOVWF      ADC_Read_local_result
0x0057	0x0871      	MOVF       R0+1, 0
0x0058	0x00A7      	MOVWF      ADC_Read_local_result+1
0x0059	0x3000      	MOVLW      0
0x005A	0x04A7      	IORWF      ADC_Read_local_result+1, 1
;__Lib_ADC_A_E.mpas,114 :: 		
0x005B	0x0826      	MOVF       ADC_Read_local_result, 0
0x005C	0x00F0      	MOVWF      R0
0x005D	0x0827      	MOVF       ADC_Read_local_result+1, 0
0x005E	0x00F1      	MOVWF      R0+1
L_end_ADC_Read:
0x005F	0x0008      	RETURN
; end of _ADC_Read
_EEPROM_Write:
;__Lib_EEPROM.mpas,27 :: 		
;__Lib_EEPROM.mpas,28 :: 		
L__EEPROM_Write3:
0x0060	0x1683      	BSF        STATUS, 5
0x0061	0x1C9C      	BTFSS      EECON1, 1
0x0062	0x2865      	GOTO       L__EEPROM_Write4
0x0063	0x0000      	NOP
0x0064	0x2860      	GOTO       L__EEPROM_Write3
L__EEPROM_Write4:
;__Lib_EEPROM.mpas,30 :: 		
0x0065	0x1283      	BCF        STATUS, 5
0x0066	0x0825      	MOVF       FARG_EEPROM_Write_address, 0
0x0067	0x1683      	BSF        STATUS, 5
0x0068	0x009B      	MOVWF      EEADR
;__Lib_EEPROM.mpas,31 :: 		
0x0069	0x1283      	BCF        STATUS, 5
0x006A	0x0826      	MOVF       FARG_EEPROM_Write_data_, 0
0x006B	0x1683      	BSF        STATUS, 5
0x006C	0x009A      	MOVWF      EEDATA
;__Lib_EEPROM.mpas,32 :: 		
0x006D	0x139C      	BCF        EECON1, 7
;__Lib_EEPROM.mpas,33 :: 		
0x006E	0x151C      	BSF        EECON1, 2
;__Lib_EEPROM.mpas,35 :: 		
0x006F	0x080B      	MOVF       INTCON, 0
0x0070	0x00F0      	MOVWF      R0
;__Lib_EEPROM.mpas,38 :: 		
0x0071	0x138B      	BCF        INTCON, 7
;__Lib_EEPROM.mpas,39 :: 		
0x0072	0x3055      	MOVLW      85
0x0073	0x009D      	MOVWF      EECON2
;__Lib_EEPROM.mpas,40 :: 		
0x0074	0x30AA      	MOVLW      170
0x0075	0x009D      	MOVWF      EECON2
;__Lib_EEPROM.mpas,41 :: 		
0x0076	0x149C      	BSF        EECON1, 1
;__Lib_EEPROM.mpas,45 :: 		
0x0077	0x1BF0      	BTFSC      R0, 7
0x0078	0x287B      	GOTO       L__EEPROM_Write9
0x0079	0x138B      	BCF        INTCON, 7
0x007A	0x287C      	GOTO       L__EEPROM_Write10
L__EEPROM_Write9:
0x007B	0x178B      	BSF        INTCON, 7
L__EEPROM_Write10:
;__Lib_EEPROM.mpas,46 :: 		
0x007C	0x111C      	BCF        EECON1, 2
;__Lib_EEPROM.mpas,47 :: 		
L_end_EEPROM_Write:
0x007D	0x0008      	RETURN
; end of _EEPROM_Write
_main:
;supervisore_energetico.mbas,25 :: 		main:
;supervisore_energetico.mbas,26 :: 		Init_Hardware()
0x007E	0x2009      	CALL       _Init_Hardware
;supervisore_energetico.mbas,27 :: 		secondi_contatore = 300
0x007F	0x302C      	MOVLW      44
0x0080	0x00A3      	MOVWF      _secondi_contatore
0x0081	0x3001      	MOVLW      1
0x0082	0x00A4      	MOVWF      _secondi_contatore+1
;supervisore_energetico.mbas,29 :: 		while (TRUE)
L__main10:
;supervisore_energetico.mbas,32 :: 		if (GPIO.0 = 0) then
0x0083	0x1805      	BTFSC      GPIO, 0
0x0084	0x28E0      	GOTO       L__main15
;supervisore_energetico.mbas,33 :: 		i = 0
0x0085	0x01A0      	CLRF       _i
;supervisore_energetico.mbas,34 :: 		while (GPIO.0 = 0) and (i < 10)
L__main18:
0x0086	0x1805      	BTFSC      GPIO, 0
0x0087	0x288A      	GOTO       L__main46
0x0088	0x1473      	BSF        R3, 0
0x0089	0x288B      	GOTO       L__main47
L__main46:
0x008A	0x1073      	BCF        R3, 0
L__main47:
0x008B	0x300A      	MOVLW      10
0x008C	0x0220      	SUBWF      _i, 0
0x008D	0x30FF      	MOVLW      255
0x008E	0x1803      	BTFSC      STATUS, 0
0x008F	0x3000      	MOVLW      0
0x0090	0x00F1      	MOVWF      R1
0x0091	0x01F0      	CLRF       R0
0x0092	0x1873      	BTFSC      R3, 0
0x0093	0x0AF0      	INCF       R0, 1
0x0094	0x0871      	MOVF       R1, 0
0x0095	0x05F0      	ANDWF      R0, 1
0x0096	0x1903      	BTFSC      STATUS, 2
0x0097	0x28A4      	GOTO       L__main19
;supervisore_energetico.mbas,35 :: 		delay_ms(100)
0x0098	0x3082      	MOVLW      130
0x0099	0x00FC      	MOVWF      R12
0x009A	0x30DD      	MOVLW      221
0x009B	0x00FD      	MOVWF      R13
L__main22:
0x009C	0x0BFD      	DECFSZ     R13, 1
0x009D	0x289C      	GOTO       L__main22
0x009E	0x0BFC      	DECFSZ     R12, 1
0x009F	0x289C      	GOTO       L__main22
0x00A0	0x0000      	NOP
0x00A1	0x0000      	NOP
;supervisore_energetico.mbas,36 :: 		i = i + 1
0x00A2	0x0AA0      	INCF       _i, 1
;supervisore_energetico.mbas,37 :: 		wend
0x00A3	0x2886      	GOTO       L__main18
L__main19:
;supervisore_energetico.mbas,39 :: 		if (i >= 10) then
0x00A4	0x300A      	MOVLW      10
0x00A5	0x0220      	SUBWF      _i, 0
0x00A6	0x1C03      	BTFSS      STATUS, 0
0x00A7	0x28E0      	GOTO       L__main24
;supervisore_energetico.mbas,41 :: 		valore_adc = ADC_Read(1)
0x00A8	0x3001      	MOVLW      1
0x00A9	0x00A5      	MOVWF      FARG_ADC_Read_channel
0x00AA	0x2033      	CALL       _ADC_Read
0x00AB	0x0870      	MOVF       R0, 0
0x00AC	0x00A1      	MOVWF      _valore_adc
0x00AD	0x0871      	MOVF       R0+1, 0
0x00AE	0x00A2      	MOVWF      _valore_adc+1
;supervisore_energetico.mbas,45 :: 		EEPROM_Write(0, Hi(valore_adc))
0x00AF	0x01A5      	CLRF       FARG_EEPROM_Write_address
0x00B0	0x0822      	MOVF       _valore_adc+1, 0
0x00B1	0x00A6      	MOVWF      FARG_EEPROM_Write_data_
0x00B2	0x2060      	CALL       _EEPROM_Write
;supervisore_energetico.mbas,46 :: 		delay_ms(20) ' Ritardo obbligatorio per scrittura EEPROM
0x00B3	0x301A      	MOVLW      26
0x00B4	0x00FC      	MOVWF      R12
0x00B5	0x30F8      	MOVLW      248
0x00B6	0x00FD      	MOVWF      R13
L__main26:
0x00B7	0x0BFD      	DECFSZ     R13, 1
0x00B8	0x28B7      	GOTO       L__main26
0x00B9	0x0BFC      	DECFSZ     R12, 1
0x00BA	0x28B7      	GOTO       L__main26
0x00BB	0x0000      	NOP
;supervisore_energetico.mbas,47 :: 		EEPROM_Write(1, Lo(valore_adc))
0x00BC	0x3001      	MOVLW      1
0x00BD	0x1283      	BCF        STATUS, 5
0x00BE	0x00A5      	MOVWF      FARG_EEPROM_Write_address
0x00BF	0x0821      	MOVF       _valore_adc, 0
0x00C0	0x00A6      	MOVWF      FARG_EEPROM_Write_data_
0x00C1	0x2060      	CALL       _EEPROM_Write
;supervisore_energetico.mbas,48 :: 		delay_ms(20)
0x00C2	0x301A      	MOVLW      26
0x00C3	0x00FC      	MOVWF      R12
0x00C4	0x30F8      	MOVLW      248
0x00C5	0x00FD      	MOVWF      R13
L__main27:
0x00C6	0x0BFD      	DECFSZ     R13, 1
0x00C7	0x28C6      	GOTO       L__main27
0x00C8	0x0BFC      	DECFSZ     R12, 1
0x00C9	0x28C6      	GOTO       L__main27
0x00CA	0x0000      	NOP
;supervisore_energetico.mbas,51 :: 		GPIO.2 = 1 ' Spegne Heltec
0x00CB	0x1283      	BCF        STATUS, 5
0x00CC	0x1505      	BSF        GPIO, 2
;supervisore_energetico.mbas,52 :: 		GPIO.5 = 1 ' Accende LED fisso (Conferma salvataggio e spegnimento)
0x00CD	0x1685      	BSF        GPIO, 5
;supervisore_energetico.mbas,54 :: 		while (GPIO.0 = 0)
L__main29:
0x00CE	0x1805      	BTFSC      GPIO, 0
0x00CF	0x28DB      	GOTO       L__main30
;supervisore_energetico.mbas,55 :: 		delay_ms(10)
0x00D0	0x300D      	MOVLW      13
0x00D1	0x00FC      	MOVWF      R12
0x00D2	0x30FB      	MOVLW      251
0x00D3	0x00FD      	MOVWF      R13
L__main33:
0x00D4	0x0BFD      	DECFSZ     R13, 1
0x00D5	0x28D4      	GOTO       L__main33
0x00D6	0x0BFC      	DECFSZ     R12, 1
0x00D7	0x28D4      	GOTO       L__main33
0x00D8	0x0000      	NOP
0x00D9	0x0000      	NOP
;supervisore_energetico.mbas,56 :: 		wend
0x00DA	0x28CE      	GOTO       L__main29
L__main30:
;supervisore_energetico.mbas,58 :: 		GPIO.5 = 0 ' Spegne LED al rilascio
0x00DB	0x1285      	BCF        GPIO, 5
;supervisore_energetico.mbas,59 :: 		secondi_contatore = 300 ' Forza rilettura al rilascio
0x00DC	0x302C      	MOVLW      44
0x00DD	0x00A3      	MOVWF      _secondi_contatore
0x00DE	0x3001      	MOVLW      1
0x00DF	0x00A4      	MOVWF      _secondi_contatore+1
L__main24:
;supervisore_energetico.mbas,60 :: 		end if
L__main15:
;supervisore_energetico.mbas,64 :: 		secondi_contatore = secondi_contatore + 1
0x00E0	0x0AA3      	INCF       _secondi_contatore, 1
0x00E1	0x1903      	BTFSC      STATUS, 2
0x00E2	0x0AA4      	INCF       _secondi_contatore+1, 1
;supervisore_energetico.mbas,65 :: 		if (secondi_contatore >= 300) then
0x00E3	0x3001      	MOVLW      1
0x00E4	0x0224      	SUBWF      _secondi_contatore+1, 0
0x00E5	0x1D03      	BTFSS      STATUS, 2
0x00E6	0x28E9      	GOTO       L__main48
0x00E7	0x302C      	MOVLW      44
0x00E8	0x0223      	SUBWF      _secondi_contatore, 0
L__main48:
0x00E9	0x1C03      	BTFSS      STATUS, 0
0x00EA	0x2906      	GOTO       L__main35
;supervisore_energetico.mbas,66 :: 		valore_adc = ADC_Read(1)
0x00EB	0x3001      	MOVLW      1
0x00EC	0x00A5      	MOVWF      FARG_ADC_Read_channel
0x00ED	0x2033      	CALL       _ADC_Read
0x00EE	0x0870      	MOVF       R0, 0
0x00EF	0x00A1      	MOVWF      _valore_adc
0x00F0	0x0871      	MOVF       R0+1, 0
0x00F1	0x00A2      	MOVWF      _valore_adc+1
;supervisore_energetico.mbas,68 :: 		if (valore_adc < 582) then
0x00F2	0x3002      	MOVLW      2
0x00F3	0x0271      	SUBWF      R0+1, 0
0x00F4	0x1D03      	BTFSS      STATUS, 2
0x00F5	0x28F8      	GOTO       L__main49
0x00F6	0x3046      	MOVLW      70
0x00F7	0x0270      	SUBWF      R0, 0
L__main49:
0x00F8	0x1803      	BTFSC      STATUS, 0
0x00F9	0x28FB      	GOTO       L__main38
;supervisore_energetico.mbas,69 :: 		GPIO.2 = 1
0x00FA	0x1505      	BSF        GPIO, 2
L__main38:
;supervisore_energetico.mbas,72 :: 		if (valore_adc > 651) then
0x00FB	0x0822      	MOVF       _valore_adc+1, 0
0x00FC	0x3C02      	SUBLW      2
0x00FD	0x1D03      	BTFSS      STATUS, 2
0x00FE	0x2901      	GOTO       L__main50
0x00FF	0x0821      	MOVF       _valore_adc, 0
0x0100	0x3C8B      	SUBLW      139
L__main50:
0x0101	0x1803      	BTFSC      STATUS, 0
0x0102	0x2904      	GOTO       L__main41
;supervisore_energetico.mbas,73 :: 		GPIO.2 = 0
0x0103	0x1105      	BCF        GPIO, 2
L__main41:
;supervisore_energetico.mbas,76 :: 		secondi_contatore = 0
0x0104	0x01A3      	CLRF       _secondi_contatore
0x0105	0x01A4      	CLRF       _secondi_contatore+1
L__main35:
;supervisore_energetico.mbas,79 :: 		delay_ms(100)
0x0106	0x3082      	MOVLW      130
0x0107	0x00FC      	MOVWF      R12
0x0108	0x30DD      	MOVLW      221
0x0109	0x00FD      	MOVWF      R13
L__main43:
0x010A	0x0BFD      	DECFSZ     R13, 1
0x010B	0x290A      	GOTO       L__main43
0x010C	0x0BFC      	DECFSZ     R12, 1
0x010D	0x290A      	GOTO       L__main43
0x010E	0x0000      	NOP
0x010F	0x0000      	NOP
;supervisore_energetico.mbas,80 :: 		wend
0x0110	0x2883      	GOTO       L__main10
L_end_main:
0x0111	0x2911      	GOTO       $+0
; end of _main
Symbol List:
//** Routines locations **
//ADDRESS    SIZE    PROCEDURE
//----------------------------------------------
0x0003       [6]    _Delay_22us
0x0009      [42]    _Init_Hardware
0x0033      [45]    _ADC_Read
0x0060      [30]    _EEPROM_Write
0x007E     [148]    _main
//** Variables locations ** 
//ADDRESS    SIZE    VARIABLE
//----------------------------------------------
0x0005       [1]    GPIO
0x000B       [1]    INTCON
0x0019       [1]    CMCON0
0x001E       [1]    ADRESH
0x001F       [1]    ADCON0
0x0020       [1]    _i
0x0021       [2]    _valore_adc
0x0023       [2]    _secondi_contatore
0x0025       [1]    FARG_ADC_Read_channel
0x0025       [1]    FARG_EEPROM_Write_address
0x0026       [2]    ADC_Read_local_result
0x0026       [1]    FARG_EEPROM_Write_data_
0x0070       [1]    R0
0x0071       [1]    R1
0x0072       [1]    R2
0x0073       [1]    R3
0x0074       [1]    R4
0x0075       [1]    R5
0x0076       [1]    R6
0x0077       [1]    R7
0x0078       [1]    R8
0x0079       [1]    R9
0x007A       [1]    R10
0x007B       [1]    R11
0x007C       [1]    R12
0x007D       [1]    R13
0x007E       [1]    R14
0x007F       [1]    R15
0x0081       [1]    OPTION_REG
0x0085       [1]    TRISIO
0x008F       [1]    OSCCON
0x0095       [1]    WPU
0x009A       [1]    EEDATA
0x009B       [1]    EEADR
0x009C       [1]    EECON1
0x009D       [1]    EECON2
0x009E       [1]    ADRESL
0x009F       [1]    ANSEL
