;  LST file generated by mikroListExporter - v.2.0 
; Date/Time: 21/03/2026 21:27:24
;----------------------------------------------

;Address Opcode 	ASM
0x0000	0x2953      	GOTO       339
_Delay_22us:
;__Lib_Delays.mbas,37 :: 		sub procedure Delay_22us()
;__Lib_Delays.mbas,38 :: 		Delay_us(22)
0x0003	0x3007      	MOVLW      7
0x0004	0x1283      	BCF        STATUS, 5
0x0005	0x00FD      	MOVWF      R13
L__Delay_22us5:
0x0006	0x0BFD      	DECFSZ     R13, 1
0x0007	0x2806      	GOTO       L__Delay_22us5
;__Lib_Delays.mbas,39 :: 		end sub
L_end_Delay_22us:
0x0008	0x0008      	RETURN
; end of _Delay_22us
_EEPROM_Write:
;__Lib_EEPROM.mpas,27 :: 		
;__Lib_EEPROM.mpas,28 :: 		
L__EEPROM_Write3:
0x0009	0x1683      	BSF        STATUS, 5
0x000A	0x1C9C      	BTFSS      EECON1, 1
0x000B	0x280E      	GOTO       L__EEPROM_Write4
0x000C	0x0000      	NOP
0x000D	0x2809      	GOTO       L__EEPROM_Write3
L__EEPROM_Write4:
;__Lib_EEPROM.mpas,30 :: 		
0x000E	0x1283      	BCF        STATUS, 5
0x000F	0x082A      	MOVF       FARG_EEPROM_Write_address, 0
0x0010	0x1683      	BSF        STATUS, 5
0x0011	0x009B      	MOVWF      EEADR
;__Lib_EEPROM.mpas,31 :: 		
0x0012	0x1283      	BCF        STATUS, 5
0x0013	0x082B      	MOVF       FARG_EEPROM_Write_data_, 0
0x0014	0x1683      	BSF        STATUS, 5
0x0015	0x009A      	MOVWF      EEDATA
;__Lib_EEPROM.mpas,32 :: 		
0x0016	0x139C      	BCF        EECON1, 7
;__Lib_EEPROM.mpas,33 :: 		
0x0017	0x151C      	BSF        EECON1, 2
;__Lib_EEPROM.mpas,35 :: 		
0x0018	0x080B      	MOVF       INTCON, 0
0x0019	0x00F0      	MOVWF      R0
;__Lib_EEPROM.mpas,38 :: 		
0x001A	0x138B      	BCF        INTCON, 7
;__Lib_EEPROM.mpas,39 :: 		
0x001B	0x3055      	MOVLW      85
0x001C	0x009D      	MOVWF      EECON2
;__Lib_EEPROM.mpas,40 :: 		
0x001D	0x30AA      	MOVLW      170
0x001E	0x009D      	MOVWF      EECON2
;__Lib_EEPROM.mpas,41 :: 		
0x001F	0x149C      	BSF        EECON1, 1
;__Lib_EEPROM.mpas,45 :: 		
0x0020	0x1BF0      	BTFSC      R0, 7
0x0021	0x2824      	GOTO       L__EEPROM_Write9
0x0022	0x138B      	BCF        INTCON, 7
0x0023	0x2825      	GOTO       L__EEPROM_Write10
L__EEPROM_Write9:
0x0024	0x178B      	BSF        INTCON, 7
L__EEPROM_Write10:
;__Lib_EEPROM.mpas,46 :: 		
0x0025	0x111C      	BCF        EECON1, 2
;__Lib_EEPROM.mpas,47 :: 		
L_end_EEPROM_Write:
0x0026	0x0008      	RETURN
; end of _EEPROM_Write
_Segnale_Avvio:
;supervisore_energetico.mbas,11 :: 		sub procedure Segnale_Avvio()
;supervisore_energetico.mbas,12 :: 		for i = 1 to 3
0x0027	0x3001      	MOVLW      1
0x0028	0x1283      	BCF        STATUS, 5
0x0029	0x00A2      	MOVWF      _i
L__Segnale_Avvio2:
;supervisore_energetico.mbas,13 :: 		GPIO.5 = 1
0x002A	0x1685      	BSF        GPIO, 5
;supervisore_energetico.mbas,14 :: 		delay_ms(250)
0x002B	0x3002      	MOVLW      2
0x002C	0x00FB      	MOVWF      R11
0x002D	0x3045      	MOVLW      69
0x002E	0x00FC      	MOVWF      R12
0x002F	0x30A9      	MOVLW      169
0x0030	0x00FD      	MOVWF      R13
L__Segnale_Avvio6:
0x0031	0x0BFD      	DECFSZ     R13, 1
0x0032	0x2831      	GOTO       L__Segnale_Avvio6
0x0033	0x0BFC      	DECFSZ     R12, 1
0x0034	0x2831      	GOTO       L__Segnale_Avvio6
0x0035	0x0BFB      	DECFSZ     R11, 1
0x0036	0x2831      	GOTO       L__Segnale_Avvio6
0x0037	0x0000      	NOP
0x0038	0x0000      	NOP
;supervisore_energetico.mbas,15 :: 		GPIO.5 = 0
0x0039	0x1285      	BCF        GPIO, 5
;supervisore_energetico.mbas,16 :: 		delay_ms(250)
0x003A	0x3002      	MOVLW      2
0x003B	0x00FB      	MOVWF      R11
0x003C	0x3045      	MOVLW      69
0x003D	0x00FC      	MOVWF      R12
0x003E	0x30A9      	MOVLW      169
0x003F	0x00FD      	MOVWF      R13
L__Segnale_Avvio7:
0x0040	0x0BFD      	DECFSZ     R13, 1
0x0041	0x2840      	GOTO       L__Segnale_Avvio7
0x0042	0x0BFC      	DECFSZ     R12, 1
0x0043	0x2840      	GOTO       L__Segnale_Avvio7
0x0044	0x0BFB      	DECFSZ     R11, 1
0x0045	0x2840      	GOTO       L__Segnale_Avvio7
0x0046	0x0000      	NOP
0x0047	0x0000      	NOP
;supervisore_energetico.mbas,17 :: 		next i
0x0048	0x0822      	MOVF       _i, 0
0x0049	0x3A03      	XORLW      3
0x004A	0x1903      	BTFSC      STATUS, 2
0x004B	0x284E      	GOTO       L__Segnale_Avvio5
0x004C	0x0AA2      	INCF       _i, 1
0x004D	0x282A      	GOTO       L__Segnale_Avvio2
L__Segnale_Avvio5:
;supervisore_energetico.mbas,18 :: 		end sub
L_end_Segnale_Avvio:
0x004E	0x0008      	RETURN
; end of _Segnale_Avvio
_ADC_Read:
;__Lib_ADC_A_E.mpas,84 :: 		
;__Lib_ADC_A_E.mpas,85 :: 		
0x004F	0x30C3      	MOVLW      195
0x0050	0x1283      	BCF        STATUS, 5
0x0051	0x059F      	ANDWF      ADCON0, 1
;__Lib_ADC_A_E.mpas,90 :: 		
0x0052	0x30F0      	MOVLW      240
0x0053	0x059F      	ANDWF      ADCON0, 1
;__Lib_ADC_A_E.mpas,91 :: 		
0x0054	0x30BF      	MOVLW      191
0x0055	0x059F      	ANDWF      ADCON0, 1
;__Lib_ADC_A_E.mpas,92 :: 		
0x0056	0x30F0      	MOVLW      240
0x0057	0x1683      	BSF        STATUS, 5
0x0058	0x049F      	IORWF      ANSEL, 1
;__Lib_ADC_A_E.mpas,93 :: 		
0x0059	0x1283      	BCF        STATUS, 5
0x005A	0x179F      	BSF        ADCON0, 7
;__Lib_ADC_A_E.mpas,94 :: 		
0x005B	0x082A      	MOVF       FARG_ADC_Read_channel, 0
0x005C	0x00F0      	MOVWF      R0
0x005D	0x0DF0      	RLF        R0, 1
0x005E	0x1070      	BCF        R0, 0
0x005F	0x0DF0      	RLF        R0, 1
0x0060	0x1070      	BCF        R0, 0
0x0061	0x0870      	MOVF       R0, 0
0x0062	0x049F      	IORWF      ADCON0, 1
;__Lib_ADC_A_E.mpas,97 :: 		
0x0063	0x141F      	BSF        ADCON0, 0
;__Lib_ADC_A_E.mpas,100 :: 		
0x0064	0x2003      	CALL       _Delay_22us
;__Lib_ADC_A_E.mpas,103 :: 		
0x0065	0x149F      	BSF        ADCON0, 1
;__Lib_ADC_A_E.mpas,106 :: 		
L__ADC_Read10:
0x0066	0x1C9F      	BTFSS      ADCON0, 1
0x0067	0x286A      	GOTO       L__ADC_Read11
0x0068	0x0000      	NOP
0x0069	0x2866      	GOTO       L__ADC_Read10
L__ADC_Read11:
;__Lib_ADC_A_E.mpas,109 :: 		
0x006A	0x101F      	BCF        ADCON0, 0
;__Lib_ADC_A_E.mpas,112 :: 		
0x006B	0x081E      	MOVF       ADRESH, 0
0x006C	0x00F1      	MOVWF      R0+1
0x006D	0x01F0      	CLRF       R0
0x006E	0x1683      	BSF        STATUS, 5
0x006F	0x081E      	MOVF       ADRESL, 0
0x0070	0x0470      	IORWF      R0, 0
0x0071	0x1283      	BCF        STATUS, 5
0x0072	0x00AB      	MOVWF      ADC_Read_local_result
0x0073	0x0871      	MOVF       R0+1, 0
0x0074	0x00AC      	MOVWF      ADC_Read_local_result+1
0x0075	0x3000      	MOVLW      0
0x0076	0x04AC      	IORWF      ADC_Read_local_result+1, 1
;__Lib_ADC_A_E.mpas,114 :: 		
0x0077	0x082B      	MOVF       ADC_Read_local_result, 0
0x0078	0x00F0      	MOVWF      R0
0x0079	0x082C      	MOVF       ADC_Read_local_result+1, 0
0x007A	0x00F1      	MOVWF      R0+1
L_end_ADC_Read:
0x007B	0x0008      	RETURN
; end of _ADC_Read
_Mul_32x32_U:
;__Lib_Math.mpas,1775 :: 		
;__Lib_Math.mpas,1789 :: 		
0x007C	0x1283      	BCF        STATUS, 5
;__Lib_Math.mpas,1790 :: 		
0x007D	0x1303      	BCF        STATUS, 6
;__Lib_Math.mpas,1791 :: 		
0x007E	0x3022      	MOVLW      34
;__Lib_Math.mpas,1792 :: 		
0x007F	0x00FC      	MOVWF      R12
;__Lib_Math.mpas,1793 :: 		
0x0080	0x01F8      	CLRF       R8
;__Lib_Math.mpas,1794 :: 		
0x0081	0x01F9      	CLRF       R9
;__Lib_Math.mpas,1795 :: 		
0x0082	0x01FA      	CLRF       R10
;__Lib_Math.mpas,1796 :: 		
0x0083	0x01FB      	CLRF       R11
;__Lib_Math.mpas,1798 :: 		
_NEXT:
;__Lib_Math.mpas,1802 :: 		
0x0084	0x03FC      	DECF       R12, 1
;__Lib_Math.mpas,1803 :: 		
0x0085	0x1903      	BTFSC      STATUS, 2
;__Lib_Math.mpas,1804 :: 		
0x0086	0x28B2      	GOTO       _EXIT2
;__Lib_Math.mpas,1805 :: 		
0x0087	0x1003      	BCF        STATUS, 0
;__Lib_Math.mpas,1807 :: 		
_LOOP:
;__Lib_Math.mpas,1816 :: 		
0x0088	0x0CFB      	RRF        R11, 1
;__Lib_Math.mpas,1817 :: 		
0x0089	0x0CFA      	RRF        R10, 1
;__Lib_Math.mpas,1818 :: 		
0x008A	0x0CF9      	RRF        R9, 1
;__Lib_Math.mpas,1819 :: 		
0x008B	0x0CF8      	RRF        R8, 1
;__Lib_Math.mpas,1820 :: 		
0x008C	0x0CF3      	RRF        R3, 1
;__Lib_Math.mpas,1821 :: 		
0x008D	0x0CF2      	RRF        R2, 1
;__Lib_Math.mpas,1822 :: 		
0x008E	0x0CF1      	RRF        R1, 1
;__Lib_Math.mpas,1823 :: 		
0x008F	0x0CF0      	RRF        R0, 1
;__Lib_Math.mpas,1828 :: 		
0x0090	0x1C03      	BTFSS      STATUS, 0
;__Lib_Math.mpas,1829 :: 		
0x0091	0x2884      	GOTO       _NEXT
;__Lib_Math.mpas,1830 :: 		
0x0092	0x03FC      	DECF       R12, 1
;__Lib_Math.mpas,1831 :: 		
0x0093	0x1903      	BTFSC      STATUS, 2
;__Lib_Math.mpas,1832 :: 		
0x0094	0x28A4      	GOTO       _EXIT1
;__Lib_Math.mpas,1839 :: 		
0x0095	0x0874      	MOVF       R4, 0
;__Lib_Math.mpas,1840 :: 		
0x0096	0x07F8      	ADDWF      R8, 1
;__Lib_Math.mpas,1841 :: 		
0x0097	0x0875      	MOVF       R5, 0
;__Lib_Math.mpas,1842 :: 		
0x0098	0x1803      	BTFSC      STATUS, 0
;__Lib_Math.mpas,1843 :: 		
0x0099	0x0F75      	INCFSZ     R5, 0
;__Lib_Math.mpas,1844 :: 		
0x009A	0x07F9      	ADDWF      R9, 1
;__Lib_Math.mpas,1845 :: 		
0x009B	0x0876      	MOVF       R6, 0
;__Lib_Math.mpas,1846 :: 		
0x009C	0x1803      	BTFSC      STATUS, 0
;__Lib_Math.mpas,1847 :: 		
0x009D	0x0F76      	INCFSZ     R6, 0
;__Lib_Math.mpas,1848 :: 		
0x009E	0x07FA      	ADDWF      R10, 1
;__Lib_Math.mpas,1849 :: 		
0x009F	0x0877      	MOVF       R7, 0
;__Lib_Math.mpas,1850 :: 		
0x00A0	0x1803      	BTFSC      STATUS, 0
;__Lib_Math.mpas,1851 :: 		
0x00A1	0x0F77      	INCFSZ     R7, 0
;__Lib_Math.mpas,1852 :: 		
0x00A2	0x07FB      	ADDWF      R11, 1
;__Lib_Math.mpas,1854 :: 		
0x00A3	0x2888      	GOTO       _LOOP
;__Lib_Math.mpas,1856 :: 		
_EXIT1:
;__Lib_Math.mpas,1861 :: 		
0x00A4	0x0874      	MOVF       R4, 0
;__Lib_Math.mpas,1862 :: 		
0x00A5	0x07F8      	ADDWF      R8, 1
;__Lib_Math.mpas,1863 :: 		
0x00A6	0x0875      	MOVF       R5, 0
;__Lib_Math.mpas,1864 :: 		
0x00A7	0x1803      	BTFSC      STATUS, 0
;__Lib_Math.mpas,1865 :: 		
0x00A8	0x0F75      	INCFSZ     R5, 0
;__Lib_Math.mpas,1866 :: 		
0x00A9	0x07F9      	ADDWF      R9, 1
;__Lib_Math.mpas,1867 :: 		
0x00AA	0x0876      	MOVF       R6, 0
;__Lib_Math.mpas,1868 :: 		
0x00AB	0x1803      	BTFSC      STATUS, 0
;__Lib_Math.mpas,1869 :: 		
0x00AC	0x0F76      	INCFSZ     R6, 0
;__Lib_Math.mpas,1870 :: 		
0x00AD	0x07FA      	ADDWF      R10, 1
;__Lib_Math.mpas,1871 :: 		
0x00AE	0x0877      	MOVF       R7, 0
;__Lib_Math.mpas,1872 :: 		
0x00AF	0x1803      	BTFSC      STATUS, 0
;__Lib_Math.mpas,1873 :: 		
0x00B0	0x0F77      	INCFSZ     R7, 0
;__Lib_Math.mpas,1874 :: 		
0x00B1	0x07FB      	ADDWF      R11, 1
;__Lib_Math.mpas,1877 :: 		
_EXIT2:
;__Lib_Math.mpas,1879 :: 		
L_end_Mul_32x32_U:
0x00B2	0x0008      	RETURN
; end of _Mul_32x32_U
_Salva_EEPROM:
;supervisore_energetico.mbas,20 :: 		sub procedure Salva_EEPROM()
;supervisore_energetico.mbas,22 :: 		valore_adc = ADC_Read(1)
0x00B3	0x3001      	MOVLW      1
0x00B4	0x1283      	BCF        STATUS, 5
0x00B5	0x00AA      	MOVWF      FARG_ADC_Read_channel
0x00B6	0x204F      	CALL       _ADC_Read
0x00B7	0x0870      	MOVF       R0, 0
0x00B8	0x00A0      	MOVWF      _valore_adc
0x00B9	0x0871      	MOVF       R0+1, 0
0x00BA	0x00A1      	MOVWF      _valore_adc+1
;supervisore_energetico.mbas,23 :: 		batteria_mv = (LongWord(valore_adc) * 5100) >> 10
0x00BB	0x3000      	MOVLW      0
0x00BC	0x00F2      	MOVWF      R0+2
0x00BD	0x00F3      	MOVWF      R0+3
0x00BE	0x30EC      	MOVLW      236
0x00BF	0x00F4      	MOVWF      R4
0x00C0	0x3013      	MOVLW      19
0x00C1	0x00F5      	MOVWF      R4+1
0x00C2	0x01F6      	CLRF       R4+2
0x00C3	0x01F7      	CLRF       R4+3
0x00C4	0x207C      	CALL       _Mul_32x32_U
0x00C5	0x300A      	MOVLW      10
0x00C6	0x00F4      	MOVWF      R4
0x00C7	0x0870      	MOVF       R0, 0
0x00C8	0x00A4      	MOVWF      _batteria_mv
0x00C9	0x0871      	MOVF       R0+1, 0
0x00CA	0x00A5      	MOVWF      _batteria_mv+1
0x00CB	0x0872      	MOVF       R0+2, 0
0x00CC	0x00A6      	MOVWF      _batteria_mv+2
0x00CD	0x0873      	MOVF       R0+3, 0
0x00CE	0x00A7      	MOVWF      _batteria_mv+3
0x00CF	0x0874      	MOVF       R4, 0
L__Salva_EEPROM89:
0x00D0	0x1903      	BTFSC      STATUS, 2
0x00D1	0x28D9      	GOTO       L__Salva_EEPROM90
0x00D2	0x0CA7      	RRF        _batteria_mv+3, 1
0x00D3	0x0CA6      	RRF        _batteria_mv+2, 1
0x00D4	0x0CA5      	RRF        _batteria_mv+1, 1
0x00D5	0x0CA4      	RRF        _batteria_mv, 1
0x00D6	0x13A7      	BCF        _batteria_mv+3, 7
0x00D7	0x3EFF      	ADDLW      255
0x00D8	0x28D0      	GOTO       L__Salva_EEPROM89
L__Salva_EEPROM90:
;supervisore_energetico.mbas,26 :: 		EEPROM_Write(0, Hi(valore_adc))
0x00D9	0x01AA      	CLRF       FARG_EEPROM_Write_address
0x00DA	0x0821      	MOVF       _valore_adc+1, 0
0x00DB	0x00AB      	MOVWF      FARG_EEPROM_Write_data_
0x00DC	0x2009      	CALL       _EEPROM_Write
;supervisore_energetico.mbas,27 :: 		delay_ms(20)
0x00DD	0x301A      	MOVLW      26
0x00DE	0x00FC      	MOVWF      R12
0x00DF	0x30F8      	MOVLW      248
0x00E0	0x00FD      	MOVWF      R13
L__Salva_EEPROM9:
0x00E1	0x0BFD      	DECFSZ     R13, 1
0x00E2	0x28E1      	GOTO       L__Salva_EEPROM9
0x00E3	0x0BFC      	DECFSZ     R12, 1
0x00E4	0x28E1      	GOTO       L__Salva_EEPROM9
0x00E5	0x0000      	NOP
;supervisore_energetico.mbas,28 :: 		EEPROM_Write(1, Lo(valore_adc))
0x00E6	0x3001      	MOVLW      1
0x00E7	0x1283      	BCF        STATUS, 5
0x00E8	0x00AA      	MOVWF      FARG_EEPROM_Write_address
0x00E9	0x0820      	MOVF       _valore_adc, 0
0x00EA	0x00AB      	MOVWF      FARG_EEPROM_Write_data_
0x00EB	0x2009      	CALL       _EEPROM_Write
;supervisore_energetico.mbas,29 :: 		delay_ms(20)
0x00EC	0x301A      	MOVLW      26
0x00ED	0x00FC      	MOVWF      R12
0x00EE	0x30F8      	MOVLW      248
0x00EF	0x00FD      	MOVWF      R13
L__Salva_EEPROM10:
0x00F0	0x0BFD      	DECFSZ     R13, 1
0x00F1	0x28F0      	GOTO       L__Salva_EEPROM10
0x00F2	0x0BFC      	DECFSZ     R12, 1
0x00F3	0x28F0      	GOTO       L__Salva_EEPROM10
0x00F4	0x0000      	NOP
;supervisore_energetico.mbas,32 :: 		EEPROM_Write(2, 0xFF)
0x00F5	0x3002      	MOVLW      2
0x00F6	0x1283      	BCF        STATUS, 5
0x00F7	0x00AA      	MOVWF      FARG_EEPROM_Write_address
0x00F8	0x30FF      	MOVLW      255
0x00F9	0x00AB      	MOVWF      FARG_EEPROM_Write_data_
0x00FA	0x2009      	CALL       _EEPROM_Write
;supervisore_energetico.mbas,33 :: 		delay_ms(20)
0x00FB	0x301A      	MOVLW      26
0x00FC	0x00FC      	MOVWF      R12
0x00FD	0x30F8      	MOVLW      248
0x00FE	0x00FD      	MOVWF      R13
L__Salva_EEPROM11:
0x00FF	0x0BFD      	DECFSZ     R13, 1
0x0100	0x28FF      	GOTO       L__Salva_EEPROM11
0x0101	0x0BFC      	DECFSZ     R12, 1
0x0102	0x28FF      	GOTO       L__Salva_EEPROM11
0x0103	0x0000      	NOP
;supervisore_energetico.mbas,37 :: 		EEPROM_Write(3, Highest(batteria_mv)) ' Byte 4 (MSB)
0x0104	0x3003      	MOVLW      3
0x0105	0x1283      	BCF        STATUS, 5
0x0106	0x00AA      	MOVWF      FARG_EEPROM_Write_address
0x0107	0x0827      	MOVF       _batteria_mv+3, 0
0x0108	0x00AB      	MOVWF      FARG_EEPROM_Write_data_
0x0109	0x2009      	CALL       _EEPROM_Write
;supervisore_energetico.mbas,38 :: 		delay_ms(20)
0x010A	0x301A      	MOVLW      26
0x010B	0x00FC      	MOVWF      R12
0x010C	0x30F8      	MOVLW      248
0x010D	0x00FD      	MOVWF      R13
L__Salva_EEPROM12:
0x010E	0x0BFD      	DECFSZ     R13, 1
0x010F	0x290E      	GOTO       L__Salva_EEPROM12
0x0110	0x0BFC      	DECFSZ     R12, 1
0x0111	0x290E      	GOTO       L__Salva_EEPROM12
0x0112	0x0000      	NOP
;supervisore_energetico.mbas,39 :: 		EEPROM_Write(4, Higher(batteria_mv))  ' Byte 3
0x0113	0x3004      	MOVLW      4
0x0114	0x1283      	BCF        STATUS, 5
0x0115	0x00AA      	MOVWF      FARG_EEPROM_Write_address
0x0116	0x0826      	MOVF       _batteria_mv+2, 0
0x0117	0x00AB      	MOVWF      FARG_EEPROM_Write_data_
0x0118	0x2009      	CALL       _EEPROM_Write
;supervisore_energetico.mbas,40 :: 		delay_ms(20)
0x0119	0x301A      	MOVLW      26
0x011A	0x00FC      	MOVWF      R12
0x011B	0x30F8      	MOVLW      248
0x011C	0x00FD      	MOVWF      R13
L__Salva_EEPROM13:
0x011D	0x0BFD      	DECFSZ     R13, 1
0x011E	0x291D      	GOTO       L__Salva_EEPROM13
0x011F	0x0BFC      	DECFSZ     R12, 1
0x0120	0x291D      	GOTO       L__Salva_EEPROM13
0x0121	0x0000      	NOP
;supervisore_energetico.mbas,41 :: 		EEPROM_Write(5, Hi(batteria_mv))      ' Byte 2
0x0122	0x3005      	MOVLW      5
0x0123	0x1283      	BCF        STATUS, 5
0x0124	0x00AA      	MOVWF      FARG_EEPROM_Write_address
0x0125	0x0825      	MOVF       _batteria_mv+1, 0
0x0126	0x00AB      	MOVWF      FARG_EEPROM_Write_data_
0x0127	0x2009      	CALL       _EEPROM_Write
;supervisore_energetico.mbas,42 :: 		delay_ms(20)
0x0128	0x301A      	MOVLW      26
0x0129	0x00FC      	MOVWF      R12
0x012A	0x30F8      	MOVLW      248
0x012B	0x00FD      	MOVWF      R13
L__Salva_EEPROM14:
0x012C	0x0BFD      	DECFSZ     R13, 1
0x012D	0x292C      	GOTO       L__Salva_EEPROM14
0x012E	0x0BFC      	DECFSZ     R12, 1
0x012F	0x292C      	GOTO       L__Salva_EEPROM14
0x0130	0x0000      	NOP
;supervisore_energetico.mbas,43 :: 		EEPROM_Write(6, Lo(batteria_mv))      ' Byte 1 (LSB)
0x0131	0x3006      	MOVLW      6
0x0132	0x1283      	BCF        STATUS, 5
0x0133	0x00AA      	MOVWF      FARG_EEPROM_Write_address
0x0134	0x0824      	MOVF       _batteria_mv, 0
0x0135	0x00AB      	MOVWF      FARG_EEPROM_Write_data_
0x0136	0x2009      	CALL       _EEPROM_Write
;supervisore_energetico.mbas,44 :: 		delay_ms(20)
0x0137	0x301A      	MOVLW      26
0x0138	0x00FC      	MOVWF      R12
0x0139	0x30F8      	MOVLW      248
0x013A	0x00FD      	MOVWF      R13
L__Salva_EEPROM15:
0x013B	0x0BFD      	DECFSZ     R13, 1
0x013C	0x293B      	GOTO       L__Salva_EEPROM15
0x013D	0x0BFC      	DECFSZ     R12, 1
0x013E	0x293B      	GOTO       L__Salva_EEPROM15
0x013F	0x0000      	NOP
;supervisore_energetico.mbas,45 :: 		end sub
L_end_Salva_EEPROM:
0x0140	0x0008      	RETURN
; end of _Salva_EEPROM
_Init_Hardware:
;supervisore_energetico.mbas,47 :: 		sub procedure Init_Hardware()
;supervisore_energetico.mbas,48 :: 		OSCCON = %01100000    ' 4MHz internal
0x0141	0x3060      	MOVLW      96
0x0142	0x1683      	BSF        STATUS, 5
0x0143	0x008F      	MOVWF      OSCCON
;supervisore_energetico.mbas,49 :: 		CMCON0 = 7            ' Comparatori OFF
0x0144	0x3007      	MOVLW      7
0x0145	0x1283      	BCF        STATUS, 5
0x0146	0x0099      	MOVWF      CMCON0
;supervisore_energetico.mbas,50 :: 		ANSEL  = %00000010    ' RA1 Analogico (ANS1)
0x0147	0x3002      	MOVLW      2
0x0148	0x1683      	BSF        STATUS, 5
0x0149	0x009F      	MOVWF      ANSEL
;supervisore_energetico.mbas,51 :: 		TRISIO = %00001011    ' RA0, RA1, RA3 Input | RA2, RA5 Output
0x014A	0x300B      	MOVLW      11
0x014B	0x0085      	MOVWF      TRISIO
;supervisore_energetico.mbas,52 :: 		OPTION_REG.7 = 0      ' Abilita Pull-ups
0x014C	0x1381      	BCF        OPTION_REG, 7
;supervisore_energetico.mbas,53 :: 		WPU.0 = 1             ' Pull-up su tasto RA0
0x014D	0x1415      	BSF        WPU, 0
;supervisore_energetico.mbas,54 :: 		GPIO.2 = 1            ' Heltec SPENTO al boot (Logica Inversa)
0x014E	0x1283      	BCF        STATUS, 5
0x014F	0x1505      	BSF        GPIO, 2
;supervisore_energetico.mbas,55 :: 		in_manutenzione = false
0x0150	0x01A3      	CLRF       _in_manutenzione
;supervisore_energetico.mbas,56 :: 		Segnale_Avvio()
0x0151	0x2027      	CALL       _Segnale_Avvio
;supervisore_energetico.mbas,57 :: 		end sub
L_end_Init_Hardware:
0x0152	0x0008      	RETURN
; end of _Init_Hardware
_main:
;supervisore_energetico.mbas,59 :: 		main:
;supervisore_energetico.mbas,60 :: 		Init_Hardware()
0x0153	0x2141      	CALL       _Init_Hardware
;supervisore_energetico.mbas,61 :: 		secondi_contatore = 300 ' Forza lettura immediata al boot
0x0154	0x302C      	MOVLW      44
0x0155	0x00A8      	MOVWF      _secondi_contatore
0x0156	0x3001      	MOVLW      1
0x0157	0x00A9      	MOVWF      _secondi_contatore+1
;supervisore_energetico.mbas,63 :: 		while (TRUE)
L__main19:
;supervisore_energetico.mbas,65 :: 		if (GPIO.0 = 0) then
0x0158	0x1805      	BTFSC      GPIO, 0
0x0159	0x2A32      	GOTO       L__main24
;supervisore_energetico.mbas,66 :: 		i = 0
0x015A	0x01A2      	CLRF       _i
;supervisore_energetico.mbas,67 :: 		while (GPIO.0 = 0) and (i < 50)
L__main27:
0x015B	0x1805      	BTFSC      GPIO, 0
0x015C	0x295F      	GOTO       L__main93
0x015D	0x1479      	BSF        R9, 0
0x015E	0x2960      	GOTO       L__main94
L__main93:
0x015F	0x1079      	BCF        R9, 0
L__main94:
0x0160	0x3032      	MOVLW      50
0x0161	0x0222      	SUBWF      _i, 0
0x0162	0x30FF      	MOVLW      255
0x0163	0x1803      	BTFSC      STATUS, 0
0x0164	0x3000      	MOVLW      0
0x0165	0x00F1      	MOVWF      R1
0x0166	0x01F0      	CLRF       R0
0x0167	0x1879      	BTFSC      R9, 0
0x0168	0x0AF0      	INCF       R0, 1
0x0169	0x0871      	MOVF       R1, 0
0x016A	0x05F0      	ANDWF      R0, 1
0x016B	0x1903      	BTFSC      STATUS, 2
0x016C	0x297E      	GOTO       L__main28
;supervisore_energetico.mbas,68 :: 		delay_ms(100)
0x016D	0x3082      	MOVLW      130
0x016E	0x00FC      	MOVWF      R12
0x016F	0x30DD      	MOVLW      221
0x0170	0x00FD      	MOVWF      R13
L__main31:
0x0171	0x0BFD      	DECFSZ     R13, 1
0x0172	0x2971      	GOTO       L__main31
0x0173	0x0BFC      	DECFSZ     R12, 1
0x0174	0x2971      	GOTO       L__main31
0x0175	0x0000      	NOP
0x0176	0x0000      	NOP
;supervisore_energetico.mbas,69 :: 		i = i + 1
0x0177	0x0AA2      	INCF       _i, 1
;supervisore_energetico.mbas,70 :: 		if (i >= 10) then GPIO.5 = 1 end if
0x0178	0x300A      	MOVLW      10
0x0179	0x0222      	SUBWF      _i, 0
0x017A	0x1C03      	BTFSS      STATUS, 0
0x017B	0x297D      	GOTO       L__main33
0x017C	0x1685      	BSF        GPIO, 5
L__main33:
;supervisore_energetico.mbas,71 :: 		wend
0x017D	0x295B      	GOTO       L__main27
L__main28:
;supervisore_energetico.mbas,74 :: 		if (i >= 10) and (i < 50) then
0x017E	0x300A      	MOVLW      10
0x017F	0x0222      	SUBWF      _i, 0
0x0180	0x30FF      	MOVLW      255
0x0181	0x1C03      	BTFSS      STATUS, 0
0x0182	0x3000      	MOVLW      0
0x0183	0x00F1      	MOVWF      R1
0x0184	0x3032      	MOVLW      50
0x0185	0x0222      	SUBWF      _i, 0
0x0186	0x30FF      	MOVLW      255
0x0187	0x1803      	BTFSC      STATUS, 0
0x0188	0x3000      	MOVLW      0
0x0189	0x00F0      	MOVWF      R0
0x018A	0x0871      	MOVF       R1, 0
0x018B	0x05F0      	ANDWF      R0, 1
0x018C	0x1903      	BTFSC      STATUS, 2
0x018D	0x29A3      	GOTO       L__main36
;supervisore_energetico.mbas,75 :: 		Salva_EEPROM()
0x018E	0x20B3      	CALL       _Salva_EEPROM
;supervisore_energetico.mbas,76 :: 		GPIO.2 = 1 ' Spegne
0x018F	0x1283      	BCF        STATUS, 5
0x0190	0x1505      	BSF        GPIO, 2
;supervisore_energetico.mbas,77 :: 		GPIO.5 = 0
0x0191	0x1285      	BCF        GPIO, 5
;supervisore_energetico.mbas,78 :: 		delay_ms(1000)
0x0192	0x3006      	MOVLW      6
0x0193	0x00FB      	MOVWF      R11
0x0194	0x3013      	MOVLW      19
0x0195	0x00FC      	MOVWF      R12
0x0196	0x30AD      	MOVLW      173
0x0197	0x00FD      	MOVWF      R13
L__main38:
0x0198	0x0BFD      	DECFSZ     R13, 1
0x0199	0x2998      	GOTO       L__main38
0x019A	0x0BFC      	DECFSZ     R12, 1
0x019B	0x2998      	GOTO       L__main38
0x019C	0x0BFB      	DECFSZ     R11, 1
0x019D	0x2998      	GOTO       L__main38
0x019E	0x0000      	NOP
0x019F	0x0000      	NOP
;supervisore_energetico.mbas,79 :: 		GPIO.2 = 0 ' Riaccende
0x01A0	0x1105      	BCF        GPIO, 2
;supervisore_energetico.mbas,80 :: 		secondi_contatore = 0
0x01A1	0x01A8      	CLRF       _secondi_contatore
0x01A2	0x01A9      	CLRF       _secondi_contatore+1
L__main36:
;supervisore_energetico.mbas,84 :: 		if (i >= 50) then
0x01A3	0x3032      	MOVLW      50
0x01A4	0x0222      	SUBWF      _i, 0
0x01A5	0x1C03      	BTFSS      STATUS, 0
0x01A6	0x2A31      	GOTO       L__main40
;supervisore_energetico.mbas,85 :: 		Salva_EEPROM()
0x01A7	0x20B3      	CALL       _Salva_EEPROM
;supervisore_energetico.mbas,86 :: 		GPIO.2 = 1
0x01A8	0x1283      	BCF        STATUS, 5
0x01A9	0x1505      	BSF        GPIO, 2
;supervisore_energetico.mbas,87 :: 		for i = 1 to 20
0x01AA	0x3001      	MOVLW      1
0x01AB	0x00A2      	MOVWF      _i
L__main43:
;supervisore_energetico.mbas,88 :: 		GPIO.5 = not GPIO.5
0x01AC	0x3020      	MOVLW      32
0x01AD	0x0685      	XORWF      GPIO, 1
;supervisore_energetico.mbas,89 :: 		delay_ms(100)
0x01AE	0x3082      	MOVLW      130
0x01AF	0x00FC      	MOVWF      R12
0x01B0	0x30DD      	MOVLW      221
0x01B1	0x00FD      	MOVWF      R13
L__main47:
0x01B2	0x0BFD      	DECFSZ     R13, 1
0x01B3	0x29B2      	GOTO       L__main47
0x01B4	0x0BFC      	DECFSZ     R12, 1
0x01B5	0x29B2      	GOTO       L__main47
0x01B6	0x0000      	NOP
0x01B7	0x0000      	NOP
;supervisore_energetico.mbas,90 :: 		next i
0x01B8	0x0822      	MOVF       _i, 0
0x01B9	0x3A14      	XORLW      20
0x01BA	0x1903      	BTFSC      STATUS, 2
0x01BB	0x29BE      	GOTO       L__main46
0x01BC	0x0AA2      	INCF       _i, 1
0x01BD	0x29AC      	GOTO       L__main43
L__main46:
;supervisore_energetico.mbas,91 :: 		GPIO.5 = 0
0x01BE	0x1285      	BCF        GPIO, 5
;supervisore_energetico.mbas,92 :: 		in_manutenzione = true
0x01BF	0x30FF      	MOVLW      255
0x01C0	0x00A3      	MOVWF      _in_manutenzione
;supervisore_energetico.mbas,94 :: 		while (in_manutenzione = true)
L__main49:
0x01C1	0x0823      	MOVF       _in_manutenzione, 0
0x01C2	0x3AFF      	XORLW      255
0x01C3	0x1D03      	BTFSS      STATUS, 2
0x01C4	0x2A2D      	GOTO       L__main50
;supervisore_energetico.mbas,95 :: 		GPIO.5 = 1
0x01C5	0x1685      	BSF        GPIO, 5
;supervisore_energetico.mbas,96 :: 		delay_ms(500)
0x01C6	0x3003      	MOVLW      3
0x01C7	0x00FB      	MOVWF      R11
0x01C8	0x308A      	MOVLW      138
0x01C9	0x00FC      	MOVWF      R12
0x01CA	0x3055      	MOVLW      85
0x01CB	0x00FD      	MOVWF      R13
L__main53:
0x01CC	0x0BFD      	DECFSZ     R13, 1
0x01CD	0x29CC      	GOTO       L__main53
0x01CE	0x0BFC      	DECFSZ     R12, 1
0x01CF	0x29CC      	GOTO       L__main53
0x01D0	0x0BFB      	DECFSZ     R11, 1
0x01D1	0x29CC      	GOTO       L__main53
0x01D2	0x0000      	NOP
0x01D3	0x0000      	NOP
;supervisore_energetico.mbas,97 :: 		GPIO.5 = 0
0x01D4	0x1285      	BCF        GPIO, 5
;supervisore_energetico.mbas,98 :: 		if (GPIO.0 = 0) then
0x01D5	0x1805      	BTFSC      GPIO, 0
0x01D6	0x2A1E      	GOTO       L__main55
;supervisore_energetico.mbas,99 :: 		secondi_contatore = 0
0x01D7	0x01A8      	CLRF       _secondi_contatore
0x01D8	0x01A9      	CLRF       _secondi_contatore+1
;supervisore_energetico.mbas,100 :: 		while (GPIO.0 = 0) and (secondi_contatore < 50)
L__main58:
0x01D9	0x1805      	BTFSC      GPIO, 0
0x01DA	0x29DD      	GOTO       L__main95
0x01DB	0x1479      	BSF        R9, 0
0x01DC	0x29DE      	GOTO       L__main96
L__main95:
0x01DD	0x1079      	BCF        R9, 0
L__main96:
0x01DE	0x3000      	MOVLW      0
0x01DF	0x0229      	SUBWF      _secondi_contatore+1, 0
0x01E0	0x1D03      	BTFSS      STATUS, 2
0x01E1	0x29E4      	GOTO       L__main97
0x01E2	0x3032      	MOVLW      50
0x01E3	0x0228      	SUBWF      _secondi_contatore, 0
L__main97:
0x01E4	0x30FF      	MOVLW      255
0x01E5	0x1803      	BTFSC      STATUS, 0
0x01E6	0x3000      	MOVLW      0
0x01E7	0x00F1      	MOVWF      R1
0x01E8	0x01F0      	CLRF       R0
0x01E9	0x1879      	BTFSC      R9, 0
0x01EA	0x0AF0      	INCF       R0, 1
0x01EB	0x0871      	MOVF       R1, 0
0x01EC	0x05F0      	ANDWF      R0, 1
0x01ED	0x1903      	BTFSC      STATUS, 2
0x01EE	0x29FD      	GOTO       L__main59
;supervisore_energetico.mbas,101 :: 		delay_ms(100)
0x01EF	0x3082      	MOVLW      130
0x01F0	0x00FC      	MOVWF      R12
0x01F1	0x30DD      	MOVLW      221
0x01F2	0x00FD      	MOVWF      R13
L__main62:
0x01F3	0x0BFD      	DECFSZ     R13, 1
0x01F4	0x29F3      	GOTO       L__main62
0x01F5	0x0BFC      	DECFSZ     R12, 1
0x01F6	0x29F3      	GOTO       L__main62
0x01F7	0x0000      	NOP
0x01F8	0x0000      	NOP
;supervisore_energetico.mbas,102 :: 		secondi_contatore = secondi_contatore + 1
0x01F9	0x0AA8      	INCF       _secondi_contatore, 1
0x01FA	0x1903      	BTFSC      STATUS, 2
0x01FB	0x0AA9      	INCF       _secondi_contatore+1, 1
;supervisore_energetico.mbas,103 :: 		wend
0x01FC	0x29D9      	GOTO       L__main58
L__main59:
;supervisore_energetico.mbas,104 :: 		if (secondi_contatore >= 50) then
0x01FD	0x3000      	MOVLW      0
0x01FE	0x0229      	SUBWF      _secondi_contatore+1, 0
0x01FF	0x1D03      	BTFSS      STATUS, 2
0x0200	0x2A03      	GOTO       L__main98
0x0201	0x3032      	MOVLW      50
0x0202	0x0228      	SUBWF      _secondi_contatore, 0
L__main98:
0x0203	0x1C03      	BTFSS      STATUS, 0
0x0204	0x2A1D      	GOTO       L__main64
;supervisore_energetico.mbas,105 :: 		Salva_EEPROM()
0x0205	0x20B3      	CALL       _Salva_EEPROM
;supervisore_energetico.mbas,106 :: 		in_manutenzione = false
0x0206	0x1283      	BCF        STATUS, 5
0x0207	0x01A3      	CLRF       _in_manutenzione
;supervisore_energetico.mbas,107 :: 		for i = 1 to 20
0x0208	0x3001      	MOVLW      1
0x0209	0x00A2      	MOVWF      _i
L__main67:
;supervisore_energetico.mbas,108 :: 		GPIO.5 = not GPIO.5
0x020A	0x3020      	MOVLW      32
0x020B	0x0685      	XORWF      GPIO, 1
;supervisore_energetico.mbas,109 :: 		delay_ms(100)
0x020C	0x3082      	MOVLW      130
0x020D	0x00FC      	MOVWF      R12
0x020E	0x30DD      	MOVLW      221
0x020F	0x00FD      	MOVWF      R13
L__main71:
0x0210	0x0BFD      	DECFSZ     R13, 1
0x0211	0x2A10      	GOTO       L__main71
0x0212	0x0BFC      	DECFSZ     R12, 1
0x0213	0x2A10      	GOTO       L__main71
0x0214	0x0000      	NOP
0x0215	0x0000      	NOP
;supervisore_energetico.mbas,110 :: 		next i
0x0216	0x0822      	MOVF       _i, 0
0x0217	0x3A14      	XORLW      20
0x0218	0x1903      	BTFSC      STATUS, 2
0x0219	0x2A1C      	GOTO       L__main70
0x021A	0x0AA2      	INCF       _i, 1
0x021B	0x2A0A      	GOTO       L__main67
L__main70:
;supervisore_energetico.mbas,111 :: 		GPIO.5 = 0
0x021C	0x1285      	BCF        GPIO, 5
L__main64:
;supervisore_energetico.mbas,112 :: 		end if
0x021D	0x2A2C      	GOTO       L__main56
;supervisore_energetico.mbas,113 :: 		else
L__main55:
;supervisore_energetico.mbas,114 :: 		delay_ms(500)
0x021E	0x3003      	MOVLW      3
0x021F	0x00FB      	MOVWF      R11
0x0220	0x308A      	MOVLW      138
0x0221	0x00FC      	MOVWF      R12
0x0222	0x3055      	MOVLW      85
0x0223	0x00FD      	MOVWF      R13
L__main72:
0x0224	0x0BFD      	DECFSZ     R13, 1
0x0225	0x2A24      	GOTO       L__main72
0x0226	0x0BFC      	DECFSZ     R12, 1
0x0227	0x2A24      	GOTO       L__main72
0x0228	0x0BFB      	DECFSZ     R11, 1
0x0229	0x2A24      	GOTO       L__main72
0x022A	0x0000      	NOP
0x022B	0x0000      	NOP
;supervisore_energetico.mbas,115 :: 		end if
L__main56:
;supervisore_energetico.mbas,116 :: 		wend
0x022C	0x29C1      	GOTO       L__main49
L__main50:
;supervisore_energetico.mbas,117 :: 		Segnale_Avvio()
0x022D	0x2027      	CALL       _Segnale_Avvio
;supervisore_energetico.mbas,118 :: 		GPIO.2 = 0
0x022E	0x1105      	BCF        GPIO, 2
;supervisore_energetico.mbas,119 :: 		secondi_contatore = 0
0x022F	0x01A8      	CLRF       _secondi_contatore
0x0230	0x01A9      	CLRF       _secondi_contatore+1
L__main40:
;supervisore_energetico.mbas,121 :: 		GPIO.5 = 0
0x0231	0x1285      	BCF        GPIO, 5
L__main24:
;supervisore_energetico.mbas,125 :: 		if (in_manutenzione = false) then
0x0232	0x0823      	MOVF       _in_manutenzione, 0
0x0233	0x3A00      	XORLW      0
0x0234	0x1D03      	BTFSS      STATUS, 2
0x0235	0x2AA1      	GOTO       L__main74
;supervisore_energetico.mbas,126 :: 		secondi_contatore = secondi_contatore + 1
0x0236	0x0AA8      	INCF       _secondi_contatore, 1
0x0237	0x1903      	BTFSC      STATUS, 2
0x0238	0x0AA9      	INCF       _secondi_contatore+1, 1
;supervisore_energetico.mbas,127 :: 		if (secondi_contatore >= 300) then
0x0239	0x3001      	MOVLW      1
0x023A	0x0229      	SUBWF      _secondi_contatore+1, 0
0x023B	0x1D03      	BTFSS      STATUS, 2
0x023C	0x2A3F      	GOTO       L__main99
0x023D	0x302C      	MOVLW      44
0x023E	0x0228      	SUBWF      _secondi_contatore, 0
L__main99:
0x023F	0x1C03      	BTFSS      STATUS, 0
0x0240	0x2AA1      	GOTO       L__main77
;supervisore_energetico.mbas,129 :: 		valore_adc = ADC_Read(1)
0x0241	0x3001      	MOVLW      1
0x0242	0x00AA      	MOVWF      FARG_ADC_Read_channel
0x0243	0x204F      	CALL       _ADC_Read
0x0244	0x0870      	MOVF       R0, 0
0x0245	0x00A0      	MOVWF      _valore_adc
0x0246	0x0871      	MOVF       R0+1, 0
0x0247	0x00A1      	MOVWF      _valore_adc+1
;supervisore_energetico.mbas,130 :: 		delay_ms(5)
0x0248	0x3007      	MOVLW      7
0x0249	0x00FC      	MOVWF      R12
0x024A	0x307D      	MOVLW      125
0x024B	0x00FD      	MOVWF      R13
L__main79:
0x024C	0x0BFD      	DECFSZ     R13, 1
0x024D	0x2A4C      	GOTO       L__main79
0x024E	0x0BFC      	DECFSZ     R12, 1
0x024F	0x2A4C      	GOTO       L__main79
;supervisore_energetico.mbas,131 :: 		valore_adc = ADC_Read(1)
0x0250	0x3001      	MOVLW      1
0x0251	0x00AA      	MOVWF      FARG_ADC_Read_channel
0x0252	0x204F      	CALL       _ADC_Read
0x0253	0x0870      	MOVF       R0, 0
0x0254	0x00A0      	MOVWF      _valore_adc
0x0255	0x0871      	MOVF       R0+1, 0
0x0256	0x00A1      	MOVWF      _valore_adc+1
;supervisore_energetico.mbas,135 :: 		batteria_mv = (LongWord(valore_adc) * 5080) >> 10 ' Lo shift >> 10 equivale a diviso 1024, piů veloce!
0x0257	0x3000      	MOVLW      0
0x0258	0x00F2      	MOVWF      R0+2
0x0259	0x00F3      	MOVWF      R0+3
0x025A	0x30D8      	MOVLW      216
0x025B	0x00F4      	MOVWF      R4
0x025C	0x3013      	MOVLW      19
0x025D	0x00F5      	MOVWF      R4+1
0x025E	0x01F6      	CLRF       R4+2
0x025F	0x01F7      	CLRF       R4+3
0x0260	0x207C      	CALL       _Mul_32x32_U
0x0261	0x300A      	MOVLW      10
0x0262	0x00F8      	MOVWF      R8
0x0263	0x0870      	MOVF       R0, 0
0x0264	0x00F4      	MOVWF      R4
0x0265	0x0871      	MOVF       R0+1, 0
0x0266	0x00F5      	MOVWF      R4+1
0x0267	0x0872      	MOVF       R0+2, 0
0x0268	0x00F6      	MOVWF      R4+2
0x0269	0x0873      	MOVF       R0+3, 0
0x026A	0x00F7      	MOVWF      R4+3
0x026B	0x0878      	MOVF       R8, 0
L__main100:
0x026C	0x1903      	BTFSC      STATUS, 2
0x026D	0x2A75      	GOTO       L__main101
0x026E	0x0CF7      	RRF        R4+3, 1
0x026F	0x0CF6      	RRF        R4+2, 1
0x0270	0x0CF5      	RRF        R4+1, 1
0x0271	0x0CF4      	RRF        R4, 1
0x0272	0x13F7      	BCF        R4+3, 7
0x0273	0x3EFF      	ADDLW      255
0x0274	0x2A6C      	GOTO       L__main100
L__main101:
0x0275	0x0874      	MOVF       R4, 0
0x0276	0x00A4      	MOVWF      _batteria_mv
0x0277	0x0875      	MOVF       R4+1, 0
0x0278	0x00A5      	MOVWF      _batteria_mv+1
0x0279	0x0876      	MOVF       R4+2, 0
0x027A	0x00A6      	MOVWF      _batteria_mv+2
0x027B	0x0877      	MOVF       R4+3, 0
0x027C	0x00A7      	MOVWF      _batteria_mv+3
;supervisore_energetico.mbas,143 :: 		if (batteria_mv <= 3340) then
0x027D	0x0877      	MOVF       R4+3, 0
0x027E	0x3C00      	SUBLW      0
0x027F	0x1D03      	BTFSS      STATUS, 2
0x0280	0x2A8B      	GOTO       L__main102
0x0281	0x0876      	MOVF       R4+2, 0
0x0282	0x3C00      	SUBLW      0
0x0283	0x1D03      	BTFSS      STATUS, 2
0x0284	0x2A8B      	GOTO       L__main102
0x0285	0x0875      	MOVF       R4+1, 0
0x0286	0x3C0D      	SUBLW      13
0x0287	0x1D03      	BTFSS      STATUS, 2
0x0288	0x2A8B      	GOTO       L__main102
0x0289	0x0874      	MOVF       R4, 0
0x028A	0x3C0C      	SUBLW      12
L__main102:
0x028B	0x1C03      	BTFSS      STATUS, 0
0x028C	0x2A8E      	GOTO       L__main81
;supervisore_energetico.mbas,144 :: 		GPIO.2 = 1  ' SPEGNI (Logica Inversa)
0x028D	0x1505      	BSF        GPIO, 2
L__main81:
;supervisore_energetico.mbas,147 :: 		if (batteria_mv >= 3700) then
0x028E	0x3000      	MOVLW      0
0x028F	0x0227      	SUBWF      _batteria_mv+3, 0
0x0290	0x1D03      	BTFSS      STATUS, 2
0x0291	0x2A9C      	GOTO       L__main103
0x0292	0x3000      	MOVLW      0
0x0293	0x0226      	SUBWF      _batteria_mv+2, 0
0x0294	0x1D03      	BTFSS      STATUS, 2
0x0295	0x2A9C      	GOTO       L__main103
0x0296	0x300E      	MOVLW      14
0x0297	0x0225      	SUBWF      _batteria_mv+1, 0
0x0298	0x1D03      	BTFSS      STATUS, 2
0x0299	0x2A9C      	GOTO       L__main103
0x029A	0x3074      	MOVLW      116
0x029B	0x0224      	SUBWF      _batteria_mv, 0
L__main103:
0x029C	0x1C03      	BTFSS      STATUS, 0
0x029D	0x2A9F      	GOTO       L__main84
;supervisore_energetico.mbas,148 :: 		GPIO.2 = 0  ' ACCENDI
0x029E	0x1105      	BCF        GPIO, 2
L__main84:
;supervisore_energetico.mbas,151 :: 		secondi_contatore = 0
0x029F	0x01A8      	CLRF       _secondi_contatore
0x02A0	0x01A9      	CLRF       _secondi_contatore+1
L__main77:
;supervisore_energetico.mbas,152 :: 		end if
L__main74:
;supervisore_energetico.mbas,155 :: 		delay_ms(100)
0x02A1	0x3082      	MOVLW      130
0x02A2	0x00FC      	MOVWF      R12
0x02A3	0x30DD      	MOVLW      221
0x02A4	0x00FD      	MOVWF      R13
L__main86:
0x02A5	0x0BFD      	DECFSZ     R13, 1
0x02A6	0x2AA5      	GOTO       L__main86
0x02A7	0x0BFC      	DECFSZ     R12, 1
0x02A8	0x2AA5      	GOTO       L__main86
0x02A9	0x0000      	NOP
0x02AA	0x0000      	NOP
;supervisore_energetico.mbas,156 :: 		wend
0x02AB	0x2958      	GOTO       L__main19
L_end_main:
0x02AC	0x2AAC      	GOTO       $+0
; end of _main
Symbol List:
//** Routines locations **
//ADDRESS    SIZE    PROCEDURE
//----------------------------------------------
0x0003       [6]    _Delay_22us
0x0009      [30]    _EEPROM_Write
0x0027      [40]    _Segnale_Avvio
0x004F      [45]    _ADC_Read
0x007C      [55]    _Mul_32x32_U
0x00B3     [142]    _Salva_EEPROM
0x0141      [18]    _Init_Hardware
0x0153     [346]    _main
//** Variables locations ** 
//ADDRESS    SIZE    VARIABLE
//----------------------------------------------
0x0003       [1]    STATUS
0x0005       [1]    GPIO
0x000B       [1]    INTCON
0x0019       [1]    CMCON0
0x001E       [1]    ADRESH
0x001F       [1]    ADCON0
0x0020       [2]    _valore_adc
0x0022       [1]    _i
0x0023       [1]    _in_manutenzione
0x0024       [4]    _batteria_mv
0x0028       [2]    _secondi_contatore
0x002A       [1]    FARG_ADC_Read_channel
0x002A       [1]    FARG_EEPROM_Write_address
0x002B       [2]    ADC_Read_local_result
0x002B       [1]    FARG_EEPROM_Write_data_
0x0070       [1]    R0
0x0071       [1]    R1
0x0072       [1]    R2
0x0073       [1]    R3
0x0074       [1]    R4
0x0075       [1]    R5
0x0076       [1]    R6
0x0077       [1]    R7
0x0078       [1]    R8
0x0079       [1]    R9
0x007A       [1]    R10
0x007B       [1]    R11
0x007C       [1]    R12
0x007D       [1]    R13
0x007E       [1]    R14
0x007F       [1]    R15
0x0081       [1]    OPTION_REG
0x0085       [1]    TRISIO
0x008F       [1]    OSCCON
0x0095       [1]    WPU
0x009A       [1]    EEDATA
0x009B       [1]    EEADR
0x009C       [1]    EECON1
0x009D       [1]    EECON2
0x009E       [1]    ADRESL
0x009F       [1]    ANSEL
