;  LST file generated by mikroListExporter - v.2.0 
; Date/Time: 22/03/2026 12:00:34
;----------------------------------------------

;Address Opcode 	ASM
0x0000	0x29A0      	GOTO       416
_Delay_22us:
;__Lib_Delays.c,15 :: 		void Delay_22us() {
;__Lib_Delays.c,16 :: 		Delay_us(22);
0x0003	0x3007      	MOVLW      7
0x0004	0x1283      	BCF        STATUS, 5
0x0005	0x00FD      	MOVWF      R13
L_Delay_22us1:
0x0006	0x0BFD      	DECFSZ     R13, 1
0x0007	0x2806      	GOTO       L_Delay_22us1
;__Lib_Delays.c,17 :: 		}
L_end_Delay_22us:
0x0008	0x0008      	RETURN
; end of _Delay_22us
_ADC_Read:
;__Lib_ADC_A_E.c,75 :: 		
;__Lib_ADC_A_E.c,77 :: 		
0x0009	0x30C3      	MOVLW      195
0x000A	0x1283      	BCF        STATUS, 5
0x000B	0x059F      	ANDWF      ADCON0, 1
;__Lib_ADC_A_E.c,82 :: 		
0x000C	0x30F0      	MOVLW      240
0x000D	0x059F      	ANDWF      ADCON0, 1
;__Lib_ADC_A_E.c,83 :: 		
0x000E	0x0920      	COMF       _vref_mask, 0
0x000F	0x00F0      	MOVWF      R0
0x0010	0x0870      	MOVF       R0, 0
0x0011	0x059F      	ANDWF      ADCON0, 1
;__Lib_ADC_A_E.c,84 :: 		
0x0012	0x30F0      	MOVLW      240
0x0013	0x1683      	BSF        STATUS, 5
0x0014	0x049F      	IORWF      ANSEL, 1
;__Lib_ADC_A_E.c,85 :: 		
0x0015	0x1283      	BCF        STATUS, 5
0x0016	0x179F      	BSF        ADCON0, 7
;__Lib_ADC_A_E.c,86 :: 		
0x0017	0x083C      	MOVF       FARG_ADC_Read_channel, 0
0x0018	0x00F0      	MOVWF      R0
0x0019	0x0DF0      	RLF        R0, 1
0x001A	0x1070      	BCF        R0, 0
0x001B	0x0DF0      	RLF        R0, 1
0x001C	0x1070      	BCF        R0, 0
0x001D	0x0870      	MOVF       R0, 0
0x001E	0x049F      	IORWF      ADCON0, 1
;__Lib_ADC_A_E.c,89 :: 		
0x001F	0x141F      	BSF        ADCON0, 0
;__Lib_ADC_A_E.c,92 :: 		
0x0020	0x2003      	CALL       _Delay_22us
;__Lib_ADC_A_E.c,95 :: 		
0x0021	0x149F      	BSF        ADCON0, 1
;__Lib_ADC_A_E.c,98 :: 		
L_ADC_Read2:
0x0022	0x1C9F      	BTFSS      ADCON0, 1
0x0023	0x2826      	GOTO       L_ADC_Read3
;__Lib_ADC_A_E.c,99 :: 		
0x0024	0x0000      	NOP
0x0025	0x2822      	GOTO       L_ADC_Read2
L_ADC_Read3:
;__Lib_ADC_A_E.c,102 :: 		
0x0026	0x101F      	BCF        ADCON0, 0
;__Lib_ADC_A_E.c,105 :: 		
0x0027	0x081E      	MOVF       ADRESH, 0
0x0028	0x00F1      	MOVWF      R0+1
0x0029	0x01F0      	CLRF       R0
0x002A	0x1683      	BSF        STATUS, 5
0x002B	0x081E      	MOVF       ADRESL, 0
0x002C	0x04F0      	IORWF      R0, 1
0x002D	0x3000      	MOVLW      0
0x002E	0x04F1      	IORWF      R0+1, 1
;__Lib_ADC_A_E.c,106 :: 		
L_end_ADC_Read:
0x002F	0x0008      	RETURN
; end of _ADC_Read
_Delay_Safe_ms:
;heltec.c,17 :: 		void Delay_Safe_ms(unsigned int n) {
;heltec.c,19 :: 		for (k = 1; k <= n; k++) {
0x0030	0x3001      	MOVLW      1
0x0031	0x1283      	BCF        STATUS, 5
0x0032	0x00F1      	MOVWF      R1
0x0033	0x3000      	MOVLW      0
0x0034	0x00F2      	MOVWF      R1+1
L_Delay_Safe_ms0:
0x0035	0x0872      	MOVF       R1+1, 0
0x0036	0x023D      	SUBWF      FARG_Delay_Safe_ms_n+1, 0
0x0037	0x1D03      	BTFSS      STATUS, 2
0x0038	0x283B      	GOTO       L__Delay_Safe_ms64
0x0039	0x0871      	MOVF       R1, 0
0x003A	0x023C      	SUBWF      FARG_Delay_Safe_ms_n, 0
L__Delay_Safe_ms64:
0x003B	0x1C03      	BTFSS      STATUS, 0
0x003C	0x284A      	GOTO       L_Delay_Safe_ms1
;heltec.c,20 :: 		Delay_ms(1);
0x003D	0x3002      	MOVLW      2
0x003E	0x00FC      	MOVWF      R12
0x003F	0x304B      	MOVLW      75
0x0040	0x00FD      	MOVWF      R13
L_Delay_Safe_ms3:
0x0041	0x0BFD      	DECFSZ     R13, 1
0x0042	0x2841      	GOTO       L_Delay_Safe_ms3
0x0043	0x0BFC      	DECFSZ     R12, 1
0x0044	0x2841      	GOTO       L_Delay_Safe_ms3
;heltec.c,21 :: 		asm clrwdt;
0x0045	0x0064      	CLRWDT
;heltec.c,19 :: 		for (k = 1; k <= n; k++) {
0x0046	0x0AF1      	INCF       R1, 1
0x0047	0x1903      	BTFSC      STATUS, 2
0x0048	0x0AF2      	INCF       R1+1, 1
;heltec.c,22 :: 		}
0x0049	0x2835      	GOTO       L_Delay_Safe_ms0
L_Delay_Safe_ms1:
;heltec.c,23 :: 		}
L_end_Delay_Safe_ms:
0x004A	0x0008      	RETURN
; end of _Delay_Safe_ms
_Mul_32x32_U:
;__Lib_Math.c,1775 :: 		
;__Lib_Math.c,1790 :: 		
0x004B	0x1283      	BCF        STATUS, 5
;__Lib_Math.c,1791 :: 		
0x004C	0x1303      	BCF        STATUS, 6
;__Lib_Math.c,1792 :: 		
0x004D	0x3022      	MOVLW      34
;__Lib_Math.c,1793 :: 		
0x004E	0x00FC      	MOVWF      R12
;__Lib_Math.c,1794 :: 		
0x004F	0x01F8      	CLRF       R8
;__Lib_Math.c,1795 :: 		
0x0050	0x01F9      	CLRF       R9
;__Lib_Math.c,1796 :: 		
0x0051	0x01FA      	CLRF       R10
;__Lib_Math.c,1797 :: 		
0x0052	0x01FB      	CLRF       R11
;__Lib_Math.c,1799 :: 		
_NEXT:
;__Lib_Math.c,1803 :: 		
0x0053	0x03FC      	DECF       R12, 1
;__Lib_Math.c,1804 :: 		
0x0054	0x1903      	BTFSC      STATUS, 2
;__Lib_Math.c,1805 :: 		
0x0055	0x2881      	GOTO       _EXIT2
;__Lib_Math.c,1806 :: 		
0x0056	0x1003      	BCF        STATUS, 0
;__Lib_Math.c,1808 :: 		
_LOOP:
;__Lib_Math.c,1817 :: 		
0x0057	0x0CFB      	RRF        R11, 1
;__Lib_Math.c,1818 :: 		
0x0058	0x0CFA      	RRF        R10, 1
;__Lib_Math.c,1819 :: 		
0x0059	0x0CF9      	RRF        R9, 1
;__Lib_Math.c,1820 :: 		
0x005A	0x0CF8      	RRF        R8, 1
;__Lib_Math.c,1821 :: 		
0x005B	0x0CF3      	RRF        R3, 1
;__Lib_Math.c,1822 :: 		
0x005C	0x0CF2      	RRF        R2, 1
;__Lib_Math.c,1823 :: 		
0x005D	0x0CF1      	RRF        R1, 1
;__Lib_Math.c,1824 :: 		
0x005E	0x0CF0      	RRF        R0, 1
;__Lib_Math.c,1829 :: 		
0x005F	0x1C03      	BTFSS      STATUS, 0
;__Lib_Math.c,1830 :: 		
0x0060	0x2853      	GOTO       _NEXT
;__Lib_Math.c,1831 :: 		
0x0061	0x03FC      	DECF       R12, 1
;__Lib_Math.c,1832 :: 		
0x0062	0x1903      	BTFSC      STATUS, 2
;__Lib_Math.c,1833 :: 		
0x0063	0x2873      	GOTO       _EXIT1
;__Lib_Math.c,1840 :: 		
0x0064	0x0874      	MOVF       R4, 0
;__Lib_Math.c,1841 :: 		
0x0065	0x07F8      	ADDWF      R8, 1
;__Lib_Math.c,1842 :: 		
0x0066	0x0875      	MOVF       R5, 0
;__Lib_Math.c,1843 :: 		
0x0067	0x1803      	BTFSC      STATUS, 0
;__Lib_Math.c,1844 :: 		
0x0068	0x0F75      	INCFSZ     R5, 0
;__Lib_Math.c,1845 :: 		
0x0069	0x07F9      	ADDWF      R9, 1
;__Lib_Math.c,1846 :: 		
0x006A	0x0876      	MOVF       R6, 0
;__Lib_Math.c,1847 :: 		
0x006B	0x1803      	BTFSC      STATUS, 0
;__Lib_Math.c,1848 :: 		
0x006C	0x0F76      	INCFSZ     R6, 0
;__Lib_Math.c,1849 :: 		
0x006D	0x07FA      	ADDWF      R10, 1
;__Lib_Math.c,1850 :: 		
0x006E	0x0877      	MOVF       R7, 0
;__Lib_Math.c,1851 :: 		
0x006F	0x1803      	BTFSC      STATUS, 0
;__Lib_Math.c,1852 :: 		
0x0070	0x0F77      	INCFSZ     R7, 0
;__Lib_Math.c,1853 :: 		
0x0071	0x07FB      	ADDWF      R11, 1
;__Lib_Math.c,1855 :: 		
0x0072	0x2857      	GOTO       _LOOP
;__Lib_Math.c,1857 :: 		
_EXIT1:
;__Lib_Math.c,1862 :: 		
0x0073	0x0874      	MOVF       R4, 0
;__Lib_Math.c,1863 :: 		
0x0074	0x07F8      	ADDWF      R8, 1
;__Lib_Math.c,1864 :: 		
0x0075	0x0875      	MOVF       R5, 0
;__Lib_Math.c,1865 :: 		
0x0076	0x1803      	BTFSC      STATUS, 0
;__Lib_Math.c,1866 :: 		
0x0077	0x0F75      	INCFSZ     R5, 0
;__Lib_Math.c,1867 :: 		
0x0078	0x07F9      	ADDWF      R9, 1
;__Lib_Math.c,1868 :: 		
0x0079	0x0876      	MOVF       R6, 0
;__Lib_Math.c,1869 :: 		
0x007A	0x1803      	BTFSC      STATUS, 0
;__Lib_Math.c,1870 :: 		
0x007B	0x0F76      	INCFSZ     R6, 0
;__Lib_Math.c,1871 :: 		
0x007C	0x07FA      	ADDWF      R10, 1
;__Lib_Math.c,1872 :: 		
0x007D	0x0877      	MOVF       R7, 0
;__Lib_Math.c,1873 :: 		
0x007E	0x1803      	BTFSC      STATUS, 0
;__Lib_Math.c,1874 :: 		
0x007F	0x0F77      	INCFSZ     R7, 0
;__Lib_Math.c,1875 :: 		
0x0080	0x07FB      	ADDWF      R11, 1
;__Lib_Math.c,1878 :: 		
_EXIT2:
;__Lib_Math.c,1880 :: 		
L_end_Mul_32x32_U:
0x0081	0x0008      	RETURN
; end of _Mul_32x32_U
_Leggi_Batteria_mV:
;heltec.c,26 :: 		void Leggi_Batteria_mV() {
;heltec.c,27 :: 		valore_adc = ADC_Read(1);      // Prima lettura (scarto per stabilizzare l'ADC)
0x0082	0x3001      	MOVLW      1
0x0083	0x1283      	BCF        STATUS, 5
0x0084	0x00BC      	MOVWF      FARG_ADC_Read_channel
0x0085	0x2009      	CALL       _ADC_Read
0x0086	0x0870      	MOVF       R0, 0
0x0087	0x1283      	BCF        STATUS, 5
0x0088	0x00A2      	MOVWF      _valore_adc
0x0089	0x0871      	MOVF       R0+1, 0
0x008A	0x00A3      	MOVWF      _valore_adc+1
;heltec.c,28 :: 		Delay_Safe_ms(5);
0x008B	0x3005      	MOVLW      5
0x008C	0x00BC      	MOVWF      FARG_Delay_Safe_ms_n
0x008D	0x3000      	MOVLW      0
0x008E	0x00BD      	MOVWF      FARG_Delay_Safe_ms_n+1
0x008F	0x2030      	CALL       _Delay_Safe_ms
;heltec.c,29 :: 		valore_adc = ADC_Read(1);      // Seconda lettura reale
0x0090	0x3001      	MOVLW      1
0x0091	0x00BC      	MOVWF      FARG_ADC_Read_channel
0x0092	0x2009      	CALL       _ADC_Read
0x0093	0x0870      	MOVF       R0, 0
0x0094	0x1283      	BCF        STATUS, 5
0x0095	0x00A2      	MOVWF      _valore_adc
0x0096	0x0871      	MOVF       R0+1, 0
0x0097	0x00A3      	MOVWF      _valore_adc+1
;heltec.c,33 :: 		batteria_mv = ((unsigned long)valore_adc * taratura_vcc) >> 10;
0x0098	0x3000      	MOVLW      0
0x0099	0x00F2      	MOVWF      R0+2
0x009A	0x00F3      	MOVWF      R0+3
0x009B	0x0836      	MOVF       _taratura_vcc, 0
0x009C	0x00F4      	MOVWF      R4
0x009D	0x0837      	MOVF       _taratura_vcc+1, 0
0x009E	0x00F5      	MOVWF      R4+1
0x009F	0x0838      	MOVF       _taratura_vcc+2, 0
0x00A0	0x00F6      	MOVWF      R4+2
0x00A1	0x0839      	MOVF       _taratura_vcc+3, 0
0x00A2	0x00F7      	MOVWF      R4+3
0x00A3	0x204B      	CALL       _Mul_32x32_U
0x00A4	0x300A      	MOVLW      10
0x00A5	0x00F4      	MOVWF      R4
0x00A6	0x0870      	MOVF       R0, 0
0x00A7	0x00A6      	MOVWF      _batteria_mv
0x00A8	0x0871      	MOVF       R0+1, 0
0x00A9	0x00A7      	MOVWF      _batteria_mv+1
0x00AA	0x0872      	MOVF       R0+2, 0
0x00AB	0x00A8      	MOVWF      _batteria_mv+2
0x00AC	0x0873      	MOVF       R0+3, 0
0x00AD	0x00A9      	MOVWF      _batteria_mv+3
0x00AE	0x0874      	MOVF       R4, 0
L__Leggi_Batteria_mV66:
0x00AF	0x1903      	BTFSC      STATUS, 2
0x00B0	0x28B8      	GOTO       L__Leggi_Batteria_mV67
0x00B1	0x0CA9      	RRF        _batteria_mv+3, 1
0x00B2	0x0CA8      	RRF        _batteria_mv+2, 1
0x00B3	0x0CA7      	RRF        _batteria_mv+1, 1
0x00B4	0x0CA6      	RRF        _batteria_mv, 1
0x00B5	0x13A9      	BCF        _batteria_mv+3, 7
0x00B6	0x3EFF      	ADDLW      255
0x00B7	0x28AF      	GOTO       L__Leggi_Batteria_mV66
L__Leggi_Batteria_mV67:
;heltec.c,34 :: 		}
L_end_Leggi_Batteria_mV:
0x00B8	0x0008      	RETURN
; end of _Leggi_Batteria_mV
_____DoICP:
;__Lib_System.c,6 :: 		
;__Lib_System.c,9 :: 		
0x00B9	0x1283      	BCF        STATUS, 5
0x00BA	0x0825      	MOVF       ___DoICPAddr+1, 0
0x00BB	0x008A      	MOVWF      PCLATH
;__Lib_System.c,10 :: 		
0x00BC	0x0824      	MOVF       ___DoICPAddr, 0
0x00BD	0x0082      	MOVWF      PCL
;__Lib_System.c,12 :: 		
L_end_____DoICP:
0x00BE	0x0008      	RETURN
; end of _____DoICP
_Segnale_Avvio:
;heltec.c,37 :: 		void Segnale_Avvio() {
;heltec.c,38 :: 		for (i = 1; i <= 3; i++) {
0x00BF	0x3001      	MOVLW      1
0x00C0	0x1283      	BCF        STATUS, 5
0x00C1	0x00A1      	MOVWF      _i
L_Segnale_Avvio4:
0x00C2	0x0821      	MOVF       _i, 0
0x00C3	0x3C03      	SUBLW      3
0x00C4	0x1C03      	BTFSS      STATUS, 0
0x00C5	0x28D2      	GOTO       L_Segnale_Avvio5
;heltec.c,39 :: 		GPIO.F5 = 1;
0x00C6	0x1685      	BSF        GPIO, 5
;heltec.c,40 :: 		Delay_Safe_ms(250);
0x00C7	0x30FA      	MOVLW      250
0x00C8	0x00BC      	MOVWF      FARG_Delay_Safe_ms_n
0x00C9	0x01BD      	CLRF       FARG_Delay_Safe_ms_n+1
0x00CA	0x2030      	CALL       _Delay_Safe_ms
;heltec.c,41 :: 		GPIO.F5 = 0;
0x00CB	0x1285      	BCF        GPIO, 5
;heltec.c,42 :: 		Delay_Safe_ms(250);
0x00CC	0x30FA      	MOVLW      250
0x00CD	0x00BC      	MOVWF      FARG_Delay_Safe_ms_n
0x00CE	0x01BD      	CLRF       FARG_Delay_Safe_ms_n+1
0x00CF	0x2030      	CALL       _Delay_Safe_ms
;heltec.c,38 :: 		for (i = 1; i <= 3; i++) {
0x00D0	0x0AA1      	INCF       _i, 1
;heltec.c,43 :: 		}
0x00D1	0x28C2      	GOTO       L_Segnale_Avvio4
L_Segnale_Avvio5:
;heltec.c,44 :: 		}
L_end_Segnale_Avvio:
0x00D2	0x0008      	RETURN
; end of _Segnale_Avvio
_EEPROM_Write:
;__Lib_EEPROM.c,16 :: 		
;__Lib_EEPROM.c,20 :: 		
L_EEPROM_Write0:
0x00D3	0x1683      	BSF        STATUS, 5
0x00D4	0x1C9C      	BTFSS      EECON1, 1
0x00D5	0x28D8      	GOTO       L_EEPROM_Write1
0x00D6	0x0000      	NOP
0x00D7	0x28D3      	GOTO       L_EEPROM_Write0
L_EEPROM_Write1:
;__Lib_EEPROM.c,21 :: 		
0x00D8	0x1283      	BCF        STATUS, 5
0x00D9	0x083A      	MOVF       FARG_EEPROM_Write_Address, 0
0x00DA	0x1683      	BSF        STATUS, 5
0x00DB	0x009B      	MOVWF      EEADR
;__Lib_EEPROM.c,22 :: 		
0x00DC	0x1283      	BCF        STATUS, 5
0x00DD	0x083B      	MOVF       FARG_EEPROM_Write_data_, 0
0x00DE	0x1683      	BSF        STATUS, 5
0x00DF	0x009A      	MOVWF      EEDATA
;__Lib_EEPROM.c,23 :: 		
0x00E0	0x139C      	BCF        EECON1, 7
;__Lib_EEPROM.c,24 :: 		
0x00E1	0x151C      	BSF        EECON1, 2
;__Lib_EEPROM.c,26 :: 		
0x00E2	0x080B      	MOVF       INTCON, 0
0x00E3	0x00F0      	MOVWF      R0
;__Lib_EEPROM.c,29 :: 		
0x00E4	0x138B      	BCF        INTCON, 7
;__Lib_EEPROM.c,30 :: 		
0x00E5	0x3055      	MOVLW      85
0x00E6	0x009D      	MOVWF      EECON2
;__Lib_EEPROM.c,31 :: 		
0x00E7	0x30AA      	MOVLW      170
0x00E8	0x009D      	MOVWF      EECON2
;__Lib_EEPROM.c,32 :: 		
0x00E9	0x149C      	BSF        EECON1, 1
;__Lib_EEPROM.c,36 :: 		
0x00EA	0x1BF0      	BTFSC      R0, 7
0x00EB	0x28EE      	GOTO       L__EEPROM_Write4
0x00EC	0x138B      	BCF        INTCON, 7
0x00ED	0x28EF      	GOTO       L__EEPROM_Write5
L__EEPROM_Write4:
0x00EE	0x178B      	BSF        INTCON, 7
L__EEPROM_Write5:
;__Lib_EEPROM.c,37 :: 		
0x00EF	0x111C      	BCF        EECON1, 2
;__Lib_EEPROM.c,38 :: 		
L_end_EEPROM_Write:
0x00F0	0x0008      	RETURN
; end of _EEPROM_Write
_Salva_EEPROM:
;heltec.c,84 :: 		void Salva_EEPROM() {
;heltec.c,85 :: 		Leggi_Batteria_mV();    // Aggiorna i valori prima di scrivere
0x00F1	0x2082      	CALL       _Leggi_Batteria_mV
;heltec.c,87 :: 		EEPROM_Write(0, (valore_adc >> 8));    // Hi(valore_adc)
0x00F2	0x01BA      	CLRF       FARG_EEPROM_Write_Address
0x00F3	0x0823      	MOVF       _valore_adc+1, 0
0x00F4	0x00F0      	MOVWF      R0
0x00F5	0x01F1      	CLRF       R0+1
0x00F6	0x0870      	MOVF       R0, 0
0x00F7	0x00BB      	MOVWF      FARG_EEPROM_Write_data_
0x00F8	0x20D3      	CALL       _EEPROM_Write
;heltec.c,88 :: 		Delay_Safe_ms(20);
0x00F9	0x3014      	MOVLW      20
0x00FA	0x1283      	BCF        STATUS, 5
0x00FB	0x00BC      	MOVWF      FARG_Delay_Safe_ms_n
0x00FC	0x3000      	MOVLW      0
0x00FD	0x00BD      	MOVWF      FARG_Delay_Safe_ms_n+1
0x00FE	0x2030      	CALL       _Delay_Safe_ms
;heltec.c,89 :: 		EEPROM_Write(1, (valore_adc & 0xFF));  // Lo(valore_adc)
0x00FF	0x3001      	MOVLW      1
0x0100	0x00BA      	MOVWF      FARG_EEPROM_Write_Address
0x0101	0x30FF      	MOVLW      255
0x0102	0x0522      	ANDWF      _valore_adc, 0
0x0103	0x00BB      	MOVWF      FARG_EEPROM_Write_data_
0x0104	0x20D3      	CALL       _EEPROM_Write
;heltec.c,90 :: 		Delay_Safe_ms(20);
0x0105	0x3014      	MOVLW      20
0x0106	0x1283      	BCF        STATUS, 5
0x0107	0x00BC      	MOVWF      FARG_Delay_Safe_ms_n
0x0108	0x3000      	MOVLW      0
0x0109	0x00BD      	MOVWF      FARG_Delay_Safe_ms_n+1
0x010A	0x2030      	CALL       _Delay_Safe_ms
;heltec.c,91 :: 		EEPROM_Write(2, 0xFF);
0x010B	0x3002      	MOVLW      2
0x010C	0x00BA      	MOVWF      FARG_EEPROM_Write_Address
0x010D	0x30FF      	MOVLW      255
0x010E	0x00BB      	MOVWF      FARG_EEPROM_Write_data_
0x010F	0x20D3      	CALL       _EEPROM_Write
;heltec.c,92 :: 		Delay_Safe_ms(20);
0x0110	0x3014      	MOVLW      20
0x0111	0x1283      	BCF        STATUS, 5
0x0112	0x00BC      	MOVWF      FARG_Delay_Safe_ms_n
0x0113	0x3000      	MOVLW      0
0x0114	0x00BD      	MOVWF      FARG_Delay_Safe_ms_n+1
0x0115	0x2030      	CALL       _Delay_Safe_ms
;heltec.c,93 :: 		EEPROM_Write(3, (unsigned short)(batteria_mv >> 24)); // Highest
0x0116	0x3003      	MOVLW      3
0x0117	0x00BA      	MOVWF      FARG_EEPROM_Write_Address
0x0118	0x0829      	MOVF       _batteria_mv+3, 0
0x0119	0x00F0      	MOVWF      R0
0x011A	0x01F1      	CLRF       R0+1
0x011B	0x01F2      	CLRF       R0+2
0x011C	0x01F3      	CLRF       R0+3
0x011D	0x0870      	MOVF       R0, 0
0x011E	0x00BB      	MOVWF      FARG_EEPROM_Write_data_
0x011F	0x20D3      	CALL       _EEPROM_Write
;heltec.c,94 :: 		Delay_Safe_ms(20);
0x0120	0x3014      	MOVLW      20
0x0121	0x1283      	BCF        STATUS, 5
0x0122	0x00BC      	MOVWF      FARG_Delay_Safe_ms_n
0x0123	0x3000      	MOVLW      0
0x0124	0x00BD      	MOVWF      FARG_Delay_Safe_ms_n+1
0x0125	0x2030      	CALL       _Delay_Safe_ms
;heltec.c,95 :: 		EEPROM_Write(4, (unsigned short)(batteria_mv >> 16)); // Higher
0x0126	0x3004      	MOVLW      4
0x0127	0x00BA      	MOVWF      FARG_EEPROM_Write_Address
0x0128	0x0828      	MOVF       _batteria_mv+2, 0
0x0129	0x00F0      	MOVWF      R0
0x012A	0x0829      	MOVF       _batteria_mv+3, 0
0x012B	0x00F1      	MOVWF      R0+1
0x012C	0x01F2      	CLRF       R0+2
0x012D	0x01F3      	CLRF       R0+3
0x012E	0x0870      	MOVF       R0, 0
0x012F	0x00BB      	MOVWF      FARG_EEPROM_Write_data_
0x0130	0x20D3      	CALL       _EEPROM_Write
;heltec.c,96 :: 		Delay_Safe_ms(20);
0x0131	0x3014      	MOVLW      20
0x0132	0x1283      	BCF        STATUS, 5
0x0133	0x00BC      	MOVWF      FARG_Delay_Safe_ms_n
0x0134	0x3000      	MOVLW      0
0x0135	0x00BD      	MOVWF      FARG_Delay_Safe_ms_n+1
0x0136	0x2030      	CALL       _Delay_Safe_ms
;heltec.c,97 :: 		EEPROM_Write(5, (unsigned short)(batteria_mv >> 8));  // Hi
0x0137	0x3005      	MOVLW      5
0x0138	0x00BA      	MOVWF      FARG_EEPROM_Write_Address
0x0139	0x0827      	MOVF       _batteria_mv+1, 0
0x013A	0x00F0      	MOVWF      R0
0x013B	0x0828      	MOVF       _batteria_mv+2, 0
0x013C	0x00F1      	MOVWF      R0+1
0x013D	0x0829      	MOVF       _batteria_mv+3, 0
0x013E	0x00F2      	MOVWF      R0+2
0x013F	0x01F3      	CLRF       R0+3
0x0140	0x0870      	MOVF       R0, 0
0x0141	0x00BB      	MOVWF      FARG_EEPROM_Write_data_
0x0142	0x20D3      	CALL       _EEPROM_Write
;heltec.c,98 :: 		Delay_Safe_ms(20);
0x0143	0x3014      	MOVLW      20
0x0144	0x1283      	BCF        STATUS, 5
0x0145	0x00BC      	MOVWF      FARG_Delay_Safe_ms_n
0x0146	0x3000      	MOVLW      0
0x0147	0x00BD      	MOVWF      FARG_Delay_Safe_ms_n+1
0x0148	0x2030      	CALL       _Delay_Safe_ms
;heltec.c,99 :: 		EEPROM_Write(6, (unsigned short)(batteria_mv & 0xFF)); // Lo
0x0149	0x3006      	MOVLW      6
0x014A	0x00BA      	MOVWF      FARG_EEPROM_Write_Address
0x014B	0x30FF      	MOVLW      255
0x014C	0x0526      	ANDWF      _batteria_mv, 0
0x014D	0x00BB      	MOVWF      FARG_EEPROM_Write_data_
0x014E	0x20D3      	CALL       _EEPROM_Write
;heltec.c,100 :: 		Delay_Safe_ms(20);
0x014F	0x3014      	MOVLW      20
0x0150	0x1283      	BCF        STATUS, 5
0x0151	0x00BC      	MOVWF      FARG_Delay_Safe_ms_n
0x0152	0x3000      	MOVLW      0
0x0153	0x00BD      	MOVWF      FARG_Delay_Safe_ms_n+1
0x0154	0x2030      	CALL       _Delay_Safe_ms
;heltec.c,101 :: 		}
L_end_Salva_EEPROM:
0x0155	0x0008      	RETURN
; end of _Salva_EEPROM
___CC2DW:
;__Lib_System.c,134 :: 		
;__Lib_System.c,137 :: 		
_CC2D_Loop1:
;__Lib_System.c,139 :: 		
0x0156	0x20B9      	CALL       _____DoICP
0x0157	0x118A      	BCF        PCLATH, 3
0x0158	0x120A      	BCF        PCLATH, 4
;__Lib_System.c,141 :: 		
0x0159	0x0080      	MOVWF      INDF
;__Lib_System.c,142 :: 		
0x015A	0x0A84      	INCF       FSR, 1
;__Lib_System.c,143 :: 		
0x015B	0x0AA4      	INCF       ___DoICPAddr, 1
;__Lib_System.c,145 :: 		
0x015C	0x1903      	BTFSC      STATUS, 2
;__Lib_System.c,146 :: 		
0x015D	0x0AA5      	INCF       ___DoICPAddr+1, 1
;__Lib_System.c,147 :: 		
0x015E	0x03F0      	DECF       R0, 1
;__Lib_System.c,149 :: 		
0x015F	0x1D03      	BTFSS      STATUS, 2
;__Lib_System.c,150 :: 		
0x0160	0x2956      	GOTO       _CC2D_Loop1
;__Lib_System.c,152 :: 		
L_end___CC2DW:
0x0161	0x0008      	RETURN
; end of ___CC2DW
_Init_Hardware:
;heltec.c,47 :: 		void Init_Hardware() {
;heltec.c,48 :: 		OSCCON = 0b01100111;    // 4MHz interno
0x0162	0x3067      	MOVLW      103
0x0163	0x1683      	BSF        STATUS, 5
0x0164	0x008F      	MOVWF      OSCCON
;heltec.c,49 :: 		CMCON0 = 7;             // Comparatori OFF
0x0165	0x3007      	MOVLW      7
0x0166	0x1283      	BCF        STATUS, 5
0x0167	0x0099      	MOVWF      CMCON0
;heltec.c,50 :: 		ANSEL  = 0b00010010;    // RA1 Analogico
0x0168	0x3012      	MOVLW      18
0x0169	0x1683      	BSF        STATUS, 5
0x016A	0x009F      	MOVWF      ANSEL
;heltec.c,51 :: 		TRISIO = 0b00001011;    // RA0, RA1, RA3 Input | RA2, RA5 Output
0x016B	0x300B      	MOVLW      11
0x016C	0x0085      	MOVWF      TRISIO
;heltec.c,53 :: 		OPTION_REG = 0b00001111; // WDT 1:128 (~2.3s)
0x016D	0x300F      	MOVLW      15
0x016E	0x0081      	MOVWF      OPTION_REG
;heltec.c,54 :: 		WPU = 0b00000001;        // Pull-up su GP0
0x016F	0x3001      	MOVLW      1
0x0170	0x0095      	MOVWF      WPU
;heltec.c,56 :: 		INTCON.GPIE = 1;         // Abilita interrupt GPIO
0x0171	0x158B      	BSF        INTCON, 3
;heltec.c,57 :: 		IOC.B0 = 1;              // Sveglia su GP0 (IOC0)
0x0172	0x1416      	BSF        IOC, 0
;heltec.c,62 :: 		soglia_off   = 3330;   // 3340 č il 10% Batteria stiamo sotto cosi sotto i 10% si spegne!!!!!
0x0173	0x3002      	MOVLW      2
0x0174	0x1283      	BCF        STATUS, 5
0x0175	0x00AE      	MOVWF      _soglia_off
0x0176	0x300D      	MOVLW      13
0x0177	0x00AF      	MOVWF      _soglia_off+1
0x0178	0x01B0      	CLRF       _soglia_off+2
0x0179	0x01B1      	CLRF       _soglia_off+3
;heltec.c,63 :: 		soglia_on    = 3700;   // 50% Batteria
0x017A	0x3074      	MOVLW      116
0x017B	0x00B2      	MOVWF      _soglia_on
0x017C	0x300E      	MOVLW      14
0x017D	0x00B3      	MOVWF      _soglia_on+1
0x017E	0x01B4      	CLRF       _soglia_on+2
0x017F	0x01B5      	CLRF       _soglia_on+3
;heltec.c,64 :: 		taratura_vcc = 5000;   // 5080 = 5.08V
0x0180	0x3088      	MOVLW      136
0x0181	0x00B6      	MOVWF      _taratura_vcc
0x0182	0x3013      	MOVLW      19
0x0183	0x00B7      	MOVWF      _taratura_vcc+1
0x0184	0x01B8      	CLRF       _taratura_vcc+2
0x0185	0x01B9      	CLRF       _taratura_vcc+3
;heltec.c,66 :: 		GPIO.F2 = 1;
0x0186	0x1505      	BSF        GPIO, 2
;heltec.c,67 :: 		GPIO.F2 = 0;
0x0187	0x1105      	BCF        GPIO, 2
;heltec.c,70 :: 		Leggi_Batteria_mV();   // Leggiamo subito lo stato della batteria
0x0188	0x2082      	CALL       _Leggi_Batteria_mV
;heltec.c,72 :: 		if (batteria_mv > soglia_off) {
0x0189	0x0829      	MOVF       _batteria_mv+3, 0
0x018A	0x0231      	SUBWF      _soglia_off+3, 0
0x018B	0x1D03      	BTFSS      STATUS, 2
0x018C	0x2997      	GOTO       L__Init_Hardware70
0x018D	0x0828      	MOVF       _batteria_mv+2, 0
0x018E	0x0230      	SUBWF      _soglia_off+2, 0
0x018F	0x1D03      	BTFSS      STATUS, 2
0x0190	0x2997      	GOTO       L__Init_Hardware70
0x0191	0x0827      	MOVF       _batteria_mv+1, 0
0x0192	0x022F      	SUBWF      _soglia_off+1, 0
0x0193	0x1D03      	BTFSS      STATUS, 2
0x0194	0x2997      	GOTO       L__Init_Hardware70
0x0195	0x0826      	MOVF       _batteria_mv, 0
0x0196	0x022E      	SUBWF      _soglia_off, 0
L__Init_Hardware70:
0x0197	0x1803      	BTFSC      STATUS, 0
0x0198	0x299B      	GOTO       L_Init_Hardware7
;heltec.c,73 :: 		GPIO.F2 = 0;        // ACCENDI Heltec subito se la batteria č OK
0x0199	0x1105      	BCF        GPIO, 2
;heltec.c,74 :: 		} else {
0x019A	0x299C      	GOTO       L_Init_Hardware8
L_Init_Hardware7:
;heltec.c,75 :: 		GPIO.F2 = 1;        // Resta SPENTO se troppo scarica
0x019B	0x1505      	BSF        GPIO, 2
;heltec.c,76 :: 		}
L_Init_Hardware8:
;heltec.c,78 :: 		in_manutenzione = 0;    // false
0x019C	0x01AD      	CLRF       _in_manutenzione
;heltec.c,79 :: 		asm clrwdt;
0x019D	0x0064      	CLRWDT
;heltec.c,80 :: 		Segnale_Avvio();        // Il LED segnala che il PIC č partito
0x019E	0x20BF      	CALL       _Segnale_Avvio
;heltec.c,81 :: 		}
L_end_Init_Hardware:
0x019F	0x0008      	RETURN
; end of _Init_Hardware
_main:
0x01A0	0x22EE      	CALL       750
;heltec.c,104 :: 		void main() {
;heltec.c,105 :: 		Init_Hardware();
0x01A1	0x2162      	CALL       _Init_Hardware
;heltec.c,106 :: 		sveglie_wdt = 15;
0x01A2	0x300F      	MOVLW      15
0x01A3	0x00AA      	MOVWF      _sveglie_wdt
0x01A4	0x3000      	MOVLW      0
0x01A5	0x00AB      	MOVWF      _sveglie_wdt+1
;heltec.c,108 :: 		while (1) {
L_main9:
;heltec.c,110 :: 		if (INTCON.GPIF == 1) {
0x01A6	0x1C0B      	BTFSS      INTCON, 0
0x01A7	0x29AB      	GOTO       L_main11
;heltec.c,111 :: 		dummy = GPIO;
0x01A8	0x0805      	MOVF       GPIO, 0
0x01A9	0x00AC      	MOVWF      _dummy
;heltec.c,112 :: 		INTCON.GPIF = 0;
0x01AA	0x100B      	BCF        INTCON, 0
;heltec.c,113 :: 		}
L_main11:
;heltec.c,116 :: 		if (GPIO.F0 == 0) {
0x01AB	0x1805      	BTFSC      GPIO, 0
0x01AC	0x2AA5      	GOTO       L_main12
;heltec.c,117 :: 		i = 0;
0x01AD	0x01A1      	CLRF       _i
;heltec.c,118 :: 		while ((GPIO.F0 == 0) && (i < 50)) {
L_main13:
0x01AE	0x1805      	BTFSC      GPIO, 0
0x01AF	0x29C0      	GOTO       L_main14
0x01B0	0x3032      	MOVLW      50
0x01B1	0x0221      	SUBWF      _i, 0
0x01B2	0x1803      	BTFSC      STATUS, 0
0x01B3	0x29C0      	GOTO       L_main14
L__main62:
;heltec.c,119 :: 		Delay_Safe_ms(100);
0x01B4	0x3064      	MOVLW      100
0x01B5	0x00BC      	MOVWF      FARG_Delay_Safe_ms_n
0x01B6	0x3000      	MOVLW      0
0x01B7	0x00BD      	MOVWF      FARG_Delay_Safe_ms_n+1
0x01B8	0x2030      	CALL       _Delay_Safe_ms
;heltec.c,120 :: 		i = i + 1;
0x01B9	0x0AA1      	INCF       _i, 1
;heltec.c,121 :: 		if (i >= 10) { GPIO.F5 = 1; }
0x01BA	0x300A      	MOVLW      10
0x01BB	0x0221      	SUBWF      _i, 0
0x01BC	0x1C03      	BTFSS      STATUS, 0
0x01BD	0x29BF      	GOTO       L_main17
0x01BE	0x1685      	BSF        GPIO, 5
L_main17:
;heltec.c,122 :: 		}
0x01BF	0x29AE      	GOTO       L_main13
L_main14:
;heltec.c,125 :: 		if ((i >= 10) && (i < 50)) {
0x01C0	0x300A      	MOVLW      10
0x01C1	0x0221      	SUBWF      _i, 0
0x01C2	0x1C03      	BTFSS      STATUS, 0
0x01C3	0x2A53      	GOTO       L_main20
0x01C4	0x3032      	MOVLW      50
0x01C5	0x0221      	SUBWF      _i, 0
0x01C6	0x1803      	BTFSC      STATUS, 0
0x01C7	0x2A53      	GOTO       L_main20
L__main61:
;heltec.c,126 :: 		Salva_EEPROM(); // Aggiorna batteria_mv e valore_adc
0x01C8	0x20F1      	CALL       _Salva_EEPROM
;heltec.c,129 :: 		if ((batteria_mv > soglia_off) && (batteria_mv < soglia_on)) {
0x01C9	0x0829      	MOVF       _batteria_mv+3, 0
0x01CA	0x0231      	SUBWF      _soglia_off+3, 0
0x01CB	0x1D03      	BTFSS      STATUS, 2
0x01CC	0x29D7      	GOTO       L__main73
0x01CD	0x0828      	MOVF       _batteria_mv+2, 0
0x01CE	0x0230      	SUBWF      _soglia_off+2, 0
0x01CF	0x1D03      	BTFSS      STATUS, 2
0x01D0	0x29D7      	GOTO       L__main73
0x01D1	0x0827      	MOVF       _batteria_mv+1, 0
0x01D2	0x022F      	SUBWF      _soglia_off+1, 0
0x01D3	0x1D03      	BTFSS      STATUS, 2
0x01D4	0x29D7      	GOTO       L__main73
0x01D5	0x0826      	MOVF       _batteria_mv, 0
0x01D6	0x022E      	SUBWF      _soglia_off, 0
L__main73:
0x01D7	0x1803      	BTFSC      STATUS, 0
0x01D8	0x2A08      	GOTO       L_main23
0x01D9	0x0835      	MOVF       _soglia_on+3, 0
0x01DA	0x0229      	SUBWF      _batteria_mv+3, 0
0x01DB	0x1D03      	BTFSS      STATUS, 2
0x01DC	0x29E7      	GOTO       L__main74
0x01DD	0x0834      	MOVF       _soglia_on+2, 0
0x01DE	0x0228      	SUBWF      _batteria_mv+2, 0
0x01DF	0x1D03      	BTFSS      STATUS, 2
0x01E0	0x29E7      	GOTO       L__main74
0x01E1	0x0833      	MOVF       _soglia_on+1, 0
0x01E2	0x0227      	SUBWF      _batteria_mv+1, 0
0x01E3	0x1D03      	BTFSS      STATUS, 2
0x01E4	0x29E7      	GOTO       L__main74
0x01E5	0x0832      	MOVF       _soglia_on, 0
0x01E6	0x0226      	SUBWF      _batteria_mv, 0
L__main74:
0x01E7	0x1803      	BTFSC      STATUS, 0
0x01E8	0x2A08      	GOTO       L_main23
L__main60:
;heltec.c,130 :: 		for (i = 1; i <= 3; i++) {
0x01E9	0x3001      	MOVLW      1
0x01EA	0x00A1      	MOVWF      _i
L_main24:
0x01EB	0x0821      	MOVF       _i, 0
0x01EC	0x3C03      	SUBLW      3
0x01ED	0x1C03      	BTFSS      STATUS, 0
0x01EE	0x2A08      	GOTO       L_main25
;heltec.c,131 :: 		GPIO.F5 = 1;
0x01EF	0x1685      	BSF        GPIO, 5
;heltec.c,132 :: 		Delay_ms(100);
0x01F0	0x3082      	MOVLW      130
0x01F1	0x00FC      	MOVWF      R12
0x01F2	0x30DD      	MOVLW      221
0x01F3	0x00FD      	MOVWF      R13
L_main27:
0x01F4	0x0BFD      	DECFSZ     R13, 1
0x01F5	0x29F4      	GOTO       L_main27
0x01F6	0x0BFC      	DECFSZ     R12, 1
0x01F7	0x29F4      	GOTO       L_main27
0x01F8	0x0000      	NOP
0x01F9	0x0000      	NOP
;heltec.c,133 :: 		GPIO.F5 = 0;
0x01FA	0x1285      	BCF        GPIO, 5
;heltec.c,134 :: 		Delay_ms(100);
0x01FB	0x3082      	MOVLW      130
0x01FC	0x00FC      	MOVWF      R12
0x01FD	0x30DD      	MOVLW      221
0x01FE	0x00FD      	MOVWF      R13
L_main28:
0x01FF	0x0BFD      	DECFSZ     R13, 1
0x0200	0x29FF      	GOTO       L_main28
0x0201	0x0BFC      	DECFSZ     R12, 1
0x0202	0x29FF      	GOTO       L_main28
0x0203	0x0000      	NOP
0x0204	0x0000      	NOP
;heltec.c,135 :: 		asm clrwdt;
0x0205	0x0064      	CLRWDT
;heltec.c,130 :: 		for (i = 1; i <= 3; i++) {
0x0206	0x0AA1      	INCF       _i, 1
;heltec.c,136 :: 		}
0x0207	0x29EB      	GOTO       L_main24
L_main25:
;heltec.c,137 :: 		}
L_main23:
;heltec.c,140 :: 		if (batteria_mv <= soglia_off) {
0x0208	0x0829      	MOVF       _batteria_mv+3, 0
0x0209	0x0231      	SUBWF      _soglia_off+3, 0
0x020A	0x1D03      	BTFSS      STATUS, 2
0x020B	0x2A16      	GOTO       L__main75
0x020C	0x0828      	MOVF       _batteria_mv+2, 0
0x020D	0x0230      	SUBWF      _soglia_off+2, 0
0x020E	0x1D03      	BTFSS      STATUS, 2
0x020F	0x2A16      	GOTO       L__main75
0x0210	0x0827      	MOVF       _batteria_mv+1, 0
0x0211	0x022F      	SUBWF      _soglia_off+1, 0
0x0212	0x1D03      	BTFSS      STATUS, 2
0x0213	0x2A16      	GOTO       L__main75
0x0214	0x0826      	MOVF       _batteria_mv, 0
0x0215	0x022E      	SUBWF      _soglia_off, 0
L__main75:
0x0216	0x1C03      	BTFSS      STATUS, 0
0x0217	0x2A37      	GOTO       L_main29
;heltec.c,141 :: 		for (i = 1; i <= 6; i++) {
0x0218	0x3001      	MOVLW      1
0x0219	0x00A1      	MOVWF      _i
L_main30:
0x021A	0x0821      	MOVF       _i, 0
0x021B	0x3C06      	SUBLW      6
0x021C	0x1C03      	BTFSS      STATUS, 0
0x021D	0x2A37      	GOTO       L_main31
;heltec.c,142 :: 		GPIO.F5 = 1;
0x021E	0x1685      	BSF        GPIO, 5
;heltec.c,143 :: 		Delay_ms(100);
0x021F	0x3082      	MOVLW      130
0x0220	0x00FC      	MOVWF      R12
0x0221	0x30DD      	MOVLW      221
0x0222	0x00FD      	MOVWF      R13
L_main33:
0x0223	0x0BFD      	DECFSZ     R13, 1
0x0224	0x2A23      	GOTO       L_main33
0x0225	0x0BFC      	DECFSZ     R12, 1
0x0226	0x2A23      	GOTO       L_main33
0x0227	0x0000      	NOP
0x0228	0x0000      	NOP
;heltec.c,144 :: 		GPIO.F5 = 0;
0x0229	0x1285      	BCF        GPIO, 5
;heltec.c,145 :: 		Delay_ms(100);
0x022A	0x3082      	MOVLW      130
0x022B	0x00FC      	MOVWF      R12
0x022C	0x30DD      	MOVLW      221
0x022D	0x00FD      	MOVWF      R13
L_main34:
0x022E	0x0BFD      	DECFSZ     R13, 1
0x022F	0x2A2E      	GOTO       L_main34
0x0230	0x0BFC      	DECFSZ     R12, 1
0x0231	0x2A2E      	GOTO       L_main34
0x0232	0x0000      	NOP
0x0233	0x0000      	NOP
;heltec.c,146 :: 		asm clrwdt;
0x0234	0x0064      	CLRWDT
;heltec.c,141 :: 		for (i = 1; i <= 6; i++) {
0x0235	0x0AA1      	INCF       _i, 1
;heltec.c,147 :: 		}
0x0236	0x2A1A      	GOTO       L_main30
L_main31:
;heltec.c,148 :: 		}
L_main29:
;heltec.c,151 :: 		GPIO.F2 = 1;      // Spegni l'Heltec
0x0237	0x1505      	BSF        GPIO, 2
;heltec.c,152 :: 		GPIO.F5 = 0;
0x0238	0x1285      	BCF        GPIO, 5
;heltec.c,153 :: 		Delay_Safe_ms(1000);
0x0239	0x30E8      	MOVLW      232
0x023A	0x00BC      	MOVWF      FARG_Delay_Safe_ms_n
0x023B	0x3003      	MOVLW      3
0x023C	0x00BD      	MOVWF      FARG_Delay_Safe_ms_n+1
0x023D	0x2030      	CALL       _Delay_Safe_ms
;heltec.c,156 :: 		if (batteria_mv > soglia_off) {
0x023E	0x0829      	MOVF       _batteria_mv+3, 0
0x023F	0x0231      	SUBWF      _soglia_off+3, 0
0x0240	0x1D03      	BTFSS      STATUS, 2
0x0241	0x2A4C      	GOTO       L__main76
0x0242	0x0828      	MOVF       _batteria_mv+2, 0
0x0243	0x0230      	SUBWF      _soglia_off+2, 0
0x0244	0x1D03      	BTFSS      STATUS, 2
0x0245	0x2A4C      	GOTO       L__main76
0x0246	0x0827      	MOVF       _batteria_mv+1, 0
0x0247	0x022F      	SUBWF      _soglia_off+1, 0
0x0248	0x1D03      	BTFSS      STATUS, 2
0x0249	0x2A4C      	GOTO       L__main76
0x024A	0x0826      	MOVF       _batteria_mv, 0
0x024B	0x022E      	SUBWF      _soglia_off, 0
L__main76:
0x024C	0x1803      	BTFSC      STATUS, 0
0x024D	0x2A50      	GOTO       L_main35
;heltec.c,157 :: 		GPIO.F2 = 0;
0x024E	0x1105      	BCF        GPIO, 2
;heltec.c,158 :: 		} else {
0x024F	0x2A51      	GOTO       L_main36
L_main35:
;heltec.c,159 :: 		GPIO.F2 = 1;  // Conferma spegnimento se scarica
0x0250	0x1505      	BSF        GPIO, 2
;heltec.c,160 :: 		}
L_main36:
;heltec.c,162 :: 		sveglie_wdt = 0;
0x0251	0x01AA      	CLRF       _sveglie_wdt
0x0252	0x01AB      	CLRF       _sveglie_wdt+1
;heltec.c,163 :: 		}
L_main20:
;heltec.c,166 :: 		if (i >= 50) {
0x0253	0x3032      	MOVLW      50
0x0254	0x0221      	SUBWF      _i, 0
0x0255	0x1C03      	BTFSS      STATUS, 0
0x0256	0x2AA5      	GOTO       L_main37
;heltec.c,167 :: 		GPIO.F2 = 1;
0x0257	0x1505      	BSF        GPIO, 2
;heltec.c,168 :: 		for (i = 1; i <= 20; i++) {
0x0258	0x3001      	MOVLW      1
0x0259	0x00A1      	MOVWF      _i
L_main38:
0x025A	0x0821      	MOVF       _i, 0
0x025B	0x3C14      	SUBLW      20
0x025C	0x1C03      	BTFSS      STATUS, 0
0x025D	0x2A67      	GOTO       L_main39
;heltec.c,169 :: 		GPIO.F5 = !GPIO.F5;
0x025E	0x3020      	MOVLW      32
0x025F	0x0685      	XORWF      GPIO, 1
;heltec.c,170 :: 		Delay_Safe_ms(100);
0x0260	0x3064      	MOVLW      100
0x0261	0x00BC      	MOVWF      FARG_Delay_Safe_ms_n
0x0262	0x3000      	MOVLW      0
0x0263	0x00BD      	MOVWF      FARG_Delay_Safe_ms_n+1
0x0264	0x2030      	CALL       _Delay_Safe_ms
;heltec.c,168 :: 		for (i = 1; i <= 20; i++) {
0x0265	0x0AA1      	INCF       _i, 1
;heltec.c,171 :: 		}
0x0266	0x2A5A      	GOTO       L_main38
L_main39:
;heltec.c,172 :: 		GPIO.F5 = 0;
0x0267	0x1285      	BCF        GPIO, 5
;heltec.c,173 :: 		in_manutenzione = 1; // true
0x0268	0x3001      	MOVLW      1
0x0269	0x00AD      	MOVWF      _in_manutenzione
;heltec.c,175 :: 		while (in_manutenzione == 1) {
L_main41:
0x026A	0x082D      	MOVF       _in_manutenzione, 0
0x026B	0x3A01      	XORLW      1
0x026C	0x1D03      	BTFSS      STATUS, 2
0x026D	0x2AA1      	GOTO       L_main42
;heltec.c,176 :: 		GPIO.F5 = 1;
0x026E	0x1685      	BSF        GPIO, 5
;heltec.c,177 :: 		Delay_Safe_ms(500);
0x026F	0x30F4      	MOVLW      244
0x0270	0x00BC      	MOVWF      FARG_Delay_Safe_ms_n
0x0271	0x3001      	MOVLW      1
0x0272	0x00BD      	MOVWF      FARG_Delay_Safe_ms_n+1
0x0273	0x2030      	CALL       _Delay_Safe_ms
;heltec.c,178 :: 		GPIO.F5 = 0;
0x0274	0x1285      	BCF        GPIO, 5
;heltec.c,179 :: 		if (GPIO.F0 == 0) {
0x0275	0x1805      	BTFSC      GPIO, 0
0x0276	0x2A9B      	GOTO       L_main43
;heltec.c,180 :: 		i = 0;
0x0277	0x01A1      	CLRF       _i
;heltec.c,181 :: 		while ((GPIO.F0 == 0) && (i < 50)) {
L_main44:
0x0278	0x1805      	BTFSC      GPIO, 0
0x0279	0x2A85      	GOTO       L_main45
0x027A	0x3032      	MOVLW      50
0x027B	0x0221      	SUBWF      _i, 0
0x027C	0x1803      	BTFSC      STATUS, 0
0x027D	0x2A85      	GOTO       L_main45
L__main59:
;heltec.c,182 :: 		Delay_Safe_ms(100);
0x027E	0x3064      	MOVLW      100
0x027F	0x00BC      	MOVWF      FARG_Delay_Safe_ms_n
0x0280	0x3000      	MOVLW      0
0x0281	0x00BD      	MOVWF      FARG_Delay_Safe_ms_n+1
0x0282	0x2030      	CALL       _Delay_Safe_ms
;heltec.c,183 :: 		i = i + 1;
0x0283	0x0AA1      	INCF       _i, 1
;heltec.c,184 :: 		}
0x0284	0x2A78      	GOTO       L_main44
L_main45:
;heltec.c,185 :: 		if (i >= 50) {
0x0285	0x3032      	MOVLW      50
0x0286	0x0221      	SUBWF      _i, 0
0x0287	0x1C03      	BTFSS      STATUS, 0
0x0288	0x2A9A      	GOTO       L_main48
;heltec.c,186 :: 		in_manutenzione = 0; // false
0x0289	0x01AD      	CLRF       _in_manutenzione
;heltec.c,187 :: 		for (i = 1; i <= 20; i++) {
0x028A	0x3001      	MOVLW      1
0x028B	0x00A1      	MOVWF      _i
L_main49:
0x028C	0x0821      	MOVF       _i, 0
0x028D	0x3C14      	SUBLW      20
0x028E	0x1C03      	BTFSS      STATUS, 0
0x028F	0x2A99      	GOTO       L_main50
;heltec.c,188 :: 		GPIO.F5 = !GPIO.F5;
0x0290	0x3020      	MOVLW      32
0x0291	0x0685      	XORWF      GPIO, 1
;heltec.c,189 :: 		Delay_Safe_ms(100);
0x0292	0x3064      	MOVLW      100
0x0293	0x00BC      	MOVWF      FARG_Delay_Safe_ms_n
0x0294	0x3000      	MOVLW      0
0x0295	0x00BD      	MOVWF      FARG_Delay_Safe_ms_n+1
0x0296	0x2030      	CALL       _Delay_Safe_ms
;heltec.c,187 :: 		for (i = 1; i <= 20; i++) {
0x0297	0x0AA1      	INCF       _i, 1
;heltec.c,190 :: 		}
0x0298	0x2A8C      	GOTO       L_main49
L_main50:
;heltec.c,191 :: 		GPIO.F5 = 0;
0x0299	0x1285      	BCF        GPIO, 5
;heltec.c,192 :: 		}
L_main48:
;heltec.c,193 :: 		} else {
0x029A	0x2AA0      	GOTO       L_main52
L_main43:
;heltec.c,194 :: 		Delay_Safe_ms(500);
0x029B	0x30F4      	MOVLW      244
0x029C	0x00BC      	MOVWF      FARG_Delay_Safe_ms_n
0x029D	0x3001      	MOVLW      1
0x029E	0x00BD      	MOVWF      FARG_Delay_Safe_ms_n+1
0x029F	0x2030      	CALL       _Delay_Safe_ms
;heltec.c,195 :: 		}
L_main52:
;heltec.c,196 :: 		}
0x02A0	0x2A6A      	GOTO       L_main41
L_main42:
;heltec.c,197 :: 		Segnale_Avvio();
0x02A1	0x20BF      	CALL       _Segnale_Avvio
;heltec.c,198 :: 		GPIO.F2 = 0;
0x02A2	0x1105      	BCF        GPIO, 2
;heltec.c,199 :: 		sveglie_wdt = 0;
0x02A3	0x01AA      	CLRF       _sveglie_wdt
0x02A4	0x01AB      	CLRF       _sveglie_wdt+1
;heltec.c,200 :: 		}
L_main37:
;heltec.c,201 :: 		}
L_main12:
;heltec.c,204 :: 		if (in_manutenzione == 0) {
0x02A5	0x082D      	MOVF       _in_manutenzione, 0
0x02A6	0x3A00      	XORLW      0
0x02A7	0x1D03      	BTFSS      STATUS, 2
0x02A8	0x2AD6      	GOTO       L_main53
;heltec.c,205 :: 		if (sveglie_wdt >= 13) {
0x02A9	0x3000      	MOVLW      0
0x02AA	0x022B      	SUBWF      _sveglie_wdt+1, 0
0x02AB	0x1D03      	BTFSS      STATUS, 2
0x02AC	0x2AAF      	GOTO       L__main77
0x02AD	0x300D      	MOVLW      13
0x02AE	0x022A      	SUBWF      _sveglie_wdt, 0
L__main77:
0x02AF	0x1C03      	BTFSS      STATUS, 0
0x02B0	0x2AD6      	GOTO       L_main54
;heltec.c,206 :: 		Leggi_Batteria_mV();
0x02B1	0x2082      	CALL       _Leggi_Batteria_mV
;heltec.c,208 :: 		if (batteria_mv <= soglia_off) {
0x02B2	0x0829      	MOVF       _batteria_mv+3, 0
0x02B3	0x0231      	SUBWF      _soglia_off+3, 0
0x02B4	0x1D03      	BTFSS      STATUS, 2
0x02B5	0x2AC0      	GOTO       L__main78
0x02B6	0x0828      	MOVF       _batteria_mv+2, 0
0x02B7	0x0230      	SUBWF      _soglia_off+2, 0
0x02B8	0x1D03      	BTFSS      STATUS, 2
0x02B9	0x2AC0      	GOTO       L__main78
0x02BA	0x0827      	MOVF       _batteria_mv+1, 0
0x02BB	0x022F      	SUBWF      _soglia_off+1, 0
0x02BC	0x1D03      	BTFSS      STATUS, 2
0x02BD	0x2AC0      	GOTO       L__main78
0x02BE	0x0826      	MOVF       _batteria_mv, 0
0x02BF	0x022E      	SUBWF      _soglia_off, 0
L__main78:
0x02C0	0x1C03      	BTFSS      STATUS, 0
0x02C1	0x2AC3      	GOTO       L_main55
;heltec.c,209 :: 		GPIO.F2 = 1;  // SPEGNI
0x02C2	0x1505      	BSF        GPIO, 2
;heltec.c,210 :: 		}
L_main55:
;heltec.c,212 :: 		if (batteria_mv >= soglia_on) {
0x02C3	0x0835      	MOVF       _soglia_on+3, 0
0x02C4	0x0229      	SUBWF      _batteria_mv+3, 0
0x02C5	0x1D03      	BTFSS      STATUS, 2
0x02C6	0x2AD1      	GOTO       L__main79
0x02C7	0x0834      	MOVF       _soglia_on+2, 0
0x02C8	0x0228      	SUBWF      _batteria_mv+2, 0
0x02C9	0x1D03      	BTFSS      STATUS, 2
0x02CA	0x2AD1      	GOTO       L__main79
0x02CB	0x0833      	MOVF       _soglia_on+1, 0
0x02CC	0x0227      	SUBWF      _batteria_mv+1, 0
0x02CD	0x1D03      	BTFSS      STATUS, 2
0x02CE	0x2AD1      	GOTO       L__main79
0x02CF	0x0832      	MOVF       _soglia_on, 0
0x02D0	0x0226      	SUBWF      _batteria_mv, 0
L__main79:
0x02D1	0x1C03      	BTFSS      STATUS, 0
0x02D2	0x2AD4      	GOTO       L_main56
;heltec.c,213 :: 		GPIO.F2 = 0;  // ACCENDI
0x02D3	0x1105      	BCF        GPIO, 2
;heltec.c,214 :: 		}
L_main56:
;heltec.c,216 :: 		sveglie_wdt = 0;
0x02D4	0x01AA      	CLRF       _sveglie_wdt
0x02D5	0x01AB      	CLRF       _sveglie_wdt+1
;heltec.c,217 :: 		}
L_main54:
;heltec.c,218 :: 		}
L_main53:
;heltec.c,221 :: 		if (in_manutenzione == 0) {
0x02D6	0x082D      	MOVF       _in_manutenzione, 0
0x02D7	0x3A00      	XORLW      0
0x02D8	0x1D03      	BTFSS      STATUS, 2
0x02D9	0x2AE1      	GOTO       L_main57
;heltec.c,222 :: 		sveglie_wdt = sveglie_wdt + 1;
0x02DA	0x0AAA      	INCF       _sveglie_wdt, 1
0x02DB	0x1903      	BTFSC      STATUS, 2
0x02DC	0x0AAB      	INCF       _sveglie_wdt+1, 1
;heltec.c,223 :: 		asm clrwdt;
0x02DD	0x0064      	CLRWDT
;heltec.c,224 :: 		asm sleep;
0x02DE	0x0063      	SLEEP
;heltec.c,225 :: 		asm nop;
0x02DF	0x0000      	NOP
;heltec.c,226 :: 		} else {
0x02E0	0x2AE6      	GOTO       L_main58
L_main57:
;heltec.c,227 :: 		Delay_Safe_ms(100);
0x02E1	0x3064      	MOVLW      100
0x02E2	0x00BC      	MOVWF      FARG_Delay_Safe_ms_n
0x02E3	0x3000      	MOVLW      0
0x02E4	0x00BD      	MOVWF      FARG_Delay_Safe_ms_n+1
0x02E5	0x2030      	CALL       _Delay_Safe_ms
;heltec.c,228 :: 		}
L_main58:
;heltec.c,229 :: 		}
0x02E6	0x29A6      	GOTO       L_main9
;heltec.c,230 :: 		}
L_end_main:
0x02E7	0x2AE7      	GOTO       $+0
; end of _main
0x02EE	0x3020      	MOVLW      32
0x02EF	0x0084      	MOVWF      FSR
0x02F0	0x3001      	MOVLW      1
0x02F1	0x1283      	BCF        STATUS, 5
0x02F2	0x00F0      	MOVWF      R0
0x02F3	0x30ED      	MOVLW      237
0x02F4	0x00A4      	MOVWF      ___DoICPAddr
0x02F5	0x3002      	MOVLW      2
0x02F6	0x00A5      	MOVWF      37
0x02F7	0x2156      	CALL       342
0x02F8	0x0008      	RETURN
;__Lib_ADC_A_E.c,0 :: ?ICS_vref_mask
0x02ED	0x3440 ;?ICS_vref_mask+0
; end of ?ICS_vref_mask
Symbol List:
//** Routines locations **
//ADDRESS    SIZE    PROCEDURE
//----------------------------------------------
0x0003       [6]    _Delay_22us
0x0009      [39]    _ADC_Read
0x0030      [27]    _Delay_Safe_ms
0x004B      [55]    _Mul_32x32_U
0x0082      [55]    _Leggi_Batteria_mV
0x00B9       [6]    _____DoICP
0x00BF      [20]    _Segnale_Avvio
0x00D3      [30]    _EEPROM_Write
0x00F1     [101]    _Salva_EEPROM
0x0156      [12]    ___CC2DW
0x0162      [62]    _Init_Hardware
0x01A0     [327]    _main
//** Variables locations ** 
//ADDRESS    SIZE    VARIABLE
//----------------------------------------------
0x0000       [1]    INDF
0x0002       [1]    PCL
0x0003       [1]    STATUS
0x0004       [1]    FSR
0x0005       [1]    GPIO
0x000A       [1]    PCLATH
0x000B       [1]    INTCON
0x0019       [1]    CMCON0
0x001E       [1]    ADRESH
0x001F       [1]    ADCON0
0x0020       [1]    _vref_mask
0x0021       [1]    _i
0x0022       [2]    _valore_adc
0x0024       [2]    ___DoICPAddr
0x0026       [4]    _batteria_mv
0x002A       [2]    _sveglie_wdt
0x002C       [1]    _dummy
0x002D       [1]    _in_manutenzione
0x002E       [4]    _soglia_off
0x0032       [4]    _soglia_on
0x0036       [4]    _taratura_vcc
0x003A       [1]    FARG_EEPROM_Write_Address
0x003B       [1]    FARG_EEPROM_Write_data_
0x003C       [2]    FARG_Delay_Safe_ms_n
0x003C       [1]    FARG_ADC_Read_channel
0x0070       [1]    R0
0x0071       [1]    R1
0x0072       [1]    R2
0x0073       [1]    R3
0x0074       [1]    R4
0x0075       [1]    R5
0x0076       [1]    R6
0x0077       [1]    R7
0x0078       [1]    R8
0x0079       [1]    R9
0x007A       [1]    R10
0x007B       [1]    R11
0x007C       [1]    R12
0x007D       [1]    R13
0x007E       [1]    R14
0x007F       [1]    R15
0x0081       [1]    OPTION_REG
0x0085       [1]    TRISIO
0x008F       [1]    OSCCON
0x0095       [1]    WPU
0x0096       [1]    IOC
0x009A       [1]    EEDATA
0x009B       [1]    EEADR
0x009C       [1]    EECON1
0x009D       [1]    EECON2
0x009E       [1]    ADRESL
0x009F       [1]    ANSEL
//** Constants locations ** 
//ADDRESS    SIZE    CONSTANT
//----------------------------------------------
0x02ED       [1]    ?ICS_vref_mask
