;  LST file generated by mikroListExporter - v.2.0 
; Date/Time: 25/03/2026 17:56:48
;----------------------------------------------

;Address Opcode 	ASM
0x0000	0x2987      	GOTO       391
_Delay_22us:
;__Lib_Delays.mbas,37 :: 		sub procedure Delay_22us()
;__Lib_Delays.mbas,38 :: 		Delay_us(22)
0x0003	0x3007      	MOVLW      7
0x0004	0x1283      	BCF        STATUS, 5
0x0005	0x00FD      	MOVWF      R13
L__Delay_22us5:
0x0006	0x0BFD      	DECFSZ     R13, 1
0x0007	0x2806      	GOTO       L__Delay_22us5
;__Lib_Delays.mbas,39 :: 		end sub
L_end_Delay_22us:
0x0008	0x0008      	RETURN
; end of _Delay_22us
_ADC_Read:
;__Lib_ADC_A_E.mpas,84 :: 		
;__Lib_ADC_A_E.mpas,85 :: 		
0x0009	0x30C3      	MOVLW      195
0x000A	0x1283      	BCF        STATUS, 5
0x000B	0x059F      	ANDWF      ADCON0, 1
;__Lib_ADC_A_E.mpas,90 :: 		
0x000C	0x30F0      	MOVLW      240
0x000D	0x059F      	ANDWF      ADCON0, 1
;__Lib_ADC_A_E.mpas,91 :: 		
0x000E	0x30BF      	MOVLW      191
0x000F	0x059F      	ANDWF      ADCON0, 1
;__Lib_ADC_A_E.mpas,92 :: 		
0x0010	0x30F0      	MOVLW      240
0x0011	0x1683      	BSF        STATUS, 5
0x0012	0x049F      	IORWF      ANSEL, 1
;__Lib_ADC_A_E.mpas,93 :: 		
0x0013	0x1283      	BCF        STATUS, 5
0x0014	0x179F      	BSF        ADCON0, 7
;__Lib_ADC_A_E.mpas,94 :: 		
0x0015	0x083B      	MOVF       FARG_ADC_Read_channel, 0
0x0016	0x00F0      	MOVWF      R0
0x0017	0x0DF0      	RLF        R0, 1
0x0018	0x1070      	BCF        R0, 0
0x0019	0x0DF0      	RLF        R0, 1
0x001A	0x1070      	BCF        R0, 0
0x001B	0x0870      	MOVF       R0, 0
0x001C	0x049F      	IORWF      ADCON0, 1
;__Lib_ADC_A_E.mpas,97 :: 		
0x001D	0x141F      	BSF        ADCON0, 0
;__Lib_ADC_A_E.mpas,100 :: 		
0x001E	0x2003      	CALL       _Delay_22us
;__Lib_ADC_A_E.mpas,103 :: 		
0x001F	0x149F      	BSF        ADCON0, 1
;__Lib_ADC_A_E.mpas,106 :: 		
L__ADC_Read10:
0x0020	0x1C9F      	BTFSS      ADCON0, 1
0x0021	0x2824      	GOTO       L__ADC_Read11
0x0022	0x0000      	NOP
0x0023	0x2820      	GOTO       L__ADC_Read10
L__ADC_Read11:
;__Lib_ADC_A_E.mpas,109 :: 		
0x0024	0x101F      	BCF        ADCON0, 0
;__Lib_ADC_A_E.mpas,112 :: 		
0x0025	0x081E      	MOVF       ADRESH, 0
0x0026	0x00F1      	MOVWF      R0+1
0x0027	0x01F0      	CLRF       R0
0x0028	0x1683      	BSF        STATUS, 5
0x0029	0x081E      	MOVF       ADRESL, 0
0x002A	0x0470      	IORWF      R0, 0
0x002B	0x1283      	BCF        STATUS, 5
0x002C	0x00BC      	MOVWF      ADC_Read_local_result
0x002D	0x0871      	MOVF       R0+1, 0
0x002E	0x00BD      	MOVWF      ADC_Read_local_result+1
0x002F	0x3000      	MOVLW      0
0x0030	0x04BD      	IORWF      ADC_Read_local_result+1, 1
;__Lib_ADC_A_E.mpas,114 :: 		
0x0031	0x083C      	MOVF       ADC_Read_local_result, 0
0x0032	0x00F0      	MOVWF      R0
0x0033	0x083D      	MOVF       ADC_Read_local_result+1, 0
0x0034	0x00F1      	MOVWF      R0+1
L_end_ADC_Read:
0x0035	0x0008      	RETURN
; end of _ADC_Read
_Delay_Safe_ms:
;supervisore_energetico.mbas,16 :: 		dim k as word
;supervisore_energetico.mbas,17 :: 		for k = 1 to n
0x0036	0x3001      	MOVLW      1
0x0037	0x1283      	BCF        STATUS, 5
0x0038	0x00F1      	MOVWF      R1
0x0039	0x01F2      	CLRF       R1+1
L__Delay_Safe_ms1:
0x003A	0x0872      	MOVF       R1+1, 0
0x003B	0x023C      	SUBWF      FARG_Delay_Safe_ms_n+1, 0
0x003C	0x1D03      	BTFSS      STATUS, 2
0x003D	0x2840      	GOTO       L__Delay_Safe_ms110
0x003E	0x0871      	MOVF       R1, 0
0x003F	0x023B      	SUBWF      FARG_Delay_Safe_ms_n, 0
L__Delay_Safe_ms110:
0x0040	0x1C03      	BTFSS      STATUS, 0
0x0041	0x2857      	GOTO       L__Delay_Safe_ms5
;supervisore_energetico.mbas,18 :: 		delay_ms(1)
0x0042	0x3002      	MOVLW      2
0x0043	0x00FC      	MOVWF      R12
0x0044	0x304B      	MOVLW      75
0x0045	0x00FD      	MOVWF      R13
L__Delay_Safe_ms6:
0x0046	0x0BFD      	DECFSZ     R13, 1
0x0047	0x2846      	GOTO       L__Delay_Safe_ms6
0x0048	0x0BFC      	DECFSZ     R12, 1
0x0049	0x2846      	GOTO       L__Delay_Safe_ms6
;supervisore_energetico.mbas,19 :: 		clrwdt
0x004A	0x0064      	CLRWDT
;supervisore_energetico.mbas,20 :: 		next k
0x004B	0x0872      	MOVF       R1+1, 0
0x004C	0x063C      	XORWF      FARG_Delay_Safe_ms_n+1, 0
0x004D	0x1D03      	BTFSS      STATUS, 2
0x004E	0x2851      	GOTO       L__Delay_Safe_ms111
0x004F	0x083B      	MOVF       FARG_Delay_Safe_ms_n, 0
0x0050	0x0671      	XORWF      R1, 0
L__Delay_Safe_ms111:
0x0051	0x1903      	BTFSC      STATUS, 2
0x0052	0x2857      	GOTO       L__Delay_Safe_ms5
0x0053	0x0AF1      	INCF       R1, 1
0x0054	0x1903      	BTFSC      STATUS, 2
0x0055	0x0AF2      	INCF       R1+1, 1
0x0056	0x283A      	GOTO       L__Delay_Safe_ms1
L__Delay_Safe_ms5:
;supervisore_energetico.mbas,21 :: 		end sub
L_end_Delay_Safe_ms:
0x0057	0x0008      	RETURN
; end of _Delay_Safe_ms
_Mul_32x32_U:
;__Lib_Math.mpas,1775 :: 		
;__Lib_Math.mpas,1789 :: 		
0x0058	0x1283      	BCF        STATUS, 5
;__Lib_Math.mpas,1790 :: 		
0x0059	0x1303      	BCF        STATUS, 6
;__Lib_Math.mpas,1791 :: 		
0x005A	0x3022      	MOVLW      34
;__Lib_Math.mpas,1792 :: 		
0x005B	0x00FC      	MOVWF      R12
;__Lib_Math.mpas,1793 :: 		
0x005C	0x01F8      	CLRF       R8
;__Lib_Math.mpas,1794 :: 		
0x005D	0x01F9      	CLRF       R9
;__Lib_Math.mpas,1795 :: 		
0x005E	0x01FA      	CLRF       R10
;__Lib_Math.mpas,1796 :: 		
0x005F	0x01FB      	CLRF       R11
;__Lib_Math.mpas,1798 :: 		
_NEXT:
;__Lib_Math.mpas,1802 :: 		
0x0060	0x03FC      	DECF       R12, 1
;__Lib_Math.mpas,1803 :: 		
0x0061	0x1903      	BTFSC      STATUS, 2
;__Lib_Math.mpas,1804 :: 		
0x0062	0x288E      	GOTO       _EXIT2
;__Lib_Math.mpas,1805 :: 		
0x0063	0x1003      	BCF        STATUS, 0
;__Lib_Math.mpas,1807 :: 		
_LOOP:
;__Lib_Math.mpas,1816 :: 		
0x0064	0x0CFB      	RRF        R11, 1
;__Lib_Math.mpas,1817 :: 		
0x0065	0x0CFA      	RRF        R10, 1
;__Lib_Math.mpas,1818 :: 		
0x0066	0x0CF9      	RRF        R9, 1
;__Lib_Math.mpas,1819 :: 		
0x0067	0x0CF8      	RRF        R8, 1
;__Lib_Math.mpas,1820 :: 		
0x0068	0x0CF3      	RRF        R3, 1
;__Lib_Math.mpas,1821 :: 		
0x0069	0x0CF2      	RRF        R2, 1
;__Lib_Math.mpas,1822 :: 		
0x006A	0x0CF1      	RRF        R1, 1
;__Lib_Math.mpas,1823 :: 		
0x006B	0x0CF0      	RRF        R0, 1
;__Lib_Math.mpas,1828 :: 		
0x006C	0x1C03      	BTFSS      STATUS, 0
;__Lib_Math.mpas,1829 :: 		
0x006D	0x2860      	GOTO       _NEXT
;__Lib_Math.mpas,1830 :: 		
0x006E	0x03FC      	DECF       R12, 1
;__Lib_Math.mpas,1831 :: 		
0x006F	0x1903      	BTFSC      STATUS, 2
;__Lib_Math.mpas,1832 :: 		
0x0070	0x2880      	GOTO       _EXIT1
;__Lib_Math.mpas,1839 :: 		
0x0071	0x0874      	MOVF       R4, 0
;__Lib_Math.mpas,1840 :: 		
0x0072	0x07F8      	ADDWF      R8, 1
;__Lib_Math.mpas,1841 :: 		
0x0073	0x0875      	MOVF       R5, 0
;__Lib_Math.mpas,1842 :: 		
0x0074	0x1803      	BTFSC      STATUS, 0
;__Lib_Math.mpas,1843 :: 		
0x0075	0x0F75      	INCFSZ     R5, 0
;__Lib_Math.mpas,1844 :: 		
0x0076	0x07F9      	ADDWF      R9, 1
;__Lib_Math.mpas,1845 :: 		
0x0077	0x0876      	MOVF       R6, 0
;__Lib_Math.mpas,1846 :: 		
0x0078	0x1803      	BTFSC      STATUS, 0
;__Lib_Math.mpas,1847 :: 		
0x0079	0x0F76      	INCFSZ     R6, 0
;__Lib_Math.mpas,1848 :: 		
0x007A	0x07FA      	ADDWF      R10, 1
;__Lib_Math.mpas,1849 :: 		
0x007B	0x0877      	MOVF       R7, 0
;__Lib_Math.mpas,1850 :: 		
0x007C	0x1803      	BTFSC      STATUS, 0
;__Lib_Math.mpas,1851 :: 		
0x007D	0x0F77      	INCFSZ     R7, 0
;__Lib_Math.mpas,1852 :: 		
0x007E	0x07FB      	ADDWF      R11, 1
;__Lib_Math.mpas,1854 :: 		
0x007F	0x2864      	GOTO       _LOOP
;__Lib_Math.mpas,1856 :: 		
_EXIT1:
;__Lib_Math.mpas,1861 :: 		
0x0080	0x0874      	MOVF       R4, 0
;__Lib_Math.mpas,1862 :: 		
0x0081	0x07F8      	ADDWF      R8, 1
;__Lib_Math.mpas,1863 :: 		
0x0082	0x0875      	MOVF       R5, 0
;__Lib_Math.mpas,1864 :: 		
0x0083	0x1803      	BTFSC      STATUS, 0
;__Lib_Math.mpas,1865 :: 		
0x0084	0x0F75      	INCFSZ     R5, 0
;__Lib_Math.mpas,1866 :: 		
0x0085	0x07F9      	ADDWF      R9, 1
;__Lib_Math.mpas,1867 :: 		
0x0086	0x0876      	MOVF       R6, 0
;__Lib_Math.mpas,1868 :: 		
0x0087	0x1803      	BTFSC      STATUS, 0
;__Lib_Math.mpas,1869 :: 		
0x0088	0x0F76      	INCFSZ     R6, 0
;__Lib_Math.mpas,1870 :: 		
0x0089	0x07FA      	ADDWF      R10, 1
;__Lib_Math.mpas,1871 :: 		
0x008A	0x0877      	MOVF       R7, 0
;__Lib_Math.mpas,1872 :: 		
0x008B	0x1803      	BTFSC      STATUS, 0
;__Lib_Math.mpas,1873 :: 		
0x008C	0x0F77      	INCFSZ     R7, 0
;__Lib_Math.mpas,1874 :: 		
0x008D	0x07FB      	ADDWF      R11, 1
;__Lib_Math.mpas,1877 :: 		
_EXIT2:
;__Lib_Math.mpas,1879 :: 		
L_end_Mul_32x32_U:
0x008E	0x0008      	RETURN
; end of _Mul_32x32_U
_EEPROM_Write:
;__Lib_EEPROM.mpas,27 :: 		
;__Lib_EEPROM.mpas,28 :: 		
L__EEPROM_Write3:
0x008F	0x1683      	BSF        STATUS, 5
0x0090	0x1C9C      	BTFSS      EECON1, 1
0x0091	0x2894      	GOTO       L__EEPROM_Write4
0x0092	0x0000      	NOP
0x0093	0x288F      	GOTO       L__EEPROM_Write3
L__EEPROM_Write4:
;__Lib_EEPROM.mpas,30 :: 		
0x0094	0x1283      	BCF        STATUS, 5
0x0095	0x0839      	MOVF       FARG_EEPROM_Write_address, 0
0x0096	0x1683      	BSF        STATUS, 5
0x0097	0x009B      	MOVWF      EEADR
;__Lib_EEPROM.mpas,31 :: 		
0x0098	0x1283      	BCF        STATUS, 5
0x0099	0x083A      	MOVF       FARG_EEPROM_Write_data_, 0
0x009A	0x1683      	BSF        STATUS, 5
0x009B	0x009A      	MOVWF      EEDATA
;__Lib_EEPROM.mpas,32 :: 		
0x009C	0x139C      	BCF        EECON1, 7
;__Lib_EEPROM.mpas,33 :: 		
0x009D	0x151C      	BSF        EECON1, 2
;__Lib_EEPROM.mpas,35 :: 		
0x009E	0x080B      	MOVF       INTCON, 0
0x009F	0x00F0      	MOVWF      R0
;__Lib_EEPROM.mpas,38 :: 		
0x00A0	0x138B      	BCF        INTCON, 7
;__Lib_EEPROM.mpas,39 :: 		
0x00A1	0x3055      	MOVLW      85
0x00A2	0x009D      	MOVWF      EECON2
;__Lib_EEPROM.mpas,40 :: 		
0x00A3	0x30AA      	MOVLW      170
0x00A4	0x009D      	MOVWF      EECON2
;__Lib_EEPROM.mpas,41 :: 		
0x00A5	0x149C      	BSF        EECON1, 1
;__Lib_EEPROM.mpas,45 :: 		
0x00A6	0x1BF0      	BTFSC      R0, 7
0x00A7	0x28AA      	GOTO       L__EEPROM_Write9
0x00A8	0x138B      	BCF        INTCON, 7
0x00A9	0x28AB      	GOTO       L__EEPROM_Write10
L__EEPROM_Write9:
0x00AA	0x178B      	BSF        INTCON, 7
L__EEPROM_Write10:
;__Lib_EEPROM.mpas,46 :: 		
0x00AB	0x111C      	BCF        EECON1, 2
;__Lib_EEPROM.mpas,47 :: 		
L_end_EEPROM_Write:
0x00AC	0x0008      	RETURN
; end of _EEPROM_Write
_Leggi_Batteria_mV:
;supervisore_energetico.mbas,36 :: 		sub procedure Leggi_Batteria_mV()
;supervisore_energetico.mbas,37 :: 		valore_adc = ADC_Read(1)      ' Prima lettura (scarto per stabilizzare l'ADC)
0x00AD	0x3001      	MOVLW      1
0x00AE	0x1283      	BCF        STATUS, 5
0x00AF	0x00BB      	MOVWF      FARG_ADC_Read_channel
0x00B0	0x2009      	CALL       _ADC_Read
0x00B1	0x0870      	MOVF       R0, 0
0x00B2	0x00A8      	MOVWF      _valore_adc
0x00B3	0x0871      	MOVF       R0+1, 0
0x00B4	0x00A9      	MOVWF      _valore_adc+1
;supervisore_energetico.mbas,38 :: 		Delay_Safe_ms(5)
0x00B5	0x3005      	MOVLW      5
0x00B6	0x00BB      	MOVWF      FARG_Delay_Safe_ms_n
0x00B7	0x01BC      	CLRF       FARG_Delay_Safe_ms_n+1
0x00B8	0x2036      	CALL       _Delay_Safe_ms
;supervisore_energetico.mbas,39 :: 		valore_adc = ADC_Read(1)      ' Seconda lettura reale
0x00B9	0x3001      	MOVLW      1
0x00BA	0x00BB      	MOVWF      FARG_ADC_Read_channel
0x00BB	0x2009      	CALL       _ADC_Read
0x00BC	0x0870      	MOVF       R0, 0
0x00BD	0x00A8      	MOVWF      _valore_adc
0x00BE	0x0871      	MOVF       R0+1, 0
0x00BF	0x00A9      	MOVWF      _valore_adc+1
;supervisore_energetico.mbas,42 :: 		batteria_mv = (LongWord(valore_adc) * taratura_vcc) >> 10
0x00C0	0x3000      	MOVLW      0
0x00C1	0x00F2      	MOVWF      R0+2
0x00C2	0x00F3      	MOVWF      R0+3
0x00C3	0x0820      	MOVF       _taratura_vcc, 0
0x00C4	0x00F4      	MOVWF      R4
0x00C5	0x0821      	MOVF       _taratura_vcc+1, 0
0x00C6	0x00F5      	MOVWF      R4+1
0x00C7	0x0822      	MOVF       _taratura_vcc+2, 0
0x00C8	0x00F6      	MOVWF      R4+2
0x00C9	0x0823      	MOVF       _taratura_vcc+3, 0
0x00CA	0x00F7      	MOVWF      R4+3
0x00CB	0x2058      	CALL       _Mul_32x32_U
0x00CC	0x300A      	MOVLW      10
0x00CD	0x00F4      	MOVWF      R4
0x00CE	0x0870      	MOVF       R0, 0
0x00CF	0x00AA      	MOVWF      _batteria_mv
0x00D0	0x0871      	MOVF       R0+1, 0
0x00D1	0x00AB      	MOVWF      _batteria_mv+1
0x00D2	0x0872      	MOVF       R0+2, 0
0x00D3	0x00AC      	MOVWF      _batteria_mv+2
0x00D4	0x0873      	MOVF       R0+3, 0
0x00D5	0x00AD      	MOVWF      _batteria_mv+3
0x00D6	0x0874      	MOVF       R4, 0
L__Leggi_Batteria_mV114:
0x00D7	0x1903      	BTFSC      STATUS, 2
0x00D8	0x28E0      	GOTO       L__Leggi_Batteria_mV115
0x00D9	0x0CAD      	RRF        _batteria_mv+3, 1
0x00DA	0x0CAC      	RRF        _batteria_mv+2, 1
0x00DB	0x0CAB      	RRF        _batteria_mv+1, 1
0x00DC	0x0CAA      	RRF        _batteria_mv, 1
0x00DD	0x13AD      	BCF        _batteria_mv+3, 7
0x00DE	0x3EFF      	ADDLW      255
0x00DF	0x28D7      	GOTO       L__Leggi_Batteria_mV114
L__Leggi_Batteria_mV115:
;supervisore_energetico.mbas,43 :: 		end sub
L_end_Leggi_Batteria_mV:
0x00E0	0x0008      	RETURN
; end of _Leggi_Batteria_mV
_Segnale_Avvio:
;supervisore_energetico.mbas,25 :: 		sub procedure Segnale_Avvio()
;supervisore_energetico.mbas,26 :: 		for i = 1 to 3
0x00E1	0x3001      	MOVLW      1
0x00E2	0x1283      	BCF        STATUS, 5
0x00E3	0x00A7      	MOVWF      _i
L__Segnale_Avvio9:
;supervisore_energetico.mbas,27 :: 		GPIO.5 = 1
0x00E4	0x1685      	BSF        GPIO, 5
;supervisore_energetico.mbas,28 :: 		Delay_Safe_ms(250)
0x00E5	0x30FA      	MOVLW      250
0x00E6	0x00BB      	MOVWF      FARG_Delay_Safe_ms_n
0x00E7	0x01BC      	CLRF       FARG_Delay_Safe_ms_n+1
0x00E8	0x2036      	CALL       _Delay_Safe_ms
;supervisore_energetico.mbas,29 :: 		GPIO.5 = 0
0x00E9	0x1285      	BCF        GPIO, 5
;supervisore_energetico.mbas,30 :: 		Delay_Safe_ms(250)
0x00EA	0x30FA      	MOVLW      250
0x00EB	0x00BB      	MOVWF      FARG_Delay_Safe_ms_n
0x00EC	0x01BC      	CLRF       FARG_Delay_Safe_ms_n+1
0x00ED	0x2036      	CALL       _Delay_Safe_ms
;supervisore_energetico.mbas,31 :: 		next i
0x00EE	0x0827      	MOVF       _i, 0
0x00EF	0x3A03      	XORLW      3
0x00F0	0x1903      	BTFSC      STATUS, 2
0x00F1	0x28F4      	GOTO       L__Segnale_Avvio12
0x00F2	0x0AA7      	INCF       _i, 1
0x00F3	0x28E4      	GOTO       L__Segnale_Avvio9
L__Segnale_Avvio12:
;supervisore_energetico.mbas,32 :: 		end sub
L_end_Segnale_Avvio:
0x00F4	0x0008      	RETURN
; end of _Segnale_Avvio
_Salva_EEPROM:
;supervisore_energetico.mbas,87 :: 		sub procedure Salva_EEPROM()
;supervisore_energetico.mbas,88 :: 		Leggi_Batteria_mV() ' Aggiorna i valori prima di scrivere
0x00F5	0x20AD      	CALL       _Leggi_Batteria_mV
;supervisore_energetico.mbas,90 :: 		EEPROM_Write(0, Hi(valore_adc))
0x00F6	0x01B9      	CLRF       FARG_EEPROM_Write_address
0x00F7	0x0829      	MOVF       _valore_adc+1, 0
0x00F8	0x00BA      	MOVWF      FARG_EEPROM_Write_data_
0x00F9	0x208F      	CALL       _EEPROM_Write
;supervisore_energetico.mbas,91 :: 		Delay_Safe_ms(20)
0x00FA	0x3014      	MOVLW      20
0x00FB	0x1283      	BCF        STATUS, 5
0x00FC	0x00BB      	MOVWF      FARG_Delay_Safe_ms_n
0x00FD	0x01BC      	CLRF       FARG_Delay_Safe_ms_n+1
0x00FE	0x2036      	CALL       _Delay_Safe_ms
;supervisore_energetico.mbas,92 :: 		EEPROM_Write(1, Lo(valore_adc))
0x00FF	0x3001      	MOVLW      1
0x0100	0x00B9      	MOVWF      FARG_EEPROM_Write_address
0x0101	0x0828      	MOVF       _valore_adc, 0
0x0102	0x00BA      	MOVWF      FARG_EEPROM_Write_data_
0x0103	0x208F      	CALL       _EEPROM_Write
;supervisore_energetico.mbas,93 :: 		Delay_Safe_ms(20)
0x0104	0x3014      	MOVLW      20
0x0105	0x1283      	BCF        STATUS, 5
0x0106	0x00BB      	MOVWF      FARG_Delay_Safe_ms_n
0x0107	0x01BC      	CLRF       FARG_Delay_Safe_ms_n+1
0x0108	0x2036      	CALL       _Delay_Safe_ms
;supervisore_energetico.mbas,94 :: 		EEPROM_Write(2, 0xFF)
0x0109	0x3002      	MOVLW      2
0x010A	0x00B9      	MOVWF      FARG_EEPROM_Write_address
0x010B	0x30FF      	MOVLW      255
0x010C	0x00BA      	MOVWF      FARG_EEPROM_Write_data_
0x010D	0x208F      	CALL       _EEPROM_Write
;supervisore_energetico.mbas,95 :: 		Delay_Safe_ms(20)
0x010E	0x3014      	MOVLW      20
0x010F	0x1283      	BCF        STATUS, 5
0x0110	0x00BB      	MOVWF      FARG_Delay_Safe_ms_n
0x0111	0x01BC      	CLRF       FARG_Delay_Safe_ms_n+1
0x0112	0x2036      	CALL       _Delay_Safe_ms
;supervisore_energetico.mbas,96 :: 		EEPROM_Write(3, Highest(batteria_mv))
0x0113	0x3003      	MOVLW      3
0x0114	0x00B9      	MOVWF      FARG_EEPROM_Write_address
0x0115	0x082D      	MOVF       _batteria_mv+3, 0
0x0116	0x00BA      	MOVWF      FARG_EEPROM_Write_data_
0x0117	0x208F      	CALL       _EEPROM_Write
;supervisore_energetico.mbas,97 :: 		Delay_Safe_ms(20)
0x0118	0x3014      	MOVLW      20
0x0119	0x1283      	BCF        STATUS, 5
0x011A	0x00BB      	MOVWF      FARG_Delay_Safe_ms_n
0x011B	0x01BC      	CLRF       FARG_Delay_Safe_ms_n+1
0x011C	0x2036      	CALL       _Delay_Safe_ms
;supervisore_energetico.mbas,98 :: 		EEPROM_Write(4, Higher(batteria_mv))
0x011D	0x3004      	MOVLW      4
0x011E	0x00B9      	MOVWF      FARG_EEPROM_Write_address
0x011F	0x082C      	MOVF       _batteria_mv+2, 0
0x0120	0x00BA      	MOVWF      FARG_EEPROM_Write_data_
0x0121	0x208F      	CALL       _EEPROM_Write
;supervisore_energetico.mbas,99 :: 		Delay_Safe_ms(20)
0x0122	0x3014      	MOVLW      20
0x0123	0x1283      	BCF        STATUS, 5
0x0124	0x00BB      	MOVWF      FARG_Delay_Safe_ms_n
0x0125	0x01BC      	CLRF       FARG_Delay_Safe_ms_n+1
0x0126	0x2036      	CALL       _Delay_Safe_ms
;supervisore_energetico.mbas,100 :: 		EEPROM_Write(5, Hi(batteria_mv))
0x0127	0x3005      	MOVLW      5
0x0128	0x00B9      	MOVWF      FARG_EEPROM_Write_address
0x0129	0x082B      	MOVF       _batteria_mv+1, 0
0x012A	0x00BA      	MOVWF      FARG_EEPROM_Write_data_
0x012B	0x208F      	CALL       _EEPROM_Write
;supervisore_energetico.mbas,101 :: 		Delay_Safe_ms(20)
0x012C	0x3014      	MOVLW      20
0x012D	0x1283      	BCF        STATUS, 5
0x012E	0x00BB      	MOVWF      FARG_Delay_Safe_ms_n
0x012F	0x01BC      	CLRF       FARG_Delay_Safe_ms_n+1
0x0130	0x2036      	CALL       _Delay_Safe_ms
;supervisore_energetico.mbas,102 :: 		EEPROM_Write(6, Lo(batteria_mv))
0x0131	0x3006      	MOVLW      6
0x0132	0x00B9      	MOVWF      FARG_EEPROM_Write_address
0x0133	0x082A      	MOVF       _batteria_mv, 0
0x0134	0x00BA      	MOVWF      FARG_EEPROM_Write_data_
0x0135	0x208F      	CALL       _EEPROM_Write
;supervisore_energetico.mbas,103 :: 		Delay_Safe_ms(20)
0x0136	0x3014      	MOVLW      20
0x0137	0x1283      	BCF        STATUS, 5
0x0138	0x00BB      	MOVWF      FARG_Delay_Safe_ms_n
0x0139	0x01BC      	CLRF       FARG_Delay_Safe_ms_n+1
0x013A	0x2036      	CALL       _Delay_Safe_ms
;supervisore_energetico.mbas,104 :: 		end sub
L_end_Salva_EEPROM:
0x013B	0x0008      	RETURN
; end of _Salva_EEPROM
_Init_Hardware:
;supervisore_energetico.mbas,44 :: 		sub procedure Init_Hardware()
;supervisore_energetico.mbas,45 :: 		OSCCON = %01100111    ' 4MHz interno
0x013C	0x3067      	MOVLW      103
0x013D	0x1683      	BSF        STATUS, 5
0x013E	0x008F      	MOVWF      OSCCON
;supervisore_energetico.mbas,46 :: 		CMCON0 = 7            ' Comparatori OFF
0x013F	0x3007      	MOVLW      7
0x0140	0x1283      	BCF        STATUS, 5
0x0141	0x0099      	MOVWF      CMCON0
;supervisore_energetico.mbas,47 :: 		ANSEL  = %00010010    ' RA1 Analogico
0x0142	0x3012      	MOVLW      18
0x0143	0x1683      	BSF        STATUS, 5
0x0144	0x009F      	MOVWF      ANSEL
;supervisore_energetico.mbas,50 :: 		acceso = 0
0x0145	0x1283      	BCF        STATUS, 5
0x0146	0x01B3      	CLRF       _acceso
;supervisore_energetico.mbas,51 :: 		spento = 1
0x0147	0x3001      	MOVLW      1
0x0148	0x00B2      	MOVWF      _spento
;supervisore_energetico.mbas,53 :: 		GPIO.2 = acceso
0x0149	0x1105      	BCF        GPIO, 2
;supervisore_energetico.mbas,57 :: 		TRISIO = %00001011    ' RA0, RA1, RA3 Input | RA2, RA5 Output
0x014A	0x300B      	MOVLW      11
0x014B	0x1683      	BSF        STATUS, 5
0x014C	0x0085      	MOVWF      TRISIO
;supervisore_energetico.mbas,59 :: 		OPTION_REG = %00001111 ' WDT 1:128 (~2.3s)
0x014D	0x300F      	MOVLW      15
0x014E	0x0081      	MOVWF      OPTION_REG
;supervisore_energetico.mbas,60 :: 		WPU = %00000001        ' Pull-up su GP0
0x014F	0x3001      	MOVLW      1
0x0150	0x0095      	MOVWF      WPU
;supervisore_energetico.mbas,62 :: 		INTCON.GPIE = 1        ' Abilita interrupt GPIO
0x0151	0x158B      	BSF        INTCON, 3
;supervisore_energetico.mbas,63 :: 		IOC.0 = 1              ' Sveglia su GP0
0x0152	0x1416      	BSF        IOC, 0
;supervisore_energetico.mbas,67 :: 		soglia_off   = 3330   '''03340 č il 10% Batteria stiamo sotto cosi sotto i 10% si spegne!!!!!
0x0153	0x3002      	MOVLW      2
0x0154	0x1283      	BCF        STATUS, 5
0x0155	0x00B4      	MOVWF      _soglia_off
0x0156	0x300D      	MOVLW      13
0x0157	0x00B5      	MOVWF      _soglia_off+1
0x0158	0x01B6      	CLRF       _soglia_off+2
0x0159	0x01B7      	CLRF       _soglia_off+3
;supervisore_energetico.mbas,68 :: 		soglia_on    = 3700   ' 50% Batteria
0x015A	0x3074      	MOVLW      116
0x015B	0x00AE      	MOVWF      _soglia_on
0x015C	0x300E      	MOVLW      14
0x015D	0x00AF      	MOVWF      _soglia_on+1
0x015E	0x01B0      	CLRF       _soglia_on+2
0x015F	0x01B1      	CLRF       _soglia_on+3
;supervisore_energetico.mbas,69 :: 		taratura_vcc = 5070   '5070 = 5.07V misurati al pin1 (VCC) e pin8 (GND) del PIC MICRO
0x0160	0x30CE      	MOVLW      206
0x0161	0x00A0      	MOVWF      _taratura_vcc
0x0162	0x3013      	MOVLW      19
0x0163	0x00A1      	MOVWF      _taratura_vcc+1
0x0164	0x01A2      	CLRF       _taratura_vcc+2
0x0165	0x01A3      	CLRF       _taratura_vcc+3
;supervisore_energetico.mbas,71 :: 		GPIO.2 = spento
0x0166	0x1505      	BSF        GPIO, 2
;supervisore_energetico.mbas,74 :: 		Leggi_Batteria_mV()   ' Leggiamo subito lo stato della batteria
0x0167	0x20AD      	CALL       _Leggi_Batteria_mV
;supervisore_energetico.mbas,76 :: 		if (batteria_mv > soglia_off) then
0x0168	0x082D      	MOVF       _batteria_mv+3, 0
0x0169	0x0237      	SUBWF      _soglia_off+3, 0
0x016A	0x1D03      	BTFSS      STATUS, 2
0x016B	0x2976      	GOTO       L__Init_Hardware117
0x016C	0x082C      	MOVF       _batteria_mv+2, 0
0x016D	0x0236      	SUBWF      _soglia_off+2, 0
0x016E	0x1D03      	BTFSS      STATUS, 2
0x016F	0x2976      	GOTO       L__Init_Hardware117
0x0170	0x082B      	MOVF       _batteria_mv+1, 0
0x0171	0x0235      	SUBWF      _soglia_off+1, 0
0x0172	0x1D03      	BTFSS      STATUS, 2
0x0173	0x2976      	GOTO       L__Init_Hardware117
0x0174	0x082A      	MOVF       _batteria_mv, 0
0x0175	0x0234      	SUBWF      _soglia_off, 0
L__Init_Hardware117:
0x0176	0x1803      	BTFSC      STATUS, 0
0x0177	0x297E      	GOTO       L__Init_Hardware16
;supervisore_energetico.mbas,77 :: 		GPIO.2 = acceso    ' ACCENDI Heltec subito se la batteria č OK
0x0178	0x1833      	BTFSC      _acceso, 0
0x0179	0x297C      	GOTO       L__Init_Hardware118
0x017A	0x1105      	BCF        GPIO, 2
0x017B	0x297D      	GOTO       L__Init_Hardware119
L__Init_Hardware118:
0x017C	0x1505      	BSF        GPIO, 2
L__Init_Hardware119:
0x017D	0x2983      	GOTO       L__Init_Hardware17
;supervisore_energetico.mbas,78 :: 		else
L__Init_Hardware16:
;supervisore_energetico.mbas,79 :: 		GPIO.2 = spento    ' Resta SPENTO se troppo scarica
0x017E	0x1832      	BTFSC      _spento, 0
0x017F	0x2982      	GOTO       L__Init_Hardware120
0x0180	0x1105      	BCF        GPIO, 2
0x0181	0x2983      	GOTO       L__Init_Hardware121
L__Init_Hardware120:
0x0182	0x1505      	BSF        GPIO, 2
L__Init_Hardware121:
;supervisore_energetico.mbas,80 :: 		end if
L__Init_Hardware17:
;supervisore_energetico.mbas,82 :: 		in_manutenzione = false
0x0183	0x01A4      	CLRF       _in_manutenzione
;supervisore_energetico.mbas,83 :: 		clrwdt
0x0184	0x0064      	CLRWDT
;supervisore_energetico.mbas,84 :: 		Segnale_Avvio()       ' Il LED segnala che il PIC č partito
0x0185	0x20E1      	CALL       _Segnale_Avvio
;supervisore_energetico.mbas,85 :: 		end sub
L_end_Init_Hardware:
0x0186	0x0008      	RETURN
; end of _Init_Hardware
_main:
;supervisore_energetico.mbas,107 :: 		main:
;supervisore_energetico.mbas,108 :: 		Init_Hardware()
0x0187	0x213C      	CALL       _Init_Hardware
;supervisore_energetico.mbas,109 :: 		sveglie_wdt = 15
0x0188	0x300F      	MOVLW      15
0x0189	0x00A5      	MOVWF      _sveglie_wdt
0x018A	0x01A6      	CLRF       _sveglie_wdt+1
;supervisore_energetico.mbas,111 :: 		while (TRUE)
L__main21:
;supervisore_energetico.mbas,113 :: 		if (INTCON.GPIF = 1) then
0x018B	0x1C0B      	BTFSS      INTCON, 0
0x018C	0x2990      	GOTO       L__main26
;supervisore_energetico.mbas,114 :: 		dummy = GPIO
0x018D	0x0805      	MOVF       GPIO, 0
0x018E	0x00B8      	MOVWF      _dummy
;supervisore_energetico.mbas,115 :: 		INTCON.GPIF = 0
0x018F	0x100B      	BCF        INTCON, 0
L__main26:
;supervisore_energetico.mbas,119 :: 		if (GPIO.0 = 0) then
0x0190	0x1805      	BTFSC      GPIO, 0
0x0191	0x2AC2      	GOTO       L__main29
;supervisore_energetico.mbas,120 :: 		i = 0
0x0192	0x01A7      	CLRF       _i
;supervisore_energetico.mbas,121 :: 		while (GPIO.0 = 0) and (i < 50)
L__main32:
0x0193	0x1805      	BTFSC      GPIO, 0
0x0194	0x2997      	GOTO       L__main124
0x0195	0x1472      	BSF        R2, 0
0x0196	0x2998      	GOTO       L__main125
L__main124:
0x0197	0x1072      	BCF        R2, 0
L__main125:
0x0198	0x3032      	MOVLW      50
0x0199	0x0227      	SUBWF      _i, 0
0x019A	0x30FF      	MOVLW      255
0x019B	0x1803      	BTFSC      STATUS, 0
0x019C	0x3000      	MOVLW      0
0x019D	0x00F1      	MOVWF      R1
0x019E	0x01F0      	CLRF       R0
0x019F	0x1872      	BTFSC      R2, 0
0x01A0	0x0AF0      	INCF       R0, 1
0x01A1	0x0871      	MOVF       R1, 0
0x01A2	0x05F0      	ANDWF      R0, 1
0x01A3	0x1903      	BTFSC      STATUS, 2
0x01A4	0x29B0      	GOTO       L__main33
;supervisore_energetico.mbas,122 :: 		Delay_Safe_ms(100)
0x01A5	0x3064      	MOVLW      100
0x01A6	0x00BB      	MOVWF      FARG_Delay_Safe_ms_n
0x01A7	0x01BC      	CLRF       FARG_Delay_Safe_ms_n+1
0x01A8	0x2036      	CALL       _Delay_Safe_ms
;supervisore_energetico.mbas,123 :: 		i = i + 1
0x01A9	0x0AA7      	INCF       _i, 1
;supervisore_energetico.mbas,124 :: 		if (i >= 10) then GPIO.5 = 1 end if
0x01AA	0x300A      	MOVLW      10
0x01AB	0x0227      	SUBWF      _i, 0
0x01AC	0x1C03      	BTFSS      STATUS, 0
0x01AD	0x29AF      	GOTO       L__main37
0x01AE	0x1685      	BSF        GPIO, 5
L__main37:
;supervisore_energetico.mbas,125 :: 		wend
0x01AF	0x2993      	GOTO       L__main32
L__main33:
;supervisore_energetico.mbas,128 :: 		if (i >= 10) and (i < 50) then
0x01B0	0x300A      	MOVLW      10
0x01B1	0x0227      	SUBWF      _i, 0
0x01B2	0x30FF      	MOVLW      255
0x01B3	0x1C03      	BTFSS      STATUS, 0
0x01B4	0x3000      	MOVLW      0
0x01B5	0x00F1      	MOVWF      R1
0x01B6	0x3032      	MOVLW      50
0x01B7	0x0227      	SUBWF      _i, 0
0x01B8	0x30FF      	MOVLW      255
0x01B9	0x1803      	BTFSC      STATUS, 0
0x01BA	0x3000      	MOVLW      0
0x01BB	0x00F0      	MOVWF      R0
0x01BC	0x0871      	MOVF       R1, 0
0x01BD	0x05F0      	ANDWF      R0, 1
0x01BE	0x1903      	BTFSC      STATUS, 2
0x01BF	0x2A5F      	GOTO       L__main40
;supervisore_energetico.mbas,129 :: 		Salva_EEPROM() ' Aggiorna batteria_mv e valore_adc
0x01C0	0x20F5      	CALL       _Salva_EEPROM
;supervisore_energetico.mbas,132 :: 		if (batteria_mv > soglia_off) and (batteria_mv < soglia_on) then
0x01C1	0x082D      	MOVF       _batteria_mv+3, 0
0x01C2	0x0237      	SUBWF      _soglia_off+3, 0
0x01C3	0x1D03      	BTFSS      STATUS, 2
0x01C4	0x29CF      	GOTO       L__main126
0x01C5	0x082C      	MOVF       _batteria_mv+2, 0
0x01C6	0x0236      	SUBWF      _soglia_off+2, 0
0x01C7	0x1D03      	BTFSS      STATUS, 2
0x01C8	0x29CF      	GOTO       L__main126
0x01C9	0x082B      	MOVF       _batteria_mv+1, 0
0x01CA	0x0235      	SUBWF      _soglia_off+1, 0
0x01CB	0x1D03      	BTFSS      STATUS, 2
0x01CC	0x29CF      	GOTO       L__main126
0x01CD	0x082A      	MOVF       _batteria_mv, 0
0x01CE	0x0234      	SUBWF      _soglia_off, 0
L__main126:
0x01CF	0x30FF      	MOVLW      255
0x01D0	0x1803      	BTFSC      STATUS, 0
0x01D1	0x3000      	MOVLW      0
0x01D2	0x00F1      	MOVWF      R1
0x01D3	0x0831      	MOVF       _soglia_on+3, 0
0x01D4	0x022D      	SUBWF      _batteria_mv+3, 0
0x01D5	0x1D03      	BTFSS      STATUS, 2
0x01D6	0x29E1      	GOTO       L__main127
0x01D7	0x0830      	MOVF       _soglia_on+2, 0
0x01D8	0x022C      	SUBWF      _batteria_mv+2, 0
0x01D9	0x1D03      	BTFSS      STATUS, 2
0x01DA	0x29E1      	GOTO       L__main127
0x01DB	0x082F      	MOVF       _soglia_on+1, 0
0x01DC	0x022B      	SUBWF      _batteria_mv+1, 0
0x01DD	0x1D03      	BTFSS      STATUS, 2
0x01DE	0x29E1      	GOTO       L__main127
0x01DF	0x082E      	MOVF       _soglia_on, 0
0x01E0	0x022A      	SUBWF      _batteria_mv, 0
L__main127:
0x01E1	0x30FF      	MOVLW      255
0x01E2	0x1803      	BTFSC      STATUS, 0
0x01E3	0x3000      	MOVLW      0
0x01E4	0x00F0      	MOVWF      R0
0x01E5	0x0871      	MOVF       R1, 0
0x01E6	0x05F0      	ANDWF      R0, 1
0x01E7	0x1903      	BTFSC      STATUS, 2
0x01E8	0x2A08      	GOTO       L__main43
;supervisore_energetico.mbas,133 :: 		for i = 1 to 3
0x01E9	0x3001      	MOVLW      1
0x01EA	0x00A7      	MOVWF      _i
L__main46:
;supervisore_energetico.mbas,134 :: 		GPIO.5 = 1
0x01EB	0x1685      	BSF        GPIO, 5
;supervisore_energetico.mbas,135 :: 		delay_ms(100)
0x01EC	0x3082      	MOVLW      130
0x01ED	0x00FC      	MOVWF      R12
0x01EE	0x30DD      	MOVLW      221
0x01EF	0x00FD      	MOVWF      R13
L__main50:
0x01F0	0x0BFD      	DECFSZ     R13, 1
0x01F1	0x29F0      	GOTO       L__main50
0x01F2	0x0BFC      	DECFSZ     R12, 1
0x01F3	0x29F0      	GOTO       L__main50
0x01F4	0x0000      	NOP
0x01F5	0x0000      	NOP
;supervisore_energetico.mbas,136 :: 		GPIO.5 = 0
0x01F6	0x1285      	BCF        GPIO, 5
;supervisore_energetico.mbas,137 :: 		delay_ms(100)
0x01F7	0x3082      	MOVLW      130
0x01F8	0x00FC      	MOVWF      R12
0x01F9	0x30DD      	MOVLW      221
0x01FA	0x00FD      	MOVWF      R13
L__main51:
0x01FB	0x0BFD      	DECFSZ     R13, 1
0x01FC	0x29FB      	GOTO       L__main51
0x01FD	0x0BFC      	DECFSZ     R12, 1
0x01FE	0x29FB      	GOTO       L__main51
0x01FF	0x0000      	NOP
0x0200	0x0000      	NOP
;supervisore_energetico.mbas,138 :: 		clrwdt
0x0201	0x0064      	CLRWDT
;supervisore_energetico.mbas,139 :: 		next i
0x0202	0x0827      	MOVF       _i, 0
0x0203	0x3A03      	XORLW      3
0x0204	0x1903      	BTFSC      STATUS, 2
0x0205	0x2A08      	GOTO       L__main49
0x0206	0x0AA7      	INCF       _i, 1
0x0207	0x29EB      	GOTO       L__main46
L__main49:
L__main43:
;supervisore_energetico.mbas,143 :: 		if (batteria_mv <= soglia_off) then
0x0208	0x082D      	MOVF       _batteria_mv+3, 0
0x0209	0x0237      	SUBWF      _soglia_off+3, 0
0x020A	0x1D03      	BTFSS      STATUS, 2
0x020B	0x2A16      	GOTO       L__main128
0x020C	0x082C      	MOVF       _batteria_mv+2, 0
0x020D	0x0236      	SUBWF      _soglia_off+2, 0
0x020E	0x1D03      	BTFSS      STATUS, 2
0x020F	0x2A16      	GOTO       L__main128
0x0210	0x082B      	MOVF       _batteria_mv+1, 0
0x0211	0x0235      	SUBWF      _soglia_off+1, 0
0x0212	0x1D03      	BTFSS      STATUS, 2
0x0213	0x2A16      	GOTO       L__main128
0x0214	0x082A      	MOVF       _batteria_mv, 0
0x0215	0x0234      	SUBWF      _soglia_off, 0
L__main128:
0x0216	0x1C03      	BTFSS      STATUS, 0
0x0217	0x2A37      	GOTO       L__main53
;supervisore_energetico.mbas,144 :: 		for i = 1 to 6
0x0218	0x3001      	MOVLW      1
0x0219	0x00A7      	MOVWF      _i
L__main56:
;supervisore_energetico.mbas,145 :: 		GPIO.5 = 1
0x021A	0x1685      	BSF        GPIO, 5
;supervisore_energetico.mbas,146 :: 		delay_ms(100)
0x021B	0x3082      	MOVLW      130
0x021C	0x00FC      	MOVWF      R12
0x021D	0x30DD      	MOVLW      221
0x021E	0x00FD      	MOVWF      R13
L__main60:
0x021F	0x0BFD      	DECFSZ     R13, 1
0x0220	0x2A1F      	GOTO       L__main60
0x0221	0x0BFC      	DECFSZ     R12, 1
0x0222	0x2A1F      	GOTO       L__main60
0x0223	0x0000      	NOP
0x0224	0x0000      	NOP
;supervisore_energetico.mbas,147 :: 		GPIO.5 = 0
0x0225	0x1285      	BCF        GPIO, 5
;supervisore_energetico.mbas,148 :: 		delay_ms(100)
0x0226	0x3082      	MOVLW      130
0x0227	0x00FC      	MOVWF      R12
0x0228	0x30DD      	MOVLW      221
0x0229	0x00FD      	MOVWF      R13
L__main61:
0x022A	0x0BFD      	DECFSZ     R13, 1
0x022B	0x2A2A      	GOTO       L__main61
0x022C	0x0BFC      	DECFSZ     R12, 1
0x022D	0x2A2A      	GOTO       L__main61
0x022E	0x0000      	NOP
0x022F	0x0000      	NOP
;supervisore_energetico.mbas,149 :: 		clrwdt
0x0230	0x0064      	CLRWDT
;supervisore_energetico.mbas,150 :: 		next i
0x0231	0x0827      	MOVF       _i, 0
0x0232	0x3A06      	XORLW      6
0x0233	0x1903      	BTFSC      STATUS, 2
0x0234	0x2A37      	GOTO       L__main59
0x0235	0x0AA7      	INCF       _i, 1
0x0236	0x2A1A      	GOTO       L__main56
L__main59:
L__main53:
;supervisore_energetico.mbas,154 :: 		GPIO.2 = spento      ' Spegni l'Heltec
0x0237	0x1832      	BTFSC      _spento, 0
0x0238	0x2A3B      	GOTO       L__main129
0x0239	0x1105      	BCF        GPIO, 2
0x023A	0x2A3C      	GOTO       L__main130
L__main129:
0x023B	0x1505      	BSF        GPIO, 2
L__main130:
;supervisore_energetico.mbas,155 :: 		GPIO.5 = 0
0x023C	0x1285      	BCF        GPIO, 5
;supervisore_energetico.mbas,156 :: 		Delay_Safe_ms(1000)
0x023D	0x30E8      	MOVLW      232
0x023E	0x00BB      	MOVWF      FARG_Delay_Safe_ms_n
0x023F	0x3003      	MOVLW      3
0x0240	0x00BC      	MOVWF      FARG_Delay_Safe_ms_n+1
0x0241	0x2036      	CALL       _Delay_Safe_ms
;supervisore_energetico.mbas,159 :: 		if (batteria_mv > soglia_off) then
0x0242	0x082D      	MOVF       _batteria_mv+3, 0
0x0243	0x0237      	SUBWF      _soglia_off+3, 0
0x0244	0x1D03      	BTFSS      STATUS, 2
0x0245	0x2A50      	GOTO       L__main131
0x0246	0x082C      	MOVF       _batteria_mv+2, 0
0x0247	0x0236      	SUBWF      _soglia_off+2, 0
0x0248	0x1D03      	BTFSS      STATUS, 2
0x0249	0x2A50      	GOTO       L__main131
0x024A	0x082B      	MOVF       _batteria_mv+1, 0
0x024B	0x0235      	SUBWF      _soglia_off+1, 0
0x024C	0x1D03      	BTFSS      STATUS, 2
0x024D	0x2A50      	GOTO       L__main131
0x024E	0x082A      	MOVF       _batteria_mv, 0
0x024F	0x0234      	SUBWF      _soglia_off, 0
L__main131:
0x0250	0x1803      	BTFSC      STATUS, 0
0x0251	0x2A58      	GOTO       L__main63
;supervisore_energetico.mbas,160 :: 		GPIO.2 = acceso
0x0252	0x1833      	BTFSC      _acceso, 0
0x0253	0x2A56      	GOTO       L__main132
0x0254	0x1105      	BCF        GPIO, 2
0x0255	0x2A57      	GOTO       L__main133
L__main132:
0x0256	0x1505      	BSF        GPIO, 2
L__main133:
0x0257	0x2A5D      	GOTO       L__main64
;supervisore_energetico.mbas,161 :: 		else
L__main63:
;supervisore_energetico.mbas,162 :: 		GPIO.2 = spento  ' Conferma spegnimento se scarica
0x0258	0x1832      	BTFSC      _spento, 0
0x0259	0x2A5C      	GOTO       L__main134
0x025A	0x1105      	BCF        GPIO, 2
0x025B	0x2A5D      	GOTO       L__main135
L__main134:
0x025C	0x1505      	BSF        GPIO, 2
L__main135:
;supervisore_energetico.mbas,163 :: 		end if
L__main64:
;supervisore_energetico.mbas,165 :: 		sveglie_wdt = 0
0x025D	0x01A5      	CLRF       _sveglie_wdt
0x025E	0x01A6      	CLRF       _sveglie_wdt+1
L__main40:
;supervisore_energetico.mbas,168 :: 		if (i >= 50) then
0x025F	0x3032      	MOVLW      50
0x0260	0x0227      	SUBWF      _i, 0
0x0261	0x1C03      	BTFSS      STATUS, 0
0x0262	0x2AC2      	GOTO       L__main66
;supervisore_energetico.mbas,169 :: 		GPIO.2 = spento
0x0263	0x1832      	BTFSC      _spento, 0
0x0264	0x2A67      	GOTO       L__main136
0x0265	0x1105      	BCF        GPIO, 2
0x0266	0x2A68      	GOTO       L__main137
L__main136:
0x0267	0x1505      	BSF        GPIO, 2
L__main137:
;supervisore_energetico.mbas,170 :: 		for i = 1 to 20
0x0268	0x3001      	MOVLW      1
0x0269	0x00A7      	MOVWF      _i
L__main69:
;supervisore_energetico.mbas,171 :: 		GPIO.5 = not GPIO.5
0x026A	0x3020      	MOVLW      32
0x026B	0x0685      	XORWF      GPIO, 1
;supervisore_energetico.mbas,172 :: 		Delay_Safe_ms(100)
0x026C	0x3064      	MOVLW      100
0x026D	0x00BB      	MOVWF      FARG_Delay_Safe_ms_n
0x026E	0x01BC      	CLRF       FARG_Delay_Safe_ms_n+1
0x026F	0x2036      	CALL       _Delay_Safe_ms
;supervisore_energetico.mbas,173 :: 		next i
0x0270	0x0827      	MOVF       _i, 0
0x0271	0x3A14      	XORLW      20
0x0272	0x1903      	BTFSC      STATUS, 2
0x0273	0x2A76      	GOTO       L__main72
0x0274	0x0AA7      	INCF       _i, 1
0x0275	0x2A6A      	GOTO       L__main69
L__main72:
;supervisore_energetico.mbas,174 :: 		GPIO.5 = 0
0x0276	0x1285      	BCF        GPIO, 5
;supervisore_energetico.mbas,175 :: 		in_manutenzione = true
0x0277	0x30FF      	MOVLW      255
0x0278	0x00A4      	MOVWF      _in_manutenzione
;supervisore_energetico.mbas,177 :: 		while (in_manutenzione = true)
L__main74:
0x0279	0x0824      	MOVF       _in_manutenzione, 0
0x027A	0x3AFF      	XORLW      255
0x027B	0x1D03      	BTFSS      STATUS, 2
0x027C	0x2ABA      	GOTO       L__main75
;supervisore_energetico.mbas,178 :: 		GPIO.5 = 1
0x027D	0x1685      	BSF        GPIO, 5
;supervisore_energetico.mbas,179 :: 		Delay_Safe_ms(500)
0x027E	0x30F4      	MOVLW      244
0x027F	0x00BB      	MOVWF      FARG_Delay_Safe_ms_n
0x0280	0x3001      	MOVLW      1
0x0281	0x00BC      	MOVWF      FARG_Delay_Safe_ms_n+1
0x0282	0x2036      	CALL       _Delay_Safe_ms
;supervisore_energetico.mbas,180 :: 		GPIO.5 = 0
0x0283	0x1285      	BCF        GPIO, 5
;supervisore_energetico.mbas,181 :: 		if (GPIO.0 = 0) then
0x0284	0x1805      	BTFSC      GPIO, 0
0x0285	0x2AB4      	GOTO       L__main79
;supervisore_energetico.mbas,182 :: 		i = 0
0x0286	0x01A7      	CLRF       _i
;supervisore_energetico.mbas,183 :: 		while (GPIO.0 = 0) and (i < 50)
L__main82:
0x0287	0x1805      	BTFSC      GPIO, 0
0x0288	0x2A8B      	GOTO       L__main138
0x0289	0x1472      	BSF        R2, 0
0x028A	0x2A8C      	GOTO       L__main139
L__main138:
0x028B	0x1072      	BCF        R2, 0
L__main139:
0x028C	0x3032      	MOVLW      50
0x028D	0x0227      	SUBWF      _i, 0
0x028E	0x30FF      	MOVLW      255
0x028F	0x1803      	BTFSC      STATUS, 0
0x0290	0x3000      	MOVLW      0
0x0291	0x00F1      	MOVWF      R1
0x0292	0x01F0      	CLRF       R0
0x0293	0x1872      	BTFSC      R2, 0
0x0294	0x0AF0      	INCF       R0, 1
0x0295	0x0871      	MOVF       R1, 0
0x0296	0x05F0      	ANDWF      R0, 1
0x0297	0x1903      	BTFSC      STATUS, 2
0x0298	0x2A9F      	GOTO       L__main83
;supervisore_energetico.mbas,184 :: 		Delay_Safe_ms(100)
0x0299	0x3064      	MOVLW      100
0x029A	0x00BB      	MOVWF      FARG_Delay_Safe_ms_n
0x029B	0x01BC      	CLRF       FARG_Delay_Safe_ms_n+1
0x029C	0x2036      	CALL       _Delay_Safe_ms
;supervisore_energetico.mbas,185 :: 		i = i + 1
0x029D	0x0AA7      	INCF       _i, 1
;supervisore_energetico.mbas,186 :: 		wend
0x029E	0x2A87      	GOTO       L__main82
L__main83:
;supervisore_energetico.mbas,187 :: 		if (i >= 50) then
0x029F	0x3032      	MOVLW      50
0x02A0	0x0227      	SUBWF      _i, 0
0x02A1	0x1C03      	BTFSS      STATUS, 0
0x02A2	0x2AB3      	GOTO       L__main87
;supervisore_energetico.mbas,188 :: 		in_manutenzione = false
0x02A3	0x01A4      	CLRF       _in_manutenzione
;supervisore_energetico.mbas,189 :: 		for i = 1 to 20
0x02A4	0x3001      	MOVLW      1
0x02A5	0x00A7      	MOVWF      _i
L__main90:
;supervisore_energetico.mbas,190 :: 		GPIO.5 = not GPIO.5
0x02A6	0x3020      	MOVLW      32
0x02A7	0x0685      	XORWF      GPIO, 1
;supervisore_energetico.mbas,191 :: 		Delay_Safe_ms(100)
0x02A8	0x3064      	MOVLW      100
0x02A9	0x00BB      	MOVWF      FARG_Delay_Safe_ms_n
0x02AA	0x01BC      	CLRF       FARG_Delay_Safe_ms_n+1
0x02AB	0x2036      	CALL       _Delay_Safe_ms
;supervisore_energetico.mbas,192 :: 		next i
0x02AC	0x0827      	MOVF       _i, 0
0x02AD	0x3A14      	XORLW      20
0x02AE	0x1903      	BTFSC      STATUS, 2
0x02AF	0x2AB2      	GOTO       L__main93
0x02B0	0x0AA7      	INCF       _i, 1
0x02B1	0x2AA6      	GOTO       L__main90
L__main93:
;supervisore_energetico.mbas,193 :: 		GPIO.5 = 0
0x02B2	0x1285      	BCF        GPIO, 5
L__main87:
;supervisore_energetico.mbas,194 :: 		end if
0x02B3	0x2AB9      	GOTO       L__main80
;supervisore_energetico.mbas,195 :: 		else
L__main79:
;supervisore_energetico.mbas,196 :: 		Delay_Safe_ms(500)
0x02B4	0x30F4      	MOVLW      244
0x02B5	0x00BB      	MOVWF      FARG_Delay_Safe_ms_n
0x02B6	0x3001      	MOVLW      1
0x02B7	0x00BC      	MOVWF      FARG_Delay_Safe_ms_n+1
0x02B8	0x2036      	CALL       _Delay_Safe_ms
;supervisore_energetico.mbas,197 :: 		end if
L__main80:
;supervisore_energetico.mbas,198 :: 		wend
0x02B9	0x2A79      	GOTO       L__main74
L__main75:
;supervisore_energetico.mbas,199 :: 		Segnale_Avvio()
0x02BA	0x20E1      	CALL       _Segnale_Avvio
;supervisore_energetico.mbas,200 :: 		GPIO.2 = acceso
0x02BB	0x1833      	BTFSC      _acceso, 0
0x02BC	0x2ABF      	GOTO       L__main140
0x02BD	0x1105      	BCF        GPIO, 2
0x02BE	0x2AC0      	GOTO       L__main141
L__main140:
0x02BF	0x1505      	BSF        GPIO, 2
L__main141:
;supervisore_energetico.mbas,201 :: 		sveglie_wdt = 0
0x02C0	0x01A5      	CLRF       _sveglie_wdt
0x02C1	0x01A6      	CLRF       _sveglie_wdt+1
L__main66:
;supervisore_energetico.mbas,202 :: 		end if
L__main29:
;supervisore_energetico.mbas,206 :: 		if (in_manutenzione = false) then
0x02C2	0x0824      	MOVF       _in_manutenzione, 0
0x02C3	0x3A00      	XORLW      0
0x02C4	0x1D03      	BTFSS      STATUS, 2
0x02C5	0x2AFB      	GOTO       L__main95
;supervisore_energetico.mbas,207 :: 		if (sveglie_wdt >= 13) then
0x02C6	0x3000      	MOVLW      0
0x02C7	0x0226      	SUBWF      _sveglie_wdt+1, 0
0x02C8	0x1D03      	BTFSS      STATUS, 2
0x02C9	0x2ACC      	GOTO       L__main142
0x02CA	0x300D      	MOVLW      13
0x02CB	0x0225      	SUBWF      _sveglie_wdt, 0
L__main142:
0x02CC	0x1C03      	BTFSS      STATUS, 0
0x02CD	0x2AFB      	GOTO       L__main98
;supervisore_energetico.mbas,208 :: 		Leggi_Batteria_mV()
0x02CE	0x20AD      	CALL       _Leggi_Batteria_mV
;supervisore_energetico.mbas,210 :: 		if (batteria_mv <= soglia_off) then
0x02CF	0x082D      	MOVF       _batteria_mv+3, 0
0x02D0	0x0237      	SUBWF      _soglia_off+3, 0
0x02D1	0x1D03      	BTFSS      STATUS, 2
0x02D2	0x2ADD      	GOTO       L__main143
0x02D3	0x082C      	MOVF       _batteria_mv+2, 0
0x02D4	0x0236      	SUBWF      _soglia_off+2, 0
0x02D5	0x1D03      	BTFSS      STATUS, 2
0x02D6	0x2ADD      	GOTO       L__main143
0x02D7	0x082B      	MOVF       _batteria_mv+1, 0
0x02D8	0x0235      	SUBWF      _soglia_off+1, 0
0x02D9	0x1D03      	BTFSS      STATUS, 2
0x02DA	0x2ADD      	GOTO       L__main143
0x02DB	0x082A      	MOVF       _batteria_mv, 0
0x02DC	0x0234      	SUBWF      _soglia_off, 0
L__main143:
0x02DD	0x1C03      	BTFSS      STATUS, 0
0x02DE	0x2AE4      	GOTO       L__main101
;supervisore_energetico.mbas,211 :: 		GPIO.2 = spento  ' SPEGNI
0x02DF	0x1832      	BTFSC      _spento, 0
0x02E0	0x2AE3      	GOTO       L__main144
0x02E1	0x1105      	BCF        GPIO, 2
0x02E2	0x2AE4      	GOTO       L__main145
L__main144:
0x02E3	0x1505      	BSF        GPIO, 2
L__main145:
L__main101:
;supervisore_energetico.mbas,214 :: 		if (batteria_mv >= soglia_on) then
0x02E4	0x0831      	MOVF       _soglia_on+3, 0
0x02E5	0x022D      	SUBWF      _batteria_mv+3, 0
0x02E6	0x1D03      	BTFSS      STATUS, 2
0x02E7	0x2AF2      	GOTO       L__main146
0x02E8	0x0830      	MOVF       _soglia_on+2, 0
0x02E9	0x022C      	SUBWF      _batteria_mv+2, 0
0x02EA	0x1D03      	BTFSS      STATUS, 2
0x02EB	0x2AF2      	GOTO       L__main146
0x02EC	0x082F      	MOVF       _soglia_on+1, 0
0x02ED	0x022B      	SUBWF      _batteria_mv+1, 0
0x02EE	0x1D03      	BTFSS      STATUS, 2
0x02EF	0x2AF2      	GOTO       L__main146
0x02F0	0x082E      	MOVF       _soglia_on, 0
0x02F1	0x022A      	SUBWF      _batteria_mv, 0
L__main146:
0x02F2	0x1C03      	BTFSS      STATUS, 0
0x02F3	0x2AF9      	GOTO       L__main104
;supervisore_energetico.mbas,215 :: 		GPIO.2 = acceso  ' ACCENDI
0x02F4	0x1833      	BTFSC      _acceso, 0
0x02F5	0x2AF8      	GOTO       L__main147
0x02F6	0x1105      	BCF        GPIO, 2
0x02F7	0x2AF9      	GOTO       L__main148
L__main147:
0x02F8	0x1505      	BSF        GPIO, 2
L__main148:
L__main104:
;supervisore_energetico.mbas,218 :: 		sveglie_wdt = 0
0x02F9	0x01A5      	CLRF       _sveglie_wdt
0x02FA	0x01A6      	CLRF       _sveglie_wdt+1
L__main98:
;supervisore_energetico.mbas,219 :: 		end if
L__main95:
;supervisore_energetico.mbas,223 :: 		if (in_manutenzione = false) then
0x02FB	0x0824      	MOVF       _in_manutenzione, 0
0x02FC	0x3A00      	XORLW      0
0x02FD	0x1D03      	BTFSS      STATUS, 2
0x02FE	0x2B06      	GOTO       L__main107
;supervisore_energetico.mbas,224 :: 		sveglie_wdt = sveglie_wdt + 1
0x02FF	0x0AA5      	INCF       _sveglie_wdt, 1
0x0300	0x1903      	BTFSC      STATUS, 2
0x0301	0x0AA6      	INCF       _sveglie_wdt+1, 1
;supervisore_energetico.mbas,225 :: 		clrwdt
0x0302	0x0064      	CLRWDT
;supervisore_energetico.mbas,226 :: 		sleep
0x0303	0x0063      	SLEEP
;supervisore_energetico.mbas,227 :: 		nop
0x0304	0x0000      	NOP
0x0305	0x2B0A      	GOTO       L__main108
;supervisore_energetico.mbas,228 :: 		else
L__main107:
;supervisore_energetico.mbas,229 :: 		Delay_Safe_ms(100)
0x0306	0x3064      	MOVLW      100
0x0307	0x00BB      	MOVWF      FARG_Delay_Safe_ms_n
0x0308	0x01BC      	CLRF       FARG_Delay_Safe_ms_n+1
0x0309	0x2036      	CALL       _Delay_Safe_ms
;supervisore_energetico.mbas,230 :: 		end if
L__main108:
;supervisore_energetico.mbas,231 :: 		wend
0x030A	0x298B      	GOTO       L__main21
L_end_main:
0x030B	0x2B0B      	GOTO       $+0
; end of _main
Symbol List:
//** Routines locations **
//ADDRESS    SIZE    PROCEDURE
//----------------------------------------------
0x0003       [6]    _Delay_22us
0x0009      [45]    _ADC_Read
0x0036      [34]    _Delay_Safe_ms
0x0058      [55]    _Mul_32x32_U
0x008F      [30]    _EEPROM_Write
0x00AD      [52]    _Leggi_Batteria_mV
0x00E1      [20]    _Segnale_Avvio
0x00F5      [71]    _Salva_EEPROM
0x013C      [75]    _Init_Hardware
0x0187     [389]    _main
//** Variables locations ** 
//ADDRESS    SIZE    VARIABLE
//----------------------------------------------
0x0003       [1]    STATUS
0x0005       [1]    GPIO
0x000B       [1]    INTCON
0x0019       [1]    CMCON0
0x001E       [1]    ADRESH
0x001F       [1]    ADCON0
0x0020       [4]    _taratura_vcc
0x0024       [1]    _in_manutenzione
0x0025       [2]    _sveglie_wdt
0x0027       [1]    _i
0x0028       [2]    _valore_adc
0x002A       [4]    _batteria_mv
0x002E       [4]    _soglia_on
0x0032       [1]    _spento
0x0033       [1]    _acceso
0x0034       [4]    _soglia_off
0x0038       [1]    _dummy
0x0039       [1]    FARG_EEPROM_Write_address
0x003A       [1]    FARG_EEPROM_Write_data_
0x003B       [1]    FARG_ADC_Read_channel
0x003B       [2]    FARG_Delay_Safe_ms_n
0x003C       [2]    ADC_Read_local_result
0x0070       [1]    R0
0x0071       [1]    R1
0x0072       [1]    R2
0x0073       [1]    R3
0x0074       [1]    R4
0x0075       [1]    R5
0x0076       [1]    R6
0x0077       [1]    R7
0x0078       [1]    R8
0x0079       [1]    R9
0x007A       [1]    R10
0x007B       [1]    R11
0x007C       [1]    R12
0x007D       [1]    R13
0x007E       [1]    R14
0x007F       [1]    R15
0x0081       [1]    OPTION_REG
0x0085       [1]    TRISIO
0x008F       [1]    OSCCON
0x0095       [1]    WPU
0x0096       [1]    IOC
0x009A       [1]    EEDATA
0x009B       [1]    EEADR
0x009C       [1]    EECON1
0x009D       [1]    EECON2
0x009E       [1]    ADRESL
0x009F       [1]    ANSEL
