;  LST file generated by mikroListExporter - v.2.0 
; Date/Time: 01/04/2026 07:15:57
;----------------------------------------------

;Address Opcode 	ASM
0x0000	0x2BE2      	GOTO       994
_Delay_Safe_ms:
;heltec.c,39 :: 		void Delay_Safe_ms(unsigned int n) {
;heltec.c,41 :: 		for (k = 0; k < n; k++) {
0x0003	0x1283      	BCF        STATUS, 5
0x0004	0x01F1      	CLRF       R1
0x0005	0x01F2      	CLRF       R1+1
L_Delay_Safe_ms0:
0x0006	0x085A      	MOVF       FARG_Delay_Safe_ms_n+1, 0
0x0007	0x0272      	SUBWF      R1+1, 0
0x0008	0x1D03      	BTFSS      STATUS, 2
0x0009	0x280C      	GOTO       L__Delay_Safe_ms97
0x000A	0x0859      	MOVF       FARG_Delay_Safe_ms_n, 0
0x000B	0x0271      	SUBWF      R1, 0
L__Delay_Safe_ms97:
0x000C	0x1803      	BTFSC      STATUS, 0
0x000D	0x281C      	GOTO       L_Delay_Safe_ms1
;heltec.c,42 :: 		delay_us(980);
0x000E	0x3002      	MOVLW      2
0x000F	0x00FC      	MOVWF      R12
0x0010	0x3044      	MOVLW      68
0x0011	0x00FD      	MOVWF      R13
L_Delay_Safe_ms3:
0x0012	0x0BFD      	DECFSZ     R13, 1
0x0013	0x2812      	GOTO       L_Delay_Safe_ms3
0x0014	0x0BFC      	DECFSZ     R12, 1
0x0015	0x2812      	GOTO       L_Delay_Safe_ms3
0x0016	0x0000      	NOP
;heltec.c,43 :: 		asm clrwdt; // Reset del Watchdog via Assembly
0x0017	0x0064      	CLRWDT
;heltec.c,41 :: 		for (k = 0; k < n; k++) {
0x0018	0x0AF1      	INCF       R1, 1
0x0019	0x1903      	BTFSC      STATUS, 2
0x001A	0x0AF2      	INCF       R1+1, 1
;heltec.c,44 :: 		}
0x001B	0x2806      	GOTO       L_Delay_Safe_ms0
L_Delay_Safe_ms1:
;heltec.c,45 :: 		}
L_end_Delay_Safe_ms:
0x001C	0x0008      	RETURN
; end of _Delay_Safe_ms
_Delay_22us:
;__Lib_Delays.c,15 :: 		void Delay_22us() {
;__Lib_Delays.c,16 :: 		Delay_us(22);
0x001D	0x3007      	MOVLW      7
0x001E	0x1283      	BCF        STATUS, 5
0x001F	0x00FD      	MOVWF      R13
L_Delay_22us1:
0x0020	0x0BFD      	DECFSZ     R13, 1
0x0021	0x2820      	GOTO       L_Delay_22us1
;__Lib_Delays.c,17 :: 		}
L_end_Delay_22us:
0x0022	0x0008      	RETURN
; end of _Delay_22us
__Lib_SoftI2C_PutZerosToLATScl:
;__Lib_SoftI2C.c,45 :: 		
;__Lib_SoftI2C.c,53 :: 		
0x0023	0x3005      	MOVLW      Soft_I2C_Scl
;__Lib_SoftI2C.c,54 :: 		
0x0024	0x0084      	MOVWF      FSR
;__Lib_SoftI2C.c,55 :: 		
0x0025	0x0800      	MOVF       INDF, 0
;__Lib_SoftI2C.c,56 :: 		
0x0026	0x0800      	MOVF       INDF, 0
0x0027	0x1283      	BCF        STATUS, 5
0x0028	0x00F0      	MOVWF      R0
;__Lib_SoftI2C.c,59 :: 		
0x0029	0x12F0      	BCF        R0, BitPos(Soft_I2C_Scl+0)
;__Lib_SoftI2C.c,61 :: 		
0x002A	0x0870      	MOVF       R0, 0
0x002B	0x0080      	MOVWF      INDF
;__Lib_SoftI2C.c,62 :: 		
L_end_PutZerosToLATScl:
0x002C	0x0008      	RETURN
; end of __Lib_SoftI2C_PutZerosToLATScl
__Lib_SoftI2C_PutZerosToLATSda:
;__Lib_SoftI2C.c,28 :: 		
;__Lib_SoftI2C.c,36 :: 		
0x002D	0x3005      	MOVLW      Soft_I2C_Sda
;__Lib_SoftI2C.c,37 :: 		
0x002E	0x0084      	MOVWF      FSR
;__Lib_SoftI2C.c,38 :: 		
0x002F	0x0800      	MOVF       INDF, 0
;__Lib_SoftI2C.c,39 :: 		
0x0030	0x0800      	MOVF       INDF, 0
0x0031	0x1283      	BCF        STATUS, 5
0x0032	0x00F0      	MOVWF      R0
;__Lib_SoftI2C.c,41 :: 		
0x0033	0x1270      	BCF        R0, BitPos(Soft_I2C_Sda+0)
;__Lib_SoftI2C.c,43 :: 		
0x0034	0x0870      	MOVF       R0, 0
0x0035	0x0080      	MOVWF      INDF
;__Lib_SoftI2C.c,44 :: 		
L_end_PutZerosToLATSda:
0x0036	0x0008      	RETURN
; end of __Lib_SoftI2C_PutZerosToLATSda
_Delay_1us:
;__Lib_Delays.c,7 :: 		void Delay_1us() {
;__Lib_Delays.c,8 :: 		Delay_us(1);
0x0037	0x0000      	NOP
;__Lib_Delays.c,9 :: 		}
L_end_Delay_1us:
0x0038	0x0008      	RETURN
; end of _Delay_1us
_Soft_I2C_Init:
;__Lib_SoftI2C.c,69 :: 		
;__Lib_SoftI2C.c,75 :: 		
0x0039	0x1683      	BSF        STATUS, 5
0x003A	0x1685      	BSF        Soft_I2C_Scl_Direction, BitPos(Soft_I2C_Scl_Direction+0)
;__Lib_SoftI2C.c,76 :: 		
0x003B	0x1605      	BSF        Soft_I2C_Sda_Direction, BitPos(Soft_I2C_Sda_Direction+0)
;__Lib_SoftI2C.c,78 :: 		
0x003C	0x1283      	BCF        STATUS, 5
0x003D	0x1049      	BCF        __Lib_SoftI2C___StopWaiting, BitPos(__Lib_SoftI2C___StopWaiting+0)
;__Lib_SoftI2C.c,79 :: 		
L_Soft_I2C_Init0:
0x003E	0x1A85      	BTFSC      Soft_I2C_Scl, BitPos(Soft_I2C_Scl+0)
0x003F	0x2844      	GOTO       L_Soft_I2C_Init1
;__Lib_SoftI2C.c,80 :: 		
0x0040	0x1C49      	BTFSS      __Lib_SoftI2C___StopWaiting, BitPos(__Lib_SoftI2C___StopWaiting+0)
0x0041	0x2843      	GOTO       L_Soft_I2C_Init2
;__Lib_SoftI2C.c,81 :: 		
0x0042	0x2844      	GOTO       L_Soft_I2C_Init1
L_Soft_I2C_Init2:
0x0043	0x283E      	GOTO       L_Soft_I2C_Init0
L_Soft_I2C_Init1:
;__Lib_SoftI2C.c,83 :: 		
L_end_Soft_I2C_Init:
0x0044	0x0008      	RETURN
; end of _Soft_I2C_Init
_Soft_I2C_Start:
;__Lib_SoftI2C.c,147 :: 		
;__Lib_SoftI2C.c,148 :: 		
0x0045	0x1683      	BSF        STATUS, 5
0x0046	0x1605      	BSF        Soft_I2C_Sda_Direction, BitPos(Soft_I2C_Sda_Direction+0)
;__Lib_SoftI2C.c,150 :: 		
0x0047	0x2037      	CALL       _Delay_1us
0x0048	0x2037      	CALL       _Delay_1us
;__Lib_SoftI2C.c,152 :: 		
0x0049	0x1685      	BSF        Soft_I2C_Scl_Direction, BitPos(Soft_I2C_Scl_Direction+0)
;__Lib_SoftI2C.c,154 :: 		
0x004A	0x2037      	CALL       _Delay_1us
0x004B	0x2037      	CALL       _Delay_1us
;__Lib_SoftI2C.c,156 :: 		
0x004C	0x202D      	CALL       __Lib_SoftI2C_PutZerosToLATSda
;__Lib_SoftI2C.c,157 :: 		
0x004D	0x1683      	BSF        STATUS, 5
0x004E	0x1205      	BCF        Soft_I2C_Sda_Direction, BitPos(Soft_I2C_Sda_Direction+0)
;__Lib_SoftI2C.c,159 :: 		
0x004F	0x2037      	CALL       _Delay_1us
0x0050	0x2037      	CALL       _Delay_1us
;__Lib_SoftI2C.c,161 :: 		
0x0051	0x2023      	CALL       __Lib_SoftI2C_PutZerosToLATScl
;__Lib_SoftI2C.c,162 :: 		
0x0052	0x1683      	BSF        STATUS, 5
0x0053	0x1285      	BCF        Soft_I2C_Scl_Direction, BitPos(Soft_I2C_Scl_Direction+0)
;__Lib_SoftI2C.c,165 :: 		
L_end_Soft_I2C_Start:
0x0054	0x0008      	RETURN
; end of _Soft_I2C_Start
_Lampi:
;heltec.c,121 :: 		void Lampi(unsigned short n, unsigned int t_on) {
;heltec.c,123 :: 		for (k = 0; k < n; k++) {
0x0055	0x1283      	BCF        STATUS, 5
0x0056	0x01D7      	CLRF       Lampi_k_L0
L_Lampi14:
0x0057	0x0854      	MOVF       FARG_Lampi_n, 0
0x0058	0x0257      	SUBWF      Lampi_k_L0, 0
0x0059	0x1803      	BTFSC      STATUS, 0
0x005A	0x2869      	GOTO       L_Lampi15
;heltec.c,124 :: 		GPIO.F2 = 1;
0x005B	0x1505      	BSF        GPIO, 2
;heltec.c,125 :: 		Delay_Safe_ms(t_on);
0x005C	0x0855      	MOVF       FARG_Lampi_t_on, 0
0x005D	0x00D9      	MOVWF      FARG_Delay_Safe_ms_n
0x005E	0x0856      	MOVF       FARG_Lampi_t_on+1, 0
0x005F	0x00DA      	MOVWF      FARG_Delay_Safe_ms_n+1
0x0060	0x2003      	CALL       _Delay_Safe_ms
;heltec.c,126 :: 		GPIO.F2 = 0;
0x0061	0x1105      	BCF        GPIO, 2
;heltec.c,127 :: 		Delay_Safe_ms(t_on);
0x0062	0x0855      	MOVF       FARG_Lampi_t_on, 0
0x0063	0x00D9      	MOVWF      FARG_Delay_Safe_ms_n
0x0064	0x0856      	MOVF       FARG_Lampi_t_on+1, 0
0x0065	0x00DA      	MOVWF      FARG_Delay_Safe_ms_n+1
0x0066	0x2003      	CALL       _Delay_Safe_ms
;heltec.c,123 :: 		for (k = 0; k < n; k++) {
0x0067	0x0AD7      	INCF       Lampi_k_L0, 1
;heltec.c,128 :: 		}
0x0068	0x2857      	GOTO       L_Lampi14
L_Lampi15:
;heltec.c,129 :: 		}
L_end_Lampi:
0x0069	0x0008      	RETURN
; end of _Lampi
_Soft_I2C_Write:
;__Lib_SoftI2C.c,194 :: 		
;__Lib_SoftI2C.c,195 :: 		
0x006A	0x3001      	MOVLW      1
0x006B	0x1283      	BCF        STATUS, 5
0x006C	0x00D7      	MOVWF      Soft_I2C_Write_result_L0
0x006D	0x3000      	MOVLW      0
0x006E	0x00D8      	MOVWF      Soft_I2C_Write_result_L0+1
;__Lib_SoftI2C.c,197 :: 		
0x006F	0x3080      	MOVLW      128
0x0070	0x00D5      	MOVWF      Soft_I2C_Write_temp_L0
0x0071	0x01D6      	CLRF       Soft_I2C_Write_temp_L0+1
;__Lib_SoftI2C.c,199 :: 		
L_Soft_I2C_Write16:
0x0072	0x0855      	MOVF       Soft_I2C_Write_temp_L0, 0
0x0073	0x0456      	IORWF      Soft_I2C_Write_temp_L0+1, 0
0x0074	0x1903      	BTFSC      STATUS, 2
0x0075	0x289F      	GOTO       L_Soft_I2C_Write17
;__Lib_SoftI2C.c,200 :: 		
0x0076	0x2037      	CALL       _Delay_1us
0x0077	0x2037      	CALL       _Delay_1us
;__Lib_SoftI2C.c,201 :: 		
0x0078	0x2037      	CALL       _Delay_1us
0x0079	0x2037      	CALL       _Delay_1us
;__Lib_SoftI2C.c,203 :: 		
0x007A	0x2023      	CALL       __Lib_SoftI2C_PutZerosToLATScl
;__Lib_SoftI2C.c,204 :: 		
0x007B	0x1683      	BSF        STATUS, 5
0x007C	0x1285      	BCF        Soft_I2C_Scl_Direction, BitPos(Soft_I2C_Scl_Direction+0)
;__Lib_SoftI2C.c,206 :: 		
0x007D	0x2037      	CALL       _Delay_1us
0x007E	0x2037      	CALL       _Delay_1us
;__Lib_SoftI2C.c,208 :: 		
0x007F	0x1283      	BCF        STATUS, 5
0x0080	0x0855      	MOVF       Soft_I2C_Write_temp_L0, 0
0x0081	0x0554      	ANDWF      FARG_Soft_I2C_Write_data_, 0
0x0082	0x00F0      	MOVWF      R0
0x0083	0x3000      	MOVLW      0
0x0084	0x0556      	ANDWF      Soft_I2C_Write_temp_L0+1, 0
0x0085	0x00F1      	MOVWF      R0+1
0x0086	0x0870      	MOVF       R0, 0
0x0087	0x0471      	IORWF      R0+1, 0
0x0088	0x1903      	BTFSC      STATUS, 2
0x0089	0x288D      	GOTO       L_Soft_I2C_Write18
;__Lib_SoftI2C.c,209 :: 		
0x008A	0x1683      	BSF        STATUS, 5
0x008B	0x1605      	BSF        Soft_I2C_Sda_Direction, BitPos(Soft_I2C_Sda_Direction+0)
;__Lib_SoftI2C.c,210 :: 		
0x008C	0x2890      	GOTO       L_Soft_I2C_Write19
L_Soft_I2C_Write18:
;__Lib_SoftI2C.c,212 :: 		
0x008D	0x202D      	CALL       __Lib_SoftI2C_PutZerosToLATSda
;__Lib_SoftI2C.c,213 :: 		
0x008E	0x1683      	BSF        STATUS, 5
0x008F	0x1205      	BCF        Soft_I2C_Sda_Direction, BitPos(Soft_I2C_Sda_Direction+0)
;__Lib_SoftI2C.c,214 :: 		
L_Soft_I2C_Write19:
;__Lib_SoftI2C.c,216 :: 		
0x0090	0x2037      	CALL       _Delay_1us
0x0091	0x2037      	CALL       _Delay_1us
;__Lib_SoftI2C.c,218 :: 		
0x0092	0x1685      	BSF        Soft_I2C_Scl_Direction, BitPos(Soft_I2C_Scl_Direction+0)
;__Lib_SoftI2C.c,220 :: 		
0x0093	0x1283      	BCF        STATUS, 5
0x0094	0x1049      	BCF        __Lib_SoftI2C___StopWaiting, BitPos(__Lib_SoftI2C___StopWaiting+0)
;__Lib_SoftI2C.c,221 :: 		
L_Soft_I2C_Write20:
0x0095	0x1A85      	BTFSC      Soft_I2C_Scl, BitPos(Soft_I2C_Scl+0)
0x0096	0x289B      	GOTO       L_Soft_I2C_Write21
;__Lib_SoftI2C.c,222 :: 		
0x0097	0x1C49      	BTFSS      __Lib_SoftI2C___StopWaiting, BitPos(__Lib_SoftI2C___StopWaiting+0)
0x0098	0x289A      	GOTO       L_Soft_I2C_Write22
;__Lib_SoftI2C.c,223 :: 		
0x0099	0x289B      	GOTO       L_Soft_I2C_Write21
L_Soft_I2C_Write22:
0x009A	0x2895      	GOTO       L_Soft_I2C_Write20
L_Soft_I2C_Write21:
;__Lib_SoftI2C.c,225 :: 		
0x009B	0x0CD6      	RRF        Soft_I2C_Write_temp_L0+1, 1
0x009C	0x0CD5      	RRF        Soft_I2C_Write_temp_L0, 1
0x009D	0x13D6      	BCF        Soft_I2C_Write_temp_L0+1, 7
;__Lib_SoftI2C.c,226 :: 		
0x009E	0x2872      	GOTO       L_Soft_I2C_Write16
L_Soft_I2C_Write17:
;__Lib_SoftI2C.c,228 :: 		
0x009F	0x01D7      	CLRF       Soft_I2C_Write_result_L0
0x00A0	0x01D8      	CLRF       Soft_I2C_Write_result_L0+1
;__Lib_SoftI2C.c,230 :: 		
0x00A1	0x2037      	CALL       _Delay_1us
0x00A2	0x2037      	CALL       _Delay_1us
;__Lib_SoftI2C.c,232 :: 		
0x00A3	0x2023      	CALL       __Lib_SoftI2C_PutZerosToLATScl
;__Lib_SoftI2C.c,233 :: 		
0x00A4	0x1683      	BSF        STATUS, 5
0x00A5	0x1285      	BCF        Soft_I2C_Scl_Direction, BitPos(Soft_I2C_Scl_Direction+0)
;__Lib_SoftI2C.c,235 :: 		
0x00A6	0x2037      	CALL       _Delay_1us
0x00A7	0x2037      	CALL       _Delay_1us
;__Lib_SoftI2C.c,237 :: 		
0x00A8	0x1605      	BSF        Soft_I2C_Sda_Direction, BitPos(Soft_I2C_Sda_Direction+0)
;__Lib_SoftI2C.c,239 :: 		
0x00A9	0x2037      	CALL       _Delay_1us
0x00AA	0x2037      	CALL       _Delay_1us
;__Lib_SoftI2C.c,240 :: 		
0x00AB	0x2037      	CALL       _Delay_1us
0x00AC	0x2037      	CALL       _Delay_1us
;__Lib_SoftI2C.c,242 :: 		
0x00AD	0x1685      	BSF        Soft_I2C_Scl_Direction, BitPos(Soft_I2C_Scl_Direction+0)
;__Lib_SoftI2C.c,244 :: 		
0x00AE	0x1283      	BCF        STATUS, 5
0x00AF	0x1049      	BCF        __Lib_SoftI2C___StopWaiting, BitPos(__Lib_SoftI2C___StopWaiting+0)
;__Lib_SoftI2C.c,245 :: 		
L_Soft_I2C_Write23:
0x00B0	0x1A85      	BTFSC      Soft_I2C_Scl, BitPos(Soft_I2C_Scl+0)
0x00B1	0x28B6      	GOTO       L_Soft_I2C_Write24
;__Lib_SoftI2C.c,246 :: 		
0x00B2	0x1C49      	BTFSS      __Lib_SoftI2C___StopWaiting, BitPos(__Lib_SoftI2C___StopWaiting+0)
0x00B3	0x28B5      	GOTO       L_Soft_I2C_Write25
;__Lib_SoftI2C.c,247 :: 		
0x00B4	0x28B6      	GOTO       L_Soft_I2C_Write24
L_Soft_I2C_Write25:
0x00B5	0x28B0      	GOTO       L_Soft_I2C_Write23
L_Soft_I2C_Write24:
;__Lib_SoftI2C.c,249 :: 		
0x00B6	0x01D7      	CLRF       Soft_I2C_Write_result_L0
0x00B7	0x01D8      	CLRF       Soft_I2C_Write_result_L0+1
;__Lib_SoftI2C.c,251 :: 		
0x00B8	0x2037      	CALL       _Delay_1us
0x00B9	0x2037      	CALL       _Delay_1us
;__Lib_SoftI2C.c,253 :: 		
0x00BA	0x1E05      	BTFSS      Soft_I2C_Sda, BitPos(Soft_I2C_Sda+0)
0x00BB	0x28BD      	GOTO       L_Soft_I2C_Write26
;__Lib_SoftI2C.c,254 :: 		
0x00BC	0x1457      	BSF        Soft_I2C_Write_result_L0, 0
L_Soft_I2C_Write26:
;__Lib_SoftI2C.c,256 :: 		
0x00BD	0x2037      	CALL       _Delay_1us
0x00BE	0x2037      	CALL       _Delay_1us
;__Lib_SoftI2C.c,257 :: 		
0x00BF	0x2037      	CALL       _Delay_1us
0x00C0	0x2037      	CALL       _Delay_1us
;__Lib_SoftI2C.c,258 :: 		
0x00C1	0x2037      	CALL       _Delay_1us
0x00C2	0x2037      	CALL       _Delay_1us
;__Lib_SoftI2C.c,259 :: 		
0x00C3	0x2037      	CALL       _Delay_1us
0x00C4	0x2037      	CALL       _Delay_1us
;__Lib_SoftI2C.c,260 :: 		
0x00C5	0x2037      	CALL       _Delay_1us
0x00C6	0x2037      	CALL       _Delay_1us
;__Lib_SoftI2C.c,261 :: 		
0x00C7	0x2037      	CALL       _Delay_1us
0x00C8	0x2037      	CALL       _Delay_1us
;__Lib_SoftI2C.c,262 :: 		
0x00C9	0x2037      	CALL       _Delay_1us
0x00CA	0x2037      	CALL       _Delay_1us
;__Lib_SoftI2C.c,263 :: 		
0x00CB	0x2037      	CALL       _Delay_1us
0x00CC	0x2037      	CALL       _Delay_1us
;__Lib_SoftI2C.c,265 :: 		
0x00CD	0x2023      	CALL       __Lib_SoftI2C_PutZerosToLATScl
;__Lib_SoftI2C.c,266 :: 		
0x00CE	0x1683      	BSF        STATUS, 5
0x00CF	0x1285      	BCF        Soft_I2C_Scl_Direction, BitPos(Soft_I2C_Scl_Direction+0)
;__Lib_SoftI2C.c,267 :: 		
0x00D0	0x202D      	CALL       __Lib_SoftI2C_PutZerosToLATSda
;__Lib_SoftI2C.c,268 :: 		
0x00D1	0x1683      	BSF        STATUS, 5
0x00D2	0x1205      	BCF        Soft_I2C_Sda_Direction, BitPos(Soft_I2C_Sda_Direction+0)
;__Lib_SoftI2C.c,270 :: 		
0x00D3	0x1283      	BCF        STATUS, 5
0x00D4	0x0857      	MOVF       Soft_I2C_Write_result_L0, 0
0x00D5	0x00F0      	MOVWF      R0
;__Lib_SoftI2C.c,271 :: 		
L_end_Soft_I2C_Write:
0x00D6	0x0008      	RETURN
; end of _Soft_I2C_Write
_Mul_32x32_U:
;__Lib_Math.c,1775 :: 		
;__Lib_Math.c,1790 :: 		
0x00D7	0x1283      	BCF        STATUS, 5
;__Lib_Math.c,1791 :: 		
0x00D8	0x1303      	BCF        STATUS, 6
;__Lib_Math.c,1792 :: 		
0x00D9	0x3022      	MOVLW      34
;__Lib_Math.c,1793 :: 		
0x00DA	0x00FC      	MOVWF      R12
;__Lib_Math.c,1794 :: 		
0x00DB	0x01F8      	CLRF       R8
;__Lib_Math.c,1795 :: 		
0x00DC	0x01F9      	CLRF       R9
;__Lib_Math.c,1796 :: 		
0x00DD	0x01FA      	CLRF       R10
;__Lib_Math.c,1797 :: 		
0x00DE	0x01FB      	CLRF       R11
;__Lib_Math.c,1799 :: 		
_NEXT:
;__Lib_Math.c,1803 :: 		
0x00DF	0x03FC      	DECF       R12, 1
;__Lib_Math.c,1804 :: 		
0x00E0	0x1903      	BTFSC      STATUS, 2
;__Lib_Math.c,1805 :: 		
0x00E1	0x290D      	GOTO       _EXIT2
;__Lib_Math.c,1806 :: 		
0x00E2	0x1003      	BCF        STATUS, 0
;__Lib_Math.c,1808 :: 		
_LOOP:
;__Lib_Math.c,1817 :: 		
0x00E3	0x0CFB      	RRF        R11, 1
;__Lib_Math.c,1818 :: 		
0x00E4	0x0CFA      	RRF        R10, 1
;__Lib_Math.c,1819 :: 		
0x00E5	0x0CF9      	RRF        R9, 1
;__Lib_Math.c,1820 :: 		
0x00E6	0x0CF8      	RRF        R8, 1
;__Lib_Math.c,1821 :: 		
0x00E7	0x0CF3      	RRF        R3, 1
;__Lib_Math.c,1822 :: 		
0x00E8	0x0CF2      	RRF        R2, 1
;__Lib_Math.c,1823 :: 		
0x00E9	0x0CF1      	RRF        R1, 1
;__Lib_Math.c,1824 :: 		
0x00EA	0x0CF0      	RRF        R0, 1
;__Lib_Math.c,1829 :: 		
0x00EB	0x1C03      	BTFSS      STATUS, 0
;__Lib_Math.c,1830 :: 		
0x00EC	0x28DF      	GOTO       _NEXT
;__Lib_Math.c,1831 :: 		
0x00ED	0x03FC      	DECF       R12, 1
;__Lib_Math.c,1832 :: 		
0x00EE	0x1903      	BTFSC      STATUS, 2
;__Lib_Math.c,1833 :: 		
0x00EF	0x28FF      	GOTO       _EXIT1
;__Lib_Math.c,1840 :: 		
0x00F0	0x0874      	MOVF       R4, 0
;__Lib_Math.c,1841 :: 		
0x00F1	0x07F8      	ADDWF      R8, 1
;__Lib_Math.c,1842 :: 		
0x00F2	0x0875      	MOVF       R5, 0
;__Lib_Math.c,1843 :: 		
0x00F3	0x1803      	BTFSC      STATUS, 0
;__Lib_Math.c,1844 :: 		
0x00F4	0x0F75      	INCFSZ     R5, 0
;__Lib_Math.c,1845 :: 		
0x00F5	0x07F9      	ADDWF      R9, 1
;__Lib_Math.c,1846 :: 		
0x00F6	0x0876      	MOVF       R6, 0
;__Lib_Math.c,1847 :: 		
0x00F7	0x1803      	BTFSC      STATUS, 0
;__Lib_Math.c,1848 :: 		
0x00F8	0x0F76      	INCFSZ     R6, 0
;__Lib_Math.c,1849 :: 		
0x00F9	0x07FA      	ADDWF      R10, 1
;__Lib_Math.c,1850 :: 		
0x00FA	0x0877      	MOVF       R7, 0
;__Lib_Math.c,1851 :: 		
0x00FB	0x1803      	BTFSC      STATUS, 0
;__Lib_Math.c,1852 :: 		
0x00FC	0x0F77      	INCFSZ     R7, 0
;__Lib_Math.c,1853 :: 		
0x00FD	0x07FB      	ADDWF      R11, 1
;__Lib_Math.c,1855 :: 		
0x00FE	0x28E3      	GOTO       _LOOP
;__Lib_Math.c,1857 :: 		
_EXIT1:
;__Lib_Math.c,1862 :: 		
0x00FF	0x0874      	MOVF       R4, 0
;__Lib_Math.c,1863 :: 		
0x0100	0x07F8      	ADDWF      R8, 1
;__Lib_Math.c,1864 :: 		
0x0101	0x0875      	MOVF       R5, 0
;__Lib_Math.c,1865 :: 		
0x0102	0x1803      	BTFSC      STATUS, 0
;__Lib_Math.c,1866 :: 		
0x0103	0x0F75      	INCFSZ     R5, 0
;__Lib_Math.c,1867 :: 		
0x0104	0x07F9      	ADDWF      R9, 1
;__Lib_Math.c,1868 :: 		
0x0105	0x0876      	MOVF       R6, 0
;__Lib_Math.c,1869 :: 		
0x0106	0x1803      	BTFSC      STATUS, 0
;__Lib_Math.c,1870 :: 		
0x0107	0x0F76      	INCFSZ     R6, 0
;__Lib_Math.c,1871 :: 		
0x0108	0x07FA      	ADDWF      R10, 1
;__Lib_Math.c,1872 :: 		
0x0109	0x0877      	MOVF       R7, 0
;__Lib_Math.c,1873 :: 		
0x010A	0x1803      	BTFSC      STATUS, 0
;__Lib_Math.c,1874 :: 		
0x010B	0x0F77      	INCFSZ     R7, 0
;__Lib_Math.c,1875 :: 		
0x010C	0x07FB      	ADDWF      R11, 1
;__Lib_Math.c,1878 :: 		
_EXIT2:
;__Lib_Math.c,1880 :: 		
L_end_Mul_32x32_U:
0x010D	0x0008      	RETURN
; end of _Mul_32x32_U
_Soft_I2C_Stop:
;__Lib_SoftI2C.c,168 :: 		
;__Lib_SoftI2C.c,170 :: 		
0x010E	0x202D      	CALL       __Lib_SoftI2C_PutZerosToLATSda
;__Lib_SoftI2C.c,171 :: 		
0x010F	0x1683      	BSF        STATUS, 5
0x0110	0x1205      	BCF        Soft_I2C_Sda_Direction, BitPos(Soft_I2C_Sda_Direction+0)
;__Lib_SoftI2C.c,173 :: 		
0x0111	0x2037      	CALL       _Delay_1us
0x0112	0x2037      	CALL       _Delay_1us
;__Lib_SoftI2C.c,175 :: 		
0x0113	0x1685      	BSF        Soft_I2C_Scl_Direction, BitPos(Soft_I2C_Scl_Direction+0)
;__Lib_SoftI2C.c,177 :: 		
0x0114	0x1283      	BCF        STATUS, 5
0x0115	0x1049      	BCF        __Lib_SoftI2C___StopWaiting, BitPos(__Lib_SoftI2C___StopWaiting+0)
;__Lib_SoftI2C.c,178 :: 		
L_Soft_I2C_Stop13:
0x0116	0x1A85      	BTFSC      Soft_I2C_Scl, BitPos(Soft_I2C_Scl+0)
0x0117	0x291C      	GOTO       L_Soft_I2C_Stop14
;__Lib_SoftI2C.c,179 :: 		
0x0118	0x1C49      	BTFSS      __Lib_SoftI2C___StopWaiting, BitPos(__Lib_SoftI2C___StopWaiting+0)
0x0119	0x291B      	GOTO       L_Soft_I2C_Stop15
;__Lib_SoftI2C.c,180 :: 		
0x011A	0x291C      	GOTO       L_Soft_I2C_Stop14
L_Soft_I2C_Stop15:
0x011B	0x2916      	GOTO       L_Soft_I2C_Stop13
L_Soft_I2C_Stop14:
;__Lib_SoftI2C.c,182 :: 		
0x011C	0x2037      	CALL       _Delay_1us
0x011D	0x2037      	CALL       _Delay_1us
;__Lib_SoftI2C.c,183 :: 		
0x011E	0x2037      	CALL       _Delay_1us
0x011F	0x2037      	CALL       _Delay_1us
;__Lib_SoftI2C.c,184 :: 		
0x0120	0x2037      	CALL       _Delay_1us
0x0121	0x2037      	CALL       _Delay_1us
;__Lib_SoftI2C.c,185 :: 		
0x0122	0x2037      	CALL       _Delay_1us
0x0123	0x2037      	CALL       _Delay_1us
;__Lib_SoftI2C.c,187 :: 		
0x0124	0x1683      	BSF        STATUS, 5
0x0125	0x1605      	BSF        Soft_I2C_Sda_Direction, BitPos(Soft_I2C_Sda_Direction+0)
;__Lib_SoftI2C.c,189 :: 		
0x0126	0x2037      	CALL       _Delay_1us
0x0127	0x2037      	CALL       _Delay_1us
;__Lib_SoftI2C.c,190 :: 		
L_end_Soft_I2C_Stop:
0x0128	0x0008      	RETURN
; end of _Soft_I2C_Stop
_ADC_Read:
;__Lib_ADC_A_E.c,75 :: 		
;__Lib_ADC_A_E.c,77 :: 		
0x0129	0x30C3      	MOVLW      195
0x012A	0x1283      	BCF        STATUS, 5
0x012B	0x059F      	ANDWF      ADCON0, 1
;__Lib_ADC_A_E.c,82 :: 		
0x012C	0x30F0      	MOVLW      240
0x012D	0x059F      	ANDWF      ADCON0, 1
;__Lib_ADC_A_E.c,83 :: 		
0x012E	0x0925      	COMF       _vref_mask, 0
0x012F	0x00F0      	MOVWF      R0
0x0130	0x0870      	MOVF       R0, 0
0x0131	0x059F      	ANDWF      ADCON0, 1
;__Lib_ADC_A_E.c,84 :: 		
0x0132	0x30F0      	MOVLW      240
0x0133	0x1683      	BSF        STATUS, 5
0x0134	0x049F      	IORWF      ANSEL, 1
;__Lib_ADC_A_E.c,85 :: 		
0x0135	0x1283      	BCF        STATUS, 5
0x0136	0x179F      	BSF        ADCON0, 7
;__Lib_ADC_A_E.c,86 :: 		
0x0137	0x0854      	MOVF       FARG_ADC_Read_channel, 0
0x0138	0x00F0      	MOVWF      R0
0x0139	0x0DF0      	RLF        R0, 1
0x013A	0x1070      	BCF        R0, 0
0x013B	0x0DF0      	RLF        R0, 1
0x013C	0x1070      	BCF        R0, 0
0x013D	0x0870      	MOVF       R0, 0
0x013E	0x049F      	IORWF      ADCON0, 1
;__Lib_ADC_A_E.c,89 :: 		
0x013F	0x141F      	BSF        ADCON0, 0
;__Lib_ADC_A_E.c,92 :: 		
0x0140	0x201D      	CALL       _Delay_22us
;__Lib_ADC_A_E.c,95 :: 		
0x0141	0x149F      	BSF        ADCON0, 1
;__Lib_ADC_A_E.c,98 :: 		
L_ADC_Read2:
0x0142	0x1C9F      	BTFSS      ADCON0, 1
0x0143	0x2946      	GOTO       L_ADC_Read3
;__Lib_ADC_A_E.c,99 :: 		
0x0144	0x0000      	NOP
0x0145	0x2942      	GOTO       L_ADC_Read2
L_ADC_Read3:
;__Lib_ADC_A_E.c,102 :: 		
0x0146	0x101F      	BCF        ADCON0, 0
;__Lib_ADC_A_E.c,105 :: 		
0x0147	0x081E      	MOVF       ADRESH, 0
0x0148	0x00F1      	MOVWF      R0+1
0x0149	0x01F0      	CLRF       R0
0x014A	0x1683      	BSF        STATUS, 5
0x014B	0x081E      	MOVF       ADRESL, 0
0x014C	0x04F0      	IORWF      R0, 1
0x014D	0x3000      	MOVLW      0
0x014E	0x04F1      	IORWF      R0+1, 1
;__Lib_ADC_A_E.c,106 :: 		
L_end_ADC_Read:
0x014F	0x0008      	RETURN
; end of _ADC_Read
_soglia_batteria:
;heltec.c,132 :: 		void soglia_batteria() {
;heltec.c,133 :: 		if (batteria_mv <= soglia_off) {
0x0150	0x1283      	BCF        STATUS, 5
0x0151	0x0838      	MOVF       _batteria_mv+3, 0
0x0152	0x023E      	SUBWF      _soglia_off+3, 0
0x0153	0x1D03      	BTFSS      STATUS, 2
0x0154	0x295F      	GOTO       L__soglia_batteria109
0x0155	0x0837      	MOVF       _batteria_mv+2, 0
0x0156	0x023D      	SUBWF      _soglia_off+2, 0
0x0157	0x1D03      	BTFSS      STATUS, 2
0x0158	0x295F      	GOTO       L__soglia_batteria109
0x0159	0x0836      	MOVF       _batteria_mv+1, 0
0x015A	0x023C      	SUBWF      _soglia_off+1, 0
0x015B	0x1D03      	BTFSS      STATUS, 2
0x015C	0x295F      	GOTO       L__soglia_batteria109
0x015D	0x0835      	MOVF       _batteria_mv, 0
0x015E	0x023B      	SUBWF      _soglia_off, 0
L__soglia_batteria109:
0x015F	0x1C03      	BTFSS      STATUS, 0
0x0160	0x296E      	GOTO       L_soglia_batteria17
;heltec.c,134 :: 		Delay_Safe_ms(500);
0x0161	0x30F4      	MOVLW      244
0x0162	0x00D9      	MOVWF      FARG_Delay_Safe_ms_n
0x0163	0x3001      	MOVLW      1
0x0164	0x00DA      	MOVWF      FARG_Delay_Safe_ms_n+1
0x0165	0x2003      	CALL       _Delay_Safe_ms
;heltec.c,135 :: 		Lampi(6, 100);
0x0166	0x3006      	MOVLW      6
0x0167	0x00D4      	MOVWF      FARG_Lampi_n
0x0168	0x3064      	MOVLW      100
0x0169	0x00D5      	MOVWF      FARG_Lampi_t_on
0x016A	0x3000      	MOVLW      0
0x016B	0x00D6      	MOVWF      FARG_Lampi_t_on+1
0x016C	0x2055      	CALL       _Lampi
;heltec.c,136 :: 		} else if (batteria_mv > soglia_off && batteria_mv <= soglia_on) {
0x016D	0x299A      	GOTO       L_soglia_batteria18
L_soglia_batteria17:
0x016E	0x0838      	MOVF       _batteria_mv+3, 0
0x016F	0x023E      	SUBWF      _soglia_off+3, 0
0x0170	0x1D03      	BTFSS      STATUS, 2
0x0171	0x297C      	GOTO       L__soglia_batteria110
0x0172	0x0837      	MOVF       _batteria_mv+2, 0
0x0173	0x023D      	SUBWF      _soglia_off+2, 0
0x0174	0x1D03      	BTFSS      STATUS, 2
0x0175	0x297C      	GOTO       L__soglia_batteria110
0x0176	0x0836      	MOVF       _batteria_mv+1, 0
0x0177	0x023C      	SUBWF      _soglia_off+1, 0
0x0178	0x1D03      	BTFSS      STATUS, 2
0x0179	0x297C      	GOTO       L__soglia_batteria110
0x017A	0x0835      	MOVF       _batteria_mv, 0
0x017B	0x023B      	SUBWF      _soglia_off, 0
L__soglia_batteria110:
0x017C	0x1803      	BTFSC      STATUS, 0
0x017D	0x299A      	GOTO       L_soglia_batteria21
0x017E	0x0838      	MOVF       _batteria_mv+3, 0
0x017F	0x0246      	SUBWF      _soglia_on+3, 0
0x0180	0x1D03      	BTFSS      STATUS, 2
0x0181	0x298C      	GOTO       L__soglia_batteria111
0x0182	0x0837      	MOVF       _batteria_mv+2, 0
0x0183	0x0245      	SUBWF      _soglia_on+2, 0
0x0184	0x1D03      	BTFSS      STATUS, 2
0x0185	0x298C      	GOTO       L__soglia_batteria111
0x0186	0x0836      	MOVF       _batteria_mv+1, 0
0x0187	0x0244      	SUBWF      _soglia_on+1, 0
0x0188	0x1D03      	BTFSS      STATUS, 2
0x0189	0x298C      	GOTO       L__soglia_batteria111
0x018A	0x0835      	MOVF       _batteria_mv, 0
0x018B	0x0243      	SUBWF      _soglia_on, 0
L__soglia_batteria111:
0x018C	0x1C03      	BTFSS      STATUS, 0
0x018D	0x299A      	GOTO       L_soglia_batteria21
L__soglia_batteria87:
;heltec.c,137 :: 		Delay_Safe_ms(500);
0x018E	0x30F4      	MOVLW      244
0x018F	0x00D9      	MOVWF      FARG_Delay_Safe_ms_n
0x0190	0x3001      	MOVLW      1
0x0191	0x00DA      	MOVWF      FARG_Delay_Safe_ms_n+1
0x0192	0x2003      	CALL       _Delay_Safe_ms
;heltec.c,138 :: 		Lampi(3, 100);
0x0193	0x3003      	MOVLW      3
0x0194	0x00D4      	MOVWF      FARG_Lampi_n
0x0195	0x3064      	MOVLW      100
0x0196	0x00D5      	MOVWF      FARG_Lampi_t_on
0x0197	0x3000      	MOVLW      0
0x0198	0x00D6      	MOVWF      FARG_Lampi_t_on+1
0x0199	0x2055      	CALL       _Lampi
;heltec.c,139 :: 		}
L_soglia_batteria21:
L_soglia_batteria18:
;heltec.c,140 :: 		}
L_end_soglia_batteria:
0x019A	0x0008      	RETURN
; end of _soglia_batteria
_Leggi_Batteria_mV:
;heltec.c,107 :: 		void Leggi_Batteria_mV() {
;heltec.c,109 :: 		unsigned long somma = 0;
0x019B	0x1283      	BCF        STATUS, 5
0x019C	0x01CF      	CLRF       Leggi_Batteria_mV_somma_L0
0x019D	0x01D0      	CLRF       Leggi_Batteria_mV_somma_L0+1
0x019E	0x01D1      	CLRF       Leggi_Batteria_mV_somma_L0+2
0x019F	0x01D2      	CLRF       Leggi_Batteria_mV_somma_L0+3
;heltec.c,112 :: 		for (k = 0; k < 64; k++) {
0x01A0	0x01CE      	CLRF       Leggi_Batteria_mV_k_L0
L_Leggi_Batteria_mV11:
0x01A1	0x3040      	MOVLW      64
0x01A2	0x024E      	SUBWF      Leggi_Batteria_mV_k_L0, 0
0x01A3	0x1803      	BTFSC      STATUS, 0
0x01A4	0x29C9      	GOTO       L_Leggi_Batteria_mV12
;heltec.c,113 :: 		somma += ADC_Read(1);
0x01A5	0x3001      	MOVLW      1
0x01A6	0x00D4      	MOVWF      FARG_ADC_Read_channel
0x01A7	0x2129      	CALL       _ADC_Read
0x01A8	0x3000      	MOVLW      0
0x01A9	0x00F2      	MOVWF      R0+2
0x01AA	0x00F3      	MOVWF      R0+3
0x01AB	0x1283      	BCF        STATUS, 5
0x01AC	0x084F      	MOVF       Leggi_Batteria_mV_somma_L0, 0
0x01AD	0x07F0      	ADDWF      R0, 1
0x01AE	0x0850      	MOVF       Leggi_Batteria_mV_somma_L0+1, 0
0x01AF	0x1803      	BTFSC      STATUS, 0
0x01B0	0x0F50      	INCFSZ     Leggi_Batteria_mV_somma_L0+1, 0
0x01B1	0x07F1      	ADDWF      R0+1, 1
0x01B2	0x0851      	MOVF       Leggi_Batteria_mV_somma_L0+2, 0
0x01B3	0x1803      	BTFSC      STATUS, 0
0x01B4	0x0F51      	INCFSZ     Leggi_Batteria_mV_somma_L0+2, 0
0x01B5	0x07F2      	ADDWF      R0+2, 1
0x01B6	0x0852      	MOVF       Leggi_Batteria_mV_somma_L0+3, 0
0x01B7	0x1803      	BTFSC      STATUS, 0
0x01B8	0x0F52      	INCFSZ     Leggi_Batteria_mV_somma_L0+3, 0
0x01B9	0x07F3      	ADDWF      R0+3, 1
0x01BA	0x0870      	MOVF       R0, 0
0x01BB	0x00CF      	MOVWF      Leggi_Batteria_mV_somma_L0
0x01BC	0x0871      	MOVF       R0+1, 0
0x01BD	0x00D0      	MOVWF      Leggi_Batteria_mV_somma_L0+1
0x01BE	0x0872      	MOVF       R0+2, 0
0x01BF	0x00D1      	MOVWF      Leggi_Batteria_mV_somma_L0+2
0x01C0	0x0873      	MOVF       R0+3, 0
0x01C1	0x00D2      	MOVWF      Leggi_Batteria_mV_somma_L0+3
;heltec.c,114 :: 		Delay_Safe_ms(1);
0x01C2	0x3001      	MOVLW      1
0x01C3	0x00D9      	MOVWF      FARG_Delay_Safe_ms_n
0x01C4	0x3000      	MOVLW      0
0x01C5	0x00DA      	MOVWF      FARG_Delay_Safe_ms_n+1
0x01C6	0x2003      	CALL       _Delay_Safe_ms
;heltec.c,112 :: 		for (k = 0; k < 64; k++) {
0x01C7	0x0ACE      	INCF       Leggi_Batteria_mV_k_L0, 1
;heltec.c,115 :: 		}
0x01C8	0x29A1      	GOTO       L_Leggi_Batteria_mV11
L_Leggi_Batteria_mV12:
;heltec.c,116 :: 		media_pulita = (unsigned int)(somma >> 6);
0x01C9	0x3006      	MOVLW      6
0x01CA	0x00F4      	MOVWF      R4
0x01CB	0x084F      	MOVF       Leggi_Batteria_mV_somma_L0, 0
0x01CC	0x00F0      	MOVWF      R0
0x01CD	0x0850      	MOVF       Leggi_Batteria_mV_somma_L0+1, 0
0x01CE	0x00F1      	MOVWF      R0+1
0x01CF	0x0851      	MOVF       Leggi_Batteria_mV_somma_L0+2, 0
0x01D0	0x00F2      	MOVWF      R0+2
0x01D1	0x0852      	MOVF       Leggi_Batteria_mV_somma_L0+3, 0
0x01D2	0x00F3      	MOVWF      R0+3
0x01D3	0x0874      	MOVF       R4, 0
L__Leggi_Batteria_mV103:
0x01D4	0x1903      	BTFSC      STATUS, 2
0x01D5	0x29DD      	GOTO       L__Leggi_Batteria_mV104
0x01D6	0x0CF3      	RRF        R0+3, 1
0x01D7	0x0CF2      	RRF        R0+2, 1
0x01D8	0x0CF1      	RRF        R0+1, 1
0x01D9	0x0CF0      	RRF        R0, 1
0x01DA	0x13F3      	BCF        R0+3, 7
0x01DB	0x3EFF      	ADDLW      255
0x01DC	0x29D4      	GOTO       L__Leggi_Batteria_mV103
L__Leggi_Batteria_mV104:
;heltec.c,117 :: 		batteria_mv = ((unsigned long)media_pulita * taratura_vcc) >> 10;
0x01DD	0x3000      	MOVLW      0
0x01DE	0x00F2      	MOVWF      R0+2
0x01DF	0x00F3      	MOVWF      R0+3
0x01E0	0x083F      	MOVF       _taratura_vcc, 0
0x01E1	0x00F4      	MOVWF      R4
0x01E2	0x0840      	MOVF       _taratura_vcc+1, 0
0x01E3	0x00F5      	MOVWF      R4+1
0x01E4	0x0841      	MOVF       _taratura_vcc+2, 0
0x01E5	0x00F6      	MOVWF      R4+2
0x01E6	0x0842      	MOVF       _taratura_vcc+3, 0
0x01E7	0x00F7      	MOVWF      R4+3
0x01E8	0x20D7      	CALL       _Mul_32x32_U
0x01E9	0x300A      	MOVLW      10
0x01EA	0x00F4      	MOVWF      R4
0x01EB	0x0870      	MOVF       R0, 0
0x01EC	0x00B5      	MOVWF      _batteria_mv
0x01ED	0x0871      	MOVF       R0+1, 0
0x01EE	0x00B6      	MOVWF      _batteria_mv+1
0x01EF	0x0872      	MOVF       R0+2, 0
0x01F0	0x00B7      	MOVWF      _batteria_mv+2
0x01F1	0x0873      	MOVF       R0+3, 0
0x01F2	0x00B8      	MOVWF      _batteria_mv+3
0x01F3	0x0874      	MOVF       R4, 0
L__Leggi_Batteria_mV105:
0x01F4	0x1903      	BTFSC      STATUS, 2
0x01F5	0x29FD      	GOTO       L__Leggi_Batteria_mV106
0x01F6	0x0CB8      	RRF        _batteria_mv+3, 1
0x01F7	0x0CB7      	RRF        _batteria_mv+2, 1
0x01F8	0x0CB6      	RRF        _batteria_mv+1, 1
0x01F9	0x0CB5      	RRF        _batteria_mv, 1
0x01FA	0x13B8      	BCF        _batteria_mv+3, 7
0x01FB	0x3EFF      	ADDLW      255
0x01FC	0x29F4      	GOTO       L__Leggi_Batteria_mV105
L__Leggi_Batteria_mV106:
;heltec.c,118 :: 		}
L_end_Leggi_Batteria_mV:
0x01FD	0x0008      	RETURN
; end of _Leggi_Batteria_mV
_Soft_I2C_Read:
;__Lib_SoftI2C.c,86 :: 		
;__Lib_SoftI2C.c,87 :: 		
0x01FE	0x1283      	BCF        STATUS, 5
0x01FF	0x01D0      	CLRF       Soft_I2C_Read_result_L0
0x0200	0x01D1      	CLRF       Soft_I2C_Read_result_L0+1
0x0201	0x3080      	MOVLW      128
0x0202	0x00D2      	MOVWF      Soft_I2C_Read_temp_L0
0x0203	0x3000      	MOVLW      0
0x0204	0x00D3      	MOVWF      Soft_I2C_Read_temp_L0+1
;__Lib_SoftI2C.c,89 :: 		
L_Soft_I2C_Read3:
0x0205	0x0852      	MOVF       Soft_I2C_Read_temp_L0, 0
0x0206	0x0453      	IORWF      Soft_I2C_Read_temp_L0+1, 0
0x0207	0x1903      	BTFSC      STATUS, 2
0x0208	0x2A28      	GOTO       L_Soft_I2C_Read4
;__Lib_SoftI2C.c,90 :: 		
0x0209	0x2037      	CALL       _Delay_1us
0x020A	0x2037      	CALL       _Delay_1us
;__Lib_SoftI2C.c,92 :: 		
0x020B	0x1683      	BSF        STATUS, 5
0x020C	0x1605      	BSF        Soft_I2C_Sda_Direction, BitPos(Soft_I2C_Sda_Direction+0)
;__Lib_SoftI2C.c,94 :: 		
0x020D	0x2037      	CALL       _Delay_1us
0x020E	0x2037      	CALL       _Delay_1us
;__Lib_SoftI2C.c,96 :: 		
0x020F	0x1685      	BSF        Soft_I2C_Scl_Direction, BitPos(Soft_I2C_Scl_Direction+0)
;__Lib_SoftI2C.c,98 :: 		
0x0210	0x1283      	BCF        STATUS, 5
0x0211	0x1049      	BCF        __Lib_SoftI2C___StopWaiting, BitPos(__Lib_SoftI2C___StopWaiting+0)
;__Lib_SoftI2C.c,99 :: 		
L_Soft_I2C_Read5:
0x0212	0x1A85      	BTFSC      Soft_I2C_Scl, BitPos(Soft_I2C_Scl+0)
0x0213	0x2A18      	GOTO       L_Soft_I2C_Read6
;__Lib_SoftI2C.c,100 :: 		
0x0214	0x1C49      	BTFSS      __Lib_SoftI2C___StopWaiting, BitPos(__Lib_SoftI2C___StopWaiting+0)
0x0215	0x2A17      	GOTO       L_Soft_I2C_Read7
;__Lib_SoftI2C.c,101 :: 		
0x0216	0x2A18      	GOTO       L_Soft_I2C_Read6
L_Soft_I2C_Read7:
0x0217	0x2A12      	GOTO       L_Soft_I2C_Read5
L_Soft_I2C_Read6:
;__Lib_SoftI2C.c,103 :: 		
0x0218	0x1E05      	BTFSS      Soft_I2C_Sda, BitPos(Soft_I2C_Sda+0)
0x0219	0x2A1E      	GOTO       L_Soft_I2C_Read8
;__Lib_SoftI2C.c,104 :: 		
0x021A	0x0852      	MOVF       Soft_I2C_Read_temp_L0, 0
0x021B	0x04D0      	IORWF      Soft_I2C_Read_result_L0, 1
0x021C	0x0853      	MOVF       Soft_I2C_Read_temp_L0+1, 0
0x021D	0x04D1      	IORWF      Soft_I2C_Read_result_L0+1, 1
L_Soft_I2C_Read8:
;__Lib_SoftI2C.c,106 :: 		
0x021E	0x2037      	CALL       _Delay_1us
0x021F	0x2037      	CALL       _Delay_1us
;__Lib_SoftI2C.c,108 :: 		
0x0220	0x2023      	CALL       __Lib_SoftI2C_PutZerosToLATScl
;__Lib_SoftI2C.c,109 :: 		
0x0221	0x1683      	BSF        STATUS, 5
0x0222	0x1285      	BCF        Soft_I2C_Scl_Direction, BitPos(Soft_I2C_Scl_Direction+0)
;__Lib_SoftI2C.c,111 :: 		
0x0223	0x1283      	BCF        STATUS, 5
0x0224	0x0CD3      	RRF        Soft_I2C_Read_temp_L0+1, 1
0x0225	0x0CD2      	RRF        Soft_I2C_Read_temp_L0, 1
0x0226	0x13D3      	BCF        Soft_I2C_Read_temp_L0+1, 7
;__Lib_SoftI2C.c,112 :: 		
0x0227	0x2A05      	GOTO       L_Soft_I2C_Read3
L_Soft_I2C_Read4:
;__Lib_SoftI2C.c,114 :: 		
0x0228	0x1683      	BSF        STATUS, 5
0x0229	0x1605      	BSF        Soft_I2C_Sda_Direction, BitPos(Soft_I2C_Sda_Direction+0)
;__Lib_SoftI2C.c,116 :: 		
0x022A	0x2037      	CALL       _Delay_1us
0x022B	0x2037      	CALL       _Delay_1us
;__Lib_SoftI2C.c,118 :: 		
0x022C	0x1283      	BCF        STATUS, 5
0x022D	0x084E      	MOVF       FARG_Soft_I2C_Read_ack, 0
0x022E	0x044F      	IORWF      FARG_Soft_I2C_Read_ack+1, 0
0x022F	0x1903      	BTFSC      STATUS, 2
0x0230	0x2A34      	GOTO       L_Soft_I2C_Read9
;__Lib_SoftI2C.c,119 :: 		
0x0231	0x202D      	CALL       __Lib_SoftI2C_PutZerosToLATSda
;__Lib_SoftI2C.c,120 :: 		
0x0232	0x1683      	BSF        STATUS, 5
0x0233	0x1205      	BCF        Soft_I2C_Sda_Direction, BitPos(Soft_I2C_Sda_Direction+0)
;__Lib_SoftI2C.c,121 :: 		
L_Soft_I2C_Read9:
0x0234	0x1683      	BSF        STATUS, 5
;__Lib_SoftI2C.c,123 :: 		
0x0235	0x2037      	CALL       _Delay_1us
0x0236	0x2037      	CALL       _Delay_1us
;__Lib_SoftI2C.c,125 :: 		
0x0237	0x1685      	BSF        Soft_I2C_Scl_Direction, BitPos(Soft_I2C_Scl_Direction+0)
;__Lib_SoftI2C.c,127 :: 		
0x0238	0x1283      	BCF        STATUS, 5
0x0239	0x1049      	BCF        __Lib_SoftI2C___StopWaiting, BitPos(__Lib_SoftI2C___StopWaiting+0)
;__Lib_SoftI2C.c,128 :: 		
L_Soft_I2C_Read10:
0x023A	0x1A85      	BTFSC      Soft_I2C_Scl, BitPos(Soft_I2C_Scl+0)
0x023B	0x2A40      	GOTO       L_Soft_I2C_Read11
;__Lib_SoftI2C.c,129 :: 		
0x023C	0x1C49      	BTFSS      __Lib_SoftI2C___StopWaiting, BitPos(__Lib_SoftI2C___StopWaiting+0)
0x023D	0x2A3F      	GOTO       L_Soft_I2C_Read12
;__Lib_SoftI2C.c,130 :: 		
0x023E	0x2A40      	GOTO       L_Soft_I2C_Read11
L_Soft_I2C_Read12:
0x023F	0x2A3A      	GOTO       L_Soft_I2C_Read10
L_Soft_I2C_Read11:
;__Lib_SoftI2C.c,132 :: 		
0x0240	0x2037      	CALL       _Delay_1us
0x0241	0x2037      	CALL       _Delay_1us
;__Lib_SoftI2C.c,134 :: 		
0x0242	0x2023      	CALL       __Lib_SoftI2C_PutZerosToLATScl
;__Lib_SoftI2C.c,135 :: 		
0x0243	0x1683      	BSF        STATUS, 5
0x0244	0x1285      	BCF        Soft_I2C_Scl_Direction, BitPos(Soft_I2C_Scl_Direction+0)
;__Lib_SoftI2C.c,137 :: 		
0x0245	0x2037      	CALL       _Delay_1us
0x0246	0x2037      	CALL       _Delay_1us
;__Lib_SoftI2C.c,139 :: 		
0x0247	0x202D      	CALL       __Lib_SoftI2C_PutZerosToLATSda
;__Lib_SoftI2C.c,140 :: 		
0x0248	0x1683      	BSF        STATUS, 5
0x0249	0x1205      	BCF        Soft_I2C_Sda_Direction, BitPos(Soft_I2C_Sda_Direction+0)
;__Lib_SoftI2C.c,142 :: 		
0x024A	0x1283      	BCF        STATUS, 5
0x024B	0x0850      	MOVF       Soft_I2C_Read_result_L0, 0
0x024C	0x00F0      	MOVWF      R0
;__Lib_SoftI2C.c,143 :: 		
L_end_Soft_I2C_Read:
0x024D	0x0008      	RETURN
; end of _Soft_I2C_Read
_Lampeggia_Cifra:
;heltec.c,48 :: 		void Lampeggia_Cifra(unsigned short c) {
;heltec.c,50 :: 		if (c == 0) {
0x024E	0x1283      	BCF        STATUS, 5
0x024F	0x084E      	MOVF       FARG_Lampeggia_Cifra_c, 0
0x0250	0x3A00      	XORLW      0
0x0251	0x1D03      	BTFSS      STATUS, 2
0x0252	0x2A5B      	GOTO       L_Lampeggia_Cifra4
;heltec.c,51 :: 		GPIO.F2 = 1;
0x0253	0x1505      	BSF        GPIO, 2
;heltec.c,52 :: 		Delay_Safe_ms(50);
0x0254	0x3032      	MOVLW      50
0x0255	0x00D9      	MOVWF      FARG_Delay_Safe_ms_n
0x0256	0x3000      	MOVLW      0
0x0257	0x00DA      	MOVWF      FARG_Delay_Safe_ms_n+1
0x0258	0x2003      	CALL       _Delay_Safe_ms
;heltec.c,53 :: 		GPIO.F2 = 0;
0x0259	0x1105      	BCF        GPIO, 2
;heltec.c,54 :: 		} else {
0x025A	0x2A6C      	GOTO       L_Lampeggia_Cifra5
L_Lampeggia_Cifra4:
;heltec.c,55 :: 		for (l = 0; l < c; l++) {
0x025B	0x01CF      	CLRF       Lampeggia_Cifra_l_L0
L_Lampeggia_Cifra6:
0x025C	0x084E      	MOVF       FARG_Lampeggia_Cifra_c, 0
0x025D	0x024F      	SUBWF      Lampeggia_Cifra_l_L0, 0
0x025E	0x1803      	BTFSC      STATUS, 0
0x025F	0x2A6C      	GOTO       L_Lampeggia_Cifra7
;heltec.c,56 :: 		GPIO.F2 = 1;
0x0260	0x1505      	BSF        GPIO, 2
;heltec.c,57 :: 		Delay_Safe_ms(250);
0x0261	0x30FA      	MOVLW      250
0x0262	0x00D9      	MOVWF      FARG_Delay_Safe_ms_n
0x0263	0x01DA      	CLRF       FARG_Delay_Safe_ms_n+1
0x0264	0x2003      	CALL       _Delay_Safe_ms
;heltec.c,58 :: 		GPIO.F2 = 0;
0x0265	0x1105      	BCF        GPIO, 2
;heltec.c,59 :: 		Delay_Safe_ms(250);
0x0266	0x30FA      	MOVLW      250
0x0267	0x00D9      	MOVWF      FARG_Delay_Safe_ms_n
0x0268	0x01DA      	CLRF       FARG_Delay_Safe_ms_n+1
0x0269	0x2003      	CALL       _Delay_Safe_ms
;heltec.c,55 :: 		for (l = 0; l < c; l++) {
0x026A	0x0ACF      	INCF       Lampeggia_Cifra_l_L0, 1
;heltec.c,60 :: 		}
0x026B	0x2A5C      	GOTO       L_Lampeggia_Cifra6
L_Lampeggia_Cifra7:
;heltec.c,61 :: 		}
L_Lampeggia_Cifra5:
;heltec.c,62 :: 		Delay_Safe_ms(1000);
0x026C	0x30E8      	MOVLW      232
0x026D	0x00D9      	MOVWF      FARG_Delay_Safe_ms_n
0x026E	0x3003      	MOVLW      3
0x026F	0x00DA      	MOVWF      FARG_Delay_Safe_ms_n+1
0x0270	0x2003      	CALL       _Delay_Safe_ms
;heltec.c,63 :: 		}
L_end_Lampeggia_Cifra:
0x0271	0x0008      	RETURN
; end of _Lampeggia_Cifra
_Mul_8X8_U:
;__Lib_Math.c,103 :: 		
;__Lib_Math.c,108 :: 		
0x0272	0x1283      	BCF        STATUS, 5
;__Lib_Math.c,109 :: 		
0x0273	0x1303      	BCF        STATUS, 6
;__Lib_Math.c,110 :: 		
0x0274	0x0870      	MOVF       R0, 0
;__Lib_Math.c,111 :: 		
0x0275	0x00F1      	MOVWF      R1
;__Lib_Math.c,112 :: 		
0x0276	0x01F0      	CLRF       R0
;__Lib_Math.c,113 :: 		
0x0277	0x3008      	MOVLW      8
;__Lib_Math.c,114 :: 		
0x0278	0x00FC      	MOVWF      R12
;__Lib_Math.c,115 :: 		
0x0279	0x0871      	MOVF       R1, 0
;__Lib_Math.c,116 :: 		
0x027A	0x0CF4      	RRF        R4, 1
;__Lib_Math.c,117 :: 		
0x027B	0x1803      	BTFSC      STATUS, 0
;__Lib_Math.c,118 :: 		
0x027C	0x2A81      	GOTO       $+5
;__Lib_Math.c,119 :: 		
0x027D	0x0BFC      	DECFSZ     R12, 1
;__Lib_Math.c,120 :: 		
0x027E	0x2A7A      	GOTO       $-4
;__Lib_Math.c,121 :: 		
0x027F	0x01F1      	CLRF       R1
;__Lib_Math.c,122 :: 		
0x0280	0x3400      	RETLW      0
;__Lib_Math.c,123 :: 		
0x0281	0x1003      	BCF        STATUS, 0
;__Lib_Math.c,124 :: 		
0x0282	0x2A86      	GOTO       $+4
;__Lib_Math.c,125 :: 		
0x0283	0x0CF4      	RRF        R4, 1
;__Lib_Math.c,126 :: 		
0x0284	0x1803      	BTFSC      STATUS, 0
;__Lib_Math.c,127 :: 		
0x0285	0x07F1      	ADDWF      R1, 1
;__Lib_Math.c,128 :: 		
0x0286	0x0CF1      	RRF        R1, 1
;__Lib_Math.c,129 :: 		
0x0287	0x0CF0      	RRF        R0, 1
;__Lib_Math.c,130 :: 		
0x0288	0x0BFC      	DECFSZ     R12, 1
;__Lib_Math.c,131 :: 		
0x0289	0x2A83      	GOTO       $-6
;__Lib_Math.c,133 :: 		
;__Lib_Math.c,134 :: 		
L_end_Mul_8X8_U:
0x028A	0x0008      	RETURN
; end of _Mul_8X8_U
_____DoICP:
;__Lib_System.c,6 :: 		
;__Lib_System.c,9 :: 		
0x028B	0x1283      	BCF        STATUS, 5
0x028C	0x083A      	MOVF       ___DoICPAddr+1, 0
0x028D	0x008A      	MOVWF      PCLATH
;__Lib_System.c,10 :: 		
0x028E	0x0839      	MOVF       ___DoICPAddr, 0
0x028F	0x0082      	MOVWF      PCL
;__Lib_System.c,12 :: 		
L_end_____DoICP:
0x0290	0x0008      	RETURN
; end of _____DoICP
_Scrivi_Ora_RTC:
;heltec.c,143 :: 		void Scrivi_Ora_RTC(unsigned short s_g_sett, unsigned short s_g, unsigned short s_m, unsigned short s_a, unsigned short s_ore, unsigned short s_min) {
;heltec.c,144 :: 		GPIO.F2 = 1;
0x0291	0x1283      	BCF        STATUS, 5
0x0292	0x1505      	BSF        GPIO, 2
;heltec.c,145 :: 		Delay_Safe_ms(100);
0x0293	0x3064      	MOVLW      100
0x0294	0x00D9      	MOVWF      FARG_Delay_Safe_ms_n
0x0295	0x3000      	MOVLW      0
0x0296	0x00DA      	MOVWF      FARG_Delay_Safe_ms_n+1
0x0297	0x2003      	CALL       _Delay_Safe_ms
;heltec.c,146 :: 		Soft_I2C_Init();
0x0298	0x2039      	CALL       _Soft_I2C_Init
;heltec.c,147 :: 		Delay_Safe_ms(100);
0x0299	0x3064      	MOVLW      100
0x029A	0x00D9      	MOVWF      FARG_Delay_Safe_ms_n
0x029B	0x3000      	MOVLW      0
0x029C	0x00DA      	MOVWF      FARG_Delay_Safe_ms_n+1
0x029D	0x2003      	CALL       _Delay_Safe_ms
;heltec.c,148 :: 		Soft_I2C_Start();
0x029E	0x2045      	CALL       _Soft_I2C_Start
;heltec.c,149 :: 		Soft_I2C_Write(0xD0);
0x029F	0x30D0      	MOVLW      208
0x02A0	0x1283      	BCF        STATUS, 5
0x02A1	0x00D4      	MOVWF      FARG_Soft_I2C_Write_data_
0x02A2	0x206A      	CALL       _Soft_I2C_Write
;heltec.c,150 :: 		Soft_I2C_Write(0x00); // Inizia dai secondi
0x02A3	0x01D4      	CLRF       FARG_Soft_I2C_Write_data_
0x02A4	0x206A      	CALL       _Soft_I2C_Write
;heltec.c,152 :: 		Soft_I2C_Write(0x00);  // Sec
0x02A5	0x01D4      	CLRF       FARG_Soft_I2C_Write_data_
0x02A6	0x206A      	CALL       _Soft_I2C_Write
;heltec.c,153 :: 		Soft_I2C_Write(s_min); // Min
0x02A7	0x0853      	MOVF       FARG_Scrivi_Ora_RTC_s_min, 0
0x02A8	0x00D4      	MOVWF      FARG_Soft_I2C_Write_data_
0x02A9	0x206A      	CALL       _Soft_I2C_Write
;heltec.c,154 :: 		Soft_I2C_Write(s_ore); // Ore
0x02AA	0x0852      	MOVF       FARG_Scrivi_Ora_RTC_s_ore, 0
0x02AB	0x00D4      	MOVWF      FARG_Soft_I2C_Write_data_
0x02AC	0x206A      	CALL       _Soft_I2C_Write
;heltec.c,155 :: 		Soft_I2C_Write(s_g_sett);
0x02AD	0x084E      	MOVF       FARG_Scrivi_Ora_RTC_s_g_sett, 0
0x02AE	0x00D4      	MOVWF      FARG_Soft_I2C_Write_data_
0x02AF	0x206A      	CALL       _Soft_I2C_Write
;heltec.c,156 :: 		Soft_I2C_Write(s_g);
0x02B0	0x084F      	MOVF       FARG_Scrivi_Ora_RTC_s_g, 0
0x02B1	0x00D4      	MOVWF      FARG_Soft_I2C_Write_data_
0x02B2	0x206A      	CALL       _Soft_I2C_Write
;heltec.c,157 :: 		Soft_I2C_Write(s_m);
0x02B3	0x0850      	MOVF       FARG_Scrivi_Ora_RTC_s_m, 0
0x02B4	0x00D4      	MOVWF      FARG_Soft_I2C_Write_data_
0x02B5	0x206A      	CALL       _Soft_I2C_Write
;heltec.c,158 :: 		Soft_I2C_Write(s_a);
0x02B6	0x0851      	MOVF       FARG_Scrivi_Ora_RTC_s_a, 0
0x02B7	0x00D4      	MOVWF      FARG_Soft_I2C_Write_data_
0x02B8	0x206A      	CALL       _Soft_I2C_Write
;heltec.c,159 :: 		Soft_I2C_Stop();
0x02B9	0x210E      	CALL       _Soft_I2C_Stop
;heltec.c,160 :: 		Delay_Safe_ms(800);
0x02BA	0x3020      	MOVLW      32
0x02BB	0x1283      	BCF        STATUS, 5
0x02BC	0x00D9      	MOVWF      FARG_Delay_Safe_ms_n
0x02BD	0x3003      	MOVLW      3
0x02BE	0x00DA      	MOVWF      FARG_Delay_Safe_ms_n+1
0x02BF	0x2003      	CALL       _Delay_Safe_ms
;heltec.c,161 :: 		GPIO.F2 = 0;
0x02C0	0x1105      	BCF        GPIO, 2
;heltec.c,162 :: 		Delay_Safe_ms(500);
0x02C1	0x30F4      	MOVLW      244
0x02C2	0x00D9      	MOVWF      FARG_Delay_Safe_ms_n
0x02C3	0x3001      	MOVLW      1
0x02C4	0x00DA      	MOVWF      FARG_Delay_Safe_ms_n+1
0x02C5	0x2003      	CALL       _Delay_Safe_ms
;heltec.c,163 :: 		}
L_end_Scrivi_Ora_RTC:
0x02C6	0x0008      	RETURN
; end of _Scrivi_Ora_RTC
_Estrai_e_Lampeggia:
;heltec.c,66 :: 		void Estrai_e_Lampeggia(unsigned int divisore) {
;heltec.c,67 :: 		unsigned short contatore = 0;
0x02C7	0x1283      	BCF        STATUS, 5
0x02C8	0x01CD      	CLRF       Estrai_e_Lampeggia_contatore_L0
;heltec.c,68 :: 		while (val_da_lampeggiare >= divisore) {
L_Estrai_e_Lampeggia9:
0x02C9	0x084C      	MOVF       FARG_Estrai_e_Lampeggia_divisore+1, 0
0x02CA	0x0233      	SUBWF      _val_da_lampeggiare+1, 0
0x02CB	0x1D03      	BTFSS      STATUS, 2
0x02CC	0x2ACF      	GOTO       L__Estrai_e_Lampeggia100
0x02CD	0x084B      	MOVF       FARG_Estrai_e_Lampeggia_divisore, 0
0x02CE	0x0232      	SUBWF      _val_da_lampeggiare, 0
L__Estrai_e_Lampeggia100:
0x02CF	0x1C03      	BTFSS      STATUS, 0
0x02D0	0x2AD9      	GOTO       L_Estrai_e_Lampeggia10
;heltec.c,69 :: 		val_da_lampeggiare -= divisore;
0x02D1	0x084B      	MOVF       FARG_Estrai_e_Lampeggia_divisore, 0
0x02D2	0x02B2      	SUBWF      _val_da_lampeggiare, 1
0x02D3	0x1C03      	BTFSS      STATUS, 0
0x02D4	0x03B3      	DECF       _val_da_lampeggiare+1, 1
0x02D5	0x084C      	MOVF       FARG_Estrai_e_Lampeggia_divisore+1, 0
0x02D6	0x02B3      	SUBWF      _val_da_lampeggiare+1, 1
;heltec.c,70 :: 		contatore++;
0x02D7	0x0ACD      	INCF       Estrai_e_Lampeggia_contatore_L0, 1
;heltec.c,71 :: 		}
0x02D8	0x2AC9      	GOTO       L_Estrai_e_Lampeggia9
L_Estrai_e_Lampeggia10:
;heltec.c,72 :: 		Lampeggia_Cifra(contatore);
0x02D9	0x084D      	MOVF       Estrai_e_Lampeggia_contatore_L0, 0
0x02DA	0x00CE      	MOVWF      FARG_Lampeggia_Cifra_c
0x02DB	0x224E      	CALL       _Lampeggia_Cifra
;heltec.c,73 :: 		}
L_end_Estrai_e_Lampeggia:
0x02DC	0x0008      	RETURN
; end of _Estrai_e_Lampeggia
_Leggi_Ora_RTC:
;heltec.c,76 :: 		void Leggi_Ora_RTC() {
;heltec.c,77 :: 		GPIO.F2 = 1; // LED Acceso durante I2C
0x02DD	0x1283      	BCF        STATUS, 5
0x02DE	0x1505      	BSF        GPIO, 2
;heltec.c,78 :: 		Soft_I2C_Start();
0x02DF	0x2045      	CALL       _Soft_I2C_Start
;heltec.c,79 :: 		Soft_I2C_Stop();
0x02E0	0x210E      	CALL       _Soft_I2C_Stop
;heltec.c,80 :: 		Delay_Safe_ms(1);
0x02E1	0x3001      	MOVLW      1
0x02E2	0x1283      	BCF        STATUS, 5
0x02E3	0x00D9      	MOVWF      FARG_Delay_Safe_ms_n
0x02E4	0x3000      	MOVLW      0
0x02E5	0x00DA      	MOVWF      FARG_Delay_Safe_ms_n+1
0x02E6	0x2003      	CALL       _Delay_Safe_ms
;heltec.c,83 :: 		Soft_I2C_Start();
0x02E7	0x2045      	CALL       _Soft_I2C_Start
;heltec.c,84 :: 		Soft_I2C_Write(0xD0);
0x02E8	0x30D0      	MOVLW      208
0x02E9	0x1283      	BCF        STATUS, 5
0x02EA	0x00D4      	MOVWF      FARG_Soft_I2C_Write_data_
0x02EB	0x206A      	CALL       _Soft_I2C_Write
;heltec.c,85 :: 		Soft_I2C_Write(0x01); // Punta ai minuti
0x02EC	0x3001      	MOVLW      1
0x02ED	0x00D4      	MOVWF      FARG_Soft_I2C_Write_data_
0x02EE	0x206A      	CALL       _Soft_I2C_Write
;heltec.c,88 :: 		Soft_I2C_Start();
0x02EF	0x2045      	CALL       _Soft_I2C_Start
;heltec.c,89 :: 		Soft_I2C_Write(0xD1);
0x02F0	0x30D1      	MOVLW      209
0x02F1	0x1283      	BCF        STATUS, 5
0x02F2	0x00D4      	MOVWF      FARG_Soft_I2C_Write_data_
0x02F3	0x206A      	CALL       _Soft_I2C_Write
;heltec.c,91 :: 		bcd_val = Soft_I2C_Read(1); // Minuti
0x02F4	0x3001      	MOVLW      1
0x02F5	0x00CE      	MOVWF      FARG_Soft_I2C_Read_ack
0x02F6	0x3000      	MOVLW      0
0x02F7	0x00CF      	MOVWF      FARG_Soft_I2C_Read_ack+1
0x02F8	0x21FE      	CALL       _Soft_I2C_Read
0x02F9	0x0870      	MOVF       R0, 0
0x02FA	0x00CB      	MOVWF      FLOC__Leggi_Ora_RTC
0x02FB	0x084B      	MOVF       FLOC__Leggi_Ora_RTC, 0
0x02FC	0x00B4      	MOVWF      _bcd_val
;heltec.c,92 :: 		minuti = ((bcd_val >> 4) * 10) + (bcd_val & 0x0F);
0x02FD	0x084B      	MOVF       FLOC__Leggi_Ora_RTC, 0
0x02FE	0x00F0      	MOVWF      R0
0x02FF	0x0CF0      	RRF        R0, 1
0x0300	0x13F0      	BCF        R0, 7
0x0301	0x0CF0      	RRF        R0, 1
0x0302	0x13F0      	BCF        R0, 7
0x0303	0x0CF0      	RRF        R0, 1
0x0304	0x13F0      	BCF        R0, 7
0x0305	0x0CF0      	RRF        R0, 1
0x0306	0x13F0      	BCF        R0, 7
0x0307	0x300A      	MOVLW      10
0x0308	0x00F4      	MOVWF      R4
0x0309	0x2272      	CALL       _Mul_8X8_U
0x030A	0x300F      	MOVLW      15
0x030B	0x054B      	ANDWF      FLOC__Leggi_Ora_RTC, 0
0x030C	0x00F1      	MOVWF      R1
0x030D	0x0871      	MOVF       R1, 0
0x030E	0x0770      	ADDWF      R0, 0
0x030F	0x00AF      	MOVWF      _minuti
;heltec.c,94 :: 		bcd_val = Soft_I2C_Read(1); // Ore
0x0310	0x3001      	MOVLW      1
0x0311	0x00CE      	MOVWF      FARG_Soft_I2C_Read_ack
0x0312	0x3000      	MOVLW      0
0x0313	0x00CF      	MOVWF      FARG_Soft_I2C_Read_ack+1
0x0314	0x21FE      	CALL       _Soft_I2C_Read
0x0315	0x0870      	MOVF       R0, 0
0x0316	0x00B4      	MOVWF      _bcd_val
;heltec.c,95 :: 		bcd_val &= 0x3F;            // Pulizia bit 12/24h
0x0317	0x303F      	MOVLW      63
0x0318	0x0570      	ANDWF      R0, 0
0x0319	0x00CB      	MOVWF      FLOC__Leggi_Ora_RTC
0x031A	0x084B      	MOVF       FLOC__Leggi_Ora_RTC, 0
0x031B	0x00B4      	MOVWF      _bcd_val
;heltec.c,96 :: 		ore = ((bcd_val >> 4) * 10) + (bcd_val & 0x0F);
0x031C	0x084B      	MOVF       FLOC__Leggi_Ora_RTC, 0
0x031D	0x00F0      	MOVWF      R0
0x031E	0x0CF0      	RRF        R0, 1
0x031F	0x13F0      	BCF        R0, 7
0x0320	0x0CF0      	RRF        R0, 1
0x0321	0x13F0      	BCF        R0, 7
0x0322	0x0CF0      	RRF        R0, 1
0x0323	0x13F0      	BCF        R0, 7
0x0324	0x0CF0      	RRF        R0, 1
0x0325	0x13F0      	BCF        R0, 7
0x0326	0x300A      	MOVLW      10
0x0327	0x00F4      	MOVWF      R4
0x0328	0x2272      	CALL       _Mul_8X8_U
0x0329	0x300F      	MOVLW      15
0x032A	0x054B      	ANDWF      FLOC__Leggi_Ora_RTC, 0
0x032B	0x00F1      	MOVWF      R1
0x032C	0x0871      	MOVF       R1, 0
0x032D	0x0770      	ADDWF      R0, 0
0x032E	0x00AE      	MOVWF      _ore
;heltec.c,98 :: 		bcd_val = Soft_I2C_Read(0); // Giorno Settimana
0x032F	0x01CE      	CLRF       FARG_Soft_I2C_Read_ack
0x0330	0x01CF      	CLRF       FARG_Soft_I2C_Read_ack+1
0x0331	0x21FE      	CALL       _Soft_I2C_Read
0x0332	0x0870      	MOVF       R0, 0
0x0333	0x00B4      	MOVWF      _bcd_val
;heltec.c,99 :: 		giorno = bcd_val & 0x07;
0x0334	0x3007      	MOVLW      7
0x0335	0x0570      	ANDWF      R0, 0
0x0336	0x00B0      	MOVWF      _giorno
;heltec.c,101 :: 		Soft_I2C_Stop();
0x0337	0x210E      	CALL       _Soft_I2C_Stop
;heltec.c,102 :: 		Delay_Safe_ms(1);
0x0338	0x3001      	MOVLW      1
0x0339	0x1283      	BCF        STATUS, 5
0x033A	0x00D9      	MOVWF      FARG_Delay_Safe_ms_n
0x033B	0x3000      	MOVLW      0
0x033C	0x00DA      	MOVWF      FARG_Delay_Safe_ms_n+1
0x033D	0x2003      	CALL       _Delay_Safe_ms
;heltec.c,103 :: 		GPIO.F2 = 0;
0x033E	0x1105      	BCF        GPIO, 2
;heltec.c,104 :: 		}
L_end_Leggi_Ora_RTC:
0x033F	0x0008      	RETURN
; end of _Leggi_Ora_RTC
_Init_Hardware:
;heltec.c,166 :: 		void Init_Hardware() {
;heltec.c,167 :: 		OSCCON = 0b01100111; // 4MHz
0x0340	0x3067      	MOVLW      103
0x0341	0x1683      	BSF        STATUS, 5
0x0342	0x008F      	MOVWF      OSCCON
;heltec.c,168 :: 		CMCON0 = 7;          // No comparatori
0x0343	0x3007      	MOVLW      7
0x0344	0x1283      	BCF        STATUS, 5
0x0345	0x0099      	MOVWF      CMCON0
;heltec.c,169 :: 		ANSEL  = 0b00010010; // AN1 analogico
0x0346	0x3012      	MOVLW      18
0x0347	0x1683      	BSF        STATUS, 5
0x0348	0x009F      	MOVWF      ANSEL
;heltec.c,170 :: 		TRISIO = 0b00001010; // GP1, GP3 Input
0x0349	0x300A      	MOVLW      10
0x034A	0x0085      	MOVWF      TRISIO
;heltec.c,171 :: 		OPTION_REG = 0b00001111; // WDT 1:128 (~2.3s)
0x034B	0x300F      	MOVLW      15
0x034C	0x0081      	MOVWF      OPTION_REG
;heltec.c,172 :: 		WPU = 0;
0x034D	0x0195      	CLRF       WPU
;heltec.c,173 :: 		INTCON.GPIE = 1;
0x034E	0x158B      	BSF        INTCON, 3
;heltec.c,174 :: 		IOC.B3 = 1;
0x034F	0x1596      	BSF        IOC, 3
;heltec.c,177 :: 		TRISIO.B4 = 0; GPIO.B4 = 1;
0x0350	0x1205      	BCF        TRISIO, 4
0x0351	0x1283      	BCF        STATUS, 5
0x0352	0x1605      	BSF        GPIO, 4
;heltec.c,178 :: 		TRISIO.B5 = 0; GPIO.B5 = 1;
0x0353	0x1683      	BSF        STATUS, 5
0x0354	0x1285      	BCF        TRISIO, 5
0x0355	0x1283      	BCF        STATUS, 5
0x0356	0x1685      	BSF        GPIO, 5
;heltec.c,181 :: 		soglia_off   = 3300;
0x0357	0x30E4      	MOVLW      228
0x0358	0x00BB      	MOVWF      _soglia_off
0x0359	0x300C      	MOVLW      12
0x035A	0x00BC      	MOVWF      _soglia_off+1
0x035B	0x01BD      	CLRF       _soglia_off+2
0x035C	0x01BE      	CLRF       _soglia_off+3
;heltec.c,182 :: 		soglia_on    = 3600;
0x035D	0x3010      	MOVLW      16
0x035E	0x00C3      	MOVWF      _soglia_on
0x035F	0x300E      	MOVLW      14
0x0360	0x00C4      	MOVWF      _soglia_on+1
0x0361	0x01C5      	CLRF       _soglia_on+2
0x0362	0x01C6      	CLRF       _soglia_on+3
;heltec.c,183 :: 		taratura_vcc = 5050;
0x0363	0x30BA      	MOVLW      186
0x0364	0x00BF      	MOVWF      _taratura_vcc
0x0365	0x3013      	MOVLW      19
0x0366	0x00C0      	MOVWF      _taratura_vcc+1
0x0367	0x01C1      	CLRF       _taratura_vcc+2
0x0368	0x01C2      	CLRF       _taratura_vcc+3
;heltec.c,184 :: 		giorni_riavvio = 3;
0x0369	0x3003      	MOVLW      3
0x036A	0x00C8      	MOVWF      _giorni_riavvio
;heltec.c,186 :: 		GPIO.F0 = 1; // Spegne carico (MOSFET P)
0x036B	0x1405      	BSF        GPIO, 0
;heltec.c,187 :: 		GPIO.F2 = 0; // LED Off
0x036C	0x1105      	BCF        GPIO, 2
;heltec.c,189 :: 		RTC_presente = 0; // Cambiare a 1 se RTC montato
0x036D	0x01AD      	CLRF       _RTC_presente
;heltec.c,190 :: 		if (RTC_presente && giorni_riavvio > 0) giorni_riavvio = 0;
L_Init_Hardware24:
;heltec.c,193 :: 		if (RTC_presente) {
0x036E	0x082D      	MOVF       _RTC_presente, 0
0x036F	0x1903      	BTFSC      STATUS, 2
0x0370	0x2B97      	GOTO       L_Init_Hardware25
;heltec.c,194 :: 		i = 0;
0x0371	0x01C7      	CLRF       _i
;heltec.c,195 :: 		while (GPIO.B3 == 0 && i < 15) {
L_Init_Hardware26:
0x0372	0x1985      	BTFSC      GPIO, 3
0x0373	0x2B7F      	GOTO       L_Init_Hardware27
0x0374	0x300F      	MOVLW      15
0x0375	0x0247      	SUBWF      _i, 0
0x0376	0x1803      	BTFSC      STATUS, 0
0x0377	0x2B7F      	GOTO       L_Init_Hardware27
L__Init_Hardware88:
;heltec.c,196 :: 		Delay_Safe_ms(100);
0x0378	0x3064      	MOVLW      100
0x0379	0x00D9      	MOVWF      FARG_Delay_Safe_ms_n
0x037A	0x3000      	MOVLW      0
0x037B	0x00DA      	MOVWF      FARG_Delay_Safe_ms_n+1
0x037C	0x2003      	CALL       _Delay_Safe_ms
;heltec.c,197 :: 		i++;
0x037D	0x0AC7      	INCF       _i, 1
;heltec.c,198 :: 		}
0x037E	0x2B72      	GOTO       L_Init_Hardware26
L_Init_Hardware27:
;heltec.c,199 :: 		if (i == 15) {
0x037F	0x0847      	MOVF       _i, 0
0x0380	0x3A0F      	XORLW      15
0x0381	0x1D03      	BTFSS      STATUS, 2
0x0382	0x2B97      	GOTO       L_Init_Hardware30
;heltec.c,201 :: 		Scrivi_Ora_RTC(0x01, 0x30, 0x03, 0x26, 0x04, 0x05);
0x0383	0x3001      	MOVLW      1
0x0384	0x00CE      	MOVWF      FARG_Scrivi_Ora_RTC_s_g_sett
0x0385	0x3030      	MOVLW      48
0x0386	0x00CF      	MOVWF      FARG_Scrivi_Ora_RTC_s_g
0x0387	0x3003      	MOVLW      3
0x0388	0x00D0      	MOVWF      FARG_Scrivi_Ora_RTC_s_m
0x0389	0x3026      	MOVLW      38
0x038A	0x00D1      	MOVWF      FARG_Scrivi_Ora_RTC_s_a
0x038B	0x3004      	MOVLW      4
0x038C	0x00D2      	MOVWF      FARG_Scrivi_Ora_RTC_s_ore
0x038D	0x3005      	MOVLW      5
0x038E	0x00D3      	MOVWF      FARG_Scrivi_Ora_RTC_s_min
0x038F	0x2291      	CALL       _Scrivi_Ora_RTC
;heltec.c,202 :: 		Lampi(10, 100);
0x0390	0x300A      	MOVLW      10
0x0391	0x00D4      	MOVWF      FARG_Lampi_n
0x0392	0x3064      	MOVLW      100
0x0393	0x00D5      	MOVWF      FARG_Lampi_t_on
0x0394	0x3000      	MOVLW      0
0x0395	0x00D6      	MOVWF      FARG_Lampi_t_on+1
0x0396	0x2055      	CALL       _Lampi
;heltec.c,203 :: 		}
L_Init_Hardware30:
;heltec.c,204 :: 		}
L_Init_Hardware25:
;heltec.c,206 :: 		Delay_Safe_ms(500);
0x0397	0x30F4      	MOVLW      244
0x0398	0x00D9      	MOVWF      FARG_Delay_Safe_ms_n
0x0399	0x3001      	MOVLW      1
0x039A	0x00DA      	MOVWF      FARG_Delay_Safe_ms_n+1
0x039B	0x2003      	CALL       _Delay_Safe_ms
;heltec.c,207 :: 		Lampi(3, 250);
0x039C	0x3003      	MOVLW      3
0x039D	0x00D4      	MOVWF      FARG_Lampi_n
0x039E	0x30FA      	MOVLW      250
0x039F	0x00D5      	MOVWF      FARG_Lampi_t_on
0x03A0	0x01D6      	CLRF       FARG_Lampi_t_on+1
0x03A1	0x2055      	CALL       _Lampi
;heltec.c,208 :: 		Leggi_Batteria_mV();
0x03A2	0x219B      	CALL       _Leggi_Batteria_mV
;heltec.c,209 :: 		if (batteria_mv > soglia_off) GPIO.F0 = 0;
0x03A3	0x0838      	MOVF       _batteria_mv+3, 0
0x03A4	0x023E      	SUBWF      _soglia_off+3, 0
0x03A5	0x1D03      	BTFSS      STATUS, 2
0x03A6	0x2BB1      	GOTO       L__Init_Hardware114
0x03A7	0x0837      	MOVF       _batteria_mv+2, 0
0x03A8	0x023D      	SUBWF      _soglia_off+2, 0
0x03A9	0x1D03      	BTFSS      STATUS, 2
0x03AA	0x2BB1      	GOTO       L__Init_Hardware114
0x03AB	0x0836      	MOVF       _batteria_mv+1, 0
0x03AC	0x023C      	SUBWF      _soglia_off+1, 0
0x03AD	0x1D03      	BTFSS      STATUS, 2
0x03AE	0x2BB1      	GOTO       L__Init_Hardware114
0x03AF	0x0835      	MOVF       _batteria_mv, 0
0x03B0	0x023B      	SUBWF      _soglia_off, 0
L__Init_Hardware114:
0x03B1	0x1803      	BTFSC      STATUS, 0
0x03B2	0x2BB4      	GOTO       L_Init_Hardware31
0x03B3	0x1005      	BCF        GPIO, 0
L_Init_Hardware31:
;heltec.c,211 :: 		in_manutenzione = 0;
0x03B4	0x10C9      	BCF        _in_manutenzione, BitPos(_in_manutenzione+0)
;heltec.c,212 :: 		sveglie_wdt = 0;
0x03B5	0x01AB      	CLRF       _sveglie_wdt
0x03B6	0x01AC      	CLRF       _sveglie_wdt+1
;heltec.c,213 :: 		soglia_batteria();
0x03B7	0x2150      	CALL       _soglia_batteria
;heltec.c,214 :: 		}
L_end_Init_Hardware:
0x03B8	0x0008      	RETURN
; end of _Init_Hardware
___CC2DW:
;__Lib_System.c,134 :: 		
;__Lib_System.c,137 :: 		
_CC2D_Loop1:
;__Lib_System.c,139 :: 		
0x03B9	0x228B      	CALL       _____DoICP
0x03BA	0x118A      	BCF        PCLATH, 3
0x03BB	0x120A      	BCF        PCLATH, 4
;__Lib_System.c,141 :: 		
0x03BC	0x0080      	MOVWF      INDF
;__Lib_System.c,142 :: 		
0x03BD	0x0A84      	INCF       FSR, 1
;__Lib_System.c,143 :: 		
0x03BE	0x0AB9      	INCF       ___DoICPAddr, 1
;__Lib_System.c,145 :: 		
0x03BF	0x1903      	BTFSC      STATUS, 2
;__Lib_System.c,146 :: 		
0x03C0	0x0ABA      	INCF       ___DoICPAddr+1, 1
;__Lib_System.c,147 :: 		
0x03C1	0x03F0      	DECF       R0, 1
;__Lib_System.c,149 :: 		
0x03C2	0x1D03      	BTFSS      STATUS, 2
;__Lib_System.c,150 :: 		
0x03C3	0x2BB9      	GOTO       _CC2D_Loop1
;__Lib_System.c,152 :: 		
L_end___CC2DW:
0x03C4	0x0008      	RETURN
; end of ___CC2DW
_Div_16X16_U:
;__Lib_Math.c,215 :: 		
;__Lib_Math.c,222 :: 		
0x03C5	0x1283      	BCF        STATUS, 5
;__Lib_Math.c,223 :: 		
0x03C6	0x1303      	BCF        STATUS, 6
;__Lib_Math.c,224 :: 		
0x03C7	0x01F8      	CLRF       R8
;__Lib_Math.c,225 :: 		
0x03C8	0x01F9      	CLRF       R9
;__Lib_Math.c,226 :: 		
0x03C9	0x3010      	MOVLW      16
;__Lib_Math.c,227 :: 		
0x03CA	0x00FC      	MOVWF      R12
;__Lib_Math.c,228 :: 		
0x03CB	0x0D71      	RLF        R1, 0
;__Lib_Math.c,229 :: 		
0x03CC	0x0DF8      	RLF        R8, 1
;__Lib_Math.c,230 :: 		
0x03CD	0x0DF9      	RLF        R9, 1
;__Lib_Math.c,231 :: 		
0x03CE	0x0874      	MOVF       R4, 0
;__Lib_Math.c,232 :: 		
0x03CF	0x02F8      	SUBWF      R8, 1
;__Lib_Math.c,233 :: 		
0x03D0	0x0875      	MOVF       R5, 0
;__Lib_Math.c,234 :: 		
0x03D1	0x1C03      	BTFSS      STATUS, 0
;__Lib_Math.c,235 :: 		
0x03D2	0x0F75      	INCFSZ     R5, 0
;__Lib_Math.c,236 :: 		
0x03D3	0x02F9      	SUBWF      R9, 1
;__Lib_Math.c,237 :: 		
0x03D4	0x1803      	BTFSC      STATUS, 0
;__Lib_Math.c,238 :: 		
0x03D5	0x2BDD      	GOTO       $+8
;__Lib_Math.c,239 :: 		
0x03D6	0x0874      	MOVF       R4, 0
;__Lib_Math.c,240 :: 		
0x03D7	0x07F8      	ADDWF      R8, 1
;__Lib_Math.c,241 :: 		
0x03D8	0x0875      	MOVF       R5, 0
;__Lib_Math.c,242 :: 		
0x03D9	0x1803      	BTFSC      STATUS, 0
;__Lib_Math.c,243 :: 		
0x03DA	0x0F75      	INCFSZ     R5, 0
;__Lib_Math.c,244 :: 		
0x03DB	0x07F9      	ADDWF      R9, 1
;__Lib_Math.c,245 :: 		
0x03DC	0x1003      	BCF        STATUS, 0
;__Lib_Math.c,246 :: 		
0x03DD	0x0DF0      	RLF        R0, 1
;__Lib_Math.c,247 :: 		
0x03DE	0x0DF1      	RLF        R1, 1
;__Lib_Math.c,248 :: 		
0x03DF	0x0BFC      	DECFSZ     R12, 1
;__Lib_Math.c,249 :: 		
0x03E0	0x2BCB      	GOTO       $-21
;__Lib_Math.c,251 :: 		
L_end_Div_16X16_U:
0x03E1	0x0008      	RETURN
; end of _Div_16X16_U
_main:
0x03E2	0x25E8      	CALL       1512
;heltec.c,217 :: 		void main() {
;heltec.c,218 :: 		Init_Hardware();
0x03E3	0x2340      	CALL       _Init_Hardware
;heltec.c,220 :: 		while (1) {
L_main32:
;heltec.c,221 :: 		if (INTCON.GPIF) {
0x03E4	0x1C0B      	BTFSS      INTCON, 0
0x03E5	0x2BE9      	GOTO       L_main34
;heltec.c,222 :: 		dummy = GPIO;
0x03E6	0x0805      	MOVF       GPIO, 0
0x03E7	0x00B1      	MOVWF      _dummy
;heltec.c,223 :: 		INTCON.GPIF = 0;
0x03E8	0x100B      	BCF        INTCON, 0
;heltec.c,224 :: 		}
L_main34:
;heltec.c,227 :: 		if (GPIO.B3 == 0) {
0x03E9	0x1985      	BTFSC      GPIO, 3
0x03EA	0x2D0A      	GOTO       L_main35
;heltec.c,228 :: 		i = 0;
0x03EB	0x01C7      	CLRF       _i
;heltec.c,229 :: 		while (GPIO.B3 == 0 && i < 50) {
L_main36:
0x03EC	0x1985      	BTFSC      GPIO, 3
0x03ED	0x2C03      	GOTO       L_main37
0x03EE	0x3032      	MOVLW      50
0x03EF	0x0247      	SUBWF      _i, 0
0x03F0	0x1803      	BTFSC      STATUS, 0
0x03F1	0x2C03      	GOTO       L_main37
L__main95:
;heltec.c,230 :: 		Delay_Safe_ms(100);
0x03F2	0x3064      	MOVLW      100
0x03F3	0x00D9      	MOVWF      FARG_Delay_Safe_ms_n
0x03F4	0x3000      	MOVLW      0
0x03F5	0x00DA      	MOVWF      FARG_Delay_Safe_ms_n+1
0x03F6	0x2003      	CALL       _Delay_Safe_ms
;heltec.c,231 :: 		i++;
0x03F7	0x0AC7      	INCF       _i, 1
;heltec.c,232 :: 		if (i == 10) GPIO.F2 = 1;
0x03F8	0x0847      	MOVF       _i, 0
0x03F9	0x3A0A      	XORLW      10
0x03FA	0x1D03      	BTFSS      STATUS, 2
0x03FB	0x2BFD      	GOTO       L_main40
0x03FC	0x1505      	BSF        GPIO, 2
L_main40:
;heltec.c,233 :: 		if (i == 25) GPIO.F2 = 0;
0x03FD	0x0847      	MOVF       _i, 0
0x03FE	0x3A19      	XORLW      25
0x03FF	0x1D03      	BTFSS      STATUS, 2
0x0400	0x2C02      	GOTO       L_main41
0x0401	0x1105      	BCF        GPIO, 2
L_main41:
;heltec.c,234 :: 		}
0x0402	0x2BEC      	GOTO       L_main36
L_main37:
;heltec.c,237 :: 		if (i >= 10 && i < 25) {
0x0403	0x300A      	MOVLW      10
0x0404	0x0247      	SUBWF      _i, 0
0x0405	0x1C03      	BTFSS      STATUS, 0
0x0406	0x2C3A      	GOTO       L_main44
0x0407	0x3019      	MOVLW      25
0x0408	0x0247      	SUBWF      _i, 0
0x0409	0x1803      	BTFSC      STATUS, 0
0x040A	0x2C3A      	GOTO       L_main44
L__main94:
;heltec.c,238 :: 		GPIO.F0 = 1;
0x040B	0x1405      	BSF        GPIO, 0
;heltec.c,239 :: 		Delay_Safe_ms(2000);
0x040C	0x30D0      	MOVLW      208
0x040D	0x00D9      	MOVWF      FARG_Delay_Safe_ms_n
0x040E	0x3007      	MOVLW      7
0x040F	0x00DA      	MOVWF      FARG_Delay_Safe_ms_n+1
0x0410	0x2003      	CALL       _Delay_Safe_ms
;heltec.c,240 :: 		Leggi_Batteria_mV();
0x0411	0x219B      	CALL       _Leggi_Batteria_mV
;heltec.c,241 :: 		if (batteria_mv > soglia_off) GPIO.F0 = 0;
0x0412	0x0838      	MOVF       _batteria_mv+3, 0
0x0413	0x023E      	SUBWF      _soglia_off+3, 0
0x0414	0x1D03      	BTFSS      STATUS, 2
0x0415	0x2C20      	GOTO       L__main116
0x0416	0x0837      	MOVF       _batteria_mv+2, 0
0x0417	0x023D      	SUBWF      _soglia_off+2, 0
0x0418	0x1D03      	BTFSS      STATUS, 2
0x0419	0x2C20      	GOTO       L__main116
0x041A	0x0836      	MOVF       _batteria_mv+1, 0
0x041B	0x023C      	SUBWF      _soglia_off+1, 0
0x041C	0x1D03      	BTFSS      STATUS, 2
0x041D	0x2C20      	GOTO       L__main116
0x041E	0x0835      	MOVF       _batteria_mv, 0
0x041F	0x023B      	SUBWF      _soglia_off, 0
L__main116:
0x0420	0x1803      	BTFSC      STATUS, 0
0x0421	0x2C23      	GOTO       L_main45
0x0422	0x1005      	BCF        GPIO, 0
L_main45:
;heltec.c,242 :: 		if (batteria_mv < soglia_on) soglia_batteria();
0x0423	0x0846      	MOVF       _soglia_on+3, 0
0x0424	0x0238      	SUBWF      _batteria_mv+3, 0
0x0425	0x1D03      	BTFSS      STATUS, 2
0x0426	0x2C31      	GOTO       L__main117
0x0427	0x0845      	MOVF       _soglia_on+2, 0
0x0428	0x0237      	SUBWF      _batteria_mv+2, 0
0x0429	0x1D03      	BTFSS      STATUS, 2
0x042A	0x2C31      	GOTO       L__main117
0x042B	0x0844      	MOVF       _soglia_on+1, 0
0x042C	0x0236      	SUBWF      _batteria_mv+1, 0
0x042D	0x1D03      	BTFSS      STATUS, 2
0x042E	0x2C31      	GOTO       L__main117
0x042F	0x0843      	MOVF       _soglia_on, 0
0x0430	0x0235      	SUBWF      _batteria_mv, 0
L__main117:
0x0431	0x1803      	BTFSC      STATUS, 0
0x0432	0x2C34      	GOTO       L_main46
0x0433	0x2150      	CALL       _soglia_batteria
L_main46:
;heltec.c,243 :: 		sveglie_wdt = 0;
0x0434	0x01AB      	CLRF       _sveglie_wdt
0x0435	0x01AC      	CLRF       _sveglie_wdt+1
;heltec.c,244 :: 		conteggio_cicli = 0;
0x0436	0x01A7      	CLRF       _conteggio_cicli
0x0437	0x01A8      	CLRF       _conteggio_cicli+1
0x0438	0x01A9      	CLRF       _conteggio_cicli+2
0x0439	0x01AA      	CLRF       _conteggio_cicli+3
;heltec.c,245 :: 		}
L_main44:
;heltec.c,248 :: 		if (i >= 25 && i < 50) {
0x043A	0x3019      	MOVLW      25
0x043B	0x0247      	SUBWF      _i, 0
0x043C	0x1C03      	BTFSS      STATUS, 0
0x043D	0x2CA7      	GOTO       L_main49
0x043E	0x3032      	MOVLW      50
0x043F	0x0247      	SUBWF      _i, 0
0x0440	0x1803      	BTFSC      STATUS, 0
0x0441	0x2CA7      	GOTO       L_main49
L__main93:
;heltec.c,249 :: 		Leggi_Batteria_mV();
0x0442	0x219B      	CALL       _Leggi_Batteria_mV
;heltec.c,250 :: 		Delay_Safe_ms(1000);
0x0443	0x30E8      	MOVLW      232
0x0444	0x00D9      	MOVWF      FARG_Delay_Safe_ms_n
0x0445	0x3003      	MOVLW      3
0x0446	0x00DA      	MOVWF      FARG_Delay_Safe_ms_n+1
0x0447	0x2003      	CALL       _Delay_Safe_ms
;heltec.c,251 :: 		val_da_lampeggiare = (unsigned int)batteria_mv;
0x0448	0x0835      	MOVF       _batteria_mv, 0
0x0449	0x00B2      	MOVWF      _val_da_lampeggiare
0x044A	0x0836      	MOVF       _batteria_mv+1, 0
0x044B	0x00B3      	MOVWF      _val_da_lampeggiare+1
;heltec.c,252 :: 		Estrai_e_Lampeggia(1000);
0x044C	0x30E8      	MOVLW      232
0x044D	0x00CB      	MOVWF      FARG_Estrai_e_Lampeggia_divisore
0x044E	0x3003      	MOVLW      3
0x044F	0x00CC      	MOVWF      FARG_Estrai_e_Lampeggia_divisore+1
0x0450	0x22C7      	CALL       _Estrai_e_Lampeggia
;heltec.c,253 :: 		Estrai_e_Lampeggia(100);
0x0451	0x3064      	MOVLW      100
0x0452	0x00CB      	MOVWF      FARG_Estrai_e_Lampeggia_divisore
0x0453	0x3000      	MOVLW      0
0x0454	0x00CC      	MOVWF      FARG_Estrai_e_Lampeggia_divisore+1
0x0455	0x22C7      	CALL       _Estrai_e_Lampeggia
;heltec.c,254 :: 		Estrai_e_Lampeggia(10);
0x0456	0x300A      	MOVLW      10
0x0457	0x00CB      	MOVWF      FARG_Estrai_e_Lampeggia_divisore
0x0458	0x3000      	MOVLW      0
0x0459	0x00CC      	MOVWF      FARG_Estrai_e_Lampeggia_divisore+1
0x045A	0x22C7      	CALL       _Estrai_e_Lampeggia
;heltec.c,255 :: 		Lampeggia_Cifra(0);
0x045B	0x01CE      	CLRF       FARG_Lampeggia_Cifra_c
0x045C	0x224E      	CALL       _Lampeggia_Cifra
;heltec.c,257 :: 		if (RTC_presente) {
0x045D	0x082D      	MOVF       _RTC_presente, 0
0x045E	0x1903      	BTFSC      STATUS, 2
0x045F	0x2CA7      	GOTO       L_main50
;heltec.c,258 :: 		Delay_Safe_ms(1000);
0x0460	0x30E8      	MOVLW      232
0x0461	0x00D9      	MOVWF      FARG_Delay_Safe_ms_n
0x0462	0x3003      	MOVLW      3
0x0463	0x00DA      	MOVWF      FARG_Delay_Safe_ms_n+1
0x0464	0x2003      	CALL       _Delay_Safe_ms
;heltec.c,259 :: 		Lampi(2, 100);
0x0465	0x3002      	MOVLW      2
0x0466	0x00D4      	MOVWF      FARG_Lampi_n
0x0467	0x3064      	MOVLW      100
0x0468	0x00D5      	MOVWF      FARG_Lampi_t_on
0x0469	0x3000      	MOVLW      0
0x046A	0x00D6      	MOVWF      FARG_Lampi_t_on+1
0x046B	0x2055      	CALL       _Lampi
;heltec.c,260 :: 		Leggi_Ora_RTC();
0x046C	0x22DD      	CALL       _Leggi_Ora_RTC
;heltec.c,261 :: 		Delay_Safe_ms(1000);
0x046D	0x30E8      	MOVLW      232
0x046E	0x00D9      	MOVWF      FARG_Delay_Safe_ms_n
0x046F	0x3003      	MOVLW      3
0x0470	0x00DA      	MOVWF      FARG_Delay_Safe_ms_n+1
0x0471	0x2003      	CALL       _Delay_Safe_ms
;heltec.c,262 :: 		val_da_lampeggiare = ore;
0x0472	0x082E      	MOVF       _ore, 0
0x0473	0x00B2      	MOVWF      _val_da_lampeggiare
0x0474	0x01B3      	CLRF       _val_da_lampeggiare+1
;heltec.c,263 :: 		Estrai_e_Lampeggia(10);
0x0475	0x300A      	MOVLW      10
0x0476	0x00CB      	MOVWF      FARG_Estrai_e_Lampeggia_divisore
0x0477	0x3000      	MOVLW      0
0x0478	0x00CC      	MOVWF      FARG_Estrai_e_Lampeggia_divisore+1
0x0479	0x22C7      	CALL       _Estrai_e_Lampeggia
;heltec.c,264 :: 		Lampeggia_Cifra(val_da_lampeggiare % 10);
0x047A	0x300A      	MOVLW      10
0x047B	0x00F4      	MOVWF      R4
0x047C	0x3000      	MOVLW      0
0x047D	0x00F5      	MOVWF      R4+1
0x047E	0x0832      	MOVF       _val_da_lampeggiare, 0
0x047F	0x00F0      	MOVWF      R0
0x0480	0x0833      	MOVF       _val_da_lampeggiare+1, 0
0x0481	0x00F1      	MOVWF      R0+1
0x0482	0x23C5      	CALL       _Div_16X16_U
0x0483	0x0878      	MOVF       R8, 0
0x0484	0x00F0      	MOVWF      R0
0x0485	0x0879      	MOVF       R8+1, 0
0x0486	0x00F1      	MOVWF      R0+1
0x0487	0x0870      	MOVF       R0, 0
0x0488	0x00CE      	MOVWF      FARG_Lampeggia_Cifra_c
0x0489	0x224E      	CALL       _Lampeggia_Cifra
;heltec.c,265 :: 		Delay_Safe_ms(1000);
0x048A	0x30E8      	MOVLW      232
0x048B	0x00D9      	MOVWF      FARG_Delay_Safe_ms_n
0x048C	0x3003      	MOVLW      3
0x048D	0x00DA      	MOVWF      FARG_Delay_Safe_ms_n+1
0x048E	0x2003      	CALL       _Delay_Safe_ms
;heltec.c,266 :: 		val_da_lampeggiare = minuti;
0x048F	0x082F      	MOVF       _minuti, 0
0x0490	0x00B2      	MOVWF      _val_da_lampeggiare
0x0491	0x01B3      	CLRF       _val_da_lampeggiare+1
;heltec.c,267 :: 		Estrai_e_Lampeggia(10);
0x0492	0x300A      	MOVLW      10
0x0493	0x00CB      	MOVWF      FARG_Estrai_e_Lampeggia_divisore
0x0494	0x3000      	MOVLW      0
0x0495	0x00CC      	MOVWF      FARG_Estrai_e_Lampeggia_divisore+1
0x0496	0x22C7      	CALL       _Estrai_e_Lampeggia
;heltec.c,268 :: 		Lampeggia_Cifra(val_da_lampeggiare % 10);
0x0497	0x300A      	MOVLW      10
0x0498	0x00F4      	MOVWF      R4
0x0499	0x3000      	MOVLW      0
0x049A	0x00F5      	MOVWF      R4+1
0x049B	0x0832      	MOVF       _val_da_lampeggiare, 0
0x049C	0x00F0      	MOVWF      R0
0x049D	0x0833      	MOVF       _val_da_lampeggiare+1, 0
0x049E	0x00F1      	MOVWF      R0+1
0x049F	0x23C5      	CALL       _Div_16X16_U
0x04A0	0x0878      	MOVF       R8, 0
0x04A1	0x00F0      	MOVWF      R0
0x04A2	0x0879      	MOVF       R8+1, 0
0x04A3	0x00F1      	MOVWF      R0+1
0x04A4	0x0870      	MOVF       R0, 0
0x04A5	0x00CE      	MOVWF      FARG_Lampeggia_Cifra_c
0x04A6	0x224E      	CALL       _Lampeggia_Cifra
;heltec.c,269 :: 		}
L_main50:
;heltec.c,270 :: 		}
L_main49:
;heltec.c,273 :: 		if (i >= 50) {
0x04A7	0x3032      	MOVLW      50
0x04A8	0x0247      	SUBWF      _i, 0
0x04A9	0x1C03      	BTFSS      STATUS, 0
0x04AA	0x2D0A      	GOTO       L_main51
;heltec.c,274 :: 		GPIO.F0 = 1;
0x04AB	0x1405      	BSF        GPIO, 0
;heltec.c,275 :: 		for (j = 0; j < 20; j++) { GPIO.F2 = !GPIO.F2; Delay_Safe_ms(100); }
0x04AC	0x01CA      	CLRF       _j
L_main52:
0x04AD	0x3014      	MOVLW      20
0x04AE	0x024A      	SUBWF      _j, 0
0x04AF	0x1803      	BTFSC      STATUS, 0
0x04B0	0x2CBA      	GOTO       L_main53
0x04B1	0x3004      	MOVLW      4
0x04B2	0x0685      	XORWF      GPIO, 1
0x04B3	0x3064      	MOVLW      100
0x04B4	0x00D9      	MOVWF      FARG_Delay_Safe_ms_n
0x04B5	0x3000      	MOVLW      0
0x04B6	0x00DA      	MOVWF      FARG_Delay_Safe_ms_n+1
0x04B7	0x2003      	CALL       _Delay_Safe_ms
0x04B8	0x0ACA      	INCF       _j, 1
0x04B9	0x2CAD      	GOTO       L_main52
L_main53:
;heltec.c,276 :: 		GPIO.F2 = 0;
0x04BA	0x1105      	BCF        GPIO, 2
;heltec.c,277 :: 		in_manutenzione = 1;
0x04BB	0x14C9      	BSF        _in_manutenzione, BitPos(_in_manutenzione+0)
;heltec.c,278 :: 		while (in_manutenzione) {
L_main55:
0x04BC	0x1CC9      	BTFSS      _in_manutenzione, BitPos(_in_manutenzione+0)
0x04BD	0x2CE2      	GOTO       L_main56
;heltec.c,279 :: 		GPIO.F2 = 1; Delay_Safe_ms(500); GPIO.F2 = 0;
0x04BE	0x1505      	BSF        GPIO, 2
0x04BF	0x30F4      	MOVLW      244
0x04C0	0x00D9      	MOVWF      FARG_Delay_Safe_ms_n
0x04C1	0x3001      	MOVLW      1
0x04C2	0x00DA      	MOVWF      FARG_Delay_Safe_ms_n+1
0x04C3	0x2003      	CALL       _Delay_Safe_ms
0x04C4	0x1105      	BCF        GPIO, 2
;heltec.c,280 :: 		if (GPIO.B3 == 0) {
0x04C5	0x1985      	BTFSC      GPIO, 3
0x04C6	0x2CDB      	GOTO       L_main57
;heltec.c,281 :: 		i = 0;
0x04C7	0x01C7      	CLRF       _i
;heltec.c,282 :: 		while (GPIO.B3 == 0 && i < 50) { Delay_Safe_ms(100); i++; }
L_main58:
0x04C8	0x1985      	BTFSC      GPIO, 3
0x04C9	0x2CD5      	GOTO       L_main59
0x04CA	0x3032      	MOVLW      50
0x04CB	0x0247      	SUBWF      _i, 0
0x04CC	0x1803      	BTFSC      STATUS, 0
0x04CD	0x2CD5      	GOTO       L_main59
L__main92:
0x04CE	0x3064      	MOVLW      100
0x04CF	0x00D9      	MOVWF      FARG_Delay_Safe_ms_n
0x04D0	0x3000      	MOVLW      0
0x04D1	0x00DA      	MOVWF      FARG_Delay_Safe_ms_n+1
0x04D2	0x2003      	CALL       _Delay_Safe_ms
0x04D3	0x0AC7      	INCF       _i, 1
0x04D4	0x2CC8      	GOTO       L_main58
L_main59:
;heltec.c,283 :: 		if (i >= 50) in_manutenzione = 0;
0x04D5	0x3032      	MOVLW      50
0x04D6	0x0247      	SUBWF      _i, 0
0x04D7	0x1C03      	BTFSS      STATUS, 0
0x04D8	0x2CDA      	GOTO       L_main62
0x04D9	0x10C9      	BCF        _in_manutenzione, BitPos(_in_manutenzione+0)
L_main62:
;heltec.c,284 :: 		} else { Delay_Safe_ms(500); }
0x04DA	0x2CE0      	GOTO       L_main63
L_main57:
0x04DB	0x30F4      	MOVLW      244
0x04DC	0x00D9      	MOVWF      FARG_Delay_Safe_ms_n
0x04DD	0x3001      	MOVLW      1
0x04DE	0x00DA      	MOVWF      FARG_Delay_Safe_ms_n+1
0x04DF	0x2003      	CALL       _Delay_Safe_ms
L_main63:
;heltec.c,285 :: 		asm clrwdt;
0x04E0	0x0064      	CLRWDT
;heltec.c,286 :: 		}
0x04E1	0x2CBC      	GOTO       L_main55
L_main56:
;heltec.c,287 :: 		for (j = 0; j < 20; j++) { GPIO.F2 = !GPIO.F2; Delay_Safe_ms(100); }
0x04E2	0x01CA      	CLRF       _j
L_main64:
0x04E3	0x3014      	MOVLW      20
0x04E4	0x024A      	SUBWF      _j, 0
0x04E5	0x1803      	BTFSC      STATUS, 0
0x04E6	0x2CF0      	GOTO       L_main65
0x04E7	0x3004      	MOVLW      4
0x04E8	0x0685      	XORWF      GPIO, 1
0x04E9	0x3064      	MOVLW      100
0x04EA	0x00D9      	MOVWF      FARG_Delay_Safe_ms_n
0x04EB	0x3000      	MOVLW      0
0x04EC	0x00DA      	MOVWF      FARG_Delay_Safe_ms_n+1
0x04ED	0x2003      	CALL       _Delay_Safe_ms
0x04EE	0x0ACA      	INCF       _j, 1
0x04EF	0x2CE3      	GOTO       L_main64
L_main65:
;heltec.c,288 :: 		Leggi_Batteria_mV();
0x04F0	0x219B      	CALL       _Leggi_Batteria_mV
;heltec.c,289 :: 		if (batteria_mv > soglia_off) GPIO.F0 = 0;
0x04F1	0x0838      	MOVF       _batteria_mv+3, 0
0x04F2	0x023E      	SUBWF      _soglia_off+3, 0
0x04F3	0x1D03      	BTFSS      STATUS, 2
0x04F4	0x2CFF      	GOTO       L__main118
0x04F5	0x0837      	MOVF       _batteria_mv+2, 0
0x04F6	0x023D      	SUBWF      _soglia_off+2, 0
0x04F7	0x1D03      	BTFSS      STATUS, 2
0x04F8	0x2CFF      	GOTO       L__main118
0x04F9	0x0836      	MOVF       _batteria_mv+1, 0
0x04FA	0x023C      	SUBWF      _soglia_off+1, 0
0x04FB	0x1D03      	BTFSS      STATUS, 2
0x04FC	0x2CFF      	GOTO       L__main118
0x04FD	0x0835      	MOVF       _batteria_mv, 0
0x04FE	0x023B      	SUBWF      _soglia_off, 0
L__main118:
0x04FF	0x1803      	BTFSC      STATUS, 0
0x0500	0x2D02      	GOTO       L_main67
0x0501	0x1005      	BCF        GPIO, 0
L_main67:
;heltec.c,290 :: 		sveglie_wdt = 13;
0x0502	0x300D      	MOVLW      13
0x0503	0x00AB      	MOVWF      _sveglie_wdt
0x0504	0x3000      	MOVLW      0
0x0505	0x00AC      	MOVWF      _sveglie_wdt+1
;heltec.c,291 :: 		conteggio_cicli = 0;
0x0506	0x01A7      	CLRF       _conteggio_cicli
0x0507	0x01A8      	CLRF       _conteggio_cicli+1
0x0508	0x01A9      	CLRF       _conteggio_cicli+2
0x0509	0x01AA      	CLRF       _conteggio_cicli+3
;heltec.c,292 :: 		}
L_main51:
;heltec.c,293 :: 		}
L_main35:
;heltec.c,296 :: 		if (!in_manutenzione) {
0x050A	0x18C9      	BTFSC      _in_manutenzione, BitPos(_in_manutenzione+0)
0x050B	0x2DCD      	GOTO       L_main68
;heltec.c,297 :: 		if (sveglie_wdt >= 13) {
0x050C	0x3000      	MOVLW      0
0x050D	0x022C      	SUBWF      _sveglie_wdt+1, 0
0x050E	0x1D03      	BTFSS      STATUS, 2
0x050F	0x2D12      	GOTO       L__main119
0x0510	0x300D      	MOVLW      13
0x0511	0x022B      	SUBWF      _sveglie_wdt, 0
L__main119:
0x0512	0x1C03      	BTFSS      STATUS, 0
0x0513	0x2DC6      	GOTO       L_main69
;heltec.c,298 :: 		Leggi_Batteria_mV();
0x0514	0x219B      	CALL       _Leggi_Batteria_mV
;heltec.c,299 :: 		if (batteria_mv <= soglia_off) GPIO.F0 = 1;
0x0515	0x0838      	MOVF       _batteria_mv+3, 0
0x0516	0x023E      	SUBWF      _soglia_off+3, 0
0x0517	0x1D03      	BTFSS      STATUS, 2
0x0518	0x2D23      	GOTO       L__main120
0x0519	0x0837      	MOVF       _batteria_mv+2, 0
0x051A	0x023D      	SUBWF      _soglia_off+2, 0
0x051B	0x1D03      	BTFSS      STATUS, 2
0x051C	0x2D23      	GOTO       L__main120
0x051D	0x0836      	MOVF       _batteria_mv+1, 0
0x051E	0x023C      	SUBWF      _soglia_off+1, 0
0x051F	0x1D03      	BTFSS      STATUS, 2
0x0520	0x2D23      	GOTO       L__main120
0x0521	0x0835      	MOVF       _batteria_mv, 0
0x0522	0x023B      	SUBWF      _soglia_off, 0
L__main120:
0x0523	0x1C03      	BTFSS      STATUS, 0
0x0524	0x2D26      	GOTO       L_main70
0x0525	0x1405      	BSF        GPIO, 0
L_main70:
;heltec.c,300 :: 		if (batteria_mv >= soglia_on)  GPIO.F0 = 0;
0x0526	0x0846      	MOVF       _soglia_on+3, 0
0x0527	0x0238      	SUBWF      _batteria_mv+3, 0
0x0528	0x1D03      	BTFSS      STATUS, 2
0x0529	0x2D34      	GOTO       L__main121
0x052A	0x0845      	MOVF       _soglia_on+2, 0
0x052B	0x0237      	SUBWF      _batteria_mv+2, 0
0x052C	0x1D03      	BTFSS      STATUS, 2
0x052D	0x2D34      	GOTO       L__main121
0x052E	0x0844      	MOVF       _soglia_on+1, 0
0x052F	0x0236      	SUBWF      _batteria_mv+1, 0
0x0530	0x1D03      	BTFSS      STATUS, 2
0x0531	0x2D34      	GOTO       L__main121
0x0532	0x0843      	MOVF       _soglia_on, 0
0x0533	0x0235      	SUBWF      _batteria_mv, 0
L__main121:
0x0534	0x1C03      	BTFSS      STATUS, 0
0x0535	0x2D37      	GOTO       L_main71
0x0536	0x1005      	BCF        GPIO, 0
L_main71:
;heltec.c,302 :: 		sveglie_wdt = 0;
0x0537	0x01AB      	CLRF       _sveglie_wdt
0x0538	0x01AC      	CLRF       _sveglie_wdt+1
;heltec.c,303 :: 		if (RTC_presente) minuti_count++;
0x0539	0x082D      	MOVF       _RTC_presente, 0
0x053A	0x1903      	BTFSC      STATUS, 2
0x053B	0x2D3D      	GOTO       L_main72
0x053C	0x0AA6      	INCF       _minuti_count, 1
L_main72:
;heltec.c,306 :: 		if (giorni_riavvio > 0) {
0x053D	0x0848      	MOVF       _giorni_riavvio, 0
0x053E	0x3C00      	SUBLW      0
0x053F	0x1803      	BTFSC      STATUS, 0
0x0540	0x2D91      	GOTO       L_main73
;heltec.c,307 :: 		conteggio_cicli++;
0x0541	0x0827      	MOVF       _conteggio_cicli, 0
0x0542	0x00F0      	MOVWF      R0
0x0543	0x0828      	MOVF       _conteggio_cicli+1, 0
0x0544	0x00F1      	MOVWF      R0+1
0x0545	0x0829      	MOVF       _conteggio_cicli+2, 0
0x0546	0x00F2      	MOVWF      R0+2
0x0547	0x082A      	MOVF       _conteggio_cicli+3, 0
0x0548	0x00F3      	MOVWF      R0+3
0x0549	0x0AF0      	INCF       R0, 1
0x054A	0x1903      	BTFSC      STATUS, 2
0x054B	0x0AF1      	INCF       R0+1, 1
0x054C	0x1903      	BTFSC      STATUS, 2
0x054D	0x0AF2      	INCF       R0+2, 1
0x054E	0x1903      	BTFSC      STATUS, 2
0x054F	0x0AF3      	INCF       R0+3, 1
0x0550	0x0870      	MOVF       R0, 0
0x0551	0x00A7      	MOVWF      _conteggio_cicli
0x0552	0x0871      	MOVF       R0+1, 0
0x0553	0x00A8      	MOVWF      _conteggio_cicli+1
0x0554	0x0872      	MOVF       R0+2, 0
0x0555	0x00A9      	MOVWF      _conteggio_cicli+2
0x0556	0x0873      	MOVF       R0+3, 0
0x0557	0x00AA      	MOVWF      _conteggio_cicli+3
;heltec.c,308 :: 		if (conteggio_cicli >= (cicli_per_giorno * giorni_riavvio)) {
0x0558	0x0820      	MOVF       _cicli_per_giorno, 0
0x0559	0x00F0      	MOVWF      R0
0x055A	0x0821      	MOVF       _cicli_per_giorno+1, 0
0x055B	0x00F1      	MOVWF      R0+1
0x055C	0x0822      	MOVF       _cicli_per_giorno+2, 0
0x055D	0x00F2      	MOVWF      R0+2
0x055E	0x0823      	MOVF       _cicli_per_giorno+3, 0
0x055F	0x00F3      	MOVWF      R0+3
0x0560	0x0848      	MOVF       _giorni_riavvio, 0
0x0561	0x00F4      	MOVWF      R4
0x0562	0x01F5      	CLRF       R4+1
0x0563	0x01F6      	CLRF       R4+2
0x0564	0x01F7      	CLRF       R4+3
0x0565	0x20D7      	CALL       _Mul_32x32_U
0x0566	0x0873      	MOVF       R0+3, 0
0x0567	0x022A      	SUBWF      _conteggio_cicli+3, 0
0x0568	0x1D03      	BTFSS      STATUS, 2
0x0569	0x2D74      	GOTO       L__main122
0x056A	0x0872      	MOVF       R0+2, 0
0x056B	0x0229      	SUBWF      _conteggio_cicli+2, 0
0x056C	0x1D03      	BTFSS      STATUS, 2
0x056D	0x2D74      	GOTO       L__main122
0x056E	0x0871      	MOVF       R0+1, 0
0x056F	0x0228      	SUBWF      _conteggio_cicli+1, 0
0x0570	0x1D03      	BTFSS      STATUS, 2
0x0571	0x2D74      	GOTO       L__main122
0x0572	0x0870      	MOVF       R0, 0
0x0573	0x0227      	SUBWF      _conteggio_cicli, 0
L__main122:
0x0574	0x1C03      	BTFSS      STATUS, 0
0x0575	0x2D91      	GOTO       L_main74
;heltec.c,309 :: 		GPIO.F0 = 1; Delay_Safe_ms(2000);
0x0576	0x1405      	BSF        GPIO, 0
0x0577	0x30D0      	MOVLW      208
0x0578	0x00D9      	MOVWF      FARG_Delay_Safe_ms_n
0x0579	0x3007      	MOVLW      7
0x057A	0x00DA      	MOVWF      FARG_Delay_Safe_ms_n+1
0x057B	0x2003      	CALL       _Delay_Safe_ms
;heltec.c,310 :: 		if (batteria_mv > soglia_off) GPIO.F0 = 0;
0x057C	0x0838      	MOVF       _batteria_mv+3, 0
0x057D	0x023E      	SUBWF      _soglia_off+3, 0
0x057E	0x1D03      	BTFSS      STATUS, 2
0x057F	0x2D8A      	GOTO       L__main123
0x0580	0x0837      	MOVF       _batteria_mv+2, 0
0x0581	0x023D      	SUBWF      _soglia_off+2, 0
0x0582	0x1D03      	BTFSS      STATUS, 2
0x0583	0x2D8A      	GOTO       L__main123
0x0584	0x0836      	MOVF       _batteria_mv+1, 0
0x0585	0x023C      	SUBWF      _soglia_off+1, 0
0x0586	0x1D03      	BTFSS      STATUS, 2
0x0587	0x2D8A      	GOTO       L__main123
0x0588	0x0835      	MOVF       _batteria_mv, 0
0x0589	0x023B      	SUBWF      _soglia_off, 0
L__main123:
0x058A	0x1803      	BTFSC      STATUS, 0
0x058B	0x2D8D      	GOTO       L_main75
0x058C	0x1005      	BCF        GPIO, 0
L_main75:
;heltec.c,311 :: 		conteggio_cicli = 0;
0x058D	0x01A7      	CLRF       _conteggio_cicli
0x058E	0x01A8      	CLRF       _conteggio_cicli+1
0x058F	0x01A9      	CLRF       _conteggio_cicli+2
0x0590	0x01AA      	CLRF       _conteggio_cicli+3
;heltec.c,312 :: 		}
L_main74:
;heltec.c,313 :: 		}
L_main73:
;heltec.c,316 :: 		if (minuti_count >= 20) {
0x0591	0x3014      	MOVLW      20
0x0592	0x0226      	SUBWF      _minuti_count, 0
0x0593	0x1C03      	BTFSS      STATUS, 0
0x0594	0x2DC6      	GOTO       L_main76
;heltec.c,317 :: 		Leggi_Ora_RTC();
0x0595	0x22DD      	CALL       _Leggi_Ora_RTC
;heltec.c,318 :: 		if (ore == 4 && minuti < 11) {
0x0596	0x082E      	MOVF       _ore, 0
0x0597	0x3A04      	XORLW      4
0x0598	0x1D03      	BTFSS      STATUS, 2
0x0599	0x2DC4      	GOTO       L_main79
0x059A	0x300B      	MOVLW      11
0x059B	0x022F      	SUBWF      _minuti, 0
0x059C	0x1803      	BTFSC      STATUS, 0
0x059D	0x2DC4      	GOTO       L_main79
L__main91:
;heltec.c,319 :: 		if (!reset_fatto) {
0x059E	0x0824      	MOVF       _reset_fatto, 0
0x059F	0x1D03      	BTFSS      STATUS, 2
0x05A0	0x2DC3      	GOTO       L_main80
;heltec.c,320 :: 		if (giorno == 1 || giorno == 4) {
0x05A1	0x0830      	MOVF       _giorno, 0
0x05A2	0x3A01      	XORLW      1
0x05A3	0x1903      	BTFSC      STATUS, 2
0x05A4	0x2DAA      	GOTO       L__main90
0x05A5	0x0830      	MOVF       _giorno, 0
0x05A6	0x3A04      	XORLW      4
0x05A7	0x1903      	BTFSC      STATUS, 2
0x05A8	0x2DAA      	GOTO       L__main90
0x05A9	0x2DC3      	GOTO       L_main83
L__main90:
;heltec.c,321 :: 		GPIO.F0 = 1; Delay_Safe_ms(10000);
0x05AA	0x1405      	BSF        GPIO, 0
0x05AB	0x3010      	MOVLW      16
0x05AC	0x00D9      	MOVWF      FARG_Delay_Safe_ms_n
0x05AD	0x3027      	MOVLW      39
0x05AE	0x00DA      	MOVWF      FARG_Delay_Safe_ms_n+1
0x05AF	0x2003      	CALL       _Delay_Safe_ms
;heltec.c,322 :: 		if (batteria_mv > soglia_off) GPIO.F0 = 0;
0x05B0	0x0838      	MOVF       _batteria_mv+3, 0
0x05B1	0x023E      	SUBWF      _soglia_off+3, 0
0x05B2	0x1D03      	BTFSS      STATUS, 2
0x05B3	0x2DBE      	GOTO       L__main124
0x05B4	0x0837      	MOVF       _batteria_mv+2, 0
0x05B5	0x023D      	SUBWF      _soglia_off+2, 0
0x05B6	0x1D03      	BTFSS      STATUS, 2
0x05B7	0x2DBE      	GOTO       L__main124
0x05B8	0x0836      	MOVF       _batteria_mv+1, 0
0x05B9	0x023C      	SUBWF      _soglia_off+1, 0
0x05BA	0x1D03      	BTFSS      STATUS, 2
0x05BB	0x2DBE      	GOTO       L__main124
0x05BC	0x0835      	MOVF       _batteria_mv, 0
0x05BD	0x023B      	SUBWF      _soglia_off, 0
L__main124:
0x05BE	0x1803      	BTFSC      STATUS, 0
0x05BF	0x2DC1      	GOTO       L_main84
0x05C0	0x1005      	BCF        GPIO, 0
L_main84:
;heltec.c,323 :: 		reset_fatto = 1;
0x05C1	0x3001      	MOVLW      1
0x05C2	0x00A4      	MOVWF      _reset_fatto
;heltec.c,324 :: 		}
L_main83:
;heltec.c,325 :: 		}
L_main80:
;heltec.c,326 :: 		} else { reset_fatto = 0; }
0x05C3	0x2DC5      	GOTO       L_main85
L_main79:
0x05C4	0x01A4      	CLRF       _reset_fatto
L_main85:
;heltec.c,327 :: 		minuti_count = 0;
0x05C5	0x01A6      	CLRF       _minuti_count
;heltec.c,328 :: 		}
L_main76:
;heltec.c,329 :: 		}
L_main69:
;heltec.c,330 :: 		sveglie_wdt++;
0x05C6	0x0AAB      	INCF       _sveglie_wdt, 1
0x05C7	0x1903      	BTFSC      STATUS, 2
0x05C8	0x0AAC      	INCF       _sveglie_wdt+1, 1
;heltec.c,331 :: 		asm clrwdt;
0x05C9	0x0064      	CLRWDT
;heltec.c,332 :: 		asm sleep;
0x05CA	0x0063      	SLEEP
;heltec.c,333 :: 		asm nop;
0x05CB	0x0000      	NOP
;heltec.c,334 :: 		} else {
0x05CC	0x2DD2      	GOTO       L_main86
L_main68:
;heltec.c,335 :: 		Delay_Safe_ms(100);
0x05CD	0x3064      	MOVLW      100
0x05CE	0x00D9      	MOVWF      FARG_Delay_Safe_ms_n
0x05CF	0x3000      	MOVLW      0
0x05D0	0x00DA      	MOVWF      FARG_Delay_Safe_ms_n+1
0x05D1	0x2003      	CALL       _Delay_Safe_ms
;heltec.c,336 :: 		}
L_main86:
;heltec.c,337 :: 		}
0x05D2	0x2BE4      	GOTO       L_main32
;heltec.c,338 :: 		}
L_end_main:
0x05D3	0x2DD3      	GOTO       $+0
; end of _main
0x05E8	0x3020      	MOVLW      32
0x05E9	0x0084      	MOVWF      FSR
0x05EA	0x300E      	MOVLW      14
0x05EB	0x1283      	BCF        STATUS, 5
0x05EC	0x00F0      	MOVWF      R0
0x05ED	0x30D9      	MOVLW      217
0x05EE	0x00B9      	MOVWF      ___DoICPAddr
0x05EF	0x3005      	MOVLW      5
0x05F0	0x00BA      	MOVWF      58
0x05F1	0x23B9      	CALL       953
0x05F2	0x0008      	RETURN
;heltec.c,0 :: ?ICS_cicli_per_giorno
0x05D9	0x3443 ;?ICS_cicli_per_giorno+0
0x05DA	0x340B ;?ICS_cicli_per_giorno+1
0x05DB	0x3400 ;?ICS_cicli_per_giorno+2
0x05DC	0x3400 ;?ICS_cicli_per_giorno+3
; end of ?ICS_cicli_per_giorno
;heltec.c,0 :: ?ICS_reset_fatto
0x05DD	0x3400 ;?ICS_reset_fatto+0
; end of ?ICS_reset_fatto
;__Lib_ADC_A_E.c,0 :: ?ICS_vref_mask
0x05DE	0x3440 ;?ICS_vref_mask+0
; end of ?ICS_vref_mask
;heltec.c,0 :: ?ICS_minuti_count
0x05DF	0x3414 ;?ICS_minuti_count+0
; end of ?ICS_minuti_count
;heltec.c,0 :: ?ICS_conteggio_cicli
0x05E0	0x3400 ;?ICS_conteggio_cicli+0
0x05E1	0x3400 ;?ICS_conteggio_cicli+1
0x05E2	0x3400 ;?ICS_conteggio_cicli+2
0x05E3	0x3400 ;?ICS_conteggio_cicli+3
; end of ?ICS_conteggio_cicli
;heltec.c,0 :: ?ICS_sveglie_wdt
0x05E4	0x3400 ;?ICS_sveglie_wdt+0
0x05E5	0x3400 ;?ICS_sveglie_wdt+1
; end of ?ICS_sveglie_wdt
;heltec.c,0 :: ?ICS_RTC_presente
0x05E6	0x3400 ;?ICS_RTC_presente+0
; end of ?ICS_RTC_presente
Symbol List:
//** Routines locations **
//ADDRESS    SIZE    PROCEDURE
//----------------------------------------------
0x0003      [26]    _Delay_Safe_ms
0x001D       [6]    _Delay_22us
0x0023      [10]    __Lib_SoftI2C_PutZerosToLATScl
0x002D      [10]    __Lib_SoftI2C_PutZerosToLATSda
0x0037       [2]    _Delay_1us
0x0039      [12]    _Soft_I2C_Init
0x0045      [16]    _Soft_I2C_Start
0x0055      [21]    _Lampi
0x006A     [109]    _Soft_I2C_Write
0x00D7      [55]    _Mul_32x32_U
0x010E      [27]    _Soft_I2C_Stop
0x0129      [39]    _ADC_Read
0x0150      [75]    _soglia_batteria
0x019B      [99]    _Leggi_Batteria_mV
0x01FE      [80]    _Soft_I2C_Read
0x024E      [36]    _Lampeggia_Cifra
0x0272      [25]    _Mul_8X8_U
0x028B       [6]    _____DoICP
0x0291      [54]    _Scrivi_Ora_RTC
0x02C7      [22]    _Estrai_e_Lampeggia
0x02DD      [99]    _Leggi_Ora_RTC
0x0340     [121]    _Init_Hardware
0x03B9      [12]    ___CC2DW
0x03C5      [29]    _Div_16X16_U
0x03E2     [497]    _main
//** Variables locations ** 
//ADDRESS    SIZE    VARIABLE
//----------------------------------------------
0x0000       [1]    INDF
0x0002       [1]    PCL
0x0003       [1]    STATUS
0x0004       [1]    FSR
0x0005       [0]    GP4_bit
0x0005       [0]    GP5_bit
0x0005       [1]    GPIO
0x0005       [0]    Soft_I2C_Scl
0x0005       [0]    Soft_I2C_Sda
0x000A       [1]    PCLATH
0x000B       [1]    INTCON
0x0019       [1]    CMCON0
0x001E       [1]    ADRESH
0x001F       [1]    ADCON0
0x0020       [4]    _cicli_per_giorno
0x0024       [1]    _reset_fatto
0x0025       [1]    _vref_mask
0x0026       [1]    _minuti_count
0x0027       [4]    _conteggio_cicli
0x002B       [2]    _sveglie_wdt
0x002D       [1]    _RTC_presente
0x002E       [1]    _ore
0x002F       [1]    _minuti
0x0030       [1]    _giorno
0x0031       [1]    _dummy
0x0032       [2]    _val_da_lampeggiare
0x0034       [1]    _bcd_val
0x0035       [4]    _batteria_mv
0x0039       [2]    ___DoICPAddr
0x003B       [4]    _soglia_off
0x003F       [4]    _taratura_vcc
0x0043       [4]    _soglia_on
0x0047       [1]    _i
0x0048       [1]    _giorni_riavvio
0x0049       [0]    __Lib_SoftI2C___StopWaiting
0x0049       [0]    _in_manutenzione
0x004A       [1]    _j
0x004B       [1]    FLOC__Leggi_Ora_RTC
0x004B       [2]    FARG_Estrai_e_Lampeggia_divisore
0x004D       [1]    Estrai_e_Lampeggia_contatore_L0
0x004E       [1]    Leggi_Batteria_mV_k_L0
0x004E       [1]    FARG_Scrivi_Ora_RTC_s_g_sett
0x004E       [2]    FARG_Soft_I2C_Read_ack
0x004E       [1]    FARG_Lampeggia_Cifra_c
0x004F       [1]    FARG_Scrivi_Ora_RTC_s_g
0x004F       [1]    Lampeggia_Cifra_l_L0
0x004F       [4]    Leggi_Batteria_mV_somma_L0
0x0050       [2]    Soft_I2C_Read_result_L0
0x0050       [1]    FARG_Scrivi_Ora_RTC_s_m
0x0051       [1]    FARG_Scrivi_Ora_RTC_s_a
0x0052       [1]    FARG_Scrivi_Ora_RTC_s_ore
0x0052       [2]    Soft_I2C_Read_temp_L0
0x0053       [1]    FARG_Scrivi_Ora_RTC_s_min
0x0054       [1]    FARG_Lampi_n
0x0054       [1]    FARG_Soft_I2C_Write_data_
0x0054       [1]    FARG_ADC_Read_channel
0x0055       [2]    FARG_Lampi_t_on
0x0055       [2]    Soft_I2C_Write_temp_L0
0x0057       [2]    Soft_I2C_Write_result_L0
0x0057       [1]    Lampi_k_L0
0x0059       [2]    FARG_Delay_Safe_ms_n
0x0070       [1]    R0
0x0071       [1]    R1
0x0072       [1]    R2
0x0073       [1]    R3
0x0074       [1]    R4
0x0075       [1]    R5
0x0076       [1]    R6
0x0077       [1]    R7
0x0078       [1]    R8
0x0079       [1]    R9
0x007A       [1]    R10
0x007B       [1]    R11
0x007C       [1]    R12
0x007D       [1]    R13
0x007E       [1]    R14
0x007F       [1]    R15
0x0081       [1]    OPTION_REG
0x0085       [1]    TRISIO
0x0085       [0]    TRISIO5_bit
0x0085       [0]    Soft_I2C_Scl_Direction
0x0085       [0]    Soft_I2C_Sda_Direction
0x0085       [0]    TRISIO4_bit
0x008F       [1]    OSCCON
0x0095       [1]    WPU
0x0096       [1]    IOC
0x009E       [1]    ADRESL
0x009F       [1]    ANSEL
//** Constants locations ** 
//ADDRESS    SIZE    CONSTANT
//----------------------------------------------
0x05D9       [4]    ?ICS_cicli_per_giorno
0x05DD       [1]    ?ICS_reset_fatto
0x05DE       [1]    ?ICS_vref_mask
0x05DF       [1]    ?ICS_minuti_count
0x05E0       [4]    ?ICS_conteggio_cicli
0x05E4       [2]    ?ICS_sveglie_wdt
0x05E6       [1]    ?ICS_RTC_presente
