;  LST file generated by mikroListExporter - v.2.0 
; Date/Time: 15/03/2026 21:23:41
;----------------------------------------------

;Address Opcode 	ASM
0x0000	0x28D1      	GOTO       209
_Delay_22us:
;__Lib_Delays.c,15 :: 		void Delay_22us() {
;__Lib_Delays.c,16 :: 		Delay_us(22);
0x0003	0x3007      	MOVLW      7
0x0004	0x1283      	BCF        STATUS, 5
0x0005	0x00FD      	MOVWF      R13
L_Delay_22us1:
0x0006	0x0BFD      	DECFSZ     R13, 1
0x0007	0x2806      	GOTO       L_Delay_22us1
;__Lib_Delays.c,17 :: 		}
L_end_Delay_22us:
0x0008	0x0008      	RETURN
; end of _Delay_22us
_____DoICP:
;__Lib_System.c,6 :: 		
;__Lib_System.c,9 :: 		
0x0009	0x1283      	BCF        STATUS, 5
0x000A	0x0822      	MOVF       ___DoICPAddr+1, 0
0x000B	0x008A      	MOVWF      PCLATH
;__Lib_System.c,10 :: 		
0x000C	0x0821      	MOVF       ___DoICPAddr, 0
0x000D	0x0082      	MOVWF      PCL
;__Lib_System.c,12 :: 		
L_end_____DoICP:
0x000E	0x0008      	RETURN
; end of _____DoICP
_Segnale_Avvio:
;heltec.c,8 :: 		void Segnale_Avvio() {
;heltec.c,10 :: 		for (j = 1; j <= 3; j++) {
0x000F	0x3001      	MOVLW      1
0x0010	0x1283      	BCF        STATUS, 5
0x0011	0x00F1      	MOVWF      R1
L_Segnale_Avvio0:
0x0012	0x0871      	MOVF       R1, 0
0x0013	0x3C03      	SUBLW      3
0x0014	0x1C03      	BTFSS      STATUS, 0
0x0015	0x2836      	GOTO       L_Segnale_Avvio1
;heltec.c,11 :: 		GPIO.F5 = 1;
0x0016	0x1685      	BSF        GPIO, 5
;heltec.c,12 :: 		Delay_ms(250);
0x0017	0x3002      	MOVLW      2
0x0018	0x00FB      	MOVWF      R11
0x0019	0x3045      	MOVLW      69
0x001A	0x00FC      	MOVWF      R12
0x001B	0x30A9      	MOVLW      169
0x001C	0x00FD      	MOVWF      R13
L_Segnale_Avvio3:
0x001D	0x0BFD      	DECFSZ     R13, 1
0x001E	0x281D      	GOTO       L_Segnale_Avvio3
0x001F	0x0BFC      	DECFSZ     R12, 1
0x0020	0x281D      	GOTO       L_Segnale_Avvio3
0x0021	0x0BFB      	DECFSZ     R11, 1
0x0022	0x281D      	GOTO       L_Segnale_Avvio3
0x0023	0x0000      	NOP
0x0024	0x0000      	NOP
;heltec.c,13 :: 		GPIO.F5 = 0;
0x0025	0x1285      	BCF        GPIO, 5
;heltec.c,14 :: 		Delay_ms(250);
0x0026	0x3002      	MOVLW      2
0x0027	0x00FB      	MOVWF      R11
0x0028	0x3045      	MOVLW      69
0x0029	0x00FC      	MOVWF      R12
0x002A	0x30A9      	MOVLW      169
0x002B	0x00FD      	MOVWF      R13
L_Segnale_Avvio4:
0x002C	0x0BFD      	DECFSZ     R13, 1
0x002D	0x282C      	GOTO       L_Segnale_Avvio4
0x002E	0x0BFC      	DECFSZ     R12, 1
0x002F	0x282C      	GOTO       L_Segnale_Avvio4
0x0030	0x0BFB      	DECFSZ     R11, 1
0x0031	0x282C      	GOTO       L_Segnale_Avvio4
0x0032	0x0000      	NOP
0x0033	0x0000      	NOP
;heltec.c,10 :: 		for (j = 1; j <= 3; j++) {
0x0034	0x0AF1      	INCF       R1, 1
;heltec.c,15 :: 		}
0x0035	0x2812      	GOTO       L_Segnale_Avvio0
L_Segnale_Avvio1:
;heltec.c,16 :: 		}
L_end_Segnale_Avvio:
0x0036	0x0008      	RETURN
; end of _Segnale_Avvio
_ADC_Read:
;__Lib_ADC_A_E.c,75 :: 		
;__Lib_ADC_A_E.c,77 :: 		
0x0037	0x30C3      	MOVLW      195
0x0038	0x1283      	BCF        STATUS, 5
0x0039	0x059F      	ANDWF      ADCON0, 1
;__Lib_ADC_A_E.c,82 :: 		
0x003A	0x30F0      	MOVLW      240
0x003B	0x059F      	ANDWF      ADCON0, 1
;__Lib_ADC_A_E.c,83 :: 		
0x003C	0x0920      	COMF       _vref_mask, 0
0x003D	0x00F0      	MOVWF      R0
0x003E	0x0870      	MOVF       R0, 0
0x003F	0x059F      	ANDWF      ADCON0, 1
;__Lib_ADC_A_E.c,84 :: 		
0x0040	0x30F0      	MOVLW      240
0x0041	0x1683      	BSF        STATUS, 5
0x0042	0x049F      	IORWF      ANSEL, 1
;__Lib_ADC_A_E.c,85 :: 		
0x0043	0x1283      	BCF        STATUS, 5
0x0044	0x179F      	BSF        ADCON0, 7
;__Lib_ADC_A_E.c,86 :: 		
0x0045	0x0829      	MOVF       FARG_ADC_Read_channel, 0
0x0046	0x00F0      	MOVWF      R0
0x0047	0x0DF0      	RLF        R0, 1
0x0048	0x1070      	BCF        R0, 0
0x0049	0x0DF0      	RLF        R0, 1
0x004A	0x1070      	BCF        R0, 0
0x004B	0x0870      	MOVF       R0, 0
0x004C	0x049F      	IORWF      ADCON0, 1
;__Lib_ADC_A_E.c,89 :: 		
0x004D	0x141F      	BSF        ADCON0, 0
;__Lib_ADC_A_E.c,92 :: 		
0x004E	0x2003      	CALL       _Delay_22us
;__Lib_ADC_A_E.c,95 :: 		
0x004F	0x149F      	BSF        ADCON0, 1
;__Lib_ADC_A_E.c,98 :: 		
L_ADC_Read2:
0x0050	0x1C9F      	BTFSS      ADCON0, 1
0x0051	0x2854      	GOTO       L_ADC_Read3
;__Lib_ADC_A_E.c,99 :: 		
0x0052	0x0000      	NOP
0x0053	0x2850      	GOTO       L_ADC_Read2
L_ADC_Read3:
;__Lib_ADC_A_E.c,102 :: 		
0x0054	0x101F      	BCF        ADCON0, 0
;__Lib_ADC_A_E.c,105 :: 		
0x0055	0x081E      	MOVF       ADRESH, 0
0x0056	0x00F1      	MOVWF      R0+1
0x0057	0x01F0      	CLRF       R0
0x0058	0x1683      	BSF        STATUS, 5
0x0059	0x081E      	MOVF       ADRESL, 0
0x005A	0x04F0      	IORWF      R0, 1
0x005B	0x3000      	MOVLW      0
0x005C	0x04F1      	IORWF      R0+1, 1
;__Lib_ADC_A_E.c,106 :: 		
L_end_ADC_Read:
0x005D	0x0008      	RETURN
; end of _ADC_Read
_EEPROM_Write:
;__Lib_EEPROM.c,16 :: 		
;__Lib_EEPROM.c,20 :: 		
L_EEPROM_Write0:
0x005E	0x1683      	BSF        STATUS, 5
0x005F	0x1C9C      	BTFSS      EECON1, 1
0x0060	0x2863      	GOTO       L_EEPROM_Write1
0x0061	0x0000      	NOP
0x0062	0x285E      	GOTO       L_EEPROM_Write0
L_EEPROM_Write1:
;__Lib_EEPROM.c,21 :: 		
0x0063	0x1283      	BCF        STATUS, 5
0x0064	0x0829      	MOVF       FARG_EEPROM_Write_Address, 0
0x0065	0x1683      	BSF        STATUS, 5
0x0066	0x009B      	MOVWF      EEADR
;__Lib_EEPROM.c,22 :: 		
0x0067	0x1283      	BCF        STATUS, 5
0x0068	0x082A      	MOVF       FARG_EEPROM_Write_data_, 0
0x0069	0x1683      	BSF        STATUS, 5
0x006A	0x009A      	MOVWF      EEDATA
;__Lib_EEPROM.c,23 :: 		
0x006B	0x139C      	BCF        EECON1, 7
;__Lib_EEPROM.c,24 :: 		
0x006C	0x151C      	BSF        EECON1, 2
;__Lib_EEPROM.c,26 :: 		
0x006D	0x080B      	MOVF       INTCON, 0
0x006E	0x00F0      	MOVWF      R0
;__Lib_EEPROM.c,29 :: 		
0x006F	0x138B      	BCF        INTCON, 7
;__Lib_EEPROM.c,30 :: 		
0x0070	0x3055      	MOVLW      85
0x0071	0x009D      	MOVWF      EECON2
;__Lib_EEPROM.c,31 :: 		
0x0072	0x30AA      	MOVLW      170
0x0073	0x009D      	MOVWF      EECON2
;__Lib_EEPROM.c,32 :: 		
0x0074	0x149C      	BSF        EECON1, 1
;__Lib_EEPROM.c,36 :: 		
0x0075	0x1BF0      	BTFSC      R0, 7
0x0076	0x2879      	GOTO       L__EEPROM_Write4
0x0077	0x138B      	BCF        INTCON, 7
0x0078	0x287A      	GOTO       L__EEPROM_Write5
L__EEPROM_Write4:
0x0079	0x178B      	BSF        INTCON, 7
L__EEPROM_Write5:
;__Lib_EEPROM.c,37 :: 		
0x007A	0x111C      	BCF        EECON1, 2
;__Lib_EEPROM.c,38 :: 		
L_end_EEPROM_Write:
0x007B	0x0008      	RETURN
; end of _EEPROM_Write
_Salva_EEPROM:
;heltec.c,18 :: 		void Salva_EEPROM() {
;heltec.c,19 :: 		valore_adc = ADC_Read(1);
0x007C	0x3001      	MOVLW      1
0x007D	0x1283      	BCF        STATUS, 5
0x007E	0x00A9      	MOVWF      FARG_ADC_Read_channel
0x007F	0x2037      	CALL       _ADC_Read
0x0080	0x0870      	MOVF       R0, 0
0x0081	0x1283      	BCF        STATUS, 5
0x0082	0x00A5      	MOVWF      _valore_adc
0x0083	0x0871      	MOVF       R0+1, 0
0x0084	0x00A6      	MOVWF      _valore_adc+1
;heltec.c,22 :: 		EEPROM_Write(0, (unsigned char)(valore_adc >> 8));
0x0085	0x01A9      	CLRF       FARG_EEPROM_Write_Address
0x0086	0x0871      	MOVF       R0+1, 0
0x0087	0x00F2      	MOVWF      R2
0x0088	0x01F3      	CLRF       R2+1
0x0089	0x0872      	MOVF       R2, 0
0x008A	0x00AA      	MOVWF      FARG_EEPROM_Write_data_
0x008B	0x205E      	CALL       _EEPROM_Write
;heltec.c,23 :: 		Delay_ms(20);
0x008C	0x301A      	MOVLW      26
0x008D	0x00FC      	MOVWF      R12
0x008E	0x30F8      	MOVLW      248
0x008F	0x00FD      	MOVWF      R13
L_Salva_EEPROM5:
0x0090	0x0BFD      	DECFSZ     R13, 1
0x0091	0x2890      	GOTO       L_Salva_EEPROM5
0x0092	0x0BFC      	DECFSZ     R12, 1
0x0093	0x2890      	GOTO       L_Salva_EEPROM5
0x0094	0x0000      	NOP
;heltec.c,26 :: 		EEPROM_Write(1, (unsigned char)(valore_adc & 0xFF));
0x0095	0x3001      	MOVLW      1
0x0096	0x1283      	BCF        STATUS, 5
0x0097	0x00A9      	MOVWF      FARG_EEPROM_Write_Address
0x0098	0x30FF      	MOVLW      255
0x0099	0x0525      	ANDWF      _valore_adc, 0
0x009A	0x00AA      	MOVWF      FARG_EEPROM_Write_data_
0x009B	0x205E      	CALL       _EEPROM_Write
;heltec.c,27 :: 		Delay_ms(20);
0x009C	0x301A      	MOVLW      26
0x009D	0x00FC      	MOVWF      R12
0x009E	0x30F8      	MOVLW      248
0x009F	0x00FD      	MOVWF      R13
L_Salva_EEPROM6:
0x00A0	0x0BFD      	DECFSZ     R13, 1
0x00A1	0x28A0      	GOTO       L_Salva_EEPROM6
0x00A2	0x0BFC      	DECFSZ     R12, 1
0x00A3	0x28A0      	GOTO       L_Salva_EEPROM6
0x00A4	0x0000      	NOP
;heltec.c,28 :: 		}
L_end_Salva_EEPROM:
0x00A5	0x0008      	RETURN
; end of _Salva_EEPROM
___CC2DW:
;__Lib_System.c,134 :: 		
;__Lib_System.c,137 :: 		
_CC2D_Loop1:
;__Lib_System.c,139 :: 		
0x00A6	0x2009      	CALL       _____DoICP
0x00A7	0x118A      	BCF        PCLATH, 3
0x00A8	0x120A      	BCF        PCLATH, 4
;__Lib_System.c,141 :: 		
0x00A9	0x0080      	MOVWF      INDF
;__Lib_System.c,142 :: 		
0x00AA	0x0A84      	INCF       FSR, 1
;__Lib_System.c,143 :: 		
0x00AB	0x0AA1      	INCF       ___DoICPAddr, 1
;__Lib_System.c,145 :: 		
0x00AC	0x1903      	BTFSC      STATUS, 2
;__Lib_System.c,146 :: 		
0x00AD	0x0AA2      	INCF       ___DoICPAddr+1, 1
;__Lib_System.c,147 :: 		
0x00AE	0x03F0      	DECF       R0, 1
;__Lib_System.c,149 :: 		
0x00AF	0x1D03      	BTFSS      STATUS, 2
;__Lib_System.c,150 :: 		
0x00B0	0x28A6      	GOTO       _CC2D_Loop1
;__Lib_System.c,152 :: 		
L_end___CC2DW:
0x00B1	0x0008      	RETURN
; end of ___CC2DW
_Init_Hardware:
;heltec.c,30 :: 		void Init_Hardware() {
;heltec.c,32 :: 		CMCON0 = 7;
0x00B2	0x3007      	MOVLW      7
0x00B3	0x1283      	BCF        STATUS, 5
0x00B4	0x0099      	MOVWF      CMCON0
;heltec.c,35 :: 		ANSEL  = 0x02;     // Solo AN1 (GP1) č analogico, gli altri digitali
0x00B5	0x3002      	MOVLW      2
0x00B6	0x1683      	BSF        STATUS, 5
0x00B7	0x009F      	MOVWF      ANSEL
;heltec.c,38 :: 		TRISIO.F0 = 1;     // GP0 Input (Tasto)
0x00B8	0x1405      	BSF        TRISIO, 0
;heltec.c,39 :: 		TRISIO.F1 = 1;     // GP1 Input (ADC)
0x00B9	0x1485      	BSF        TRISIO, 1
;heltec.c,40 :: 		TRISIO.F2 = 0;     // GP2 Output (Heltec)
0x00BA	0x1105      	BCF        TRISIO, 2
;heltec.c,41 :: 		TRISIO.F3 = 1;     // GP3 č solo Input (MCLR)
0x00BB	0x1585      	BSF        TRISIO, 3
;heltec.c,42 :: 		TRISIO.F4 = 0;     // GP4 Output
0x00BC	0x1205      	BCF        TRISIO, 4
;heltec.c,43 :: 		TRISIO.F5 = 0;     // GP5 Output (LED)
0x00BD	0x1285      	BCF        TRISIO, 5
;heltec.c,46 :: 		OPTION_REG.F7 = 0; // 0 = Abilita i pull-up globali
0x00BE	0x1381      	BCF        OPTION_REG, 7
;heltec.c,47 :: 		WPU = 0x01;        // Attiva pull-up specifico solo su GP0 (00000001)
0x00BF	0x3001      	MOVLW      1
0x00C0	0x0095      	MOVWF      WPU
;heltec.c,50 :: 		GPIO.F2 = 1;       // Heltec spento al boot
0x00C1	0x1283      	BCF        STATUS, 5
0x00C2	0x1505      	BSF        GPIO, 2
;heltec.c,51 :: 		GPIO.F5 = 0;       // LED spento
0x00C3	0x1285      	BCF        GPIO, 5
;heltec.c,53 :: 		in_manutenzione = 0;
0x00C4	0x1024      	BCF        _in_manutenzione, BitPos(_in_manutenzione+0)
;heltec.c,56 :: 		Delay_ms(100);
0x00C5	0x3082      	MOVLW      130
0x00C6	0x00FC      	MOVWF      R12
0x00C7	0x30DD      	MOVLW      221
0x00C8	0x00FD      	MOVWF      R13
L_Init_Hardware7:
0x00C9	0x0BFD      	DECFSZ     R13, 1
0x00CA	0x28C9      	GOTO       L_Init_Hardware7
0x00CB	0x0BFC      	DECFSZ     R12, 1
0x00CC	0x28C9      	GOTO       L_Init_Hardware7
0x00CD	0x0000      	NOP
0x00CE	0x0000      	NOP
;heltec.c,58 :: 		Segnale_Avvio();
0x00CF	0x200F      	CALL       _Segnale_Avvio
;heltec.c,59 :: 		}
L_end_Init_Hardware:
0x00D0	0x0008      	RETURN
; end of _Init_Hardware
_main:
0x00D1	0x21C0      	CALL       448
;heltec.c,61 :: 		void main() {
;heltec.c,62 :: 		Init_Hardware();
0x00D2	0x20B2      	CALL       _Init_Hardware
;heltec.c,63 :: 		secondi_contatore = 300;
0x00D3	0x302C      	MOVLW      44
0x00D4	0x00A7      	MOVWF      _secondi_contatore
0x00D5	0x3001      	MOVLW      1
0x00D6	0x00A8      	MOVWF      _secondi_contatore+1
;heltec.c,65 :: 		while (1) {
L_main8:
;heltec.c,67 :: 		if (GPIO.F0 == 0) {
0x00D7	0x1805      	BTFSC      GPIO, 0
0x00D8	0x2985      	GOTO       L_main10
;heltec.c,68 :: 		i = 0;
0x00D9	0x01A3      	CLRF       _i
;heltec.c,70 :: 		while (GPIO.F0 == 0 && i < 50) {
L_main11:
0x00DA	0x1805      	BTFSC      GPIO, 0
0x00DB	0x28F1      	GOTO       L_main12
0x00DC	0x3032      	MOVLW      50
0x00DD	0x0223      	SUBWF      _i, 0
0x00DE	0x1803      	BTFSC      STATUS, 0
0x00DF	0x28F1      	GOTO       L_main12
L__main49:
;heltec.c,71 :: 		Delay_ms(100);
0x00E0	0x3082      	MOVLW      130
0x00E1	0x00FC      	MOVWF      R12
0x00E2	0x30DD      	MOVLW      221
0x00E3	0x00FD      	MOVWF      R13
L_main15:
0x00E4	0x0BFD      	DECFSZ     R13, 1
0x00E5	0x28E4      	GOTO       L_main15
0x00E6	0x0BFC      	DECFSZ     R12, 1
0x00E7	0x28E4      	GOTO       L_main15
0x00E8	0x0000      	NOP
0x00E9	0x0000      	NOP
;heltec.c,72 :: 		i++;
0x00EA	0x0AA3      	INCF       _i, 1
;heltec.c,73 :: 		if (i >= 10) GPIO.F5 = 1; // Accende LED dopo 1 secondo
0x00EB	0x300A      	MOVLW      10
0x00EC	0x0223      	SUBWF      _i, 0
0x00ED	0x1C03      	BTFSS      STATUS, 0
0x00EE	0x28F0      	GOTO       L_main16
0x00EF	0x1685      	BSF        GPIO, 5
L_main16:
;heltec.c,74 :: 		}
0x00F0	0x28DA      	GOTO       L_main11
L_main12:
;heltec.c,77 :: 		if (i >= 10 && i < 50) {
0x00F1	0x300A      	MOVLW      10
0x00F2	0x0223      	SUBWF      _i, 0
0x00F3	0x1C03      	BTFSS      STATUS, 0
0x00F4	0x290E      	GOTO       L_main19
0x00F5	0x3032      	MOVLW      50
0x00F6	0x0223      	SUBWF      _i, 0
0x00F7	0x1803      	BTFSC      STATUS, 0
0x00F8	0x290E      	GOTO       L_main19
L__main48:
;heltec.c,78 :: 		Salva_EEPROM();
0x00F9	0x207C      	CALL       _Salva_EEPROM
;heltec.c,79 :: 		GPIO.F2 = 1;  // Spegne Heltec
0x00FA	0x1283      	BCF        STATUS, 5
0x00FB	0x1505      	BSF        GPIO, 2
;heltec.c,80 :: 		GPIO.F5 = 0;  // Spegne LED
0x00FC	0x1285      	BCF        GPIO, 5
;heltec.c,81 :: 		Delay_ms(1000);
0x00FD	0x3006      	MOVLW      6
0x00FE	0x00FB      	MOVWF      R11
0x00FF	0x3013      	MOVLW      19
0x0100	0x00FC      	MOVWF      R12
0x0101	0x30AD      	MOVLW      173
0x0102	0x00FD      	MOVWF      R13
L_main20:
0x0103	0x0BFD      	DECFSZ     R13, 1
0x0104	0x2903      	GOTO       L_main20
0x0105	0x0BFC      	DECFSZ     R12, 1
0x0106	0x2903      	GOTO       L_main20
0x0107	0x0BFB      	DECFSZ     R11, 1
0x0108	0x2903      	GOTO       L_main20
0x0109	0x0000      	NOP
0x010A	0x0000      	NOP
;heltec.c,82 :: 		GPIO.F2 = 0;  // Riaccende Heltec
0x010B	0x1105      	BCF        GPIO, 2
;heltec.c,83 :: 		secondi_contatore = 0;
0x010C	0x01A7      	CLRF       _secondi_contatore
0x010D	0x01A8      	CLRF       _secondi_contatore+1
;heltec.c,84 :: 		}
L_main19:
;heltec.c,87 :: 		if (i >= 50) {
0x010E	0x3032      	MOVLW      50
0x010F	0x0223      	SUBWF      _i, 0
0x0110	0x1C03      	BTFSS      STATUS, 0
0x0111	0x2984      	GOTO       L_main21
;heltec.c,88 :: 		Salva_EEPROM();
0x0112	0x207C      	CALL       _Salva_EEPROM
;heltec.c,89 :: 		GPIO.F2 = 1; // Spegne Heltec per manutenzione
0x0113	0x1283      	BCF        STATUS, 5
0x0114	0x1505      	BSF        GPIO, 2
;heltec.c,92 :: 		for (i = 1; i <= 20; i++) {
0x0115	0x3001      	MOVLW      1
0x0116	0x00A3      	MOVWF      _i
L_main22:
0x0117	0x0823      	MOVF       _i, 0
0x0118	0x3C14      	SUBLW      20
0x0119	0x1C03      	BTFSS      STATUS, 0
0x011A	0x2929      	GOTO       L_main23
;heltec.c,93 :: 		GPIO.F5 = ~GPIO.F5; // Inverte stato LED
0x011B	0x3020      	MOVLW      32
0x011C	0x0685      	XORWF      GPIO, 1
;heltec.c,94 :: 		Delay_ms(100);
0x011D	0x3082      	MOVLW      130
0x011E	0x00FC      	MOVWF      R12
0x011F	0x30DD      	MOVLW      221
0x0120	0x00FD      	MOVWF      R13
L_main25:
0x0121	0x0BFD      	DECFSZ     R13, 1
0x0122	0x2921      	GOTO       L_main25
0x0123	0x0BFC      	DECFSZ     R12, 1
0x0124	0x2921      	GOTO       L_main25
0x0125	0x0000      	NOP
0x0126	0x0000      	NOP
;heltec.c,92 :: 		for (i = 1; i <= 20; i++) {
0x0127	0x0AA3      	INCF       _i, 1
;heltec.c,95 :: 		}
0x0128	0x2917      	GOTO       L_main22
L_main23:
;heltec.c,96 :: 		GPIO.F5 = 0;
0x0129	0x1285      	BCF        GPIO, 5
;heltec.c,97 :: 		in_manutenzione = 1;
0x012A	0x1424      	BSF        _in_manutenzione, BitPos(_in_manutenzione+0)
;heltec.c,100 :: 		while (in_manutenzione) {
L_main26:
0x012B	0x1C24      	BTFSS      _in_manutenzione, BitPos(_in_manutenzione+0)
0x012C	0x297E      	GOTO       L_main27
;heltec.c,101 :: 		GPIO.F5 = 1; Delay_ms(500);
0x012D	0x1685      	BSF        GPIO, 5
0x012E	0x3003      	MOVLW      3
0x012F	0x00FB      	MOVWF      R11
0x0130	0x308A      	MOVLW      138
0x0131	0x00FC      	MOVWF      R12
0x0132	0x3055      	MOVLW      85
0x0133	0x00FD      	MOVWF      R13
L_main28:
0x0134	0x0BFD      	DECFSZ     R13, 1
0x0135	0x2934      	GOTO       L_main28
0x0136	0x0BFC      	DECFSZ     R12, 1
0x0137	0x2934      	GOTO       L_main28
0x0138	0x0BFB      	DECFSZ     R11, 1
0x0139	0x2934      	GOTO       L_main28
0x013A	0x0000      	NOP
0x013B	0x0000      	NOP
;heltec.c,102 :: 		GPIO.F5 = 0;
0x013C	0x1285      	BCF        GPIO, 5
;heltec.c,104 :: 		if (GPIO.F0 == 0) {
0x013D	0x1805      	BTFSC      GPIO, 0
0x013E	0x296F      	GOTO       L_main29
;heltec.c,105 :: 		i = 0;
0x013F	0x01A3      	CLRF       _i
;heltec.c,106 :: 		while (GPIO.F0 == 0 && i < 50) {
L_main30:
0x0140	0x1805      	BTFSC      GPIO, 0
0x0141	0x2952      	GOTO       L_main31
0x0142	0x3032      	MOVLW      50
0x0143	0x0223      	SUBWF      _i, 0
0x0144	0x1803      	BTFSC      STATUS, 0
0x0145	0x2952      	GOTO       L_main31
L__main47:
;heltec.c,107 :: 		Delay_ms(100);
0x0146	0x3082      	MOVLW      130
0x0147	0x00FC      	MOVWF      R12
0x0148	0x30DD      	MOVLW      221
0x0149	0x00FD      	MOVWF      R13
L_main34:
0x014A	0x0BFD      	DECFSZ     R13, 1
0x014B	0x294A      	GOTO       L_main34
0x014C	0x0BFC      	DECFSZ     R12, 1
0x014D	0x294A      	GOTO       L_main34
0x014E	0x0000      	NOP
0x014F	0x0000      	NOP
;heltec.c,108 :: 		i++;
0x0150	0x0AA3      	INCF       _i, 1
;heltec.c,109 :: 		}
0x0151	0x2940      	GOTO       L_main30
L_main31:
;heltec.c,110 :: 		if (i >= 50) {
0x0152	0x3032      	MOVLW      50
0x0153	0x0223      	SUBWF      _i, 0
0x0154	0x1C03      	BTFSS      STATUS, 0
0x0155	0x296E      	GOTO       L_main35
;heltec.c,111 :: 		Salva_EEPROM();
0x0156	0x207C      	CALL       _Salva_EEPROM
;heltec.c,112 :: 		in_manutenzione = 0;
0x0157	0x1283      	BCF        STATUS, 5
0x0158	0x1024      	BCF        _in_manutenzione, BitPos(_in_manutenzione+0)
;heltec.c,114 :: 		for (i = 1; i <= 20; i++) {
0x0159	0x3001      	MOVLW      1
0x015A	0x00A3      	MOVWF      _i
L_main36:
0x015B	0x0823      	MOVF       _i, 0
0x015C	0x3C14      	SUBLW      20
0x015D	0x1C03      	BTFSS      STATUS, 0
0x015E	0x296D      	GOTO       L_main37
;heltec.c,115 :: 		GPIO.F5 = ~GPIO.F5; Delay_ms(100);
0x015F	0x3020      	MOVLW      32
0x0160	0x0685      	XORWF      GPIO, 1
0x0161	0x3082      	MOVLW      130
0x0162	0x00FC      	MOVWF      R12
0x0163	0x30DD      	MOVLW      221
0x0164	0x00FD      	MOVWF      R13
L_main39:
0x0165	0x0BFD      	DECFSZ     R13, 1
0x0166	0x2965      	GOTO       L_main39
0x0167	0x0BFC      	DECFSZ     R12, 1
0x0168	0x2965      	GOTO       L_main39
0x0169	0x0000      	NOP
0x016A	0x0000      	NOP
;heltec.c,114 :: 		for (i = 1; i <= 20; i++) {
0x016B	0x0AA3      	INCF       _i, 1
;heltec.c,116 :: 		}
0x016C	0x295B      	GOTO       L_main36
L_main37:
;heltec.c,117 :: 		GPIO.F5 = 0;
0x016D	0x1285      	BCF        GPIO, 5
;heltec.c,118 :: 		}
L_main35:
;heltec.c,119 :: 		} else {
0x016E	0x297D      	GOTO       L_main40
L_main29:
;heltec.c,120 :: 		Delay_ms(500);
0x016F	0x3003      	MOVLW      3
0x0170	0x00FB      	MOVWF      R11
0x0171	0x308A      	MOVLW      138
0x0172	0x00FC      	MOVWF      R12
0x0173	0x3055      	MOVLW      85
0x0174	0x00FD      	MOVWF      R13
L_main41:
0x0175	0x0BFD      	DECFSZ     R13, 1
0x0176	0x2975      	GOTO       L_main41
0x0177	0x0BFC      	DECFSZ     R12, 1
0x0178	0x2975      	GOTO       L_main41
0x0179	0x0BFB      	DECFSZ     R11, 1
0x017A	0x2975      	GOTO       L_main41
0x017B	0x0000      	NOP
0x017C	0x0000      	NOP
;heltec.c,121 :: 		}
L_main40:
;heltec.c,122 :: 		}
0x017D	0x292B      	GOTO       L_main26
L_main27:
;heltec.c,124 :: 		Segnale_Avvio();
0x017E	0x200F      	CALL       _Segnale_Avvio
;heltec.c,125 :: 		GPIO.F2 = 0;
0x017F	0x1105      	BCF        GPIO, 2
;heltec.c,126 :: 		secondi_contatore = 300;
0x0180	0x302C      	MOVLW      44
0x0181	0x00A7      	MOVWF      _secondi_contatore
0x0182	0x3001      	MOVLW      1
0x0183	0x00A8      	MOVWF      _secondi_contatore+1
;heltec.c,127 :: 		}
L_main21:
;heltec.c,128 :: 		GPIO.F5 = 0;
0x0184	0x1285      	BCF        GPIO, 5
;heltec.c,129 :: 		}
L_main10:
;heltec.c,132 :: 		if (!in_manutenzione) {
0x0185	0x1824      	BTFSC      _in_manutenzione, BitPos(_in_manutenzione+0)
0x0186	0x29AE      	GOTO       L_main42
;heltec.c,133 :: 		secondi_contatore++;
0x0187	0x0AA7      	INCF       _secondi_contatore, 1
0x0188	0x1903      	BTFSC      STATUS, 2
0x0189	0x0AA8      	INCF       _secondi_contatore+1, 1
;heltec.c,134 :: 		if (secondi_contatore >= 300) {
0x018A	0x3001      	MOVLW      1
0x018B	0x0228      	SUBWF      _secondi_contatore+1, 0
0x018C	0x1D03      	BTFSS      STATUS, 2
0x018D	0x2990      	GOTO       L__main54
0x018E	0x302C      	MOVLW      44
0x018F	0x0227      	SUBWF      _secondi_contatore, 0
L__main54:
0x0190	0x1C03      	BTFSS      STATUS, 0
0x0191	0x29AE      	GOTO       L_main43
;heltec.c,135 :: 		valore_adc = ADC_Read(1);
0x0192	0x3001      	MOVLW      1
0x0193	0x00A9      	MOVWF      FARG_ADC_Read_channel
0x0194	0x2037      	CALL       _ADC_Read
0x0195	0x0870      	MOVF       R0, 0
0x0196	0x1283      	BCF        STATUS, 5
0x0197	0x00A5      	MOVWF      _valore_adc
0x0198	0x0871      	MOVF       R0+1, 0
0x0199	0x00A6      	MOVWF      _valore_adc+1
;heltec.c,136 :: 		if (valore_adc < 582) GPIO.F2 = 1; // Spegne
0x019A	0x3002      	MOVLW      2
0x019B	0x0271      	SUBWF      R0+1, 0
0x019C	0x1D03      	BTFSS      STATUS, 2
0x019D	0x29A0      	GOTO       L__main55
0x019E	0x3046      	MOVLW      70
0x019F	0x0270      	SUBWF      R0, 0
L__main55:
0x01A0	0x1803      	BTFSC      STATUS, 0
0x01A1	0x29A3      	GOTO       L_main44
0x01A2	0x1505      	BSF        GPIO, 2
L_main44:
;heltec.c,137 :: 		if (valore_adc > 651) GPIO.F2 = 0; // Accende
0x01A3	0x0826      	MOVF       _valore_adc+1, 0
0x01A4	0x3C02      	SUBLW      2
0x01A5	0x1D03      	BTFSS      STATUS, 2
0x01A6	0x29A9      	GOTO       L__main56
0x01A7	0x0825      	MOVF       _valore_adc, 0
0x01A8	0x3C8B      	SUBLW      139
L__main56:
0x01A9	0x1803      	BTFSC      STATUS, 0
0x01AA	0x29AC      	GOTO       L_main45
0x01AB	0x1105      	BCF        GPIO, 2
L_main45:
;heltec.c,138 :: 		secondi_contatore = 0;
0x01AC	0x01A7      	CLRF       _secondi_contatore
0x01AD	0x01A8      	CLRF       _secondi_contatore+1
;heltec.c,139 :: 		}
L_main43:
;heltec.c,140 :: 		}
L_main42:
;heltec.c,141 :: 		Delay_ms(100);
0x01AE	0x3082      	MOVLW      130
0x01AF	0x00FC      	MOVWF      R12
0x01B0	0x30DD      	MOVLW      221
0x01B1	0x00FD      	MOVWF      R13
L_main46:
0x01B2	0x0BFD      	DECFSZ     R13, 1
0x01B3	0x29B2      	GOTO       L_main46
0x01B4	0x0BFC      	DECFSZ     R12, 1
0x01B5	0x29B2      	GOTO       L_main46
0x01B6	0x0000      	NOP
0x01B7	0x0000      	NOP
;heltec.c,142 :: 		}
0x01B8	0x28D7      	GOTO       L_main8
;heltec.c,143 :: 		}
L_end_main:
0x01B9	0x29B9      	GOTO       $+0
; end of _main
0x01C0	0x3020      	MOVLW      32
0x01C1	0x0084      	MOVWF      FSR
0x01C2	0x3001      	MOVLW      1
0x01C3	0x1283      	BCF        STATUS, 5
0x01C4	0x00F0      	MOVWF      R0
0x01C5	0x30BF      	MOVLW      191
0x01C6	0x00A1      	MOVWF      ___DoICPAddr
0x01C7	0x3001      	MOVLW      1
0x01C8	0x00A2      	MOVWF      34
0x01C9	0x20A6      	CALL       166
0x01CA	0x0008      	RETURN
;__Lib_ADC_A_E.c,0 :: ?ICS_vref_mask
0x01BF	0x3440 ;?ICS_vref_mask+0
; end of ?ICS_vref_mask
Symbol List:
//** Routines locations **
//ADDRESS    SIZE    PROCEDURE
//----------------------------------------------
0x0003       [6]    _Delay_22us
0x0009       [6]    _____DoICP
0x000F      [40]    _Segnale_Avvio
0x0037      [39]    _ADC_Read
0x005E      [30]    _EEPROM_Write
0x007C      [42]    _Salva_EEPROM
0x00A6      [12]    ___CC2DW
0x00B2      [31]    _Init_Hardware
0x00D1     [232]    _main
//** Variables locations ** 
//ADDRESS    SIZE    VARIABLE
//----------------------------------------------
0x0000       [1]    INDF
0x0002       [1]    PCL
0x0003       [1]    STATUS
0x0004       [1]    FSR
0x0005       [1]    GPIO
0x000A       [1]    PCLATH
0x000B       [1]    INTCON
0x0019       [1]    CMCON0
0x001E       [1]    ADRESH
0x001F       [1]    ADCON0
0x0020       [1]    _vref_mask
0x0021       [2]    ___DoICPAddr
0x0023       [1]    _i
0x0024       [0]    _in_manutenzione
0x0025       [2]    _valore_adc
0x0027       [2]    _secondi_contatore
0x0029       [1]    FARG_ADC_Read_channel
0x0029       [1]    FARG_EEPROM_Write_Address
0x002A       [1]    FARG_EEPROM_Write_data_
0x0070       [1]    R0
0x0071       [1]    R1
0x0072       [1]    R2
0x0073       [1]    R3
0x0074       [1]    R4
0x0075       [1]    R5
0x0076       [1]    R6
0x0077       [1]    R7
0x0078       [1]    R8
0x0079       [1]    R9
0x007A       [1]    R10
0x007B       [1]    R11
0x007C       [1]    R12
0x007D       [1]    R13
0x007E       [1]    R14
0x007F       [1]    R15
0x0081       [1]    OPTION_REG
0x0085       [1]    TRISIO
0x0095       [1]    WPU
0x009A       [1]    EEDATA
0x009B       [1]    EEADR
0x009C       [1]    EECON1
0x009D       [1]    EECON2
0x009E       [1]    ADRESL
0x009F       [1]    ANSEL
//** Constants locations ** 
//ADDRESS    SIZE    CONSTANT
//----------------------------------------------
0x01BF       [1]    ?ICS_vref_mask
