;  LST file generated by mikroListExporter - v.2.0 
; Date/Time: 02/04/2026 16:16:08
;----------------------------------------------

;Address Opcode 	ASM
0x0000	0x2BBF      	GOTO       959
_Delay_22us:
;__Lib_Delays.c,15 :: 		void Delay_22us() {
;__Lib_Delays.c,16 :: 		Delay_us(22);
0x0003	0x3007      	MOVLW      7
0x0004	0x1283      	BCF        STATUS, 5
0x0005	0x00FD      	MOVWF      R13
L_Delay_22us1:
0x0006	0x0BFD      	DECFSZ     R13, 1
0x0007	0x2806      	GOTO       L_Delay_22us1
;__Lib_Delays.c,17 :: 		}
L_end_Delay_22us:
0x0008	0x0008      	RETURN
; end of _Delay_22us
_Delay_1us:
;__Lib_Delays.c,7 :: 		void Delay_1us() {
;__Lib_Delays.c,8 :: 		Delay_us(1);
0x0009	0x0000      	NOP
;__Lib_Delays.c,9 :: 		}
L_end_Delay_1us:
0x000A	0x0008      	RETURN
; end of _Delay_1us
_Delay_Safe_ms:
;heltec.c,40 :: 		void Delay_Safe_ms(unsigned int n) {
;heltec.c,42 :: 		for (k = 0; k < n; k++) {
0x000B	0x1283      	BCF        STATUS, 5
0x000C	0x01F1      	CLRF       R1
0x000D	0x01F2      	CLRF       R1+1
L_Delay_Safe_ms0:
0x000E	0x084E      	MOVF       FARG_Delay_Safe_ms_n+1, 0
0x000F	0x0272      	SUBWF      R1+1, 0
0x0010	0x1D03      	BTFSS      STATUS, 2
0x0011	0x2814      	GOTO       L__Delay_Safe_ms105
0x0012	0x084D      	MOVF       FARG_Delay_Safe_ms_n, 0
0x0013	0x0271      	SUBWF      R1, 0
L__Delay_Safe_ms105:
0x0014	0x1803      	BTFSC      STATUS, 0
0x0015	0x2824      	GOTO       L_Delay_Safe_ms1
;heltec.c,43 :: 		delay_us(980);              // Pausa di 1ms circa
0x0016	0x3002      	MOVLW      2
0x0017	0x00FC      	MOVWF      R12
0x0018	0x3044      	MOVLW      68
0x0019	0x00FD      	MOVWF      R13
L_Delay_Safe_ms3:
0x001A	0x0BFD      	DECFSZ     R13, 1
0x001B	0x281A      	GOTO       L_Delay_Safe_ms3
0x001C	0x0BFC      	DECFSZ     R12, 1
0x001D	0x281A      	GOTO       L_Delay_Safe_ms3
0x001E	0x0000      	NOP
;heltec.c,44 :: 		asm clrwdt;                 // Reset del Watchdog ad ogni millisecondo
0x001F	0x0064      	CLRWDT
;heltec.c,42 :: 		for (k = 0; k < n; k++) {
0x0020	0x0AF1      	INCF       R1, 1
0x0021	0x1903      	BTFSC      STATUS, 2
0x0022	0x0AF2      	INCF       R1+1, 1
;heltec.c,45 :: 		}
0x0023	0x280E      	GOTO       L_Delay_Safe_ms0
L_Delay_Safe_ms1:
;heltec.c,46 :: 		}
L_end_Delay_Safe_ms:
0x0024	0x0008      	RETURN
; end of _Delay_Safe_ms
__Lib_SoftI2C_PutZerosToLATSda:
;__Lib_SoftI2C.c,28 :: 		
;__Lib_SoftI2C.c,36 :: 		
0x0025	0x3005      	MOVLW      Soft_I2C_Sda
;__Lib_SoftI2C.c,37 :: 		
0x0026	0x0084      	MOVWF      FSR
;__Lib_SoftI2C.c,38 :: 		
0x0027	0x0800      	MOVF       INDF, 0
;__Lib_SoftI2C.c,39 :: 		
0x0028	0x0800      	MOVF       INDF, 0
0x0029	0x1283      	BCF        STATUS, 5
0x002A	0x00F0      	MOVWF      R0
;__Lib_SoftI2C.c,41 :: 		
0x002B	0x1270      	BCF        R0, BitPos(Soft_I2C_Sda+0)
;__Lib_SoftI2C.c,43 :: 		
0x002C	0x0870      	MOVF       R0, 0
0x002D	0x0080      	MOVWF      INDF
;__Lib_SoftI2C.c,44 :: 		
L_end_PutZerosToLATSda:
0x002E	0x0008      	RETURN
; end of __Lib_SoftI2C_PutZerosToLATSda
__Lib_SoftI2C_PutZerosToLATScl:
;__Lib_SoftI2C.c,45 :: 		
;__Lib_SoftI2C.c,53 :: 		
0x002F	0x3005      	MOVLW      Soft_I2C_Scl
;__Lib_SoftI2C.c,54 :: 		
0x0030	0x0084      	MOVWF      FSR
;__Lib_SoftI2C.c,55 :: 		
0x0031	0x0800      	MOVF       INDF, 0
;__Lib_SoftI2C.c,56 :: 		
0x0032	0x0800      	MOVF       INDF, 0
0x0033	0x1283      	BCF        STATUS, 5
0x0034	0x00F0      	MOVWF      R0
;__Lib_SoftI2C.c,59 :: 		
0x0035	0x12F0      	BCF        R0, BitPos(Soft_I2C_Scl+0)
;__Lib_SoftI2C.c,61 :: 		
0x0036	0x0870      	MOVF       R0, 0
0x0037	0x0080      	MOVWF      INDF
;__Lib_SoftI2C.c,62 :: 		
L_end_PutZerosToLATScl:
0x0038	0x0008      	RETURN
; end of __Lib_SoftI2C_PutZerosToLATScl
_Soft_I2C_Write:
;__Lib_SoftI2C.c,194 :: 		
;__Lib_SoftI2C.c,195 :: 		
0x0039	0x3001      	MOVLW      1
0x003A	0x1283      	BCF        STATUS, 5
0x003B	0x00CB      	MOVWF      Soft_I2C_Write_result_L0
0x003C	0x3000      	MOVLW      0
0x003D	0x00CC      	MOVWF      Soft_I2C_Write_result_L0+1
;__Lib_SoftI2C.c,197 :: 		
0x003E	0x3080      	MOVLW      128
0x003F	0x00C9      	MOVWF      Soft_I2C_Write_temp_L0
0x0040	0x01CA      	CLRF       Soft_I2C_Write_temp_L0+1
;__Lib_SoftI2C.c,199 :: 		
L_Soft_I2C_Write16:
0x0041	0x0849      	MOVF       Soft_I2C_Write_temp_L0, 0
0x0042	0x044A      	IORWF      Soft_I2C_Write_temp_L0+1, 0
0x0043	0x1903      	BTFSC      STATUS, 2
0x0044	0x286E      	GOTO       L_Soft_I2C_Write17
;__Lib_SoftI2C.c,200 :: 		
0x0045	0x2009      	CALL       _Delay_1us
0x0046	0x2009      	CALL       _Delay_1us
;__Lib_SoftI2C.c,201 :: 		
0x0047	0x2009      	CALL       _Delay_1us
0x0048	0x2009      	CALL       _Delay_1us
;__Lib_SoftI2C.c,203 :: 		
0x0049	0x202F      	CALL       __Lib_SoftI2C_PutZerosToLATScl
;__Lib_SoftI2C.c,204 :: 		
0x004A	0x1683      	BSF        STATUS, 5
0x004B	0x1285      	BCF        Soft_I2C_Scl_Direction, BitPos(Soft_I2C_Scl_Direction+0)
;__Lib_SoftI2C.c,206 :: 		
0x004C	0x2009      	CALL       _Delay_1us
0x004D	0x2009      	CALL       _Delay_1us
;__Lib_SoftI2C.c,208 :: 		
0x004E	0x1283      	BCF        STATUS, 5
0x004F	0x0849      	MOVF       Soft_I2C_Write_temp_L0, 0
0x0050	0x0548      	ANDWF      FARG_Soft_I2C_Write_data_, 0
0x0051	0x00F0      	MOVWF      R0
0x0052	0x3000      	MOVLW      0
0x0053	0x054A      	ANDWF      Soft_I2C_Write_temp_L0+1, 0
0x0054	0x00F1      	MOVWF      R0+1
0x0055	0x0870      	MOVF       R0, 0
0x0056	0x0471      	IORWF      R0+1, 0
0x0057	0x1903      	BTFSC      STATUS, 2
0x0058	0x285C      	GOTO       L_Soft_I2C_Write18
;__Lib_SoftI2C.c,209 :: 		
0x0059	0x1683      	BSF        STATUS, 5
0x005A	0x1605      	BSF        Soft_I2C_Sda_Direction, BitPos(Soft_I2C_Sda_Direction+0)
;__Lib_SoftI2C.c,210 :: 		
0x005B	0x285F      	GOTO       L_Soft_I2C_Write19
L_Soft_I2C_Write18:
;__Lib_SoftI2C.c,212 :: 		
0x005C	0x2025      	CALL       __Lib_SoftI2C_PutZerosToLATSda
;__Lib_SoftI2C.c,213 :: 		
0x005D	0x1683      	BSF        STATUS, 5
0x005E	0x1205      	BCF        Soft_I2C_Sda_Direction, BitPos(Soft_I2C_Sda_Direction+0)
;__Lib_SoftI2C.c,214 :: 		
L_Soft_I2C_Write19:
;__Lib_SoftI2C.c,216 :: 		
0x005F	0x2009      	CALL       _Delay_1us
0x0060	0x2009      	CALL       _Delay_1us
;__Lib_SoftI2C.c,218 :: 		
0x0061	0x1685      	BSF        Soft_I2C_Scl_Direction, BitPos(Soft_I2C_Scl_Direction+0)
;__Lib_SoftI2C.c,220 :: 		
0x0062	0x1283      	BCF        STATUS, 5
0x0063	0x11A7      	BCF        __Lib_SoftI2C___StopWaiting, BitPos(__Lib_SoftI2C___StopWaiting+0)
;__Lib_SoftI2C.c,221 :: 		
L_Soft_I2C_Write20:
0x0064	0x1A85      	BTFSC      Soft_I2C_Scl, BitPos(Soft_I2C_Scl+0)
0x0065	0x286A      	GOTO       L_Soft_I2C_Write21
;__Lib_SoftI2C.c,222 :: 		
0x0066	0x1DA7      	BTFSS      __Lib_SoftI2C___StopWaiting, BitPos(__Lib_SoftI2C___StopWaiting+0)
0x0067	0x2869      	GOTO       L_Soft_I2C_Write22
;__Lib_SoftI2C.c,223 :: 		
0x0068	0x286A      	GOTO       L_Soft_I2C_Write21
L_Soft_I2C_Write22:
0x0069	0x2864      	GOTO       L_Soft_I2C_Write20
L_Soft_I2C_Write21:
;__Lib_SoftI2C.c,225 :: 		
0x006A	0x0CCA      	RRF        Soft_I2C_Write_temp_L0+1, 1
0x006B	0x0CC9      	RRF        Soft_I2C_Write_temp_L0, 1
0x006C	0x13CA      	BCF        Soft_I2C_Write_temp_L0+1, 7
;__Lib_SoftI2C.c,226 :: 		
0x006D	0x2841      	GOTO       L_Soft_I2C_Write16
L_Soft_I2C_Write17:
;__Lib_SoftI2C.c,228 :: 		
0x006E	0x01CB      	CLRF       Soft_I2C_Write_result_L0
0x006F	0x01CC      	CLRF       Soft_I2C_Write_result_L0+1
;__Lib_SoftI2C.c,230 :: 		
0x0070	0x2009      	CALL       _Delay_1us
0x0071	0x2009      	CALL       _Delay_1us
;__Lib_SoftI2C.c,232 :: 		
0x0072	0x202F      	CALL       __Lib_SoftI2C_PutZerosToLATScl
;__Lib_SoftI2C.c,233 :: 		
0x0073	0x1683      	BSF        STATUS, 5
0x0074	0x1285      	BCF        Soft_I2C_Scl_Direction, BitPos(Soft_I2C_Scl_Direction+0)
;__Lib_SoftI2C.c,235 :: 		
0x0075	0x2009      	CALL       _Delay_1us
0x0076	0x2009      	CALL       _Delay_1us
;__Lib_SoftI2C.c,237 :: 		
0x0077	0x1605      	BSF        Soft_I2C_Sda_Direction, BitPos(Soft_I2C_Sda_Direction+0)
;__Lib_SoftI2C.c,239 :: 		
0x0078	0x2009      	CALL       _Delay_1us
0x0079	0x2009      	CALL       _Delay_1us
;__Lib_SoftI2C.c,240 :: 		
0x007A	0x2009      	CALL       _Delay_1us
0x007B	0x2009      	CALL       _Delay_1us
;__Lib_SoftI2C.c,242 :: 		
0x007C	0x1685      	BSF        Soft_I2C_Scl_Direction, BitPos(Soft_I2C_Scl_Direction+0)
;__Lib_SoftI2C.c,244 :: 		
0x007D	0x1283      	BCF        STATUS, 5
0x007E	0x11A7      	BCF        __Lib_SoftI2C___StopWaiting, BitPos(__Lib_SoftI2C___StopWaiting+0)
;__Lib_SoftI2C.c,245 :: 		
L_Soft_I2C_Write23:
0x007F	0x1A85      	BTFSC      Soft_I2C_Scl, BitPos(Soft_I2C_Scl+0)
0x0080	0x2885      	GOTO       L_Soft_I2C_Write24
;__Lib_SoftI2C.c,246 :: 		
0x0081	0x1DA7      	BTFSS      __Lib_SoftI2C___StopWaiting, BitPos(__Lib_SoftI2C___StopWaiting+0)
0x0082	0x2884      	GOTO       L_Soft_I2C_Write25
;__Lib_SoftI2C.c,247 :: 		
0x0083	0x2885      	GOTO       L_Soft_I2C_Write24
L_Soft_I2C_Write25:
0x0084	0x287F      	GOTO       L_Soft_I2C_Write23
L_Soft_I2C_Write24:
;__Lib_SoftI2C.c,249 :: 		
0x0085	0x01CB      	CLRF       Soft_I2C_Write_result_L0
0x0086	0x01CC      	CLRF       Soft_I2C_Write_result_L0+1
;__Lib_SoftI2C.c,251 :: 		
0x0087	0x2009      	CALL       _Delay_1us
0x0088	0x2009      	CALL       _Delay_1us
;__Lib_SoftI2C.c,253 :: 		
0x0089	0x1E05      	BTFSS      Soft_I2C_Sda, BitPos(Soft_I2C_Sda+0)
0x008A	0x288C      	GOTO       L_Soft_I2C_Write26
;__Lib_SoftI2C.c,254 :: 		
0x008B	0x144B      	BSF        Soft_I2C_Write_result_L0, 0
L_Soft_I2C_Write26:
;__Lib_SoftI2C.c,256 :: 		
0x008C	0x2009      	CALL       _Delay_1us
0x008D	0x2009      	CALL       _Delay_1us
;__Lib_SoftI2C.c,257 :: 		
0x008E	0x2009      	CALL       _Delay_1us
0x008F	0x2009      	CALL       _Delay_1us
;__Lib_SoftI2C.c,258 :: 		
0x0090	0x2009      	CALL       _Delay_1us
0x0091	0x2009      	CALL       _Delay_1us
;__Lib_SoftI2C.c,259 :: 		
0x0092	0x2009      	CALL       _Delay_1us
0x0093	0x2009      	CALL       _Delay_1us
;__Lib_SoftI2C.c,260 :: 		
0x0094	0x2009      	CALL       _Delay_1us
0x0095	0x2009      	CALL       _Delay_1us
;__Lib_SoftI2C.c,261 :: 		
0x0096	0x2009      	CALL       _Delay_1us
0x0097	0x2009      	CALL       _Delay_1us
;__Lib_SoftI2C.c,262 :: 		
0x0098	0x2009      	CALL       _Delay_1us
0x0099	0x2009      	CALL       _Delay_1us
;__Lib_SoftI2C.c,263 :: 		
0x009A	0x2009      	CALL       _Delay_1us
0x009B	0x2009      	CALL       _Delay_1us
;__Lib_SoftI2C.c,265 :: 		
0x009C	0x202F      	CALL       __Lib_SoftI2C_PutZerosToLATScl
;__Lib_SoftI2C.c,266 :: 		
0x009D	0x1683      	BSF        STATUS, 5
0x009E	0x1285      	BCF        Soft_I2C_Scl_Direction, BitPos(Soft_I2C_Scl_Direction+0)
;__Lib_SoftI2C.c,267 :: 		
0x009F	0x2025      	CALL       __Lib_SoftI2C_PutZerosToLATSda
;__Lib_SoftI2C.c,268 :: 		
0x00A0	0x1683      	BSF        STATUS, 5
0x00A1	0x1205      	BCF        Soft_I2C_Sda_Direction, BitPos(Soft_I2C_Sda_Direction+0)
;__Lib_SoftI2C.c,270 :: 		
0x00A2	0x1283      	BCF        STATUS, 5
0x00A3	0x084B      	MOVF       Soft_I2C_Write_result_L0, 0
0x00A4	0x00F0      	MOVWF      R0
;__Lib_SoftI2C.c,271 :: 		
L_end_Soft_I2C_Write:
0x00A5	0x0008      	RETURN
; end of _Soft_I2C_Write
_Mul_32x32_U:
;__Lib_Math.c,1775 :: 		
;__Lib_Math.c,1790 :: 		
0x00A6	0x1283      	BCF        STATUS, 5
;__Lib_Math.c,1791 :: 		
0x00A7	0x1303      	BCF        STATUS, 6
;__Lib_Math.c,1792 :: 		
0x00A8	0x3022      	MOVLW      34
;__Lib_Math.c,1793 :: 		
0x00A9	0x00FC      	MOVWF      R12
;__Lib_Math.c,1794 :: 		
0x00AA	0x01F8      	CLRF       R8
;__Lib_Math.c,1795 :: 		
0x00AB	0x01F9      	CLRF       R9
;__Lib_Math.c,1796 :: 		
0x00AC	0x01FA      	CLRF       R10
;__Lib_Math.c,1797 :: 		
0x00AD	0x01FB      	CLRF       R11
;__Lib_Math.c,1799 :: 		
_NEXT:
;__Lib_Math.c,1803 :: 		
0x00AE	0x03FC      	DECF       R12, 1
;__Lib_Math.c,1804 :: 		
0x00AF	0x1903      	BTFSC      STATUS, 2
;__Lib_Math.c,1805 :: 		
0x00B0	0x28DC      	GOTO       _EXIT2
;__Lib_Math.c,1806 :: 		
0x00B1	0x1003      	BCF        STATUS, 0
;__Lib_Math.c,1808 :: 		
_LOOP:
;__Lib_Math.c,1817 :: 		
0x00B2	0x0CFB      	RRF        R11, 1
;__Lib_Math.c,1818 :: 		
0x00B3	0x0CFA      	RRF        R10, 1
;__Lib_Math.c,1819 :: 		
0x00B4	0x0CF9      	RRF        R9, 1
;__Lib_Math.c,1820 :: 		
0x00B5	0x0CF8      	RRF        R8, 1
;__Lib_Math.c,1821 :: 		
0x00B6	0x0CF3      	RRF        R3, 1
;__Lib_Math.c,1822 :: 		
0x00B7	0x0CF2      	RRF        R2, 1
;__Lib_Math.c,1823 :: 		
0x00B8	0x0CF1      	RRF        R1, 1
;__Lib_Math.c,1824 :: 		
0x00B9	0x0CF0      	RRF        R0, 1
;__Lib_Math.c,1829 :: 		
0x00BA	0x1C03      	BTFSS      STATUS, 0
;__Lib_Math.c,1830 :: 		
0x00BB	0x28AE      	GOTO       _NEXT
;__Lib_Math.c,1831 :: 		
0x00BC	0x03FC      	DECF       R12, 1
;__Lib_Math.c,1832 :: 		
0x00BD	0x1903      	BTFSC      STATUS, 2
;__Lib_Math.c,1833 :: 		
0x00BE	0x28CE      	GOTO       _EXIT1
;__Lib_Math.c,1840 :: 		
0x00BF	0x0874      	MOVF       R4, 0
;__Lib_Math.c,1841 :: 		
0x00C0	0x07F8      	ADDWF      R8, 1
;__Lib_Math.c,1842 :: 		
0x00C1	0x0875      	MOVF       R5, 0
;__Lib_Math.c,1843 :: 		
0x00C2	0x1803      	BTFSC      STATUS, 0
;__Lib_Math.c,1844 :: 		
0x00C3	0x0F75      	INCFSZ     R5, 0
;__Lib_Math.c,1845 :: 		
0x00C4	0x07F9      	ADDWF      R9, 1
;__Lib_Math.c,1846 :: 		
0x00C5	0x0876      	MOVF       R6, 0
;__Lib_Math.c,1847 :: 		
0x00C6	0x1803      	BTFSC      STATUS, 0
;__Lib_Math.c,1848 :: 		
0x00C7	0x0F76      	INCFSZ     R6, 0
;__Lib_Math.c,1849 :: 		
0x00C8	0x07FA      	ADDWF      R10, 1
;__Lib_Math.c,1850 :: 		
0x00C9	0x0877      	MOVF       R7, 0
;__Lib_Math.c,1851 :: 		
0x00CA	0x1803      	BTFSC      STATUS, 0
;__Lib_Math.c,1852 :: 		
0x00CB	0x0F77      	INCFSZ     R7, 0
;__Lib_Math.c,1853 :: 		
0x00CC	0x07FB      	ADDWF      R11, 1
;__Lib_Math.c,1855 :: 		
0x00CD	0x28B2      	GOTO       _LOOP
;__Lib_Math.c,1857 :: 		
_EXIT1:
;__Lib_Math.c,1862 :: 		
0x00CE	0x0874      	MOVF       R4, 0
;__Lib_Math.c,1863 :: 		
0x00CF	0x07F8      	ADDWF      R8, 1
;__Lib_Math.c,1864 :: 		
0x00D0	0x0875      	MOVF       R5, 0
;__Lib_Math.c,1865 :: 		
0x00D1	0x1803      	BTFSC      STATUS, 0
;__Lib_Math.c,1866 :: 		
0x00D2	0x0F75      	INCFSZ     R5, 0
;__Lib_Math.c,1867 :: 		
0x00D3	0x07F9      	ADDWF      R9, 1
;__Lib_Math.c,1868 :: 		
0x00D4	0x0876      	MOVF       R6, 0
;__Lib_Math.c,1869 :: 		
0x00D5	0x1803      	BTFSC      STATUS, 0
;__Lib_Math.c,1870 :: 		
0x00D6	0x0F76      	INCFSZ     R6, 0
;__Lib_Math.c,1871 :: 		
0x00D7	0x07FA      	ADDWF      R10, 1
;__Lib_Math.c,1872 :: 		
0x00D8	0x0877      	MOVF       R7, 0
;__Lib_Math.c,1873 :: 		
0x00D9	0x1803      	BTFSC      STATUS, 0
;__Lib_Math.c,1874 :: 		
0x00DA	0x0F77      	INCFSZ     R7, 0
;__Lib_Math.c,1875 :: 		
0x00DB	0x07FB      	ADDWF      R11, 1
;__Lib_Math.c,1878 :: 		
_EXIT2:
;__Lib_Math.c,1880 :: 		
L_end_Mul_32x32_U:
0x00DC	0x0008      	RETURN
; end of _Mul_32x32_U
_Lampi:
;heltec.c,130 :: 		void Lampi(unsigned short n, unsigned int t_on) {
;heltec.c,131 :: 		for (j = 0; j < n; j++) {
0x00DD	0x1283      	BCF        STATUS, 5
0x00DE	0x01AB      	CLRF       _j
L_Lampi14:
0x00DF	0x0848      	MOVF       FARG_Lampi_n, 0
0x00E0	0x022B      	SUBWF      _j, 0
0x00E1	0x1803      	BTFSC      STATUS, 0
0x00E2	0x28F1      	GOTO       L_Lampi15
;heltec.c,132 :: 		GPIO.F2 = 1;
0x00E3	0x1505      	BSF        GPIO, 2
;heltec.c,133 :: 		Delay_Safe_ms(t_on);
0x00E4	0x0849      	MOVF       FARG_Lampi_t_on, 0
0x00E5	0x00CD      	MOVWF      FARG_Delay_Safe_ms_n
0x00E6	0x084A      	MOVF       FARG_Lampi_t_on+1, 0
0x00E7	0x00CE      	MOVWF      FARG_Delay_Safe_ms_n+1
0x00E8	0x200B      	CALL       _Delay_Safe_ms
;heltec.c,134 :: 		GPIO.F2 = 0;
0x00E9	0x1105      	BCF        GPIO, 2
;heltec.c,135 :: 		Delay_Safe_ms(t_on);
0x00EA	0x0849      	MOVF       FARG_Lampi_t_on, 0
0x00EB	0x00CD      	MOVWF      FARG_Delay_Safe_ms_n
0x00EC	0x084A      	MOVF       FARG_Lampi_t_on+1, 0
0x00ED	0x00CE      	MOVWF      FARG_Delay_Safe_ms_n+1
0x00EE	0x200B      	CALL       _Delay_Safe_ms
;heltec.c,131 :: 		for (j = 0; j < n; j++) {
0x00EF	0x0AAB      	INCF       _j, 1
;heltec.c,136 :: 		}
0x00F0	0x28DF      	GOTO       L_Lampi14
L_Lampi15:
;heltec.c,137 :: 		}
L_end_Lampi:
0x00F1	0x0008      	RETURN
; end of _Lampi
_Soft_I2C_Start:
;__Lib_SoftI2C.c,147 :: 		
;__Lib_SoftI2C.c,148 :: 		
0x00F2	0x1683      	BSF        STATUS, 5
0x00F3	0x1605      	BSF        Soft_I2C_Sda_Direction, BitPos(Soft_I2C_Sda_Direction+0)
;__Lib_SoftI2C.c,150 :: 		
0x00F4	0x2009      	CALL       _Delay_1us
0x00F5	0x2009      	CALL       _Delay_1us
;__Lib_SoftI2C.c,152 :: 		
0x00F6	0x1685      	BSF        Soft_I2C_Scl_Direction, BitPos(Soft_I2C_Scl_Direction+0)
;__Lib_SoftI2C.c,154 :: 		
0x00F7	0x2009      	CALL       _Delay_1us
0x00F8	0x2009      	CALL       _Delay_1us
;__Lib_SoftI2C.c,156 :: 		
0x00F9	0x2025      	CALL       __Lib_SoftI2C_PutZerosToLATSda
;__Lib_SoftI2C.c,157 :: 		
0x00FA	0x1683      	BSF        STATUS, 5
0x00FB	0x1205      	BCF        Soft_I2C_Sda_Direction, BitPos(Soft_I2C_Sda_Direction+0)
;__Lib_SoftI2C.c,159 :: 		
0x00FC	0x2009      	CALL       _Delay_1us
0x00FD	0x2009      	CALL       _Delay_1us
;__Lib_SoftI2C.c,161 :: 		
0x00FE	0x202F      	CALL       __Lib_SoftI2C_PutZerosToLATScl
;__Lib_SoftI2C.c,162 :: 		
0x00FF	0x1683      	BSF        STATUS, 5
0x0100	0x1285      	BCF        Soft_I2C_Scl_Direction, BitPos(Soft_I2C_Scl_Direction+0)
;__Lib_SoftI2C.c,165 :: 		
L_end_Soft_I2C_Start:
0x0101	0x0008      	RETURN
; end of _Soft_I2C_Start
_ADC_Read:
;__Lib_ADC_A_E.c,75 :: 		
;__Lib_ADC_A_E.c,77 :: 		
0x0102	0x30C3      	MOVLW      195
0x0103	0x1283      	BCF        STATUS, 5
0x0104	0x059F      	ANDWF      ADCON0, 1
;__Lib_ADC_A_E.c,82 :: 		
0x0105	0x30F0      	MOVLW      240
0x0106	0x059F      	ANDWF      ADCON0, 1
;__Lib_ADC_A_E.c,83 :: 		
0x0107	0x0920      	COMF       _vref_mask, 0
0x0108	0x00F0      	MOVWF      R0
0x0109	0x0870      	MOVF       R0, 0
0x010A	0x059F      	ANDWF      ADCON0, 1
;__Lib_ADC_A_E.c,84 :: 		
0x010B	0x30F0      	MOVLW      240
0x010C	0x1683      	BSF        STATUS, 5
0x010D	0x049F      	IORWF      ANSEL, 1
;__Lib_ADC_A_E.c,85 :: 		
0x010E	0x1283      	BCF        STATUS, 5
0x010F	0x179F      	BSF        ADCON0, 7
;__Lib_ADC_A_E.c,86 :: 		
0x0110	0x0848      	MOVF       FARG_ADC_Read_channel, 0
0x0111	0x00F0      	MOVWF      R0
0x0112	0x0DF0      	RLF        R0, 1
0x0113	0x1070      	BCF        R0, 0
0x0114	0x0DF0      	RLF        R0, 1
0x0115	0x1070      	BCF        R0, 0
0x0116	0x0870      	MOVF       R0, 0
0x0117	0x049F      	IORWF      ADCON0, 1
;__Lib_ADC_A_E.c,89 :: 		
0x0118	0x141F      	BSF        ADCON0, 0
;__Lib_ADC_A_E.c,92 :: 		
0x0119	0x2003      	CALL       _Delay_22us
;__Lib_ADC_A_E.c,95 :: 		
0x011A	0x149F      	BSF        ADCON0, 1
;__Lib_ADC_A_E.c,98 :: 		
L_ADC_Read2:
0x011B	0x1C9F      	BTFSS      ADCON0, 1
0x011C	0x291F      	GOTO       L_ADC_Read3
;__Lib_ADC_A_E.c,99 :: 		
0x011D	0x0000      	NOP
0x011E	0x291B      	GOTO       L_ADC_Read2
L_ADC_Read3:
;__Lib_ADC_A_E.c,102 :: 		
0x011F	0x101F      	BCF        ADCON0, 0
;__Lib_ADC_A_E.c,105 :: 		
0x0120	0x081E      	MOVF       ADRESH, 0
0x0121	0x00F1      	MOVWF      R0+1
0x0122	0x01F0      	CLRF       R0
0x0123	0x1683      	BSF        STATUS, 5
0x0124	0x081E      	MOVF       ADRESL, 0
0x0125	0x04F0      	IORWF      R0, 1
0x0126	0x3000      	MOVLW      0
0x0127	0x04F1      	IORWF      R0+1, 1
;__Lib_ADC_A_E.c,106 :: 		
L_end_ADC_Read:
0x0128	0x0008      	RETURN
; end of _ADC_Read
_Soft_I2C_Stop:
;__Lib_SoftI2C.c,168 :: 		
;__Lib_SoftI2C.c,170 :: 		
0x0129	0x2025      	CALL       __Lib_SoftI2C_PutZerosToLATSda
;__Lib_SoftI2C.c,171 :: 		
0x012A	0x1683      	BSF        STATUS, 5
0x012B	0x1205      	BCF        Soft_I2C_Sda_Direction, BitPos(Soft_I2C_Sda_Direction+0)
;__Lib_SoftI2C.c,173 :: 		
0x012C	0x2009      	CALL       _Delay_1us
0x012D	0x2009      	CALL       _Delay_1us
;__Lib_SoftI2C.c,175 :: 		
0x012E	0x1685      	BSF        Soft_I2C_Scl_Direction, BitPos(Soft_I2C_Scl_Direction+0)
;__Lib_SoftI2C.c,177 :: 		
0x012F	0x1283      	BCF        STATUS, 5
0x0130	0x11A7      	BCF        __Lib_SoftI2C___StopWaiting, BitPos(__Lib_SoftI2C___StopWaiting+0)
;__Lib_SoftI2C.c,178 :: 		
L_Soft_I2C_Stop13:
0x0131	0x1A85      	BTFSC      Soft_I2C_Scl, BitPos(Soft_I2C_Scl+0)
0x0132	0x2937      	GOTO       L_Soft_I2C_Stop14
;__Lib_SoftI2C.c,179 :: 		
0x0133	0x1DA7      	BTFSS      __Lib_SoftI2C___StopWaiting, BitPos(__Lib_SoftI2C___StopWaiting+0)
0x0134	0x2936      	GOTO       L_Soft_I2C_Stop15
;__Lib_SoftI2C.c,180 :: 		
0x0135	0x2937      	GOTO       L_Soft_I2C_Stop14
L_Soft_I2C_Stop15:
0x0136	0x2931      	GOTO       L_Soft_I2C_Stop13
L_Soft_I2C_Stop14:
;__Lib_SoftI2C.c,182 :: 		
0x0137	0x2009      	CALL       _Delay_1us
0x0138	0x2009      	CALL       _Delay_1us
;__Lib_SoftI2C.c,183 :: 		
0x0139	0x2009      	CALL       _Delay_1us
0x013A	0x2009      	CALL       _Delay_1us
;__Lib_SoftI2C.c,184 :: 		
0x013B	0x2009      	CALL       _Delay_1us
0x013C	0x2009      	CALL       _Delay_1us
;__Lib_SoftI2C.c,185 :: 		
0x013D	0x2009      	CALL       _Delay_1us
0x013E	0x2009      	CALL       _Delay_1us
;__Lib_SoftI2C.c,187 :: 		
0x013F	0x1683      	BSF        STATUS, 5
0x0140	0x1605      	BSF        Soft_I2C_Sda_Direction, BitPos(Soft_I2C_Sda_Direction+0)
;__Lib_SoftI2C.c,189 :: 		
0x0141	0x2009      	CALL       _Delay_1us
0x0142	0x2009      	CALL       _Delay_1us
;__Lib_SoftI2C.c,190 :: 		
L_end_Soft_I2C_Stop:
0x0143	0x0008      	RETURN
; end of _Soft_I2C_Stop
_Soft_I2C_Init:
;__Lib_SoftI2C.c,69 :: 		
;__Lib_SoftI2C.c,75 :: 		
0x0144	0x1683      	BSF        STATUS, 5
0x0145	0x1685      	BSF        Soft_I2C_Scl_Direction, BitPos(Soft_I2C_Scl_Direction+0)
;__Lib_SoftI2C.c,76 :: 		
0x0146	0x1605      	BSF        Soft_I2C_Sda_Direction, BitPos(Soft_I2C_Sda_Direction+0)
;__Lib_SoftI2C.c,78 :: 		
0x0147	0x1283      	BCF        STATUS, 5
0x0148	0x11A7      	BCF        __Lib_SoftI2C___StopWaiting, BitPos(__Lib_SoftI2C___StopWaiting+0)
;__Lib_SoftI2C.c,79 :: 		
L_Soft_I2C_Init0:
0x0149	0x1A85      	BTFSC      Soft_I2C_Scl, BitPos(Soft_I2C_Scl+0)
0x014A	0x294F      	GOTO       L_Soft_I2C_Init1
;__Lib_SoftI2C.c,80 :: 		
0x014B	0x1DA7      	BTFSS      __Lib_SoftI2C___StopWaiting, BitPos(__Lib_SoftI2C___StopWaiting+0)
0x014C	0x294E      	GOTO       L_Soft_I2C_Init2
;__Lib_SoftI2C.c,81 :: 		
0x014D	0x294F      	GOTO       L_Soft_I2C_Init1
L_Soft_I2C_Init2:
0x014E	0x2949      	GOTO       L_Soft_I2C_Init0
L_Soft_I2C_Init1:
;__Lib_SoftI2C.c,83 :: 		
L_end_Soft_I2C_Init:
0x014F	0x0008      	RETURN
; end of _Soft_I2C_Init
_Leggi_Batteria_mV:
;heltec.c,116 :: 		void Leggi_Batteria_mV() {
;heltec.c,118 :: 		unsigned long somma = 0;
0x0150	0x1283      	BCF        STATUS, 5
0x0151	0x01C3      	CLRF       Leggi_Batteria_mV_somma_L0
0x0152	0x01C4      	CLRF       Leggi_Batteria_mV_somma_L0+1
0x0153	0x01C5      	CLRF       Leggi_Batteria_mV_somma_L0+2
0x0154	0x01C6      	CLRF       Leggi_Batteria_mV_somma_L0+3
;heltec.c,121 :: 		for (k = 0; k < 64; k++) {
0x0155	0x01C2      	CLRF       Leggi_Batteria_mV_k_L0
L_Leggi_Batteria_mV11:
0x0156	0x3040      	MOVLW      64
0x0157	0x0242      	SUBWF      Leggi_Batteria_mV_k_L0, 0
0x0158	0x1803      	BTFSC      STATUS, 0
0x0159	0x297E      	GOTO       L_Leggi_Batteria_mV12
;heltec.c,122 :: 		somma += ADC_Read(1);
0x015A	0x3001      	MOVLW      1
0x015B	0x00C8      	MOVWF      FARG_ADC_Read_channel
0x015C	0x2102      	CALL       _ADC_Read
0x015D	0x3000      	MOVLW      0
0x015E	0x00F2      	MOVWF      R0+2
0x015F	0x00F3      	MOVWF      R0+3
0x0160	0x1283      	BCF        STATUS, 5
0x0161	0x0843      	MOVF       Leggi_Batteria_mV_somma_L0, 0
0x0162	0x07F0      	ADDWF      R0, 1
0x0163	0x0844      	MOVF       Leggi_Batteria_mV_somma_L0+1, 0
0x0164	0x1803      	BTFSC      STATUS, 0
0x0165	0x0F44      	INCFSZ     Leggi_Batteria_mV_somma_L0+1, 0
0x0166	0x07F1      	ADDWF      R0+1, 1
0x0167	0x0845      	MOVF       Leggi_Batteria_mV_somma_L0+2, 0
0x0168	0x1803      	BTFSC      STATUS, 0
0x0169	0x0F45      	INCFSZ     Leggi_Batteria_mV_somma_L0+2, 0
0x016A	0x07F2      	ADDWF      R0+2, 1
0x016B	0x0846      	MOVF       Leggi_Batteria_mV_somma_L0+3, 0
0x016C	0x1803      	BTFSC      STATUS, 0
0x016D	0x0F46      	INCFSZ     Leggi_Batteria_mV_somma_L0+3, 0
0x016E	0x07F3      	ADDWF      R0+3, 1
0x016F	0x0870      	MOVF       R0, 0
0x0170	0x00C3      	MOVWF      Leggi_Batteria_mV_somma_L0
0x0171	0x0871      	MOVF       R0+1, 0
0x0172	0x00C4      	MOVWF      Leggi_Batteria_mV_somma_L0+1
0x0173	0x0872      	MOVF       R0+2, 0
0x0174	0x00C5      	MOVWF      Leggi_Batteria_mV_somma_L0+2
0x0175	0x0873      	MOVF       R0+3, 0
0x0176	0x00C6      	MOVWF      Leggi_Batteria_mV_somma_L0+3
;heltec.c,123 :: 		Delay_Safe_ms(1);
0x0177	0x3001      	MOVLW      1
0x0178	0x00CD      	MOVWF      FARG_Delay_Safe_ms_n
0x0179	0x3000      	MOVLW      0
0x017A	0x00CE      	MOVWF      FARG_Delay_Safe_ms_n+1
0x017B	0x200B      	CALL       _Delay_Safe_ms
;heltec.c,121 :: 		for (k = 0; k < 64; k++) {
0x017C	0x0AC2      	INCF       Leggi_Batteria_mV_k_L0, 1
;heltec.c,124 :: 		}
0x017D	0x2956      	GOTO       L_Leggi_Batteria_mV11
L_Leggi_Batteria_mV12:
;heltec.c,125 :: 		media_pulita = (unsigned int)(somma >> 6);
0x017E	0x3006      	MOVLW      6
0x017F	0x00F4      	MOVWF      R4
0x0180	0x0843      	MOVF       Leggi_Batteria_mV_somma_L0, 0
0x0181	0x00F0      	MOVWF      R0
0x0182	0x0844      	MOVF       Leggi_Batteria_mV_somma_L0+1, 0
0x0183	0x00F1      	MOVWF      R0+1
0x0184	0x0845      	MOVF       Leggi_Batteria_mV_somma_L0+2, 0
0x0185	0x00F2      	MOVWF      R0+2
0x0186	0x0846      	MOVF       Leggi_Batteria_mV_somma_L0+3, 0
0x0187	0x00F3      	MOVWF      R0+3
0x0188	0x0874      	MOVF       R4, 0
L__Leggi_Batteria_mV111:
0x0189	0x1903      	BTFSC      STATUS, 2
0x018A	0x2992      	GOTO       L__Leggi_Batteria_mV112
0x018B	0x0CF3      	RRF        R0+3, 1
0x018C	0x0CF2      	RRF        R0+2, 1
0x018D	0x0CF1      	RRF        R0+1, 1
0x018E	0x0CF0      	RRF        R0, 1
0x018F	0x13F3      	BCF        R0+3, 7
0x0190	0x3EFF      	ADDLW      255
0x0191	0x2989      	GOTO       L__Leggi_Batteria_mV111
L__Leggi_Batteria_mV112:
;heltec.c,126 :: 		batteria_mv = (unsigned int)(( (unsigned long)media_pulita * taratura_vcc ) >> 10);
0x0192	0x3000      	MOVLW      0
0x0193	0x00F2      	MOVWF      R0+2
0x0194	0x00F3      	MOVWF      R0+3
0x0195	0x0832      	MOVF       _taratura_vcc, 0
0x0196	0x00F4      	MOVWF      R4
0x0197	0x0833      	MOVF       _taratura_vcc+1, 0
0x0198	0x00F5      	MOVWF      R4+1
0x0199	0x01F6      	CLRF       R4+2
0x019A	0x01F7      	CLRF       R4+3
0x019B	0x20A6      	CALL       _Mul_32x32_U
0x019C	0x300A      	MOVLW      10
0x019D	0x00F8      	MOVWF      R8
0x019E	0x0870      	MOVF       R0, 0
0x019F	0x00F4      	MOVWF      R4
0x01A0	0x0871      	MOVF       R0+1, 0
0x01A1	0x00F5      	MOVWF      R4+1
0x01A2	0x0872      	MOVF       R0+2, 0
0x01A3	0x00F6      	MOVWF      R4+2
0x01A4	0x0873      	MOVF       R0+3, 0
0x01A5	0x00F7      	MOVWF      R4+3
0x01A6	0x0878      	MOVF       R8, 0
L__Leggi_Batteria_mV113:
0x01A7	0x1903      	BTFSC      STATUS, 2
0x01A8	0x29B0      	GOTO       L__Leggi_Batteria_mV114
0x01A9	0x0CF7      	RRF        R4+3, 1
0x01AA	0x0CF6      	RRF        R4+2, 1
0x01AB	0x0CF5      	RRF        R4+1, 1
0x01AC	0x0CF4      	RRF        R4, 1
0x01AD	0x13F7      	BCF        R4+3, 7
0x01AE	0x3EFF      	ADDLW      255
0x01AF	0x29A7      	GOTO       L__Leggi_Batteria_mV113
L__Leggi_Batteria_mV114:
0x01B0	0x0874      	MOVF       R4, 0
0x01B1	0x00A9      	MOVWF      _batteria_mv
0x01B2	0x0875      	MOVF       R4+1, 0
0x01B3	0x00AA      	MOVWF      _batteria_mv+1
;heltec.c,127 :: 		}
L_end_Leggi_Batteria_mV:
0x01B4	0x0008      	RETURN
; end of _Leggi_Batteria_mV
_soglia_batteria:
;heltec.c,140 :: 		void soglia_batteria() {
;heltec.c,141 :: 		if (batteria_mv <= soglia_off) {
0x01B5	0x1283      	BCF        STATUS, 5
0x01B6	0x082A      	MOVF       _batteria_mv+1, 0
0x01B7	0x0231      	SUBWF      _soglia_off+1, 0
0x01B8	0x1D03      	BTFSS      STATUS, 2
0x01B9	0x29BC      	GOTO       L__soglia_batteria117
0x01BA	0x0829      	MOVF       _batteria_mv, 0
0x01BB	0x0230      	SUBWF      _soglia_off, 0
L__soglia_batteria117:
0x01BC	0x1C03      	BTFSS      STATUS, 0
0x01BD	0x29CC      	GOTO       L_soglia_batteria17
;heltec.c,142 :: 		GPIO.F2 = 0;
0x01BE	0x1105      	BCF        GPIO, 2
;heltec.c,143 :: 		Delay_Safe_ms(500);
0x01BF	0x30F4      	MOVLW      244
0x01C0	0x00CD      	MOVWF      FARG_Delay_Safe_ms_n
0x01C1	0x3001      	MOVLW      1
0x01C2	0x00CE      	MOVWF      FARG_Delay_Safe_ms_n+1
0x01C3	0x200B      	CALL       _Delay_Safe_ms
;heltec.c,144 :: 		Lampi(6, 100);
0x01C4	0x3006      	MOVLW      6
0x01C5	0x00C8      	MOVWF      FARG_Lampi_n
0x01C6	0x3064      	MOVLW      100
0x01C7	0x00C9      	MOVWF      FARG_Lampi_t_on
0x01C8	0x3000      	MOVLW      0
0x01C9	0x00CA      	MOVWF      FARG_Lampi_t_on+1
0x01CA	0x20DD      	CALL       _Lampi
;heltec.c,145 :: 		} else if (batteria_mv > soglia_off && batteria_mv <= soglia_on) {
0x01CB	0x29E8      	GOTO       L_soglia_batteria18
L_soglia_batteria17:
0x01CC	0x082A      	MOVF       _batteria_mv+1, 0
0x01CD	0x0231      	SUBWF      _soglia_off+1, 0
0x01CE	0x1D03      	BTFSS      STATUS, 2
0x01CF	0x29D2      	GOTO       L__soglia_batteria118
0x01D0	0x0829      	MOVF       _batteria_mv, 0
0x01D1	0x0230      	SUBWF      _soglia_off, 0
L__soglia_batteria118:
0x01D2	0x1803      	BTFSC      STATUS, 0
0x01D3	0x29E8      	GOTO       L_soglia_batteria21
0x01D4	0x082A      	MOVF       _batteria_mv+1, 0
0x01D5	0x022F      	SUBWF      _soglia_on+1, 0
0x01D6	0x1D03      	BTFSS      STATUS, 2
0x01D7	0x29DA      	GOTO       L__soglia_batteria119
0x01D8	0x0829      	MOVF       _batteria_mv, 0
0x01D9	0x022E      	SUBWF      _soglia_on, 0
L__soglia_batteria119:
0x01DA	0x1C03      	BTFSS      STATUS, 0
0x01DB	0x29E8      	GOTO       L_soglia_batteria21
L__soglia_batteria94:
;heltec.c,146 :: 		Delay_Safe_ms(500);
0x01DC	0x30F4      	MOVLW      244
0x01DD	0x00CD      	MOVWF      FARG_Delay_Safe_ms_n
0x01DE	0x3001      	MOVLW      1
0x01DF	0x00CE      	MOVWF      FARG_Delay_Safe_ms_n+1
0x01E0	0x200B      	CALL       _Delay_Safe_ms
;heltec.c,147 :: 		Lampi(3, 100);
0x01E1	0x3003      	MOVLW      3
0x01E2	0x00C8      	MOVWF      FARG_Lampi_n
0x01E3	0x3064      	MOVLW      100
0x01E4	0x00C9      	MOVWF      FARG_Lampi_t_on
0x01E5	0x3000      	MOVLW      0
0x01E6	0x00CA      	MOVWF      FARG_Lampi_t_on+1
0x01E7	0x20DD      	CALL       _Lampi
;heltec.c,148 :: 		}
L_soglia_batteria21:
L_soglia_batteria18:
;heltec.c,149 :: 		}
L_end_soglia_batteria:
0x01E8	0x0008      	RETURN
; end of _soglia_batteria
_Lampeggia_Cifra:
;heltec.c,49 :: 		void Lampeggia_Cifra(unsigned short c) {
;heltec.c,51 :: 		if (c == 0) {
0x01E9	0x1283      	BCF        STATUS, 5
0x01EA	0x0842      	MOVF       FARG_Lampeggia_Cifra_c, 0
0x01EB	0x3A00      	XORLW      0
0x01EC	0x1D03      	BTFSS      STATUS, 2
0x01ED	0x29F6      	GOTO       L_Lampeggia_Cifra4
;heltec.c,53 :: 		GPIO.F2 = 1;
0x01EE	0x1505      	BSF        GPIO, 2
;heltec.c,54 :: 		Delay_Safe_ms(50);
0x01EF	0x3032      	MOVLW      50
0x01F0	0x00CD      	MOVWF      FARG_Delay_Safe_ms_n
0x01F1	0x3000      	MOVLW      0
0x01F2	0x00CE      	MOVWF      FARG_Delay_Safe_ms_n+1
0x01F3	0x200B      	CALL       _Delay_Safe_ms
;heltec.c,55 :: 		GPIO.F2 = 0;
0x01F4	0x1105      	BCF        GPIO, 2
;heltec.c,56 :: 		} else {
0x01F5	0x2A08      	GOTO       L_Lampeggia_Cifra5
L_Lampeggia_Cifra4:
;heltec.c,57 :: 		for (l = 0; l < c; l++) {
0x01F6	0x01C3      	CLRF       Lampeggia_Cifra_l_L0
L_Lampeggia_Cifra6:
0x01F7	0x0842      	MOVF       FARG_Lampeggia_Cifra_c, 0
0x01F8	0x0243      	SUBWF      Lampeggia_Cifra_l_L0, 0
0x01F9	0x1803      	BTFSC      STATUS, 0
0x01FA	0x2A08      	GOTO       L_Lampeggia_Cifra7
;heltec.c,58 :: 		GPIO.F2 = 1;            // Accende LED
0x01FB	0x1505      	BSF        GPIO, 2
;heltec.c,59 :: 		Delay_Safe_ms(250);     // Pausa accensione
0x01FC	0x30FA      	MOVLW      250
0x01FD	0x00CD      	MOVWF      FARG_Delay_Safe_ms_n
0x01FE	0x01CE      	CLRF       FARG_Delay_Safe_ms_n+1
0x01FF	0x200B      	CALL       _Delay_Safe_ms
;heltec.c,60 :: 		GPIO.F2 = 0;            // Spegne LED
0x0200	0x1105      	BCF        GPIO, 2
;heltec.c,61 :: 		Delay_Safe_ms(250);     // Pausa tra lampi
0x0201	0x30FA      	MOVLW      250
0x0202	0x00CD      	MOVWF      FARG_Delay_Safe_ms_n
0x0203	0x01CE      	CLRF       FARG_Delay_Safe_ms_n+1
0x0204	0x200B      	CALL       _Delay_Safe_ms
;heltec.c,62 :: 		asm clrwdt;
0x0205	0x0064      	CLRWDT
;heltec.c,57 :: 		for (l = 0; l < c; l++) {
0x0206	0x0AC3      	INCF       Lampeggia_Cifra_l_L0, 1
;heltec.c,63 :: 		}
0x0207	0x29F7      	GOTO       L_Lampeggia_Cifra6
L_Lampeggia_Cifra7:
;heltec.c,64 :: 		}
L_Lampeggia_Cifra5:
;heltec.c,65 :: 		Delay_Safe_ms(1000);            // Pausa lunga tra una cifra e l'altra
0x0208	0x30E8      	MOVLW      232
0x0209	0x00CD      	MOVWF      FARG_Delay_Safe_ms_n
0x020A	0x3003      	MOVLW      3
0x020B	0x00CE      	MOVWF      FARG_Delay_Safe_ms_n+1
0x020C	0x200B      	CALL       _Delay_Safe_ms
;heltec.c,66 :: 		}
L_end_Lampeggia_Cifra:
0x020D	0x0008      	RETURN
; end of _Lampeggia_Cifra
_____DoICP:
;__Lib_System.c,6 :: 		
;__Lib_System.c,9 :: 		
0x020E	0x1283      	BCF        STATUS, 5
0x020F	0x083E      	MOVF       ___DoICPAddr+1, 0
0x0210	0x008A      	MOVWF      PCLATH
;__Lib_System.c,10 :: 		
0x0211	0x083D      	MOVF       ___DoICPAddr, 0
0x0212	0x0082      	MOVWF      PCL
;__Lib_System.c,12 :: 		
L_end_____DoICP:
0x0213	0x0008      	RETURN
; end of _____DoICP
_Mul_8X8_U:
;__Lib_Math.c,103 :: 		
;__Lib_Math.c,108 :: 		
0x0214	0x1283      	BCF        STATUS, 5
;__Lib_Math.c,109 :: 		
0x0215	0x1303      	BCF        STATUS, 6
;__Lib_Math.c,110 :: 		
0x0216	0x0870      	MOVF       R0, 0
;__Lib_Math.c,111 :: 		
0x0217	0x00F1      	MOVWF      R1
;__Lib_Math.c,112 :: 		
0x0218	0x01F0      	CLRF       R0
;__Lib_Math.c,113 :: 		
0x0219	0x3008      	MOVLW      8
;__Lib_Math.c,114 :: 		
0x021A	0x00FC      	MOVWF      R12
;__Lib_Math.c,115 :: 		
0x021B	0x0871      	MOVF       R1, 0
;__Lib_Math.c,116 :: 		
0x021C	0x0CF4      	RRF        R4, 1
;__Lib_Math.c,117 :: 		
0x021D	0x1803      	BTFSC      STATUS, 0
;__Lib_Math.c,118 :: 		
0x021E	0x2A23      	GOTO       $+5
;__Lib_Math.c,119 :: 		
0x021F	0x0BFC      	DECFSZ     R12, 1
;__Lib_Math.c,120 :: 		
0x0220	0x2A1C      	GOTO       $-4
;__Lib_Math.c,121 :: 		
0x0221	0x01F1      	CLRF       R1
;__Lib_Math.c,122 :: 		
0x0222	0x3400      	RETLW      0
;__Lib_Math.c,123 :: 		
0x0223	0x1003      	BCF        STATUS, 0
;__Lib_Math.c,124 :: 		
0x0224	0x2A28      	GOTO       $+4
;__Lib_Math.c,125 :: 		
0x0225	0x0CF4      	RRF        R4, 1
;__Lib_Math.c,126 :: 		
0x0226	0x1803      	BTFSC      STATUS, 0
;__Lib_Math.c,127 :: 		
0x0227	0x07F1      	ADDWF      R1, 1
;__Lib_Math.c,128 :: 		
0x0228	0x0CF1      	RRF        R1, 1
;__Lib_Math.c,129 :: 		
0x0229	0x0CF0      	RRF        R0, 1
;__Lib_Math.c,130 :: 		
0x022A	0x0BFC      	DECFSZ     R12, 1
;__Lib_Math.c,131 :: 		
0x022B	0x2A25      	GOTO       $-6
;__Lib_Math.c,133 :: 		
;__Lib_Math.c,134 :: 		
L_end_Mul_8X8_U:
0x022C	0x0008      	RETURN
; end of _Mul_8X8_U
_Soft_I2C_Read:
;__Lib_SoftI2C.c,86 :: 		
;__Lib_SoftI2C.c,87 :: 		
0x022D	0x1283      	BCF        STATUS, 5
0x022E	0x01C4      	CLRF       Soft_I2C_Read_result_L0
0x022F	0x01C5      	CLRF       Soft_I2C_Read_result_L0+1
0x0230	0x3080      	MOVLW      128
0x0231	0x00C6      	MOVWF      Soft_I2C_Read_temp_L0
0x0232	0x3000      	MOVLW      0
0x0233	0x00C7      	MOVWF      Soft_I2C_Read_temp_L0+1
;__Lib_SoftI2C.c,89 :: 		
L_Soft_I2C_Read3:
0x0234	0x0846      	MOVF       Soft_I2C_Read_temp_L0, 0
0x0235	0x0447      	IORWF      Soft_I2C_Read_temp_L0+1, 0
0x0236	0x1903      	BTFSC      STATUS, 2
0x0237	0x2A57      	GOTO       L_Soft_I2C_Read4
;__Lib_SoftI2C.c,90 :: 		
0x0238	0x2009      	CALL       _Delay_1us
0x0239	0x2009      	CALL       _Delay_1us
;__Lib_SoftI2C.c,92 :: 		
0x023A	0x1683      	BSF        STATUS, 5
0x023B	0x1605      	BSF        Soft_I2C_Sda_Direction, BitPos(Soft_I2C_Sda_Direction+0)
;__Lib_SoftI2C.c,94 :: 		
0x023C	0x2009      	CALL       _Delay_1us
0x023D	0x2009      	CALL       _Delay_1us
;__Lib_SoftI2C.c,96 :: 		
0x023E	0x1685      	BSF        Soft_I2C_Scl_Direction, BitPos(Soft_I2C_Scl_Direction+0)
;__Lib_SoftI2C.c,98 :: 		
0x023F	0x1283      	BCF        STATUS, 5
0x0240	0x11A7      	BCF        __Lib_SoftI2C___StopWaiting, BitPos(__Lib_SoftI2C___StopWaiting+0)
;__Lib_SoftI2C.c,99 :: 		
L_Soft_I2C_Read5:
0x0241	0x1A85      	BTFSC      Soft_I2C_Scl, BitPos(Soft_I2C_Scl+0)
0x0242	0x2A47      	GOTO       L_Soft_I2C_Read6
;__Lib_SoftI2C.c,100 :: 		
0x0243	0x1DA7      	BTFSS      __Lib_SoftI2C___StopWaiting, BitPos(__Lib_SoftI2C___StopWaiting+0)
0x0244	0x2A46      	GOTO       L_Soft_I2C_Read7
;__Lib_SoftI2C.c,101 :: 		
0x0245	0x2A47      	GOTO       L_Soft_I2C_Read6
L_Soft_I2C_Read7:
0x0246	0x2A41      	GOTO       L_Soft_I2C_Read5
L_Soft_I2C_Read6:
;__Lib_SoftI2C.c,103 :: 		
0x0247	0x1E05      	BTFSS      Soft_I2C_Sda, BitPos(Soft_I2C_Sda+0)
0x0248	0x2A4D      	GOTO       L_Soft_I2C_Read8
;__Lib_SoftI2C.c,104 :: 		
0x0249	0x0846      	MOVF       Soft_I2C_Read_temp_L0, 0
0x024A	0x04C4      	IORWF      Soft_I2C_Read_result_L0, 1
0x024B	0x0847      	MOVF       Soft_I2C_Read_temp_L0+1, 0
0x024C	0x04C5      	IORWF      Soft_I2C_Read_result_L0+1, 1
L_Soft_I2C_Read8:
;__Lib_SoftI2C.c,106 :: 		
0x024D	0x2009      	CALL       _Delay_1us
0x024E	0x2009      	CALL       _Delay_1us
;__Lib_SoftI2C.c,108 :: 		
0x024F	0x202F      	CALL       __Lib_SoftI2C_PutZerosToLATScl
;__Lib_SoftI2C.c,109 :: 		
0x0250	0x1683      	BSF        STATUS, 5
0x0251	0x1285      	BCF        Soft_I2C_Scl_Direction, BitPos(Soft_I2C_Scl_Direction+0)
;__Lib_SoftI2C.c,111 :: 		
0x0252	0x1283      	BCF        STATUS, 5
0x0253	0x0CC7      	RRF        Soft_I2C_Read_temp_L0+1, 1
0x0254	0x0CC6      	RRF        Soft_I2C_Read_temp_L0, 1
0x0255	0x13C7      	BCF        Soft_I2C_Read_temp_L0+1, 7
;__Lib_SoftI2C.c,112 :: 		
0x0256	0x2A34      	GOTO       L_Soft_I2C_Read3
L_Soft_I2C_Read4:
;__Lib_SoftI2C.c,114 :: 		
0x0257	0x1683      	BSF        STATUS, 5
0x0258	0x1605      	BSF        Soft_I2C_Sda_Direction, BitPos(Soft_I2C_Sda_Direction+0)
;__Lib_SoftI2C.c,116 :: 		
0x0259	0x2009      	CALL       _Delay_1us
0x025A	0x2009      	CALL       _Delay_1us
;__Lib_SoftI2C.c,118 :: 		
0x025B	0x1283      	BCF        STATUS, 5
0x025C	0x0842      	MOVF       FARG_Soft_I2C_Read_ack, 0
0x025D	0x0443      	IORWF      FARG_Soft_I2C_Read_ack+1, 0
0x025E	0x1903      	BTFSC      STATUS, 2
0x025F	0x2A63      	GOTO       L_Soft_I2C_Read9
;__Lib_SoftI2C.c,119 :: 		
0x0260	0x2025      	CALL       __Lib_SoftI2C_PutZerosToLATSda
;__Lib_SoftI2C.c,120 :: 		
0x0261	0x1683      	BSF        STATUS, 5
0x0262	0x1205      	BCF        Soft_I2C_Sda_Direction, BitPos(Soft_I2C_Sda_Direction+0)
;__Lib_SoftI2C.c,121 :: 		
L_Soft_I2C_Read9:
0x0263	0x1683      	BSF        STATUS, 5
;__Lib_SoftI2C.c,123 :: 		
0x0264	0x2009      	CALL       _Delay_1us
0x0265	0x2009      	CALL       _Delay_1us
;__Lib_SoftI2C.c,125 :: 		
0x0266	0x1685      	BSF        Soft_I2C_Scl_Direction, BitPos(Soft_I2C_Scl_Direction+0)
;__Lib_SoftI2C.c,127 :: 		
0x0267	0x1283      	BCF        STATUS, 5
0x0268	0x11A7      	BCF        __Lib_SoftI2C___StopWaiting, BitPos(__Lib_SoftI2C___StopWaiting+0)
;__Lib_SoftI2C.c,128 :: 		
L_Soft_I2C_Read10:
0x0269	0x1A85      	BTFSC      Soft_I2C_Scl, BitPos(Soft_I2C_Scl+0)
0x026A	0x2A6F      	GOTO       L_Soft_I2C_Read11
;__Lib_SoftI2C.c,129 :: 		
0x026B	0x1DA7      	BTFSS      __Lib_SoftI2C___StopWaiting, BitPos(__Lib_SoftI2C___StopWaiting+0)
0x026C	0x2A6E      	GOTO       L_Soft_I2C_Read12
;__Lib_SoftI2C.c,130 :: 		
0x026D	0x2A6F      	GOTO       L_Soft_I2C_Read11
L_Soft_I2C_Read12:
0x026E	0x2A69      	GOTO       L_Soft_I2C_Read10
L_Soft_I2C_Read11:
;__Lib_SoftI2C.c,132 :: 		
0x026F	0x2009      	CALL       _Delay_1us
0x0270	0x2009      	CALL       _Delay_1us
;__Lib_SoftI2C.c,134 :: 		
0x0271	0x202F      	CALL       __Lib_SoftI2C_PutZerosToLATScl
;__Lib_SoftI2C.c,135 :: 		
0x0272	0x1683      	BSF        STATUS, 5
0x0273	0x1285      	BCF        Soft_I2C_Scl_Direction, BitPos(Soft_I2C_Scl_Direction+0)
;__Lib_SoftI2C.c,137 :: 		
0x0274	0x2009      	CALL       _Delay_1us
0x0275	0x2009      	CALL       _Delay_1us
;__Lib_SoftI2C.c,139 :: 		
0x0276	0x2025      	CALL       __Lib_SoftI2C_PutZerosToLATSda
;__Lib_SoftI2C.c,140 :: 		
0x0277	0x1683      	BSF        STATUS, 5
0x0278	0x1205      	BCF        Soft_I2C_Sda_Direction, BitPos(Soft_I2C_Sda_Direction+0)
;__Lib_SoftI2C.c,142 :: 		
0x0279	0x1283      	BCF        STATUS, 5
0x027A	0x0844      	MOVF       Soft_I2C_Read_result_L0, 0
0x027B	0x00F0      	MOVWF      R0
;__Lib_SoftI2C.c,143 :: 		
L_end_Soft_I2C_Read:
0x027C	0x0008      	RETURN
; end of _Soft_I2C_Read
_Scrivi_Ora_RTC:
;heltec.c,152 :: 		void Scrivi_Ora_RTC(unsigned short s_g_sett, unsigned short s_g, unsigned short s_m, unsigned short s_a, unsigned short s_ore, unsigned short s_min) {
;heltec.c,153 :: 		GPIO.F2 = 1;
0x027D	0x1283      	BCF        STATUS, 5
0x027E	0x1505      	BSF        GPIO, 2
;heltec.c,154 :: 		Delay_Safe_ms(100);
0x027F	0x3064      	MOVLW      100
0x0280	0x00CD      	MOVWF      FARG_Delay_Safe_ms_n
0x0281	0x3000      	MOVLW      0
0x0282	0x00CE      	MOVWF      FARG_Delay_Safe_ms_n+1
0x0283	0x200B      	CALL       _Delay_Safe_ms
;heltec.c,155 :: 		Soft_I2C_Init();
0x0284	0x2144      	CALL       _Soft_I2C_Init
;heltec.c,156 :: 		Delay_Safe_ms(100);
0x0285	0x3064      	MOVLW      100
0x0286	0x00CD      	MOVWF      FARG_Delay_Safe_ms_n
0x0287	0x3000      	MOVLW      0
0x0288	0x00CE      	MOVWF      FARG_Delay_Safe_ms_n+1
0x0289	0x200B      	CALL       _Delay_Safe_ms
;heltec.c,157 :: 		Soft_I2C_Start();
0x028A	0x20F2      	CALL       _Soft_I2C_Start
;heltec.c,158 :: 		Soft_I2C_Write(0xD0);
0x028B	0x30D0      	MOVLW      208
0x028C	0x1283      	BCF        STATUS, 5
0x028D	0x00C8      	MOVWF      FARG_Soft_I2C_Write_data_
0x028E	0x2039      	CALL       _Soft_I2C_Write
;heltec.c,159 :: 		Soft_I2C_Write(0x00);
0x028F	0x01C8      	CLRF       FARG_Soft_I2C_Write_data_
0x0290	0x2039      	CALL       _Soft_I2C_Write
;heltec.c,160 :: 		Soft_I2C_Write(0x00);   // Secondi
0x0291	0x01C8      	CLRF       FARG_Soft_I2C_Write_data_
0x0292	0x2039      	CALL       _Soft_I2C_Write
;heltec.c,161 :: 		Soft_I2C_Write(s_min);
0x0293	0x0847      	MOVF       FARG_Scrivi_Ora_RTC_s_min, 0
0x0294	0x00C8      	MOVWF      FARG_Soft_I2C_Write_data_
0x0295	0x2039      	CALL       _Soft_I2C_Write
;heltec.c,162 :: 		Soft_I2C_Write(s_ore);
0x0296	0x0846      	MOVF       FARG_Scrivi_Ora_RTC_s_ore, 0
0x0297	0x00C8      	MOVWF      FARG_Soft_I2C_Write_data_
0x0298	0x2039      	CALL       _Soft_I2C_Write
;heltec.c,163 :: 		Soft_I2C_Write(s_g_sett);
0x0299	0x0842      	MOVF       FARG_Scrivi_Ora_RTC_s_g_sett, 0
0x029A	0x00C8      	MOVWF      FARG_Soft_I2C_Write_data_
0x029B	0x2039      	CALL       _Soft_I2C_Write
;heltec.c,164 :: 		Soft_I2C_Write(s_g);
0x029C	0x0843      	MOVF       FARG_Scrivi_Ora_RTC_s_g, 0
0x029D	0x00C8      	MOVWF      FARG_Soft_I2C_Write_data_
0x029E	0x2039      	CALL       _Soft_I2C_Write
;heltec.c,165 :: 		Soft_I2C_Write(s_m);
0x029F	0x0844      	MOVF       FARG_Scrivi_Ora_RTC_s_m, 0
0x02A0	0x00C8      	MOVWF      FARG_Soft_I2C_Write_data_
0x02A1	0x2039      	CALL       _Soft_I2C_Write
;heltec.c,166 :: 		Soft_I2C_Write(s_a);
0x02A2	0x0845      	MOVF       FARG_Scrivi_Ora_RTC_s_a, 0
0x02A3	0x00C8      	MOVWF      FARG_Soft_I2C_Write_data_
0x02A4	0x2039      	CALL       _Soft_I2C_Write
;heltec.c,167 :: 		Soft_I2C_Stop();
0x02A5	0x2129      	CALL       _Soft_I2C_Stop
;heltec.c,168 :: 		Delay_Safe_ms(800);
0x02A6	0x3020      	MOVLW      32
0x02A7	0x1283      	BCF        STATUS, 5
0x02A8	0x00CD      	MOVWF      FARG_Delay_Safe_ms_n
0x02A9	0x3003      	MOVLW      3
0x02AA	0x00CE      	MOVWF      FARG_Delay_Safe_ms_n+1
0x02AB	0x200B      	CALL       _Delay_Safe_ms
;heltec.c,169 :: 		GPIO.F2 = 0;
0x02AC	0x1105      	BCF        GPIO, 2
;heltec.c,170 :: 		Delay_Safe_ms(500);
0x02AD	0x30F4      	MOVLW      244
0x02AE	0x00CD      	MOVWF      FARG_Delay_Safe_ms_n
0x02AF	0x3001      	MOVLW      1
0x02B0	0x00CE      	MOVWF      FARG_Delay_Safe_ms_n+1
0x02B1	0x200B      	CALL       _Delay_Safe_ms
;heltec.c,171 :: 		}
L_end_Scrivi_Ora_RTC:
0x02B2	0x0008      	RETURN
; end of _Scrivi_Ora_RTC
_Estrai_e_Lampeggia:
;heltec.c,69 :: 		void Estrai_e_Lampeggia(unsigned int divisore) {
;heltec.c,70 :: 		unsigned short contatore = 0;
0x02B3	0x1283      	BCF        STATUS, 5
0x02B4	0x01C1      	CLRF       Estrai_e_Lampeggia_contatore_L0
;heltec.c,71 :: 		while (val_da_lampeggiare >= divisore) {
L_Estrai_e_Lampeggia9:
0x02B5	0x0840      	MOVF       FARG_Estrai_e_Lampeggia_divisore+1, 0
0x02B6	0x022D      	SUBWF      _val_da_lampeggiare+1, 0
0x02B7	0x1D03      	BTFSS      STATUS, 2
0x02B8	0x2ABB      	GOTO       L__Estrai_e_Lampeggia108
0x02B9	0x083F      	MOVF       FARG_Estrai_e_Lampeggia_divisore, 0
0x02BA	0x022C      	SUBWF      _val_da_lampeggiare, 0
L__Estrai_e_Lampeggia108:
0x02BB	0x1C03      	BTFSS      STATUS, 0
0x02BC	0x2AC5      	GOTO       L_Estrai_e_Lampeggia10
;heltec.c,72 :: 		val_da_lampeggiare -= divisore;
0x02BD	0x083F      	MOVF       FARG_Estrai_e_Lampeggia_divisore, 0
0x02BE	0x02AC      	SUBWF      _val_da_lampeggiare, 1
0x02BF	0x1C03      	BTFSS      STATUS, 0
0x02C0	0x03AD      	DECF       _val_da_lampeggiare+1, 1
0x02C1	0x0840      	MOVF       FARG_Estrai_e_Lampeggia_divisore+1, 0
0x02C2	0x02AD      	SUBWF      _val_da_lampeggiare+1, 1
;heltec.c,73 :: 		contatore++;
0x02C3	0x0AC1      	INCF       Estrai_e_Lampeggia_contatore_L0, 1
;heltec.c,74 :: 		}
0x02C4	0x2AB5      	GOTO       L_Estrai_e_Lampeggia9
L_Estrai_e_Lampeggia10:
;heltec.c,75 :: 		Lampeggia_Cifra(contatore);
0x02C5	0x0841      	MOVF       Estrai_e_Lampeggia_contatore_L0, 0
0x02C6	0x00C2      	MOVWF      FARG_Lampeggia_Cifra_c
0x02C7	0x21E9      	CALL       _Lampeggia_Cifra
;heltec.c,76 :: 		}
L_end_Estrai_e_Lampeggia:
0x02C8	0x0008      	RETURN
; end of _Estrai_e_Lampeggia
___CC2DW:
;__Lib_System.c,134 :: 		
;__Lib_System.c,137 :: 		
_CC2D_Loop1:
;__Lib_System.c,139 :: 		
0x02C9	0x220E      	CALL       _____DoICP
0x02CA	0x118A      	BCF        PCLATH, 3
0x02CB	0x120A      	BCF        PCLATH, 4
;__Lib_System.c,141 :: 		
0x02CC	0x0080      	MOVWF      INDF
;__Lib_System.c,142 :: 		
0x02CD	0x0A84      	INCF       FSR, 1
;__Lib_System.c,143 :: 		
0x02CE	0x0ABD      	INCF       ___DoICPAddr, 1
;__Lib_System.c,145 :: 		
0x02CF	0x1903      	BTFSC      STATUS, 2
;__Lib_System.c,146 :: 		
0x02D0	0x0ABE      	INCF       ___DoICPAddr+1, 1
;__Lib_System.c,147 :: 		
0x02D1	0x03F0      	DECF       R0, 1
;__Lib_System.c,149 :: 		
0x02D2	0x1D03      	BTFSS      STATUS, 2
;__Lib_System.c,150 :: 		
0x02D3	0x2AC9      	GOTO       _CC2D_Loop1
;__Lib_System.c,152 :: 		
L_end___CC2DW:
0x02D4	0x0008      	RETURN
; end of ___CC2DW
_Leggi_Ora_RTC:
;heltec.c,79 :: 		void Leggi_Ora_RTC() {
;heltec.c,81 :: 		GPIO.F2 = 1;           // Accende il LED (Segnale di attivitŕ I2C)
0x02D5	0x1283      	BCF        STATUS, 5
0x02D6	0x1505      	BSF        GPIO, 2
;heltec.c,84 :: 		Soft_I2C_Start();
0x02D7	0x20F2      	CALL       _Soft_I2C_Start
;heltec.c,85 :: 		Soft_I2C_Stop();
0x02D8	0x2129      	CALL       _Soft_I2C_Stop
;heltec.c,86 :: 		Delay_Safe_ms(1);
0x02D9	0x3001      	MOVLW      1
0x02DA	0x1283      	BCF        STATUS, 5
0x02DB	0x00CD      	MOVWF      FARG_Delay_Safe_ms_n
0x02DC	0x3000      	MOVLW      0
0x02DD	0x00CE      	MOVWF      FARG_Delay_Safe_ms_n+1
0x02DE	0x200B      	CALL       _Delay_Safe_ms
;heltec.c,89 :: 		Soft_I2C_Start();
0x02DF	0x20F2      	CALL       _Soft_I2C_Start
;heltec.c,90 :: 		Soft_I2C_Write(0xD0); // Indirizzo RTC (Scrittura)
0x02E0	0x30D0      	MOVLW      208
0x02E1	0x1283      	BCF        STATUS, 5
0x02E2	0x00C8      	MOVWF      FARG_Soft_I2C_Write_data_
0x02E3	0x2039      	CALL       _Soft_I2C_Write
;heltec.c,91 :: 		Soft_I2C_Write(0x01); // Punta al registro 0x01 (Minuti)
0x02E4	0x3001      	MOVLW      1
0x02E5	0x00C8      	MOVWF      FARG_Soft_I2C_Write_data_
0x02E6	0x2039      	CALL       _Soft_I2C_Write
;heltec.c,94 :: 		Soft_I2C_Start();     // Segnale di Restart
0x02E7	0x20F2      	CALL       _Soft_I2C_Start
;heltec.c,95 :: 		Soft_I2C_Write(0xD1); // Indirizzo RTC (Lettura)
0x02E8	0x30D1      	MOVLW      209
0x02E9	0x1283      	BCF        STATUS, 5
0x02EA	0x00C8      	MOVWF      FARG_Soft_I2C_Write_data_
0x02EB	0x2039      	CALL       _Soft_I2C_Write
;heltec.c,98 :: 		bcd_val = Soft_I2C_Read(1); // ACK
0x02EC	0x3001      	MOVLW      1
0x02ED	0x00C2      	MOVWF      FARG_Soft_I2C_Read_ack
0x02EE	0x3000      	MOVLW      0
0x02EF	0x00C3      	MOVWF      FARG_Soft_I2C_Read_ack+1
0x02F0	0x222D      	CALL       _Soft_I2C_Read
0x02F1	0x0870      	MOVF       R0, 0
0x02F2	0x00BF      	MOVWF      FLOC__Leggi_Ora_RTC
0x02F3	0x083F      	MOVF       FLOC__Leggi_Ora_RTC, 0
0x02F4	0x00B7      	MOVWF      _bcd_val
;heltec.c,99 :: 		minuti = ((bcd_val >> 4) * 10) + (bcd_val & 0x0F);
0x02F5	0x083F      	MOVF       FLOC__Leggi_Ora_RTC, 0
0x02F6	0x00F0      	MOVWF      R0
0x02F7	0x0CF0      	RRF        R0, 1
0x02F8	0x13F0      	BCF        R0, 7
0x02F9	0x0CF0      	RRF        R0, 1
0x02FA	0x13F0      	BCF        R0, 7
0x02FB	0x0CF0      	RRF        R0, 1
0x02FC	0x13F0      	BCF        R0, 7
0x02FD	0x0CF0      	RRF        R0, 1
0x02FE	0x13F0      	BCF        R0, 7
0x02FF	0x300A      	MOVLW      10
0x0300	0x00F4      	MOVWF      R4
0x0301	0x2214      	CALL       _Mul_8X8_U
0x0302	0x300F      	MOVLW      15
0x0303	0x053F      	ANDWF      FLOC__Leggi_Ora_RTC, 0
0x0304	0x00F1      	MOVWF      R1
0x0305	0x0871      	MOVF       R1, 0
0x0306	0x0770      	ADDWF      R0, 0
0x0307	0x00B5      	MOVWF      _minuti
;heltec.c,102 :: 		bcd_val = Soft_I2C_Read(1); // ACK
0x0308	0x3001      	MOVLW      1
0x0309	0x00C2      	MOVWF      FARG_Soft_I2C_Read_ack
0x030A	0x3000      	MOVLW      0
0x030B	0x00C3      	MOVWF      FARG_Soft_I2C_Read_ack+1
0x030C	0x222D      	CALL       _Soft_I2C_Read
0x030D	0x0870      	MOVF       R0, 0
0x030E	0x00B7      	MOVWF      _bcd_val
;heltec.c,103 :: 		bcd_val &= 0x3F;            // CRITICAL FIX: PULIZIA BIT 6 E 7
0x030F	0x303F      	MOVLW      63
0x0310	0x0570      	ANDWF      R0, 0
0x0311	0x00BF      	MOVWF      FLOC__Leggi_Ora_RTC
0x0312	0x083F      	MOVF       FLOC__Leggi_Ora_RTC, 0
0x0313	0x00B7      	MOVWF      _bcd_val
;heltec.c,104 :: 		ore = ((bcd_val >> 4) * 10) + (bcd_val & 0x0F);
0x0314	0x083F      	MOVF       FLOC__Leggi_Ora_RTC, 0
0x0315	0x00F0      	MOVWF      R0
0x0316	0x0CF0      	RRF        R0, 1
0x0317	0x13F0      	BCF        R0, 7
0x0318	0x0CF0      	RRF        R0, 1
0x0319	0x13F0      	BCF        R0, 7
0x031A	0x0CF0      	RRF        R0, 1
0x031B	0x13F0      	BCF        R0, 7
0x031C	0x0CF0      	RRF        R0, 1
0x031D	0x13F0      	BCF        R0, 7
0x031E	0x300A      	MOVLW      10
0x031F	0x00F4      	MOVWF      R4
0x0320	0x2214      	CALL       _Mul_8X8_U
0x0321	0x300F      	MOVLW      15
0x0322	0x053F      	ANDWF      FLOC__Leggi_Ora_RTC, 0
0x0323	0x00F1      	MOVWF      R1
0x0324	0x0871      	MOVF       R1, 0
0x0325	0x0770      	ADDWF      R0, 0
0x0326	0x00B6      	MOVWF      _ore
;heltec.c,107 :: 		bcd_val = Soft_I2C_Read(0); // NACK
0x0327	0x01C2      	CLRF       FARG_Soft_I2C_Read_ack
0x0328	0x01C3      	CLRF       FARG_Soft_I2C_Read_ack+1
0x0329	0x222D      	CALL       _Soft_I2C_Read
0x032A	0x0870      	MOVF       R0, 0
0x032B	0x00B7      	MOVWF      _bcd_val
;heltec.c,108 :: 		giorno = bcd_val & 0x07;
0x032C	0x3007      	MOVLW      7
0x032D	0x0570      	ANDWF      R0, 0
0x032E	0x00B4      	MOVWF      _giorno
;heltec.c,110 :: 		Soft_I2C_Stop();
0x032F	0x2129      	CALL       _Soft_I2C_Stop
;heltec.c,111 :: 		Delay_Safe_ms(1);
0x0330	0x3001      	MOVLW      1
0x0331	0x1283      	BCF        STATUS, 5
0x0332	0x00CD      	MOVWF      FARG_Delay_Safe_ms_n
0x0333	0x3000      	MOVLW      0
0x0334	0x00CE      	MOVWF      FARG_Delay_Safe_ms_n+1
0x0335	0x200B      	CALL       _Delay_Safe_ms
;heltec.c,112 :: 		GPIO.F2 = 0;           // Spegne il LED
0x0336	0x1105      	BCF        GPIO, 2
;heltec.c,113 :: 		}
L_end_Leggi_Ora_RTC:
0x0337	0x0008      	RETURN
; end of _Leggi_Ora_RTC
_Init_Hardware:
;heltec.c,174 :: 		void Init_Hardware() {
;heltec.c,175 :: 		RTC_presente = 0;
0x0338	0x1283      	BCF        STATUS, 5
0x0339	0x1027      	BCF        _RTC_presente, BitPos(_RTC_presente+0)
;heltec.c,176 :: 		OSCCON = 0x67;      // 4MHz interno
0x033A	0x3067      	MOVLW      103
0x033B	0x1683      	BSF        STATUS, 5
0x033C	0x008F      	MOVWF      OSCCON
;heltec.c,177 :: 		CMCON0 = 7;         // No comparatori
0x033D	0x3007      	MOVLW      7
0x033E	0x1283      	BCF        STATUS, 5
0x033F	0x0099      	MOVWF      CMCON0
;heltec.c,178 :: 		ANSEL  = 0x12;      // AN1 analogico
0x0340	0x3012      	MOVLW      18
0x0341	0x1683      	BSF        STATUS, 5
0x0342	0x009F      	MOVWF      ANSEL
;heltec.c,179 :: 		TRISIO = 0x0A;      // GP1, GP3 Input; altri Output
0x0343	0x300A      	MOVLW      10
0x0344	0x0085      	MOVWF      TRISIO
;heltec.c,180 :: 		OPTION_REG = 0x0F;  // Prescaler WDT 1:128
0x0345	0x300F      	MOVLW      15
0x0346	0x0081      	MOVWF      OPTION_REG
;heltec.c,181 :: 		WPU = 0x00;
0x0347	0x0195      	CLRF       WPU
;heltec.c,182 :: 		INTCON.GPIE = 1;
0x0348	0x158B      	BSF        INTCON, 3
;heltec.c,183 :: 		IOC.B3 = 1;         // Interrupt on change GP3
0x0349	0x1596      	BSF        IOC, 3
;heltec.c,185 :: 		conteggio_cicli = 0;
0x034A	0x1283      	BCF        STATUS, 5
0x034B	0x01A3      	CLRF       _conteggio_cicli
0x034C	0x01A4      	CLRF       _conteggio_cicli+1
0x034D	0x01A5      	CLRF       _conteggio_cicli+2
0x034E	0x01A6      	CLRF       _conteggio_cicli+3
;heltec.c,186 :: 		cicli_per_giorno = 2883;
0x034F	0x3043      	MOVLW      67
0x0350	0x00A1      	MOVWF      _cicli_per_giorno
0x0351	0x300B      	MOVLW      11
0x0352	0x00A2      	MOVWF      _cicli_per_giorno+1
;heltec.c,187 :: 		spento = 0;
0x0353	0x1127      	BCF        _spento, BitPos(_spento+0)
;heltec.c,189 :: 		TRISIO.F4 = 0; GPIO.F4 = 1; // SDA
0x0354	0x1683      	BSF        STATUS, 5
0x0355	0x1205      	BCF        TRISIO, 4
0x0356	0x1283      	BCF        STATUS, 5
0x0357	0x1605      	BSF        GPIO, 4
;heltec.c,190 :: 		TRISIO.F5 = 0; GPIO.F5 = 1; // SCL
0x0358	0x1683      	BSF        STATUS, 5
0x0359	0x1285      	BCF        TRISIO, 5
0x035A	0x1283      	BCF        STATUS, 5
0x035B	0x1685      	BSF        GPIO, 5
;heltec.c,193 :: 		soglia_off   = 3300;
0x035C	0x30E4      	MOVLW      228
0x035D	0x00B0      	MOVWF      _soglia_off
0x035E	0x300C      	MOVLW      12
0x035F	0x00B1      	MOVWF      _soglia_off+1
;heltec.c,194 :: 		soglia_on    = 3600;
0x0360	0x3010      	MOVLW      16
0x0361	0x00AE      	MOVWF      _soglia_on
0x0362	0x300E      	MOVLW      14
0x0363	0x00AF      	MOVWF      _soglia_on+1
;heltec.c,195 :: 		taratura_vcc = 5050;
0x0364	0x30BA      	MOVLW      186
0x0365	0x00B2      	MOVWF      _taratura_vcc
0x0366	0x3013      	MOVLW      19
0x0367	0x00B3      	MOVWF      _taratura_vcc+1
;heltec.c,196 :: 		giorni_riavvio = 3;
0x0368	0x3003      	MOVLW      3
0x0369	0x00A8      	MOVWF      _giorni_riavvio
;heltec.c,198 :: 		GPIO.F0 = 1; // OFF carico
0x036A	0x1405      	BSF        GPIO, 0
;heltec.c,199 :: 		GPIO.F2 = 0; // LED OFF
0x036B	0x1105      	BCF        GPIO, 2
;heltec.c,201 :: 		RTC_presente = 0;
0x036C	0x1027      	BCF        _RTC_presente, BitPos(_RTC_presente+0)
;heltec.c,202 :: 		finestra_oraria = 0;
0x036D	0x10A7      	BCF        _finestra_oraria, BitPos(_finestra_oraria+0)
;heltec.c,205 :: 		if (RTC_presente == 1) {
0x036E	0x1C27      	BTFSS      _RTC_presente, BitPos(_RTC_presente+0)
0x036F	0x2B9B      	GOTO       L_Init_Hardware22
;heltec.c,206 :: 		minuti_count = 20;
0x0370	0x3014      	MOVLW      20
0x0371	0x00B9      	MOVWF      _minuti_count
;heltec.c,207 :: 		giorni_riavvio = 0;
0x0372	0x01A8      	CLRF       _giorni_riavvio
;heltec.c,208 :: 		i = 0;
0x0373	0x01B8      	CLRF       _i
;heltec.c,209 :: 		while (GPIO.F3 == 0 && i < 15) {
L_Init_Hardware23:
0x0374	0x1985      	BTFSC      GPIO, 3
0x0375	0x2B82      	GOTO       L_Init_Hardware24
0x0376	0x300F      	MOVLW      15
0x0377	0x0238      	SUBWF      _i, 0
0x0378	0x1803      	BTFSC      STATUS, 0
0x0379	0x2B82      	GOTO       L_Init_Hardware24
L__Init_Hardware95:
;heltec.c,210 :: 		GPIO.F2 = 1;
0x037A	0x1505      	BSF        GPIO, 2
;heltec.c,211 :: 		Delay_Safe_ms(100);
0x037B	0x3064      	MOVLW      100
0x037C	0x00CD      	MOVWF      FARG_Delay_Safe_ms_n
0x037D	0x3000      	MOVLW      0
0x037E	0x00CE      	MOVWF      FARG_Delay_Safe_ms_n+1
0x037F	0x200B      	CALL       _Delay_Safe_ms
;heltec.c,212 :: 		i++;
0x0380	0x0AB8      	INCF       _i, 1
;heltec.c,213 :: 		}
0x0381	0x2B74      	GOTO       L_Init_Hardware23
L_Init_Hardware24:
;heltec.c,214 :: 		if (i == 15) {
0x0382	0x0838      	MOVF       _i, 0
0x0383	0x3A0F      	XORLW      15
0x0384	0x1D03      	BTFSS      STATUS, 2
0x0385	0x2B9B      	GOTO       L_Init_Hardware27
;heltec.c,215 :: 		GPIO.F2 = 0;
0x0386	0x1105      	BCF        GPIO, 2
;heltec.c,216 :: 		Scrivi_Ora_RTC(0x01, 0x30, 0x03, 0x26, 0x04, 0x05);
0x0387	0x3001      	MOVLW      1
0x0388	0x00C2      	MOVWF      FARG_Scrivi_Ora_RTC_s_g_sett
0x0389	0x3030      	MOVLW      48
0x038A	0x00C3      	MOVWF      FARG_Scrivi_Ora_RTC_s_g
0x038B	0x3003      	MOVLW      3
0x038C	0x00C4      	MOVWF      FARG_Scrivi_Ora_RTC_s_m
0x038D	0x3026      	MOVLW      38
0x038E	0x00C5      	MOVWF      FARG_Scrivi_Ora_RTC_s_a
0x038F	0x3004      	MOVLW      4
0x0390	0x00C6      	MOVWF      FARG_Scrivi_Ora_RTC_s_ore
0x0391	0x3005      	MOVLW      5
0x0392	0x00C7      	MOVWF      FARG_Scrivi_Ora_RTC_s_min
0x0393	0x227D      	CALL       _Scrivi_Ora_RTC
;heltec.c,217 :: 		Lampi(10, 100);
0x0394	0x300A      	MOVLW      10
0x0395	0x00C8      	MOVWF      FARG_Lampi_n
0x0396	0x3064      	MOVLW      100
0x0397	0x00C9      	MOVWF      FARG_Lampi_t_on
0x0398	0x3000      	MOVLW      0
0x0399	0x00CA      	MOVWF      FARG_Lampi_t_on+1
0x039A	0x20DD      	CALL       _Lampi
;heltec.c,218 :: 		}
L_Init_Hardware27:
;heltec.c,219 :: 		}
L_Init_Hardware22:
;heltec.c,220 :: 		GPIO.F2 = 0;
0x039B	0x1105      	BCF        GPIO, 2
;heltec.c,222 :: 		Delay_Safe_ms(500);
0x039C	0x30F4      	MOVLW      244
0x039D	0x00CD      	MOVWF      FARG_Delay_Safe_ms_n
0x039E	0x3001      	MOVLW      1
0x039F	0x00CE      	MOVWF      FARG_Delay_Safe_ms_n+1
0x03A0	0x200B      	CALL       _Delay_Safe_ms
;heltec.c,223 :: 		Lampi(3, 250);
0x03A1	0x3003      	MOVLW      3
0x03A2	0x00C8      	MOVWF      FARG_Lampi_n
0x03A3	0x30FA      	MOVLW      250
0x03A4	0x00C9      	MOVWF      FARG_Lampi_t_on
0x03A5	0x01CA      	CLRF       FARG_Lampi_t_on+1
0x03A6	0x20DD      	CALL       _Lampi
;heltec.c,224 :: 		Delay_Safe_ms(500);
0x03A7	0x30F4      	MOVLW      244
0x03A8	0x00CD      	MOVWF      FARG_Delay_Safe_ms_n
0x03A9	0x3001      	MOVLW      1
0x03AA	0x00CE      	MOVWF      FARG_Delay_Safe_ms_n+1
0x03AB	0x200B      	CALL       _Delay_Safe_ms
;heltec.c,225 :: 		Leggi_Batteria_mV();
0x03AC	0x2150      	CALL       _Leggi_Batteria_mV
;heltec.c,227 :: 		if (batteria_mv > soglia_off) {
0x03AD	0x082A      	MOVF       _batteria_mv+1, 0
0x03AE	0x0231      	SUBWF      _soglia_off+1, 0
0x03AF	0x1D03      	BTFSS      STATUS, 2
0x03B0	0x2BB3      	GOTO       L__Init_Hardware122
0x03B1	0x0829      	MOVF       _batteria_mv, 0
0x03B2	0x0230      	SUBWF      _soglia_off, 0
L__Init_Hardware122:
0x03B3	0x1803      	BTFSC      STATUS, 0
0x03B4	0x2BB8      	GOTO       L_Init_Hardware28
;heltec.c,228 :: 		GPIO.F0 = 0;
0x03B5	0x1005      	BCF        GPIO, 0
;heltec.c,229 :: 		spento = 0;
0x03B6	0x1127      	BCF        _spento, BitPos(_spento+0)
;heltec.c,230 :: 		} else {
0x03B7	0x2BB9      	GOTO       L_Init_Hardware29
L_Init_Hardware28:
;heltec.c,231 :: 		spento = 1;
0x03B8	0x1527      	BSF        _spento, BitPos(_spento+0)
;heltec.c,232 :: 		}
L_Init_Hardware29:
;heltec.c,234 :: 		in_manutenzione = 0;
0x03B9	0x1227      	BCF        _in_manutenzione, BitPos(_in_manutenzione+0)
;heltec.c,235 :: 		reset_fatto = 0;
0x03BA	0x12A7      	BCF        _reset_fatto, BitPos(_reset_fatto+0)
;heltec.c,236 :: 		sveglie_wdt = 0;
0x03BB	0x01BB      	CLRF       _sveglie_wdt
0x03BC	0x01BC      	CLRF       _sveglie_wdt+1
;heltec.c,237 :: 		soglia_batteria();
0x03BD	0x21B5      	CALL       _soglia_batteria
;heltec.c,238 :: 		}
L_end_Init_Hardware:
0x03BE	0x0008      	RETURN
; end of _Init_Hardware
_main:
0x03BF	0x258C      	CALL       1420
;heltec.c,241 :: 		void main() {
;heltec.c,242 :: 		Init_Hardware();
0x03C0	0x2338      	CALL       _Init_Hardware
;heltec.c,244 :: 		while (1) {
L_main30:
;heltec.c,245 :: 		if (INTCON.GPIF == 1) {
0x03C1	0x1C0B      	BTFSS      INTCON, 0
0x03C2	0x2BC6      	GOTO       L_main32
;heltec.c,246 :: 		dummy = GPIO;
0x03C3	0x0805      	MOVF       GPIO, 0
0x03C4	0x00BA      	MOVWF      _dummy
;heltec.c,247 :: 		INTCON.GPIF = 0;
0x03C5	0x100B      	BCF        INTCON, 0
;heltec.c,248 :: 		}
L_main32:
;heltec.c,251 :: 		if (GPIO.F3 == 0) {
0x03C6	0x1985      	BTFSC      GPIO, 3
0x03C7	0x2CBF      	GOTO       L_main33
;heltec.c,252 :: 		i = 0;
0x03C8	0x01B8      	CLRF       _i
;heltec.c,253 :: 		while (GPIO.F3 == 0 && i < 50) {
L_main34:
0x03C9	0x1985      	BTFSC      GPIO, 3
0x03CA	0x2BE0      	GOTO       L_main35
0x03CB	0x3032      	MOVLW      50
0x03CC	0x0238      	SUBWF      _i, 0
0x03CD	0x1803      	BTFSC      STATUS, 0
0x03CE	0x2BE0      	GOTO       L_main35
L__main103:
;heltec.c,254 :: 		Delay_Safe_ms(100);
0x03CF	0x3064      	MOVLW      100
0x03D0	0x00CD      	MOVWF      FARG_Delay_Safe_ms_n
0x03D1	0x3000      	MOVLW      0
0x03D2	0x00CE      	MOVWF      FARG_Delay_Safe_ms_n+1
0x03D3	0x200B      	CALL       _Delay_Safe_ms
;heltec.c,255 :: 		i++;
0x03D4	0x0AB8      	INCF       _i, 1
;heltec.c,256 :: 		if (i == 10) GPIO.F2 = 1;
0x03D5	0x0838      	MOVF       _i, 0
0x03D6	0x3A0A      	XORLW      10
0x03D7	0x1D03      	BTFSS      STATUS, 2
0x03D8	0x2BDA      	GOTO       L_main38
0x03D9	0x1505      	BSF        GPIO, 2
L_main38:
;heltec.c,257 :: 		if (i == 25) GPIO.F2 = 0;
0x03DA	0x0838      	MOVF       _i, 0
0x03DB	0x3A19      	XORLW      25
0x03DC	0x1D03      	BTFSS      STATUS, 2
0x03DD	0x2BDF      	GOTO       L_main39
0x03DE	0x1105      	BCF        GPIO, 2
L_main39:
;heltec.c,258 :: 		}
0x03DF	0x2BC9      	GOTO       L_main34
L_main35:
;heltec.c,261 :: 		if (i >= 10 && i < 25) {
0x03E0	0x300A      	MOVLW      10
0x03E1	0x0238      	SUBWF      _i, 0
0x03E2	0x1C03      	BTFSS      STATUS, 0
0x03E3	0x2C0C      	GOTO       L_main42
0x03E4	0x3019      	MOVLW      25
0x03E5	0x0238      	SUBWF      _i, 0
0x03E6	0x1803      	BTFSC      STATUS, 0
0x03E7	0x2C0C      	GOTO       L_main42
L__main102:
;heltec.c,262 :: 		GPIO.F2 = 0;
0x03E8	0x1105      	BCF        GPIO, 2
;heltec.c,263 :: 		Leggi_Batteria_mV();
0x03E9	0x2150      	CALL       _Leggi_Batteria_mV
;heltec.c,264 :: 		GPIO.F0 = 1;
0x03EA	0x1405      	BSF        GPIO, 0
;heltec.c,265 :: 		Delay_Safe_ms(2000);
0x03EB	0x30D0      	MOVLW      208
0x03EC	0x00CD      	MOVWF      FARG_Delay_Safe_ms_n
0x03ED	0x3007      	MOVLW      7
0x03EE	0x00CE      	MOVWF      FARG_Delay_Safe_ms_n+1
0x03EF	0x200B      	CALL       _Delay_Safe_ms
;heltec.c,266 :: 		if (batteria_mv > soglia_off) {
0x03F0	0x082A      	MOVF       _batteria_mv+1, 0
0x03F1	0x0231      	SUBWF      _soglia_off+1, 0
0x03F2	0x1D03      	BTFSS      STATUS, 2
0x03F3	0x2BF6      	GOTO       L__main124
0x03F4	0x0829      	MOVF       _batteria_mv, 0
0x03F5	0x0230      	SUBWF      _soglia_off, 0
L__main124:
0x03F6	0x1803      	BTFSC      STATUS, 0
0x03F7	0x2BFB      	GOTO       L_main43
;heltec.c,267 :: 		GPIO.F0 = 0;
0x03F8	0x1005      	BCF        GPIO, 0
;heltec.c,268 :: 		spento = 0;
0x03F9	0x1127      	BCF        _spento, BitPos(_spento+0)
;heltec.c,269 :: 		} else {
0x03FA	0x2BFC      	GOTO       L_main44
L_main43:
;heltec.c,270 :: 		spento = 1;
0x03FB	0x1527      	BSF        _spento, BitPos(_spento+0)
;heltec.c,271 :: 		}
L_main44:
;heltec.c,272 :: 		GPIO.F2 = 0;
0x03FC	0x1105      	BCF        GPIO, 2
;heltec.c,273 :: 		if (batteria_mv < soglia_on) soglia_batteria();
0x03FD	0x082F      	MOVF       _soglia_on+1, 0
0x03FE	0x022A      	SUBWF      _batteria_mv+1, 0
0x03FF	0x1D03      	BTFSS      STATUS, 2
0x0400	0x2C03      	GOTO       L__main125
0x0401	0x082E      	MOVF       _soglia_on, 0
0x0402	0x0229      	SUBWF      _batteria_mv, 0
L__main125:
0x0403	0x1803      	BTFSC      STATUS, 0
0x0404	0x2C06      	GOTO       L_main45
0x0405	0x21B5      	CALL       _soglia_batteria
L_main45:
;heltec.c,274 :: 		sveglie_wdt = 0;
0x0406	0x01BB      	CLRF       _sveglie_wdt
0x0407	0x01BC      	CLRF       _sveglie_wdt+1
;heltec.c,275 :: 		conteggio_cicli = 0;
0x0408	0x01A3      	CLRF       _conteggio_cicli
0x0409	0x01A4      	CLRF       _conteggio_cicli+1
0x040A	0x01A5      	CLRF       _conteggio_cicli+2
0x040B	0x01A6      	CLRF       _conteggio_cicli+3
;heltec.c,276 :: 		}
L_main42:
;heltec.c,279 :: 		if (i >= 25 && i < 50) {
0x040C	0x3019      	MOVLW      25
0x040D	0x0238      	SUBWF      _i, 0
0x040E	0x1C03      	BTFSS      STATUS, 0
0x040F	0x2C66      	GOTO       L_main48
0x0410	0x3032      	MOVLW      50
0x0411	0x0238      	SUBWF      _i, 0
0x0412	0x1803      	BTFSC      STATUS, 0
0x0413	0x2C66      	GOTO       L_main48
L__main101:
;heltec.c,280 :: 		GPIO.F2 = 0;
0x0414	0x1105      	BCF        GPIO, 2
;heltec.c,281 :: 		Leggi_Batteria_mV();
0x0415	0x2150      	CALL       _Leggi_Batteria_mV
;heltec.c,282 :: 		Delay_Safe_ms(1000);
0x0416	0x30E8      	MOVLW      232
0x0417	0x00CD      	MOVWF      FARG_Delay_Safe_ms_n
0x0418	0x3003      	MOVLW      3
0x0419	0x00CE      	MOVWF      FARG_Delay_Safe_ms_n+1
0x041A	0x200B      	CALL       _Delay_Safe_ms
;heltec.c,283 :: 		val_da_lampeggiare = batteria_mv;
0x041B	0x0829      	MOVF       _batteria_mv, 0
0x041C	0x00AC      	MOVWF      _val_da_lampeggiare
0x041D	0x082A      	MOVF       _batteria_mv+1, 0
0x041E	0x00AD      	MOVWF      _val_da_lampeggiare+1
;heltec.c,284 :: 		Estrai_e_Lampeggia(1000);
0x041F	0x30E8      	MOVLW      232
0x0420	0x00BF      	MOVWF      FARG_Estrai_e_Lampeggia_divisore
0x0421	0x3003      	MOVLW      3
0x0422	0x00C0      	MOVWF      FARG_Estrai_e_Lampeggia_divisore+1
0x0423	0x22B3      	CALL       _Estrai_e_Lampeggia
;heltec.c,285 :: 		Estrai_e_Lampeggia(100);
0x0424	0x3064      	MOVLW      100
0x0425	0x00BF      	MOVWF      FARG_Estrai_e_Lampeggia_divisore
0x0426	0x3000      	MOVLW      0
0x0427	0x00C0      	MOVWF      FARG_Estrai_e_Lampeggia_divisore+1
0x0428	0x22B3      	CALL       _Estrai_e_Lampeggia
;heltec.c,286 :: 		Estrai_e_Lampeggia(10);
0x0429	0x300A      	MOVLW      10
0x042A	0x00BF      	MOVWF      FARG_Estrai_e_Lampeggia_divisore
0x042B	0x3000      	MOVLW      0
0x042C	0x00C0      	MOVWF      FARG_Estrai_e_Lampeggia_divisore+1
0x042D	0x22B3      	CALL       _Estrai_e_Lampeggia
;heltec.c,287 :: 		Lampeggia_Cifra(0);
0x042E	0x01C2      	CLRF       FARG_Lampeggia_Cifra_c
0x042F	0x21E9      	CALL       _Lampeggia_Cifra
;heltec.c,289 :: 		if (RTC_presente == 1) {
0x0430	0x1C27      	BTFSS      _RTC_presente, BitPos(_RTC_presente+0)
0x0431	0x2C66      	GOTO       L_main49
;heltec.c,290 :: 		Delay_Safe_ms(1000);
0x0432	0x30E8      	MOVLW      232
0x0433	0x00CD      	MOVWF      FARG_Delay_Safe_ms_n
0x0434	0x3003      	MOVLW      3
0x0435	0x00CE      	MOVWF      FARG_Delay_Safe_ms_n+1
0x0436	0x200B      	CALL       _Delay_Safe_ms
;heltec.c,291 :: 		Lampi(2, 100);
0x0437	0x3002      	MOVLW      2
0x0438	0x00C8      	MOVWF      FARG_Lampi_n
0x0439	0x3064      	MOVLW      100
0x043A	0x00C9      	MOVWF      FARG_Lampi_t_on
0x043B	0x3000      	MOVLW      0
0x043C	0x00CA      	MOVWF      FARG_Lampi_t_on+1
0x043D	0x20DD      	CALL       _Lampi
;heltec.c,292 :: 		Leggi_Ora_RTC();
0x043E	0x22D5      	CALL       _Leggi_Ora_RTC
;heltec.c,293 :: 		GPIO.F2 = 1; Delay_Safe_ms(100); GPIO.F2 = 0;
0x043F	0x1505      	BSF        GPIO, 2
0x0440	0x3064      	MOVLW      100
0x0441	0x00CD      	MOVWF      FARG_Delay_Safe_ms_n
0x0442	0x3000      	MOVLW      0
0x0443	0x00CE      	MOVWF      FARG_Delay_Safe_ms_n+1
0x0444	0x200B      	CALL       _Delay_Safe_ms
0x0445	0x1105      	BCF        GPIO, 2
;heltec.c,294 :: 		Delay_Safe_ms(1000);
0x0446	0x30E8      	MOVLW      232
0x0447	0x00CD      	MOVWF      FARG_Delay_Safe_ms_n
0x0448	0x3003      	MOVLW      3
0x0449	0x00CE      	MOVWF      FARG_Delay_Safe_ms_n+1
0x044A	0x200B      	CALL       _Delay_Safe_ms
;heltec.c,295 :: 		val_da_lampeggiare = ore;
0x044B	0x0836      	MOVF       _ore, 0
0x044C	0x00AC      	MOVWF      _val_da_lampeggiare
0x044D	0x01AD      	CLRF       _val_da_lampeggiare+1
;heltec.c,296 :: 		Estrai_e_Lampeggia(10);
0x044E	0x300A      	MOVLW      10
0x044F	0x00BF      	MOVWF      FARG_Estrai_e_Lampeggia_divisore
0x0450	0x3000      	MOVLW      0
0x0451	0x00C0      	MOVWF      FARG_Estrai_e_Lampeggia_divisore+1
0x0452	0x22B3      	CALL       _Estrai_e_Lampeggia
;heltec.c,297 :: 		Lampeggia_Cifra((unsigned short)val_da_lampeggiare);
0x0453	0x082C      	MOVF       _val_da_lampeggiare, 0
0x0454	0x00C2      	MOVWF      FARG_Lampeggia_Cifra_c
0x0455	0x21E9      	CALL       _Lampeggia_Cifra
;heltec.c,298 :: 		Delay_Safe_ms(1000);
0x0456	0x30E8      	MOVLW      232
0x0457	0x00CD      	MOVWF      FARG_Delay_Safe_ms_n
0x0458	0x3003      	MOVLW      3
0x0459	0x00CE      	MOVWF      FARG_Delay_Safe_ms_n+1
0x045A	0x200B      	CALL       _Delay_Safe_ms
;heltec.c,299 :: 		val_da_lampeggiare = minuti;
0x045B	0x0835      	MOVF       _minuti, 0
0x045C	0x00AC      	MOVWF      _val_da_lampeggiare
0x045D	0x01AD      	CLRF       _val_da_lampeggiare+1
;heltec.c,300 :: 		Estrai_e_Lampeggia(10);
0x045E	0x300A      	MOVLW      10
0x045F	0x00BF      	MOVWF      FARG_Estrai_e_Lampeggia_divisore
0x0460	0x3000      	MOVLW      0
0x0461	0x00C0      	MOVWF      FARG_Estrai_e_Lampeggia_divisore+1
0x0462	0x22B3      	CALL       _Estrai_e_Lampeggia
;heltec.c,301 :: 		Lampeggia_Cifra((unsigned short)val_da_lampeggiare);
0x0463	0x082C      	MOVF       _val_da_lampeggiare, 0
0x0464	0x00C2      	MOVWF      FARG_Lampeggia_Cifra_c
0x0465	0x21E9      	CALL       _Lampeggia_Cifra
;heltec.c,302 :: 		}
L_main49:
;heltec.c,303 :: 		}
L_main48:
;heltec.c,306 :: 		if (i >= 50) {
0x0466	0x3032      	MOVLW      50
0x0467	0x0238      	SUBWF      _i, 0
0x0468	0x1C03      	BTFSS      STATUS, 0
0x0469	0x2CBF      	GOTO       L_main50
;heltec.c,307 :: 		GPIO.F0 = 1;
0x046A	0x1405      	BSF        GPIO, 0
;heltec.c,308 :: 		Lampi(10, 100); // Sostituisce il ciclo manuale per brevitŕ
0x046B	0x300A      	MOVLW      10
0x046C	0x00C8      	MOVWF      FARG_Lampi_n
0x046D	0x3064      	MOVLW      100
0x046E	0x00C9      	MOVWF      FARG_Lampi_t_on
0x046F	0x3000      	MOVLW      0
0x0470	0x00CA      	MOVWF      FARG_Lampi_t_on+1
0x0471	0x20DD      	CALL       _Lampi
;heltec.c,309 :: 		in_manutenzione = 1;
0x0472	0x1627      	BSF        _in_manutenzione, BitPos(_in_manutenzione+0)
;heltec.c,310 :: 		while (in_manutenzione) {
L_main51:
0x0473	0x1E27      	BTFSS      _in_manutenzione, BitPos(_in_manutenzione+0)
0x0474	0x2C99      	GOTO       L_main52
;heltec.c,311 :: 		GPIO.F2 = 1; Delay_Safe_ms(500); GPIO.F2 = 0;
0x0475	0x1505      	BSF        GPIO, 2
0x0476	0x30F4      	MOVLW      244
0x0477	0x00CD      	MOVWF      FARG_Delay_Safe_ms_n
0x0478	0x3001      	MOVLW      1
0x0479	0x00CE      	MOVWF      FARG_Delay_Safe_ms_n+1
0x047A	0x200B      	CALL       _Delay_Safe_ms
0x047B	0x1105      	BCF        GPIO, 2
;heltec.c,312 :: 		if (GPIO.F3 == 0) {
0x047C	0x1985      	BTFSC      GPIO, 3
0x047D	0x2C92      	GOTO       L_main53
;heltec.c,313 :: 		i = 0;
0x047E	0x01B8      	CLRF       _i
;heltec.c,314 :: 		while (GPIO.F3 == 0 && i < 50) { Delay_Safe_ms(100); i++; }
L_main54:
0x047F	0x1985      	BTFSC      GPIO, 3
0x0480	0x2C8C      	GOTO       L_main55
0x0481	0x3032      	MOVLW      50
0x0482	0x0238      	SUBWF      _i, 0
0x0483	0x1803      	BTFSC      STATUS, 0
0x0484	0x2C8C      	GOTO       L_main55
L__main100:
0x0485	0x3064      	MOVLW      100
0x0486	0x00CD      	MOVWF      FARG_Delay_Safe_ms_n
0x0487	0x3000      	MOVLW      0
0x0488	0x00CE      	MOVWF      FARG_Delay_Safe_ms_n+1
0x0489	0x200B      	CALL       _Delay_Safe_ms
0x048A	0x0AB8      	INCF       _i, 1
0x048B	0x2C7F      	GOTO       L_main54
L_main55:
;heltec.c,315 :: 		if (i >= 50) in_manutenzione = 0;
0x048C	0x3032      	MOVLW      50
0x048D	0x0238      	SUBWF      _i, 0
0x048E	0x1C03      	BTFSS      STATUS, 0
0x048F	0x2C91      	GOTO       L_main58
0x0490	0x1227      	BCF        _in_manutenzione, BitPos(_in_manutenzione+0)
L_main58:
;heltec.c,316 :: 		} else {
0x0491	0x2C97      	GOTO       L_main59
L_main53:
;heltec.c,317 :: 		Delay_Safe_ms(500);
0x0492	0x30F4      	MOVLW      244
0x0493	0x00CD      	MOVWF      FARG_Delay_Safe_ms_n
0x0494	0x3001      	MOVLW      1
0x0495	0x00CE      	MOVWF      FARG_Delay_Safe_ms_n+1
0x0496	0x200B      	CALL       _Delay_Safe_ms
;heltec.c,318 :: 		}
L_main59:
;heltec.c,319 :: 		asm clrwdt;
0x0497	0x0064      	CLRWDT
;heltec.c,320 :: 		}
0x0498	0x2C73      	GOTO       L_main51
L_main52:
;heltec.c,321 :: 		Lampi(10, 100);
0x0499	0x300A      	MOVLW      10
0x049A	0x00C8      	MOVWF      FARG_Lampi_n
0x049B	0x3064      	MOVLW      100
0x049C	0x00C9      	MOVWF      FARG_Lampi_t_on
0x049D	0x3000      	MOVLW      0
0x049E	0x00CA      	MOVWF      FARG_Lampi_t_on+1
0x049F	0x20DD      	CALL       _Lampi
;heltec.c,322 :: 		Leggi_Batteria_mV();
0x04A0	0x2150      	CALL       _Leggi_Batteria_mV
;heltec.c,323 :: 		if (batteria_mv > soglia_off) { GPIO.F0 = 0; spento = 0; }
0x04A1	0x082A      	MOVF       _batteria_mv+1, 0
0x04A2	0x0231      	SUBWF      _soglia_off+1, 0
0x04A3	0x1D03      	BTFSS      STATUS, 2
0x04A4	0x2CA7      	GOTO       L__main126
0x04A5	0x0829      	MOVF       _batteria_mv, 0
0x04A6	0x0230      	SUBWF      _soglia_off, 0
L__main126:
0x04A7	0x1803      	BTFSC      STATUS, 0
0x04A8	0x2CAC      	GOTO       L_main60
0x04A9	0x1005      	BCF        GPIO, 0
0x04AA	0x1127      	BCF        _spento, BitPos(_spento+0)
0x04AB	0x2CAD      	GOTO       L_main61
L_main60:
;heltec.c,324 :: 		else spento = 1;
0x04AC	0x1527      	BSF        _spento, BitPos(_spento+0)
L_main61:
;heltec.c,325 :: 		if (batteria_mv < soglia_on) soglia_batteria();
0x04AD	0x082F      	MOVF       _soglia_on+1, 0
0x04AE	0x022A      	SUBWF      _batteria_mv+1, 0
0x04AF	0x1D03      	BTFSS      STATUS, 2
0x04B0	0x2CB3      	GOTO       L__main127
0x04B1	0x082E      	MOVF       _soglia_on, 0
0x04B2	0x0229      	SUBWF      _batteria_mv, 0
L__main127:
0x04B3	0x1803      	BTFSC      STATUS, 0
0x04B4	0x2CB6      	GOTO       L_main62
0x04B5	0x21B5      	CALL       _soglia_batteria
L_main62:
;heltec.c,326 :: 		sveglie_wdt = 13;
0x04B6	0x300D      	MOVLW      13
0x04B7	0x00BB      	MOVWF      _sveglie_wdt
0x04B8	0x3000      	MOVLW      0
0x04B9	0x00BC      	MOVWF      _sveglie_wdt+1
;heltec.c,327 :: 		conteggio_cicli = 0;
0x04BA	0x01A3      	CLRF       _conteggio_cicli
0x04BB	0x01A4      	CLRF       _conteggio_cicli+1
0x04BC	0x01A5      	CLRF       _conteggio_cicli+2
0x04BD	0x01A6      	CLRF       _conteggio_cicli+3
;heltec.c,328 :: 		minuti_count = 0;
0x04BE	0x01B9      	CLRF       _minuti_count
;heltec.c,329 :: 		}
L_main50:
;heltec.c,330 :: 		}
L_main33:
;heltec.c,333 :: 		if (!in_manutenzione) {
0x04BF	0x1A27      	BTFSC      _in_manutenzione, BitPos(_in_manutenzione+0)
0x04C0	0x2D7E      	GOTO       L_main63
;heltec.c,334 :: 		if (sveglie_wdt >= 13) {
0x04C1	0x3000      	MOVLW      0
0x04C2	0x023C      	SUBWF      _sveglie_wdt+1, 0
0x04C3	0x1D03      	BTFSS      STATUS, 2
0x04C4	0x2CC7      	GOTO       L__main128
0x04C5	0x300D      	MOVLW      13
0x04C6	0x023B      	SUBWF      _sveglie_wdt, 0
L__main128:
0x04C7	0x1C03      	BTFSS      STATUS, 0
0x04C8	0x2D77      	GOTO       L_main64
;heltec.c,335 :: 		Leggi_Batteria_mV();
0x04C9	0x2150      	CALL       _Leggi_Batteria_mV
;heltec.c,336 :: 		if (batteria_mv <= soglia_off) { GPIO.F0 = 1; spento = 1; }
0x04CA	0x082A      	MOVF       _batteria_mv+1, 0
0x04CB	0x0231      	SUBWF      _soglia_off+1, 0
0x04CC	0x1D03      	BTFSS      STATUS, 2
0x04CD	0x2CD0      	GOTO       L__main129
0x04CE	0x0829      	MOVF       _batteria_mv, 0
0x04CF	0x0230      	SUBWF      _soglia_off, 0
L__main129:
0x04D0	0x1C03      	BTFSS      STATUS, 0
0x04D1	0x2CD4      	GOTO       L_main65
0x04D2	0x1405      	BSF        GPIO, 0
0x04D3	0x1527      	BSF        _spento, BitPos(_spento+0)
L_main65:
;heltec.c,337 :: 		if (batteria_mv >= soglia_on) { GPIO.F0 = 0; spento = 0; }
0x04D4	0x082F      	MOVF       _soglia_on+1, 0
0x04D5	0x022A      	SUBWF      _batteria_mv+1, 0
0x04D6	0x1D03      	BTFSS      STATUS, 2
0x04D7	0x2CDA      	GOTO       L__main130
0x04D8	0x082E      	MOVF       _soglia_on, 0
0x04D9	0x0229      	SUBWF      _batteria_mv, 0
L__main130:
0x04DA	0x1C03      	BTFSS      STATUS, 0
0x04DB	0x2CDE      	GOTO       L_main66
0x04DC	0x1005      	BCF        GPIO, 0
0x04DD	0x1127      	BCF        _spento, BitPos(_spento+0)
L_main66:
;heltec.c,339 :: 		sveglie_wdt = 0;
0x04DE	0x01BB      	CLRF       _sveglie_wdt
0x04DF	0x01BC      	CLRF       _sveglie_wdt+1
;heltec.c,341 :: 		if (RTC_presente == 1) {
0x04E0	0x1C27      	BTFSS      _RTC_presente, BitPos(_RTC_presente+0)
0x04E1	0x2CE5      	GOTO       L_main67
;heltec.c,342 :: 		giorni_riavvio = 0;
0x04E2	0x01A8      	CLRF       _giorni_riavvio
;heltec.c,343 :: 		minuti_count++;
0x04E3	0x0AB9      	INCF       _minuti_count, 1
;heltec.c,344 :: 		} else {
0x04E4	0x2CE7      	GOTO       L_main68
L_main67:
;heltec.c,345 :: 		minuti_count = 0;
0x04E5	0x01B9      	CLRF       _minuti_count
;heltec.c,346 :: 		finestra_oraria = 0;
0x04E6	0x10A7      	BCF        _finestra_oraria, BitPos(_finestra_oraria+0)
;heltec.c,347 :: 		}
L_main68:
;heltec.c,350 :: 		if (giorni_riavvio > 0) {
0x04E7	0x0828      	MOVF       _giorni_riavvio, 0
0x04E8	0x3C00      	SUBLW      0
0x04E9	0x1803      	BTFSC      STATUS, 0
0x04EA	0x2D34      	GOTO       L_main69
;heltec.c,351 :: 		conteggio_cicli++;
0x04EB	0x0823      	MOVF       _conteggio_cicli, 0
0x04EC	0x00F0      	MOVWF      R0
0x04ED	0x0824      	MOVF       _conteggio_cicli+1, 0
0x04EE	0x00F1      	MOVWF      R0+1
0x04EF	0x0825      	MOVF       _conteggio_cicli+2, 0
0x04F0	0x00F2      	MOVWF      R0+2
0x04F1	0x0826      	MOVF       _conteggio_cicli+3, 0
0x04F2	0x00F3      	MOVWF      R0+3
0x04F3	0x0AF0      	INCF       R0, 1
0x04F4	0x1903      	BTFSC      STATUS, 2
0x04F5	0x0AF1      	INCF       R0+1, 1
0x04F6	0x1903      	BTFSC      STATUS, 2
0x04F7	0x0AF2      	INCF       R0+2, 1
0x04F8	0x1903      	BTFSC      STATUS, 2
0x04F9	0x0AF3      	INCF       R0+3, 1
0x04FA	0x0870      	MOVF       R0, 0
0x04FB	0x00A3      	MOVWF      _conteggio_cicli
0x04FC	0x0871      	MOVF       R0+1, 0
0x04FD	0x00A4      	MOVWF      _conteggio_cicli+1
0x04FE	0x0872      	MOVF       R0+2, 0
0x04FF	0x00A5      	MOVWF      _conteggio_cicli+2
0x0500	0x0873      	MOVF       R0+3, 0
0x0501	0x00A6      	MOVWF      _conteggio_cicli+3
;heltec.c,352 :: 		if (conteggio_cicli >= ((unsigned long)cicli_per_giorno * giorni_riavvio)) {
0x0502	0x0821      	MOVF       _cicli_per_giorno, 0
0x0503	0x00F0      	MOVWF      R0
0x0504	0x0822      	MOVF       _cicli_per_giorno+1, 0
0x0505	0x00F1      	MOVWF      R0+1
0x0506	0x01F2      	CLRF       R0+2
0x0507	0x01F3      	CLRF       R0+3
0x0508	0x0828      	MOVF       _giorni_riavvio, 0
0x0509	0x00F4      	MOVWF      R4
0x050A	0x01F5      	CLRF       R4+1
0x050B	0x01F6      	CLRF       R4+2
0x050C	0x01F7      	CLRF       R4+3
0x050D	0x20A6      	CALL       _Mul_32x32_U
0x050E	0x0873      	MOVF       R0+3, 0
0x050F	0x0226      	SUBWF      _conteggio_cicli+3, 0
0x0510	0x1D03      	BTFSS      STATUS, 2
0x0511	0x2D1C      	GOTO       L__main131
0x0512	0x0872      	MOVF       R0+2, 0
0x0513	0x0225      	SUBWF      _conteggio_cicli+2, 0
0x0514	0x1D03      	BTFSS      STATUS, 2
0x0515	0x2D1C      	GOTO       L__main131
0x0516	0x0871      	MOVF       R0+1, 0
0x0517	0x0224      	SUBWF      _conteggio_cicli+1, 0
0x0518	0x1D03      	BTFSS      STATUS, 2
0x0519	0x2D1C      	GOTO       L__main131
0x051A	0x0870      	MOVF       R0, 0
0x051B	0x0223      	SUBWF      _conteggio_cicli, 0
L__main131:
0x051C	0x1C03      	BTFSS      STATUS, 0
0x051D	0x2D34      	GOTO       L_main70
;heltec.c,353 :: 		GPIO.F0 = 1; Delay_Safe_ms(2000);
0x051E	0x1405      	BSF        GPIO, 0
0x051F	0x30D0      	MOVLW      208
0x0520	0x00CD      	MOVWF      FARG_Delay_Safe_ms_n
0x0521	0x3007      	MOVLW      7
0x0522	0x00CE      	MOVWF      FARG_Delay_Safe_ms_n+1
0x0523	0x200B      	CALL       _Delay_Safe_ms
;heltec.c,354 :: 		if (batteria_mv > soglia_off) { GPIO.F0 = 0; spento = 0; }
0x0524	0x082A      	MOVF       _batteria_mv+1, 0
0x0525	0x0231      	SUBWF      _soglia_off+1, 0
0x0526	0x1D03      	BTFSS      STATUS, 2
0x0527	0x2D2A      	GOTO       L__main132
0x0528	0x0829      	MOVF       _batteria_mv, 0
0x0529	0x0230      	SUBWF      _soglia_off, 0
L__main132:
0x052A	0x1803      	BTFSC      STATUS, 0
0x052B	0x2D2F      	GOTO       L_main71
0x052C	0x1005      	BCF        GPIO, 0
0x052D	0x1127      	BCF        _spento, BitPos(_spento+0)
0x052E	0x2D30      	GOTO       L_main72
L_main71:
;heltec.c,355 :: 		else spento = 1;
0x052F	0x1527      	BSF        _spento, BitPos(_spento+0)
L_main72:
;heltec.c,356 :: 		conteggio_cicli = 0;
0x0530	0x01A3      	CLRF       _conteggio_cicli
0x0531	0x01A4      	CLRF       _conteggio_cicli+1
0x0532	0x01A5      	CLRF       _conteggio_cicli+2
0x0533	0x01A6      	CLRF       _conteggio_cicli+3
;heltec.c,357 :: 		}
L_main70:
;heltec.c,358 :: 		}
L_main69:
;heltec.c,361 :: 		if (minuti_count >= 20) {
0x0534	0x3014      	MOVLW      20
0x0535	0x0239      	SUBWF      _minuti_count, 0
0x0536	0x1C03      	BTFSS      STATUS, 0
0x0537	0x2D77      	GOTO       L_main73
;heltec.c,362 :: 		Leggi_Ora_RTC();
0x0538	0x22D5      	CALL       _Leggi_Ora_RTC
;heltec.c,363 :: 		if (!finestra_oraria) {
0x0539	0x18A7      	BTFSC      _finestra_oraria, BitPos(_finestra_oraria+0)
0x053A	0x2D5F      	GOTO       L_main74
;heltec.c,364 :: 		if (ore == 4) {
0x053B	0x0836      	MOVF       _ore, 0
0x053C	0x3A04      	XORLW      4
0x053D	0x1D03      	BTFSS      STATUS, 2
0x053E	0x2D5D      	GOTO       L_main75
;heltec.c,365 :: 		if (!reset_fatto) {
0x053F	0x1AA7      	BTFSC      _reset_fatto, BitPos(_reset_fatto+0)
0x0540	0x2D5C      	GOTO       L_main76
;heltec.c,366 :: 		if (giorno == 1 || giorno == 4) {
0x0541	0x0834      	MOVF       _giorno, 0
0x0542	0x3A01      	XORLW      1
0x0543	0x1903      	BTFSC      STATUS, 2
0x0544	0x2D4A      	GOTO       L__main99
0x0545	0x0834      	MOVF       _giorno, 0
0x0546	0x3A04      	XORLW      4
0x0547	0x1903      	BTFSC      STATUS, 2
0x0548	0x2D4A      	GOTO       L__main99
0x0549	0x2D5C      	GOTO       L_main79
L__main99:
;heltec.c,367 :: 		GPIO.F0 = 1; Delay_Safe_ms(10000);
0x054A	0x1405      	BSF        GPIO, 0
0x054B	0x3010      	MOVLW      16
0x054C	0x00CD      	MOVWF      FARG_Delay_Safe_ms_n
0x054D	0x3027      	MOVLW      39
0x054E	0x00CE      	MOVWF      FARG_Delay_Safe_ms_n+1
0x054F	0x200B      	CALL       _Delay_Safe_ms
;heltec.c,368 :: 		if (batteria_mv > soglia_off && !spento) GPIO.F0 = 0;
0x0550	0x082A      	MOVF       _batteria_mv+1, 0
0x0551	0x0231      	SUBWF      _soglia_off+1, 0
0x0552	0x1D03      	BTFSS      STATUS, 2
0x0553	0x2D56      	GOTO       L__main133
0x0554	0x0829      	MOVF       _batteria_mv, 0
0x0555	0x0230      	SUBWF      _soglia_off, 0
L__main133:
0x0556	0x1803      	BTFSC      STATUS, 0
0x0557	0x2D5B      	GOTO       L_main82
0x0558	0x1927      	BTFSC      _spento, BitPos(_spento+0)
0x0559	0x2D5B      	GOTO       L_main82
L__main98:
0x055A	0x1005      	BCF        GPIO, 0
L_main82:
;heltec.c,369 :: 		reset_fatto = 1;
0x055B	0x16A7      	BSF        _reset_fatto, BitPos(_reset_fatto+0)
;heltec.c,370 :: 		}
L_main79:
;heltec.c,371 :: 		}
L_main76:
;heltec.c,372 :: 		} else { reset_fatto = 0; }
0x055C	0x2D5E      	GOTO       L_main83
L_main75:
0x055D	0x12A7      	BCF        _reset_fatto, BitPos(_reset_fatto+0)
L_main83:
;heltec.c,373 :: 		} else {
0x055E	0x2D76      	GOTO       L_main84
L_main74:
;heltec.c,375 :: 		if (ore >= 7 && ore < 13) {
0x055F	0x3007      	MOVLW      7
0x0560	0x0236      	SUBWF      _ore, 0
0x0561	0x1C03      	BTFSS      STATUS, 0
0x0562	0x2D75      	GOTO       L_main87
0x0563	0x300D      	MOVLW      13
0x0564	0x0236      	SUBWF      _ore, 0
0x0565	0x1803      	BTFSC      STATUS, 0
0x0566	0x2D75      	GOTO       L_main87
L__main97:
;heltec.c,376 :: 		if (batteria_mv > soglia_off && !spento) GPIO.F0 = 0;
0x0567	0x082A      	MOVF       _batteria_mv+1, 0
0x0568	0x0231      	SUBWF      _soglia_off+1, 0
0x0569	0x1D03      	BTFSS      STATUS, 2
0x056A	0x2D6D      	GOTO       L__main134
0x056B	0x0829      	MOVF       _batteria_mv, 0
0x056C	0x0230      	SUBWF      _soglia_off, 0
L__main134:
0x056D	0x1803      	BTFSC      STATUS, 0
0x056E	0x2D73      	GOTO       L_main90
0x056F	0x1927      	BTFSC      _spento, BitPos(_spento+0)
0x0570	0x2D73      	GOTO       L_main90
L__main96:
0x0571	0x1005      	BCF        GPIO, 0
0x0572	0x2D74      	GOTO       L_main91
L_main90:
;heltec.c,377 :: 		else GPIO.F0 = 1;
0x0573	0x1405      	BSF        GPIO, 0
L_main91:
;heltec.c,378 :: 		} else { GPIO.F0 = 1; }
0x0574	0x2D76      	GOTO       L_main92
L_main87:
0x0575	0x1405      	BSF        GPIO, 0
L_main92:
;heltec.c,379 :: 		}
L_main84:
;heltec.c,380 :: 		minuti_count = 0;
0x0576	0x01B9      	CLRF       _minuti_count
;heltec.c,381 :: 		}
L_main73:
;heltec.c,382 :: 		}
L_main64:
;heltec.c,383 :: 		sveglie_wdt++;
0x0577	0x0ABB      	INCF       _sveglie_wdt, 1
0x0578	0x1903      	BTFSC      STATUS, 2
0x0579	0x0ABC      	INCF       _sveglie_wdt+1, 1
;heltec.c,384 :: 		asm clrwdt;
0x057A	0x0064      	CLRWDT
;heltec.c,385 :: 		asm sleep;
0x057B	0x0063      	SLEEP
;heltec.c,386 :: 		asm nop;
0x057C	0x0000      	NOP
;heltec.c,387 :: 		} else {
0x057D	0x2D84      	GOTO       L_main93
L_main63:
;heltec.c,388 :: 		Delay_Safe_ms(100);
0x057E	0x3064      	MOVLW      100
0x057F	0x00CD      	MOVWF      FARG_Delay_Safe_ms_n
0x0580	0x3000      	MOVLW      0
0x0581	0x00CE      	MOVWF      FARG_Delay_Safe_ms_n+1
0x0582	0x200B      	CALL       _Delay_Safe_ms
;heltec.c,389 :: 		asm clrwdt;
0x0583	0x0064      	CLRWDT
;heltec.c,390 :: 		}
L_main93:
;heltec.c,391 :: 		}
0x0584	0x2BC1      	GOTO       L_main30
;heltec.c,392 :: 		}
L_end_main:
0x0585	0x2D85      	GOTO       $+0
; end of _main
0x058C	0x3020      	MOVLW      32
0x058D	0x0084      	MOVWF      FSR
0x058E	0x3001      	MOVLW      1
0x058F	0x1283      	BCF        STATUS, 5
0x0590	0x00F0      	MOVWF      R0
0x0591	0x308B      	MOVLW      139
0x0592	0x00BD      	MOVWF      ___DoICPAddr
0x0593	0x3005      	MOVLW      5
0x0594	0x00BE      	MOVWF      62
0x0595	0x22C9      	CALL       713
0x0596	0x0008      	RETURN
;__Lib_ADC_A_E.c,0 :: ?ICS_vref_mask
0x058B	0x3440 ;?ICS_vref_mask+0
; end of ?ICS_vref_mask
Symbol List:
//** Routines locations **
//ADDRESS    SIZE    PROCEDURE
//----------------------------------------------
0x0003       [6]    _Delay_22us
0x0009       [2]    _Delay_1us
0x000B      [26]    _Delay_Safe_ms
0x0025      [10]    __Lib_SoftI2C_PutZerosToLATSda
0x002F      [10]    __Lib_SoftI2C_PutZerosToLATScl
0x0039     [109]    _Soft_I2C_Write
0x00A6      [55]    _Mul_32x32_U
0x00DD      [21]    _Lampi
0x00F2      [16]    _Soft_I2C_Start
0x0102      [39]    _ADC_Read
0x0129      [27]    _Soft_I2C_Stop
0x0144      [12]    _Soft_I2C_Init
0x0150     [101]    _Leggi_Batteria_mV
0x01B5      [52]    _soglia_batteria
0x01E9      [37]    _Lampeggia_Cifra
0x020E       [6]    _____DoICP
0x0214      [25]    _Mul_8X8_U
0x022D      [80]    _Soft_I2C_Read
0x027D      [54]    _Scrivi_Ora_RTC
0x02B3      [22]    _Estrai_e_Lampeggia
0x02C9      [12]    ___CC2DW
0x02D5      [99]    _Leggi_Ora_RTC
0x0338     [135]    _Init_Hardware
0x03BF     [454]    _main
//** Variables locations ** 
//ADDRESS    SIZE    VARIABLE
//----------------------------------------------
0x0000       [1]    INDF
0x0002       [1]    PCL
0x0003       [1]    STATUS
0x0004       [1]    FSR
0x0005       [0]    Soft_I2C_Sda
0x0005       [0]    GP4_bit
0x0005       [1]    GPIO
0x0005       [0]    GP5_bit
0x0005       [0]    Soft_I2C_Scl
0x000A       [1]    PCLATH
0x000B       [1]    INTCON
0x0019       [1]    CMCON0
0x001E       [1]    ADRESH
0x001F       [1]    ADCON0
0x0020       [1]    _vref_mask
0x0021       [2]    _cicli_per_giorno
0x0023       [4]    _conteggio_cicli
0x0027       [0]    __Lib_SoftI2C___StopWaiting
0x0027       [0]    _reset_fatto
0x0027       [0]    _in_manutenzione
0x0027       [0]    _spento
0x0027       [0]    _RTC_presente
0x0027       [0]    _finestra_oraria
0x0028       [1]    _giorni_riavvio
0x0029       [2]    _batteria_mv
0x002B       [1]    _j
0x002C       [2]    _val_da_lampeggiare
0x002E       [2]    _soglia_on
0x0030       [2]    _soglia_off
0x0032       [2]    _taratura_vcc
0x0034       [1]    _giorno
0x0035       [1]    _minuti
0x0036       [1]    _ore
0x0037       [1]    _bcd_val
0x0038       [1]    _i
0x0039       [1]    _minuti_count
0x003A       [1]    _dummy
0x003B       [2]    _sveglie_wdt
0x003D       [2]    ___DoICPAddr
0x003F       [2]    FARG_Estrai_e_Lampeggia_divisore
0x003F       [1]    FLOC__Leggi_Ora_RTC
0x0041       [1]    Estrai_e_Lampeggia_contatore_L0
0x0042       [1]    Leggi_Batteria_mV_k_L0
0x0042       [1]    FARG_Scrivi_Ora_RTC_s_g_sett
0x0042       [2]    FARG_Soft_I2C_Read_ack
0x0042       [1]    FARG_Lampeggia_Cifra_c
0x0043       [1]    Lampeggia_Cifra_l_L0
0x0043       [1]    FARG_Scrivi_Ora_RTC_s_g
0x0043       [4]    Leggi_Batteria_mV_somma_L0
0x0044       [1]    FARG_Scrivi_Ora_RTC_s_m
0x0044       [2]    Soft_I2C_Read_result_L0
0x0045       [1]    FARG_Scrivi_Ora_RTC_s_a
0x0046       [1]    FARG_Scrivi_Ora_RTC_s_ore
0x0046       [2]    Soft_I2C_Read_temp_L0
0x0047       [1]    FARG_Scrivi_Ora_RTC_s_min
0x0048       [1]    FARG_ADC_Read_channel
0x0048       [1]    FARG_Soft_I2C_Write_data_
0x0048       [1]    FARG_Lampi_n
0x0049       [2]    FARG_Lampi_t_on
0x0049       [2]    Soft_I2C_Write_temp_L0
0x004B       [2]    Soft_I2C_Write_result_L0
0x004D       [2]    FARG_Delay_Safe_ms_n
0x0070       [1]    R0
0x0071       [1]    R1
0x0072       [1]    R2
0x0073       [1]    R3
0x0074       [1]    R4
0x0075       [1]    R5
0x0076       [1]    R6
0x0077       [1]    R7
0x0078       [1]    R8
0x0079       [1]    R9
0x007A       [1]    R10
0x007B       [1]    R11
0x007C       [1]    R12
0x007D       [1]    R13
0x007E       [1]    R14
0x007F       [1]    R15
0x0081       [1]    OPTION_REG
0x0085       [1]    TRISIO
0x0085       [0]    Soft_I2C_Sda_Direction
0x0085       [0]    TRISIO4_bit
0x0085       [0]    TRISIO5_bit
0x0085       [0]    Soft_I2C_Scl_Direction
0x008F       [1]    OSCCON
0x0095       [1]    WPU
0x0096       [1]    IOC
0x009E       [1]    ADRESL
0x009F       [1]    ANSEL
//** Constants locations ** 
//ADDRESS    SIZE    CONSTANT
//----------------------------------------------
0x058B       [1]    ?ICS_vref_mask
